98774
99384
84294940
23750
428750
4783567
4657993
12287520
84734144
85248373
38859
86276831
39325
39558
54275447
4922671
14630
1806255
85173348
85687577
32926160
1140803
24428
104086
20835058
20956451
65460
1124689
38969
1841677
9311
3015318
12848117
88576533
89090762
15507
2955420
268087
86837428
1149165
39812
718585
86444592
2995023
39634
87987279
1883864
9523
9316
87594443
24674
88622901
89137130
89651359
90165588
87715836
168970
3075826
21203418
15633
174371
175358
91876036
15989
3086772
90136931
41074
66837
89940513
173617
282515
1203518
747996
1969225
3119610
13289905
91604593
92118822
92633051
42205
42438
94175738
90893946
283879
91922404
92436633
42116
26174
93979320
91211757
108809
35232627
92754444
289657
68756
5254999
94811360
56764802
15984
110173
