19740
2456517
6506270
226672
28196624
720
728
18015726
6956420
18408562
18604980
1243
2771744
5375
792
416935
19783488
1801587
9142
433659
33281600
442021
1386
8081795
25332
1943275
888
896
111256
36141899
69980
36777521
14169156
304192
2494
3430855
6640
74250
2173518
11011
5783080
18104
1387092
4342
9657320
6014920
546546
41862497
30924
42498119
215150
3889367
571632
19832
938450
44404985
138892
33021
53806
45676229
10857720
28622298
2598582
17932339
90720
56445
389464
13503
394632
48854339
4433850
1248
49807772
4519821
410136
14215
2846536
4634449
160606
2899669
688700
163567
7730536
165541
5736
3005935
2218
3041357
3059068
1175225
2270
66247
34711256
2309
1209050
57117425
13558620
469568
180346
36086182
6280
59024291
2426
16707
1512
3360155
23152238
2098582
307776
17241
2131420
45603
194164
2569
1592
3537265
46768
2621
39818124
526416
2240880
1648
29768
1664
1412000
127930
49098
2317502
6095956
80573
2350340
42371558
7368
1472885
3873774
216865
6325212
927017
931198
10373512
580680
360477
27522386
20267
4050884
12635
53758
3011
6669096
28372137
2569260
4951
144400
3089
75868274
76186085
1006456
76821707
1014818
77457329
2678720
92637
18510270
48656934
79046384
35960
247462
49442606
1709660
30799997
7299550
81271061
14120
14175
4582214
2080
51210368
14395
5518
5539
51996040
424357
84766982
4741613
9136
3505
267202
5707
2184
53763802
1858490
20685995
87945092
443521
33834822
15385
21061120
4989567
15550
106963
1190420
738304
91123202
283981
13387432
13433800
25874
21886395
178560
6169
42440
42584
473864
94619123
26586
69835
2034380
3921
8675086
3947
36991040
789984
2456
6463
71932
14361160
2488
1303307
5538608
99704099
6610
311617
4116
820992
120158
6715
38933328
102246587
17750
102882209
11040
103517831
103835642
199910
2223800
76825
18190
3631022
328396
77757
106378130
5945961
4376
1412013
11516
2298215
15798568
67120226
2318510
109238429
1441280
80553
3795212
68298734
901096
31125
10050622
11958
11992
50936
19510
10193907
6317892
3915618
6353314
32015
1508176
71048586
10394506
44153227
6459580
27438245
138254
44638799
1541624
117501515
17189608
2976
118454948
118772759
10738390
28188495
4123592
45852729
373798
3040
143532
74976946
21050
234070
145040
17885128
8122
1621063
21380
123857735
8206
1637787
627176
125128979
125446790
48037803
92436
3184
126718034
638355
3208
7114887
5234
58136
4430080
152957
30514270
402421
7238864
2771765
154842
4506702
36732
2798825
252980
132120821
22920
11970641
133074254
50951235
256640
134027687
1767398
37711
83422920
160497
2886770
23525
52043772
1110400
425122
4725622
9088
85190682
1123320
138477041
431044
14882
102222
1838475
63464
7823327
33215170
63896
53986060
141655151
9382
33590295
7947304
24735
12916322
275550
1892828
8035859
448810
13059607
4999272
145468883
13145578
40915
146422316
6001
25450
13288863
34865720
148011371
9802
91868894
92065312
6105
8336946
287750
8372368
150553859
1984810
68504
3816
1997353
152142914
5251030
16344
10117
13833346
58720387
10180
58963173
5327652
59205959
780488
155638835
8691166
27045
43852
788473
157227890
157545701
115736
115969
5459004
158816945
494212
159452567
17092
3407675
23402920
160723811
10642
99725614
812428
4080
311540
62119391
10768
38541945
45810
10831
14807684
164537543
14864998
17670
4168
24191176
14979626
3542975
4200
320690
6846
11083
168033464
39742345
323740
18078
200836
104832482
15323510
47679
4296
5885898
9541294
48035
48124
172165007
331060
5951574
173118440
538627
41017770
48747
11524
107975170
3725630
18758
41467920
175978739
547510
129483
80168
177249983
340820
6126710
1448904
3800045
131114
179156849
19200
42443245
10037202
180428093
132512
347530
26463208
42893395
1479912
133677
182652770
82904
19608
10232023
3915050
218555
16641732
26973256
10320578
10338289
136240
7613
16813674
71345259
71466652
187419935
187737746
944979
946576
138337
85640
12511
224964
4043585
72680582
6564550
139968
4070645
367660
27993352
12700
17358157
87368
193140533
4872
33535
17501442
194411777
54532
7977
74622870
74744263
232504
4178885
610678
611665
121920848
144861
4212710
615613
2611960
1616864
21308
6871038
11135284
200132375
622522
6914822
624496
29384392
147890
13351
18246524
47845045
202992674
390230
203628296
1658208
11383238
4354775
204899540
21954
5176
150919
35680
151385
7122796
18676379
644236
13729
8510
18791007
94568
7199418
2754114
209666705
95144
154181
210620138
19020263
154880
11790591
7297932
36725
155812
19192205
409140
662989
31192744
4557725
411580
157443
215069492
8809
19450118
31517320
415240
216658547
1090306
674833
31749160
12144811
8926
1777072
83605952
12215655
5528
135866526
683716
161637
261910
424390
100328
263041
222061334
32444680
7670096
4747145
693586
1123843
32676520
224286011
9186
24062
14884
700495
5688
33001096
268696
9277
39310
9303
437200
4855385
7867124
24470
229053176
229370987
3021698
24606
230324420
230642231
54522270
24742
104936
275105
24844
105368
24912
8031314
448180
1174947
144705336
450010
40630
40685
235409396
235727207
1919192
5952
454280
34577608
173986
738001
9732
66725
9758
6016
25592
67081
175850
148437278
91860676
6064
5132750
241447805
15976
9901
35365864
21885963
68060
57448245
93074606
35597704
150990712
22057905
10018
245261537
22143876
5234225
152169220
22229847
1240424
247168403
293578
94652715
10148
182141
295086
249075269
58873720
3285101
479900
13951333
250664324
113720
251299946
114008
14039888
299233
96473610
252889001
14110732
96837789
253842434
115160
254478056
254795867
97444754
157865342
2079400
27394
37406056
304511
60674320
98294505
116744
257973977
14394108
2102656
8917940
497590
160418776
308281
23462098
10655
3431436
261152087
261469898
38194312
10720
38287048
9049292
62099795
5606300
1325065
264012386
119768
264648008
264965819
163954300
194723
14819172
9169698
3506694
266872685
267190496
74913
46350
6752
10980
834727
1352214
9279158
11032
75625
5755130
122648
6824
24465093
17950
271957661
17992
11149
18034
9410510
849532
2226688
274182338
3611219
47560
6928
24837634
3627943
327508
276407015
40373608
1392139
277360448
277678259
11370
864337
11396
25152861
11422
18475
5958080
3686477
11474
48605
9684160
1414497
2291288
334671
15740144
174757290
879142
49045
9771728
79541
15846410
208703
2317128
67351545
11682
7200
176917888
2330048
11734
1443243
551880
109948233
80698
288483833
11812
80965
9968756
16147497
212664
81321
68626970
68701995
291344132
2371392
132296
214295
132584
909739
50750
82211
12020
82389
10143892
6276035
182417592
6289565
12098
2407568
31712
296746919
3908070
16572561
83368
184185354
3924794
2428240
10297136
114318381
114439774
135896
32120
43851208
356914
10373758
52180
84525
302149706
221751
12384
52455
3991690
27388107
304056572
10483218
16979914
188506550
305327816
949219
2487672
44685832
32800
6533105
20302
27731991
190274312
12605
10625516
72903395
226644
309459359
118324350
118445743
4083672
7824
7832
6627815
33344
33378
1569406
312637469
73878720
972907
2549688
87907
10822544
2557440
33684
17564377
74478920
315815579
28505730
982777
20932
195970434
33956
88975
318040256
1599749
55150
318993689
2596200
613490
8056
13099
11041464
122573105
13138
34398
11085248
90221
90310
2624624
4250912
34602
11150924
324078665
90844
385189
76729670
1634883
11216600
124515393
147848
1014361
1642868
47746120
1017322
327892397
47885224
92001
92090
390467
4334532
2681472
11369844
126214895
392352
57295
35452
21919
393860
394237
127064646
4380523
7094600
333612995
48719848
1679599
30167836
1040023
93870
35894
11566872
336155483
18751014
22255
647040
2743488
18821858
4447419
22360
401777
7216370
339333593
18928124
403285
7243430
340604837
59000
341240459
154760
341876081
405924
49971784
59330
131070615
96184
7317845
8664
7331375
