333252862
272080618
820091615
380633752
325209057
236240288
509855888
488849142
19650092
591616851
375192389
803059903
908527887
658666439
391782433
407134514
542711701
207971329
571087906
411335937
213700144
542849995
318240591
688455950
940131873
473105163
811003017
647912198
100722717
507524117
631751468
761236392
584210955
214731806
142535074
70338342
661606470
659751625
741945492
31079295
709354689
738074521
475139553
416694277
554075260
814167373
276174297
475753351
131780833
372546730
466302273
163058507
154241692
770797180
266529310
725334107
699538561
759782023
203805490
152006370
164163976
778802652
997951824
575029725
945204251
898856613
26594190
967740800
528161360
367770445
730573657
383072628
216813113
454801349
169049325
328105809
263728053
184460284
42718816
682808417
255196863
492540846
753931895
415045614
525452517
634324113
831272059
931369488
183251788
591054141
176358039
104161307
536217394
116521540
887571118
815374386
292096099
339245045
598784190
526587458
707346505
910130741
309997262
350224986
935615386
93407066
21210334
329984247
572572510
577776658
732423413
525439998
730303104
985984866
999521464
502712863
213558195
227046289
201353091
981520103
10456093
321896730
27150735
324342693
85887563
327980596
577275708
172815699
479502366
984899243
288488780
621954845
144095316
150155486
597244785
927505127
944117560
280364065
710914931
985137045
79386309
765892979
801244090
148933003
788482663
205537807
970946873
27859822
983706360
916750886
844554154
715015991
700160690
978332218
704803887
411965135
324469796
239288448
282019807
644262851
271623495
334611697
450553475
753038899
968362729
910639842
568357368
312101736
677970067
992236778
499366693
477459450
259676150
823973844
86386643
644603027
590829025
339478818
203342046
748699292
78653702
671601604
413451170
509336568
544506391
106041241
172393082
418278979
452841612
284187310
294692219
832334197
376534064
78102023
348323401
30305098
140433571
33667665
113038350
715799530
431738271
408920021
934037580
395718662
893279080
211741246
627793112
636495426
457572270
85132216
730231703
156307362
991342275
255925200
510737593
765658778
939689134
611919017
714563428
645495302
128790273
355429759
743814547
912200084
232653759
91631148
667990362
595793630
21835301
54348667
379203434
718952658
333327072
216718074
578409836
166833613
463686544
290652276
801629585
483335983
132762991
585039389
370130771
638258272
550900993
660248111
224055729
420751417
48016301
998728683
354788821
67961392
130025698
718678612
121788377
483101274
556243466
771855291
357694952
174202744
809537707
141104756
68908024
996711299
254153873
619806119
274530558
707924371
860897155
509549864
491334175
316522805
854654089
123642177
634017429
937222489
355836270
375962514
302151840
684345112
543097725
684946249
624973398
844379373
480579934
408383202
402272158
325572644
416678909
958384397
237396366
7920953
536830992
743069463
18127650
681103847
159124740
792180342
256213561
322027442
68078697
141354686
490534994
271344435
230001418
760529961
329899851
486783373
771875698
433194435
145713907
524384720
125799713
693807084
981406256
378602146
215967102
841548858
570349650
442404154
843348680
935609085
635411451
759656991
769160067
393137865
115045472
595674115
908187739
896932851
826258551
231540410
703488905
609668355
966718284
575748457
737926629
701896151
262375607
299130115
118940166
32094499
348341912
727979246
815504310
864949757
998662763
335278598
793664436
612861325
589577829
653341174
802025043
210799081
93536990
824804030
478349495
192208254
111694749
545305004
517748034
548457639
853661337
545413365
32128131
860081516
884029372
712640921
976613995
571294588
222879599
920058503
354704392
763377948
210310928
660520230
677402105
462784162
866748260
472067327
777130543
704933811
450163214
344452250
911885946
416146883
564185238
200292238
890731347
666627756
901088020
995022967
989417165
561946383
844506215
941644034
418948739
639850246
369402429
903242008
261242033
507913502
697735977
362003490
369773245
80797704
753148688
968999328
755622061
910026721
72048953
941832545
661092
941585240
557287992
250244937
435444518
840251804
371658636
574782962
889261284
889800690
66823152
672671088
492359353
528277624
456080892
383884160
263590153
476457158
52648634
656573672
858567554
792434405
796466863
530463453
546554540
999984800
27543697
110893670
883150240
808716508
279971414
471173486
20711522
734723147
342498876
210189572
718652137
233379652
161182920
563146804
16789456
944592731
380251585
592803230
82582023
655805803
734515691
535669920
362819320
367018875
668555804
719165365
955810095
385462993
482165679
933838490
301914302
627675530
717248294
645051562
130560515
340529514
428461366
675231071
848449405
678097154
287634512
98370494
995280981
881594006
850887517
945571677
852580431
53230188
562100589
187345569
115947447
901981799
477042152
974351714
705321779
934958869
310959116
912330008
617432036
942655944
450674737
943466113
671679789
197184106
846336715
865972697
343951258
313777837
557549787
815537942
465845319
750408881
355458638
644653574
149403054
115236181
531891451
265226140
835582474
66596754
438289419
914195315
546795546
535592770
929013674
786617300
357737602
670369758
362398457
818601638
969221697
602949607
745958025
752631501
690427024
827508030
536041305
776235935
913439225
392008374
297202696
175057645
165582763
785024851
958467456
287587690
85599558
504990469
180716277
13420863
477816896
81215352
638061888
535120577
170732854
36128627
75241387
3044655
52058250
556531516
58776352
714257734
498196570
569864270
497667538
425470806
353274074
135267530
917122023
234078598
579374573
181201895
920093689
697003245
312975136
866448483
631306761
849582437
752796637
414716565
355268363
509379614
198126369
184645466
984830989
298709579
587640502
548550636
107763100
901873501
714981914
548355788
475845486
736314830
419083649
693483431
187372128
406475353
20552632
970781939
557774508
941558946
419347345
685043012
534383874
893859171
974022024
393208083
219055754
764406894
176617887
849542552
32224423
801704207
40445950
757687104
135408559
589906916
933964637
224146366
468467477
474362963
310257110
845271363
165863646
167925550
713912637
169080386
754297492
455950573
732683261
415786812
381855094
141296659
443896333
189662868
65425253
705947673
888550616
985112819
10715941
946339946
246185719
341405490
30701156
783429628
242703575
281494495
554810593
54660545
255990935
560835968
933012362
840774050
958427090
423620563
531731313
314641509
440768540
391116309
81415180
518626073
87555870
916039098
535421788
281119111
3360124
226987846
859762905
582178753
744285481
192519563
64493458
152266780
296950721
953040137
76801629
265910016
382892963
120392224
826621507
877683688
295920779
571424512
926764941
247980249
354834316
282637584
802169113
138244120
360484044
993850663
77223176
570274103
97569201
705063735
548317906
832591914
792492581
153412523
616001718
543804986
490112532
126625359
510304455
376869443
149133322
110624594
700783823
222117250
929577832
544352655
235820717
954382237
197940265
533050745
867623529
737506098
49794428
586210105
146334585
324854623
270736178
263160703
286439615
470356568
2945465
895564686
990247572
522296504
452652964
957926259
722262182
753219086
614379456
930452307
16919380
445073706
514847699
308046775
131789124
716199204
423040983
511542263
27315574
156205732
195623765
43553316
150558603
202334940
882839732
933968414
608691431
620520238
212626297
946155778
211513839
840112846
790345220
949440911
938141146
252553155
124193704
350283514
108419324
747437524
125367837
619937944
648875068
344273995
878311826
83932080
709719362
628316201
292796802
879936655
77187075
77188777
110979075
441887445
36755833
933213534
518644816
218305050
775757370
588896961
162320065
450002734
701989087
996820968
216153739
739435063
617443893
265620660
112184836
878871730
87896876
139391532
84521438
231878736
359093468
13510426
633048743
462414255
238230359
688654132
842585068
9803133
238290564
464625050
484105593
339728702
848015692
976201848
860049340
76715469
923753781
710979350
490881676
194182564
285850960
560917086
695477232
104495462
946282897
36383384
328804493
188502148
158919741
59678233
802472443
768185516
221292432
783268902
224315577
854346733
156141173
660875238
139234088
616053286
683549697
940171853
461367235
111814070
713609011
697358211
421393499
816164322
368502137
646165321
304017013
231112900
857502442
269021199
748394439
229698358
842350340
507202117
216560519
612071636
928691369
88147217
267640564
134009500
305404547
821768670
100249237
504561622
794806332
526833610
200984466
774269907
791752746
22593954
764936207
163235794
888084866
998808278
723144309
346298322
492375631
52302587
832458951
631189185
151611090
451812928
166392538
62025034
113428812
463050271
241273257
850731209
615421185
459356840
550894111
236773160
352484610
862518001
25429126
555591894
455143219
560109553
544613198
778138717
662944884
139193864
467512097
727616481
219552256
213187775
208571846
519751785
29957967
758964864
854991895
791872024
60662342
157551854
321357472
687728003
152745600
965431659
109194276
36997544
737247569
70407158
580957915
748210623
676013891
603817159
543961422
911494134
917653493
315030231
426569796
42328745
215933523
171024759
988905396
349318426
809653114
4073119
665259650
860623911
573499141
448669454
968165411
304275990
791922129
367617327
435572037
378043123
11892148
513665647
878685875
706980804
287557704
581181633
36601410
893111120
620814588
934051619
547668363
319622142
886544025
142866318
29438466
825709056
824923078
511757600
574382206
529158899
607293046
351883462
84596724
79556613
654413697
30773552
390015983
760923758
840266784
847731403
355404815
505561143
787209355
34050972
142599973
216774215
379029673
454072691
184019
173895978
923568261
636597076
954006783
104020697
123423801
486113673
129947319
159999969
278216706
959972300
