996912354
514603954
495305267
122399011
114822204
749971920
267663520
743888676
947656334
965131798
17409185
842104163
697983276
805563215
913143154
503031486
20723086
668374633
732413308
321920333
466407063
933351242
980706167
346034188
355754772
725256914
363670991
311682347
192336479
287925346
134510841
80165948
918844132
313269460
350196597
925517667
495061669
541013020
903966053
376477935
184134737
417126953
248121235
453799209
128778847
885187313
570861052
812142436
206993493
895157696
861942121
722525618
733460274
1659199
196299096
966814385
619915443
539080496
958645745
71350149
236548767
344128706
559288584
77504147
214610504
886978050
656547786
642746041
168675490
385604411
479324627
178254336
343271602
260000307
956540618
945761998
826376060
65407716
583099323
823645801
736683919
746950266
33627160
19437498
141207099
766478645
970178081
461500697
672641799
894266672
781613179
884185820
34039792
578955459
663907944
995863846
407413488
694254661
616667425
321811155
161551879
51427202
185225926
33614084
836999187
276298552
831703291
514184869
547051662
830705560
609000059
640936588
153445370
247756115
215800942
697556390
436271180
569666878
583765126
719319868
46760850
14084875
639356421
510405116
746936360
269518412
37898427
633928632
98079900
886277429
902922819
785240213
16027870
627783953
313372130
842943831
547590733
527612405
482239798
683375248
523472504
380843519
726736726
352062524
6115058
419686331
436434814
133903085
651594692
428272825
974334509
113071613
120663035
540726376
537730514
782954030
339250947
942553953
827940760
992803136
196192226
825258640
377275074
369586672
653266528
260824078
224446961
234929883
990716903
331308133
233513207
269177520
516166547
861705155
324020480
202057923
421035342
885006603
986572780
111113218
44232486
669382837
606715673
546085494
416892529
273105368
595312059
729945961
29130159
954792224
858077717
216099227
169952095
759840434
701994149
366693491
27371541
492691912
434191447
923011668
632107807
961266763
879598275
728059878
835639817
353331417
625110281
276744381
783651173
65538815
91283256
947033100
614195940
457903790
213970922
917212309
892787775
644290678
588723152
780238962
12925971
333201906
402168241
486308506
511047714
397350244
504930183
363317073
640282359
815090944
851773472
940536898
150409810
14825422
225050294
74818255
234300469
955458027
356683251
608025975
487874925
278197837
193638805
55490307
13784541
828716787
663811618
759247494
721988989
31257403
85987263
342776700
255328200
399920322
104614845
72057657
908771979
917822824
564223078
70973716
931565549
260982692
689694173
778502427
443190340
276268112
644956481
621127803
639458554
860116359
126556879
257262288
25343474
1508744
746586668
766416867
482368116
935915742
561187281
990408091
858660831
619620633
883927098
473815430
234795525
688975308
751964155
535169237
256607718
497288441
442034874
301879677
684160213
105048397
87338925
397000042
35525857
863103067
28503104
840574074
358265674
138004756
788585430
432209092
486053701
41902691
59364806
243867950
916373457
103653751
112504176
36326914
961627325
209423305
874645664
495641313
149111567
79544684
941689221
600544920
294704562
830519030
886762755
357299191
178521148
736451468
588407475
841366940
659591475
937931539
604702033
916975685
523712734
554796430
632146660
373528547
427119546
997618134
833502187
713451850
213883804
921138961
553883267
444417413
432408296
207900564
476472647
455605286
896831172
190861952
976297584
369764451
542310799
167582338
364078480
972630555
269579284
846699718
674682637
590637089
402950304
932677328
220835465
396890925
284769824
493429004
76029368
144731184
801301599
720276956
604725702
283048894
961333762
947733405
231809253
754929606
349598020
404818473
535852784
451125458
210531736
362291009
367147295
12841502
146921006
825300243
415188575
313221549
429761339
533241180
216232173
376013311
198510635
754958020
901699087
168255102
405417723
228373256
813727775
420905999
356929405
84427799
546579253
244047524
848862119
986763744
405732107
123031420
958488336
941631584
841052481
113599005
313465427
52698385
867682153
810290851
257765963
121764575
991579989
460391446
537873292
712834453
584524653
74473706
685629085
825966046
343657646
329770428
451237585
625726679
350564512
881557341
483477057
612881445
872080703
228187830
173586767
146899765
938381441
170679178
358881928
732900442
461672674
395763977
439665117
663462707
937056067
957506037
112920491
884825475
354541583
573987585
561351451
33230900
407884561
842368260
953454392
657597607
988963977
810630045
268524066
80125847
761650203
882993390
698843822
88522701
545541972
70931798
857651366
344323449
555804940
816926502
51810908
989803083
924010834
303710324
748599338
506322167
298646132
488562658
475755658
412791457
636139850
559464354
983453368
965223105
351075736
854356545
872110754
228773693
126203645
791069019
271988561
121919286
248981781
550839303
419098438
44972622
257388478
196993137
894461415
412153015
326418540
379251764
324781164
211674981
618350723
536608656
76861094
690340041
913505593
44717594
611274487
400580547
705465443
105472048
25852086
726833138
830900303
283963311
153640113
848503179
309757866
871590625
749244060
775858972
575501145
316811347
648374366
531971225
229439496
854711042
572908073
962290981
137517319
736116996
272663052
107159520
109064500
296630054
492560126
76159016
571512398
7791642
38090357
253250235
53484709
831942723
137680384
103582014
934451735
842590516
187440291
629299530
861576584
918937957
323963459
858321825
964495570
374697119
697498279
882092819
135480452
144125161
771273390
297269062
347227614
773993179
270188506
727588818
835168757
600052401
50328628
365029158
1361033
480648384
455931128
663455323
700032420
466558417
434585814
493070952
823596289
694144236
268372232
688563988
333622164
124318261
711702771
26544257
84458781
436255730
55306366
305018193
35811112
571200717
524667211
122082602
176059673
611544297
739827089
523194909
123978051
898244693
750032648
62566899
313262869
321588876
50782942
705085160
534607824
917869090
443070309
555336628
696641697
973386799
889770465
793970153
353526160
653662939
840469857
888729024
849844619
106585726
391568957
114033158
100312585
676134553
976339781
682544351
398160892
137059883
863693021
978333267
491611728
987433326
649124338
286504370
914313538
202593197
720284804
971043002
522404429
525333014
258184492
955652770
432486028
580924309
688504248
115996744
50093965
123317053
824239596
10475707
211418372
531903642
408788308
981583593
124782840
872718007
207469449
704501163
919672175
940272953
882503679
516186506
361465428
638777989
269570232
135240235
787369627
69006369
541648900
200253035
537571285
706897888
883446914
897377256
361288831
808322458
539612707
309767821
581103658
706871373
828530546
346222146
362507707
36738348
247205406
26325353
375048659
206861651
253189761
824428974
213498987
564657260
610834612
637181407
227069739
31318374
646327270
175081095
683767662
436342678
309690791
571183344
311856215
605400851
751629893
761589125
302869122
494234637
928140668
518029000
733188878
840768817
936190362
948348756
831233751
360352851
681200234
547760457
100466634
276273610
92270477
345775500
407823370
962285972
131728071
568700925
986006421
956642321
295981933
942163834
562047827
187319366
504587969
340501669
138413368
99947515
309703385
635934086
538165790
832799000
940378939
12730876
808878688
263118749
543444195
370698688
161948475
638664571
288448993
567452915
978389371
316328485
287490239
658055090
870634834
446498071
36386403
870167599
535387519
401244624
250374784
687909173
758666119
300904813
119328921
400725770
617272083
414717515
42968944
725403626
371298795
253671237
542505542
249971122
114814695
253728413
659264920
801270483
816561818
599200960
405820853
182377868
574416834
404571926
238912060
972362326
729451477
765044388
394931791
655717199
67420528
356463489
588165832
969193202
449241791
701358779
885868988
596063597
64237308
772321164
940825574
584073955
255031374
868312886
256889023
395175230
635829751
658505199
770733401
645722746
825494986
615694875
52025453
162641841
749202892
578554552
276022823
793714430
796619552
76702510
8874301
182368677
679491086
224034179
206306616
860079260
216676378
855255627
29671802
974798916
212547889
618981187
432062435
125307647
219323187
834818695
792330712
163320827
65373585
41557162
504016110
881904328
212461711
320041650
808103567
224637856
374441636
70423355
965521284
127738017
394531112
301237940
369163768
126708224
768480579
220115026
739787103
847770791
98014259
42098272
659214154
514886392
85249072
881752084
183588513
196165596
116303861
901960172
419651772
574084309
660258935
856266717
224699982
389200557
867221817
957551467
663763991
864550865
994847961
111139831
771269859
924592663
94642300
264265200
395571785
818631541
198842657
280427697
641663322
407130111
3103103
45886281
431051206
53558931
571250538
335024735
797399981
268718809
376298748
928194331
778902347
617891279
544414627
975116883
765510519
153137238
590784560
900837924
71043814
597973577
548593958
206990874
454695605
312737636
684672989
629725563
224825466
850637331
894625055
851620114
958140575
243394937
233351796
82630332
776255264
974732285
156795085
938995373
658687709
785520895
583699091
94762838
735519144
719749933
894656158
429549096
519927697
13961277
627507636
217395968
332683964
65388816
612952240
73153744
882929162
898187335
225265298
736992219
78035473
959661965
477149772
762181158
400775290
576666928
546900287
184478118
474068587
926260254
451860784
669413639
46254917
279014547
261414795
672487523
488913549
739825494
766480920
54944059
235375138
578706380
22871569
555777062
192008915
849760170
85573194
607965351
300595372
751862675
86368680
139553639
986816279
443764285
733238300
41939658
251269582
54485215
163755858
640519275
6504544
373465238
323693944
221664422
682149889
624477287
427388398
160824350
