759860459
1723491
692485404
456328203
358591403
877464185
130095926
605613726
69804475
621111859
219850193
474380930
781017554
708820822
636624090
711822379
231440242
29024780
642610622
275640430
741890175
40884618
59050234
873607758
207121592
99168501
770263313
65305040
625869849
676276779
481476385
774892790
337082921
262895847
192689457
120492725
127036405
594053917
567027011
464599024
701140151
687312340
281020746
667838842
878652714
676360733
653000971
254131948
395040880
945721653
974247357
965345027
159984472
148064142
902990261
335440095
970346784
456261566
924825693
277389713
315574439
813610420
754214049
98984243
26787511
394138424
377164990
741403887
181953736
401806868
246728005
692218362
449213662
377016930
995482768
232623466
839381340
682815589
424149862
770614349
871639813
301766243
727246349
85622538
224543858
449921803
383158136
499185517
558744285
804086278
731889546
61689000
653993798
515299350
462383696
370905886
412375946
304225507
322393861
848125469
797148335
165196148
728124347
608582171
138374245
146630529
576741841
504545109
391507533
187722000
238375263
215758181
143561449
618892214
947756171
524373466
854774528
196119361
278346247
45252824
565987600
799973011
7211778
883812343
81758667
769351848
177998076
525459597
318380348
784342239
271587971
245785895
219582696
443453340
830034257
481352859
609153166
820111171
188148542
732921415
287792993
817387464
544797882
575255317
94433441
944429603
45144810
877843252
748578666
982561323
265331180
374784307
451717282
168539532
871417623
467395532
682408523
457239921
672638955
686676213
149384871
322296690
574945750
456140250
284098731
406289093
998454808
804242607
277165809
646492476
45305433
216752999
425295452
828715244
12542859
12966403
965892929
193993575
467731584
848935991
696607706
251141388
723295876
251714907
963211397
570337703
652441519
809551150
472004727
841947846
779997318
645948013
659703171
977189328
429357817
871565173
718371520
212767621
133705492
87430904
633425455
23567443
851783968
779587236
279702543
365486205
438267307
349246117
73173148
382717331
481462182
854761105
628856577
967039605
302031520
107963394
364606773
84711128
716647300
624439531
61914690
654852210
726814830
12077661
353251691
734729680
537254433
605969342
322400631
826628898
884356509
758078754
60709188
478198432
541488558
469291826
348990700
324898362
74671031
180504898
650139290
72213059
966292182
891717977
819521245
691034315
940891508
602931049
530734317
652772148
750844635
902385807
220426806
169750657
854897814
375400112
874808432
676968735
136372956
890439735
957554931
169679363
929651288
308033077
794755906
163639613
434113500
891686860
756040823
694501400
924539325
78614864
474244744
587776178
49993630
768813045
429975507
180971712
758188298
791757757
950247137
825724684
889960055
873437393
609134488
153332752
690914246
132335693
320347560
239915208
275212291
103757364
325106482
959363907
887167175
714320974
742773711
960279250
598380247
380246095
453986783
381790051
240573334
788762346
29365118
462496082
397571819
319465645
297778365
225467070
732019470
127351077
587626006
515429274
989970678
914041964
322324190
458916016
215042254
378599896
190426680
498208193
909133058
822392020
721265229
139345612
576871765
580837787
432478301
205392503
494158195
582008754
143691373
316437011
536134828
171569703
405767435
487486410
728648384
638314256
143703990
649344927
400432151
655586473
560006480
572619234
125051083
773332853
271219552
974337357
539942169
809452184
982432631
910235899
838039167
792954168
731070229
158278282
971249162
990831458
500482160
43572702
280515730
172364454
405099125
611156359
49748225
386832496
665104874
432610988
555804773
610694730
578516242
614840244
77169672
321907802
783873868
499304676
86034619
696883440
489625449
888727417
809769989
844296272
672137221
998137513
821538358
651934490
383350293
311153561
668580724
166760097
94563365
976453714
950169908
877973176
64110132
684548247
722839044
589186248
481003898
160614660
475399435
718109984
667598447
237600407
322167093
803646897
183897338
525172710
138678927
994061663
567928283
264747177
693833283
195487666
440809740
289645079
132882267
802636249
253901236
725111937
928661426
873393968
68467739
210602806
639874498
513333876
739422872
77698080
297132569
70181947
684577614
433304468
210116504
910879767
233851168
641143539
427927499
858808402
545698755
503793963
70105246
66943839
710531213
542043517
850353650
263759970
705960186
324581041
265057004
947451300
417173258
407633793
567473788
105350824
521733308
163798127
930784748
911796141
201820927
848815059
457200934
623009213
166106137
417521279
382568380
193400231
262025553
990896000
342883555
777036569
973238632
534726117
828845168
695441131
169264444
355337183
744497915
978668438
65710945
323468044
251271312
61154880
919472004
47447396
93016202
270144026
818090927
779067250
873562626
589710895
950121742
457107267
938440271
628773980
803520532
741121925
999773
276350894
714391103
183814771
807336686
735139954
487294091
665353301
518549758
377439994
374156294
278739249
679806112
88760446
85369366
605920658
555726666
697243420
796582445
785580362
25355811
306870078
450996223
378799491
306602759
973417804
111099389
848626632
960262566
642286656
778906772
874475078
709733466
411931409
154124219
207168093
208667538
647849205
157884921
334260009
393503235
292981558
601271761
830312029
734710607
956121486
276063581
888080811
589064674
470784481
673292404
446592116
590088749
196877869
696434110
843940805
207472855
437056928
676031010
216489410
401587211
939432983
607704170
487205468
321472242
391113974
960334640
812536499
775166358
531927680
688410703
558576162
434293575
414182698
341985966
506810335
197592502
367367566
53199038
918775947
260432429
819685419
487238119
439991530
302263940
289314048
655508989
403428457
92707099
259034993
186838261
178477896
691677557
917211601
262608292
652489361
470334828
331848351
724765558
581327038
986289548
993843104
170769781
293226403
979712230
220298276
778251161
982057895
458641741
886591064
935476455
711932664
620920731
441609876
194704219
135577967
309723243
554933037
385142077
93133047
20936315
968513764
193024712
233138007
164235721
74934883
430535850
240562030
343876299
285483293
357284620
885392746
3459525
474687430
606838548
282103717
209906985
792024210
706822519
583796126
900452674
848923332
240132061
339340593
857024960
49641226
829130388
757100390
343546208
371778778
199152744
209441974
872240693
266364896
910365823
838169091
482723581
40866949
361763514
549382163
180428106
505077118
704646488
260595235
832084286
727041783
543458641
54388381
534192551
675430209
225004314
152740374
163709937
582020197
602949751
767752578
503230607
262454862
177644262
660581279
253839873
180825992
165585775
816660609
339236477
403440265
959600134
30836188
504604369
134724456
467918374
754243242
811402053
412181201
135280380
789247905
965330616
805906368
747697853
661512904
843784829
504897410
558300880
372725976
586400395
891865892
320225864
562692570
880468798
919897928
852773805
206426537
9207756
260149221
929447260
121404012
718382103
619486836
69713594
88582245
212153595
652738319
270507536
699622175
442418750
858269518
328241165
734082144
603653668
32839021
414988627
967257512
350555377
822864048
213716920
678470584
658448812
534077120
548915894
785524481
292503391
918129504
225340004
773736040
89806168
514174441
168101289
484949112
677290512
359760447
777509410
101920743
837162862
51768720
979571995
151363132
680305060
762981799
528405529
371320418
173755813
530763042
853865829
673184084
817406735
412091401
362983511
406385692
288410727
59713400
243311352
435726125
731623032
607834094
670273401
410869171
391243898
66723725
513664957
892077248
808637237
30260238
848350186
965864760
370072229
916232842
776199044
915683379
551904344
379834137
725869119
845696772
236096193
299048415
91702729
791955257
752599513
719187083
802915808
730719076
936201050
810687454
733560214
208235063
984800785
89605565
225341952
756142752
2514893
888423076
423160600
810830707
891861046
719964835
95651629
575571371
559431330
154360368
424833133
518126386
691313563
812716178
292852800
767061765
700265962
853604058
781407326
481897476
637013862
914606369
956249206
420423666
172944784
763298130
203833470
35273681
76513033
754563659
363624372
982983063
260704698
664489796
940415135
895965298
961296259
858247255
786050523
999946096
812407290
39454705
192956776
733894420
338900803
280673399
811221391
357202816
852544235
991886478
310208741
928892979
775296282
703099550
370991551
569126740
448885286
719809727
457645758
168824913
133042013
332071122
591003724
723093935
527406343
838048642
858282951
396856995
686728131
504389996
992321313
809119247
9662699
375273953
734219107
520332319
221023502
491425338
92584648
271432105
570025023
462894194
14955195
458375763
184447482
685874645
444067883
976823262
921986094
462165124
437381346
917354413
292987882
220791150
148594418
698764544
4200954
964901550
450785687
787610765
279188885
337814793
91936018
890202528
484207414
248070902
88165298
210036909
137840177
200578863
525184755
460260936
381986614
937202069
187036550
341740366
475932655
923047248
714572845
217271391
724379959
729886693
175226124
874218240
982959832
910495747
990211389
262712084
652813020
114036628
955982785
477315355
882496016
370241661
386173289
188528427
116331695
350800758
400022618
620565223
827544774
339591627
683151310
496593495
335450893
336989307
394364382
850999127
464960887
177774186
944895526
615597775
477607246
445298781
934702270
387286991
305824536
154167814
110220651
89643799
965827194
708828998
821433730
678045808
563700328
604843534
739912976
329989139
61764101
316056606
146276499
67463306
196062544
498378663
88262419
670241606
494744819
93348009
564995921
999225783
615229255
85220662
734413764
865304406
104132500
623816871
421683206
899020903
944318712
608232337
799925248
727728516
30707183
110336038
