504718491
55684381
174816632
217914542
574152482
885165688
910801362
637914165
237400534
56576458
557119845
751389347
566355404
593019074
833578507
511273382
349570786
727248734
867482898
241529492
209578009
988587133
270009623
573253671
870486426
699800205
17297966
150909831
513407795
975849356
609557441
522315042
194423081
769464473
50029617
237851122
905636160
833439428
639828292
689045964
116324157
544652500
895364050
153024173
328062304
975160632
627488045
221495102
606750442
663192248
894881919
801393345
972798764
927510889
476891195
994883840
189739141
244226376
282416477
245111331
713373302
871414101
28521135
192424096
934086695
831300755
739734214
755163861
539052436
955009964
417021777
580416010
496827238
383232008
162160358
789770831
67849068
581885756
395938421
340893372
474394398
471161597
464604403
573688507
564119773
367996313
449090345
267419197
729073665
141907333
866305527
499478462
542997908
341681933
853772261
832950162
176805747
116194041
894690827
40940585
11411199
212848608
819487753
223667566
846640277
693223362
413548753
779668223
176744572
554523651
556567734
285775116
472710268
702169815
207144039
360777825
497625021
627549310
943904180
442271090
35948709
277322096
680664314
887522934
483402992
480127054
407930322
335733590
943897132
521555497
717967072
13873067
557372659
145607229
615768518
410148729
943059255
416928157
541569545
205390602
612718217
877728588
898534536
988478643
567207028
211439627
384617448
988581549
819602232
636072522
675208768
603012036
428324425
248493311
159959673
771133276
242028376
23686986
285371508
7619258
953241455
421410456
202596863
981928402
664454527
592257795
209043820
7280882
375667599
303470867
266459957
881609635
24195260
913800441
944145242
855146776
798093750
19713253
418573755
581503554
66206301
563623569
373891180
18402257
706376958
148323162
103984283
858302804
852983381
899301584
420372248
662099147
843807995
591630508
7281553
585039561
354159117
389720360
209765653
151866475
418877334
993175464
326058057
146251043
393241281
704388536
734560688
741184813
510340271
856648734
73963307
185931346
199011412
411627128
494476634
790527257
878201829
649315931
541583517
711875674
182167381
873052870
477044099
309281114
774813039
424010982
998241434
993168305
901898644
343676214
736439272
759362259
97542237
142102272
610683322
380030781
466289858
599619644
357870303
844896465
720018173
105306198
967935022
443614180
55814914
380257524
725627908
672125813
595385360
619825098
455535617
460796369
777854961
811791324
576585551
94551957
316247102
950158500
530845766
39143147
530912727
541686110
567737417
491864370
299063504
453246523
314103889
833400654
319967158
728466970
850694825
939404259
254326629
122557197
722814063
276659744
267848829
426568553
434027135
529168625
240698530
117164950
145240207
72042472
863323614
486265749
856453286
844453655
760286239
89362606
565574374
495469626
243312806
351076162
260277412
361925059
256200507
385265004
122400055
917895777
730493354
306264175
302216414
360989500
230478344
213399753
503688479
387246988
268125189
243452784
749368997
51534993
151926183
440116576
619994681
762748072
56622348
460204790
546157876
457448874
984190921
211839619
969452168
185174216
262269362
964889636
548129455
896387295
121545658
688822252
711822819
607600367
239688341
622774832
391010171
756828381
521836613
144085676
521489151
884582898
171282857
421425199
865508388
741239590
751469857
148272728
524649394
25021227
620412808
266454163
674259438
156273579
91469002
284956811
925771989
811127290
854243747
819467920
760531509
831812087
513895153
441698421
136219003
289430297
541075542
308481226
787294920
80274569
936321304
852568087
791927840
890702908
279331094
575337644
503140912
430944180
809834230
419880062
214353984
280321670
239834199
292981318
798678145
853370331
702020789
483901041
818476621
943488692
222340149
162334264
830693322
134809419
144564863
445019566
503792107
820790979
189693196
696137769
438671322
698222626
626025894
454414366
541706611
961476028
337238966
265042234
578034772
120648770
160743378
903479157
980352996
831861849
895559470
687468385
294060350
799541661
470878189
784811671
26664483
576315219
373301870
556316838
698777218
965501072
893304340
638187657
23242513
850827896
342052243
646789117
460123948
794471713
315730484
994538476
171337020
99140288
569866196
954746831
249067526
849194661
705850220
665959903
874362255
183577849
819304873
168988234
944175573
42074310
160582779
415572781
70619617
462062256
549741192
725801028
379629410
75790131
820746325
510812198
438615466
280159937
97305637
310260915
149828538
951859533
133935805
555792045
623871231
648266030
652904116
706007710
839361411
596168639
206120016
312274045
417453388
143739088
139074297
346304015
851407414
263097351
343320351
510563870
705893912
73306198
256613217
423991302
851658840
71182203
329103854
449301352
128320056
536443575
856329879
317426164
270043366
643539161
305542586
111524241
227982112
781749855
246109643
334156011
129655121
201506492
891791275
45369083
436717869
930958399
474886944
255398513
707775731
825877086
869397011
274613771
395598502
558936013
754170426
887445636
302239893
34614842
715532314
450693875
778073911
286462120
405840701
634144013
876702936
457040993
889117987
479316608
690205093
445460405
96057333
767486753
951663876
945955384
960484206
291559277
788465634
789981113
516263705
73306257
353586548
301893288
229696556
805153620
178891247
438712747
754267194
161125874
519824218
49490801
78554319
711398653
7223952
631041277
408884116
215793659
218942315
840088315
74548851
84877286
148223763
304462691
822599823
710646982
638360178
569171734
322919733
549508293
352581538
280384806
632524989
135991342
878943805
671530345
48960923
944748202
671319800
949017360
197490349
198093253
123998019
114363636
341827297
230708271
197433833
623379137
746603981
690077321
67770348
735279286
869248683
578845324
878016634
805819902
3628036
140466652
874412483
315805113
943655796
372639510
461657748
966627403
317706332
995204629
777799543
651200266
921408158
292152547
48485275
561883143
770166673
886154645
657919542
809232109
773834865
975616877
916129046
373625712
411937517
90875939
487221216
860958399
949957619
162958148
495032955
495524492
394250410
968670245
72875417
999198033
340278750
821563750
274599854
655649577
619105601
132731521
610097173
173309494
556966983
610190448
304515142
219512702
922768597
857944185
843365574
51589859
420675065
907196402
834999670
64908699
284240086
230335922
841673671
23748509
731772042
329622546
332479871
643563423
611050452
871950495
873537125
896442161
530685036
432969577
987616570
515873534
373799653
863926552
391065037
318868305
893842929
432788555
383911341
122175810
203739598
628954852
786146129
803581696
177363074
308964268
282115490
48937296
819010568
76035616
161223580
475592652
91523868
632898720
271167557
873498055
587253840
581134033
216597652
331101649
923268199
431858542
369556555
297359823
59193602
602344346
927833071
558025892
936376170
977472613
771514879
960313055
272948748
890097491
503195778
112425080
358802314
48345418
835184331
232988753
270619302
997818661
798602564
534776116
781228465
706771032
888979645
459315037
157125555
729127703
348048073
738603059
828006317
510372915
59261145
321681252
914867688
339994953
398809212
911302269
988594591
708608170
390669075
49334268
17597028
511947526
905983714
104109741
421223099
976310179
904113447
406865138
291789831
687523251
221662999
739263514
771868697
88873764
234753260
102456402
182146127
325832015
362348048
530130784
494216818
884845216
661817641
702950704
736404611
532375546
149466705
709152042
71001083
646211514
487849819
160132288
985109050
365136809
38145701
710206403
248595809
71322566
593818037
677578728
449424573
377227841
584095427
232834377
658298462
723396777
47467846
183140139
16874797
963427896
497189759
231332761
938191703
820532371
438670332
165200134
719804112
908002718
54384028
469952842
724422453
933293215
819175786
611992881
471732748
687819458
452585938
500112823
929195014
269798463
172054756
413207131
748229936
244355324
773339551
72793705
54529653
851792073
705948778
759856781
430483249
521030695
600368442
700179876
222476730
276395888
128374922
916465498
157541833
811671052
70115852
347085298
902314739
398350811
297074422
685457586
125261405
334210877
262014145
682729340
428810940
470697291
142891981
117973643
230254716
729185324
850341327
23324178
540046832
467850100
395653368
767759642
172417523
718384189
176836412
295770328
521736173
917754906
539677174
804433391
944294390
601489323
947605263
238498548
384899127
778313931
244349974
168308931
96112199
49903141
740199085
287257598
675675612
194484016
900434949
415344471
344387583
335958277
106214556
470838103
336910494
157554690
985287537
889475173
740740270
370446962
549618268
542584037
468004826
579980841
12052779
435587377
221789263
590186420
251692803
146800449
472576661
333215825
407563410
57886736
864514154
350442135
641423332
670072539
316119723
803059487
352636404
75784193
208242940
136046208
146723969
791931643
156129774
156849625
775062555
808185696
630669091
600200625
486275627
619841844
6683441
269685431
266728812
454749416
918001257
628353432
67434914
459319688
401676972
402941509
193197997
631435025
224143202
403324654
513467477
59733339
186734458
893855433
42340994
39276959
651538065
894612381
180707659
773190393
818516591
844857932
464767145
632652549
45407162
462774499
857669438
770601596
31586753
588289800
887193296
832779836
742799832
169818038
598406368
483044095
362915631
812552414
507672106
237422708
429112491
598359200
597154580
269939144
858390405
117740606
38995423
525599246
746133303
350711308
574246254
238119717
632826826
490962426
993781607
238088814
143061842
937881546
529709750
645844457
880013107
574101805
576897886
817220027
204723885
162233012
288110958
241706295
542771095
207700861
10938141
558269251
586138693
325165928
89945219
329080646
