107579939
404806663
963186482
525745727
818793018
360966588
10683335
837937412
480878082
252654277
156549144
581466737
281200692
377719021
56083306
572540915
215159878
399370865
70766414
824674908
874240926
942011012
691252843
690107749
996199975
583471054
493192565
47619842
478837837
596979759
322739817
828313365
178346353
944179143
362548425
281041052
390588898
817362700
322707141
718459931
320826364
827417994
986912520
797642729
709055905
779476670
107498616
43010291
481879998
20166765
164500129
255404705
995816662
898402531
321309499
336042946
883415810
55591295
399370865
851282744
782765500
329524979
486430698
573282902
704565564
680862841
863030001
536469377
83981379
79186440
885159877
97496722
900098860
61924658
31092253
984458447
886698796
376217238
270751173
860639512
788442780
964066578
644049316
374835183
355808827
229520787
306134380
795074229
819773535
36884760
476198420
3602651
585467461
859209194
787012462
593490990
25695493
797642729
959728049
640307527
126910614
755958196
406030005
341163871
943720409
66998005
183379322
111182590
428190980
830979996
894592401
822395669
351560407
533214620
971675195
830263235
79363325
941667082
278186776
218762529
808650868
444469709
664257404
940551038
565274438
493316615
657649427
303273744
675035196
158880280
663645313
283941969
265481843
197566696
899998683
184307939
514050110
656227264
608474344
619607993
970716592
433922407
206160759
289528943
217332211
100427561
404260472
252250109
917500827
185617877
59193946
274366196
81859622
965957186
649082285
248726328
359652443
746688331
343623686
612566839
409639470
143705161
478546336
25419979
238970617
38903625
94577153
385787280
633084959
714009416
58688030
564816926
642042651
475984591
517003304
828858956
511763387
671005324
214545268
926312963
885103835
366403090
323481832
214705794
824939327
122849947
34694904
14162802
268083515
127806065
164241472
124449842
57996655
562936723
43201942
560197278
602684989
435322584
891984580
569923721
170591978
32060275
407993047
936438895
55042239
801015754
719848699
509919475
146878911
400771562
221164351
340524788
923803518
485725298
948753378
684795758
272946101
432834640
669706864
67338426
23816603
643919392
608300023
6463287
477933484
779215495
13758560
322051514
210128460
585198804
386039653
488763301
98151694
869523330
93722357
193150700
858781956
174685251
980507312
873739856
549181761
49137169
862811845
790615113
929813453
264377820
533374209
765650535
317688251
726763180
308306713
214559689
122665303
374187235
645847000
534228219
627858337
897497703
807598689
598678305
698128458
752373955
687906635
294561912
581048252
304933136
531484957
900514556
694614011
406067846
69621235
304296174
644791331
28821137
77269948
769958170
153392140
155969858
901659190
257748387
199535308
786849942
441958433
123163134
451301918
582482360
442159442
713451909
700193922
677239809
473422887
700270617
153173239
733260231
432089968
829020079
656057041
530939366
414456334
139836476
293456333
424212064
679176274
86683548
185710958
265726247
293131594
227016666
148738130
99610122
671367983
955216665
758224199
957821273
738626469
520338441
508024942
522036273
309152999
889833119
512114042
384623248
960621229
566693035
159065899
927754726
652684936
295715672
394897386
234548378
363898008
890243807
242573268
693651597
920624460
863168068
282543366
531540916
553632035
455375451
422349939
968426898
260853369
205759743
720681181
61366279
312784384
483516414
249540999
995210148
459891631
961329183
4551981
887004705
543525161
357421772
305236735
96749486
289023807
483616432
880159297
833033209
940266135
975424753
611549566
762011840
474577839
686637825
93857629
659178161
496676117
98453821
493116353
882578410
348722889
46439759
291676988
373618608
155201417
505028585
880735312
528947029
229851747
794217764
745089756
672893024
600696292
528499560
456302828
976607008
834118083
971833586
55306271
742580343
967500509
858446665
262781356
190584624
118387892
46191160
999051856
49508274
829600971
485973982
623896596
240628679
830226714
286036999
396420579
788524615
273615658
348339805
531003237
277214460
723774903
419489303
468567969
596790727
890301447
131004257
783231429
937098093
960249634
390169275
69725000
899972567
880373999
921745898
585925048
873273872
715841422
116482794
79457645
92366534
927226640
44760842
213749746
401746580
80883880
823133994
911313413
167674840
323687968
813816665
490255717
140142173
868403262
657717905
421160846
55756866
963047735
103212773
765297844
31647190
282989444
871012971
204123603
937337145
878759810
894679180
571841561
488179949
401057004
584090855
511894123
432264607
367500659
239959058
223107195
846674883
342243361
931859005
261310186
327117742
190995459
562382554
980457722
729666729
836064258
53521767
578367241
814460782
303763793
954972777
444639863
65601196
100974372
943644197
871447465
45959166
727054001
654857269
582660537
349182979
925289831
432817321
964773617
389139065
316942333
893662608
783694080
431982452
195372912
244667334
610106573
352325540
280128808
892165731
281331427
680240042
965711228
86607336
99894795
924124412
530683225
441768112
725623683
150050519
141566797
46233830
53426928
359074463
280283019
532102211
968717919
262136609
683224920
243315283
171118551
98921819
384503476
410777471
273721324
405132411
891005901
301767214
131199841
797313119
128811725
12980286
801607856
724159979
357854286
904878754
509318155
446153482
709003601
368407720
675065357
373879213
828631474
725556219
386278429
621533446
988797402
64839375
97491501
968394309
424591733
481543885
65450646
337150421
537620285
50120396
834313787
107009643
996645777
248476358
498005151
89249237
674699838
435755767
302062281
777416720
673635039
963823183
529241575
652155827
183906685
841097227
18836160
122682839
845930886
542821200
648214339
955151899
873422142
11755824
103646757
699105219
899054525
58675263
377589248
823050656
198157224
853411710
526721345
36160136
636821514
526702915
948677166
730639160
18291408
601878693
952342612
636498739
466368766
394172034
704787836
738612891
646573265
839666909
767470177
547792003
683257493
54675972
355766655
189046816
67893355
871562175
167460197
19443573
992458242
745165237
802853384
310239832
324106013
681528644
609331912
534483830
464938448
159662497
484338693
248348252
960278625
103954788
508862634
808668975
906174127
64057711
992628109
157175261
87664308
775356514
363798098
142760858
710454761
936524079
242362019
173384461
608683514
434833292
552896472
500776278
77778252
922747806
734750665
530963686
835680943
629867829
625882556
354316355
544993466
384731070
535704862
463508130
535133307
436608139
606751439
863460645
594249600
836109235
525271757
486576854
614743962
726441910
890957384
541489262
125593194
53396462
401279729
578735922
806086958
566444269
758096085
24826582
787678265
695277122
648868352
953167012
449763329
601211639
170044772
111848393
699106975
859642824
450450840
823061472
750864740
734877460
850296061
631276548
905607443
389881080
317684348
23686382
788024885
25438301
105358571
473071867
643651144
217476165
120240612
440810899
169496797
923332054
726357751
167081717
565086732
47384199
664923207
592726475
520529743
376612590
891776071
303939547
545434021
609978894
87349351
15152619
47767324
488326746
987340060
310825543
37799907
309123142
176893912
333846298
153041024
155524755
411519486
338053145
376812571
194929290
312116420
789890273
22209805
551098370
517428402
317160038
107296909
542168149
889677870
89149035
325577953
30051317
782426147
639375175
101800531
326447117
782546183
802026944
85605473
592576567
411107578
30030520
227067196
607057318
175251509
895444726
950849499
150751368
829459266
516986608
662062571
589865839
298097127
465578341
900747291
479510882
369740408
685131295
98986396
965035706
304858157
669315814
839964607
555264572
484246821
785794900
766891152
253208525
629725516
553052314
405663902
67363374
729329265
535119776
17906751
754329527
718072107
380588107
508769173
9000429
355559868
487025230
827383431
85298002
93812638
21615906
995783302
192698869
823197713
468437030
660632253
817284953
84083012
900624559
695776862
490179505
331889539
788559837
696833698
69748433
509501885
7871105
630088255
277691203
723272299
830537954
289458556
409423973
887448701
419769953
358100524
909740594
796604091
565201471
297143955
466430242
459517027
520370847
445992768
407304744
187647776
909980569
43254312
245074107
953814010
313204046
914260513
488749187
287984424
344355723
671447651
199962259
983489358
543888362
264195523
578799146
545992144
951946738
57562955
581629260
754161635
258414190
799158368
416157883
436490831
125727957
255720441
504003649
670840758
478459898
510387593
397040955
645594790
832316475
122716865
149403933
888848435
48864399
895965027
538110697
991085086
495179841
617967532
565705910
60152885
407124365
725547471
66613330
263953094
562974707
543823474
986145906
309035647
478874754
686840904
982095290
211863137
373221931
58602650
545158380
261934640
472286149
625632266
8812713
833127410
585819638
688733946
257632816
344307265
598632997
294673736
298257220
994269815
666578082
510098788
158586207
119693743
179984064
228624178
770681444
969633586
164194666
740817351
322479935
649031756
377660095
905294310
833676771
796313885
56012582
651920421
625951376
936758712
754183153
363133493
290936761
15423258
806423340
433324567
708495931
57383198
674119525
878143253
802372305
953021832
299765660
872896998
189037523
175447140
990480704
831697092
546704785
207691110
245535832
142152833
182051391
93693750
272472669
252233251
811265801
60601764
837168341
394097354
615788567
591037270
992267056
337633685
317420006
37774439
901011839
448830295
905085915
263447159
570078750
249292104
33419407
974660238
996263097
399948115
758070042
685873310
656110850
900814396
533442349
146081793
795576500
143794440
920061742
708942034
898563685
986204744
462656398
960915437
888718705
622728200
165399419
