784031218
701335983
817824031
896426586
751119430
423047558
232350355
513290196
357382101
248728241
756919013
417910469
917670441
852073405
773276977
81437582
863453812
240910067
801353814
35130151
273906112
300761218
195703121
218767891
339344649
257037138
487368043
770417938
762522736
690326004
934949332
642573592
991258709
526097543
987183873
695068589
733480364
47822535
40555416
166909375
896161959
627133780
423816662
679571763
64815116
718699661
462981567
339966179
881991774
901836864
694415004
611509991
29801175
957604450
885407718
872060625
751955763
668817522
112980627
923215235
150863835
889483949
852728644
594481370
163440398
981788213
825631449
123772753
459261659
154262221
730260013
880025568
282486707
399889913
167454612
732372227
297079621
224882889
152686157
386687859
936952992
634767093
364844601
791702504
109501878
931423717
17159036
984638498
567624711
929194296
615093096
503696207
306617830
442074513
188391394
925341727
853144995
220076166
256371905
926011552
564358067
866122352
239360793
347767871
64971268
468966863
289367744
58980943
986784218
914587486
93252067
292060582
986701283
427152700
371917190
197706380
629450955
412530361
490164590
829428979
992814460
498813956
214416783
903833245
673710554
74431598
731380231
985885394
401744072
470652853
39004938
739188056
254062657
54633445
913031393
451213931
729467028
908631726
136408437
416672962
920385364
677232998
126916214
480330426
550696046
881318528
158582541
171111684
814242399
108937520
889022102
467026457
998455878
968461899
665734567
208729401
940926640
199285813
836873926
59358473
269977704
160357443
250225149
744452032
943767254
668663170
6542422
321997242
199224485
424005226
214562162
104085586
366193398
195937105
83661969
342121046
77406470
388173861
137330701
183383347
389961996
964803502
253676561
923427873
602165360
799400220
355439157
431571574
117807308
138848961
598464905
994455504
679732443
122338027
384764539
705668576
541096745
97211233
343194441
799753797
344684916
365266728
125558209
128094720
601444750
252478194
942893717
760272417
767111067
368122986
241784221
111060977
500737314
478273915
333930675
127470555
194104852
117340479
45143747
913443505
956721731
484243360
840903875
403380842
158476359
539766630
573079513
395373166
326244005
364523614
883722777
648743123
880778223
532437233
889996049
185779400
600162734
920598772
93021695
894187657
73314838
712040711
158697975
240225461
739620685
348948549
23635265
773213286
879241808
48975526
473669805
874301989
590454880
108389878
65960606
373864684
301667952
229471220
349405694
972775813
79110705
783501497
875468292
392035633
317195129
51808666
156772401
507503907
686178479
178111154
238027571
218716979
88179471
761082376
803785700
867925887
630113833
904631378
572406735
630736724
443753031
191591746
422652803
902111088
983675493
57744862
34532771
63569274
830042000
919175817
833224939
156132263
702585621
18807565
443074164
514958405
528810727
136835695
275344913
661212218
589273689
556808684
565934664
273718045
836224844
428473989
503461756
619634648
47819340
290768072
657293897
714276515
73224834
918033101
114257524
42060792
457465296
785836885
412075834
870422035
681077139
973609415
533896898
977831379
141410124
153505600
397803834
266619262
228187023
316697983
803423555
153741606
814716362
820486946
670322898
598126166
201621442
453732702
317478035
507220321
237142506
841284119
270748342
20552310
825016711
387687660
878679688
731765389
600336438
551039998
515175193
970184121
245956217
298584997
994235751
154191533
821241635
651684636
610234155
865404612
543346483
147347147
648814416
266483765
290508205
518665541
303601754
63526541
779066226
761554809
362436538
483805235
926847103
444913805
871567516
710256907
782532278
84646073
493666711
72490701
349273247
552901230
120102999
925756273
882892982
102610904
916092862
843896130
595898199
699502666
360245841
656475671
330766071
874447408
338519006
920105031
194125542
971985436
184420147
955443882
506442798
893764995
955025132
2019633
381922150
58104366
766943041
979396996
282539427
569054231
72464696
100107095
42278457
966781112
658687502
154402246
799789336
157493749
417663575
802742516
249550674
554113842
785217451
244813792
172617060
100420328
707594657
211969900
723294725
980561991
713977202
158848050
595043211
522846479
120060225
378453015
877645045
858927997
600310070
660662798
17469355
432105451
873075898
171160740
763220762
109675380
817049387
256953729
439895506
207208993
295502042
482527883
302458094
819940577
84433440
128531205
645774187
131478256
891186685
964085812
927205646
562044309
429141265
999489392
870047847
885237263
973944118
68157605
995960880
435635843
618502469
796098462
933747885
299789404
562780488
368494020
418387024
878270364
273993560
201796828
99903800
569450970
163522972
989167466
758029144
613329906
920507557
519740898
254511370
479829515
407632783
49852074
323314613
602366367
1915963
46649123
294404134
761079494
830058934
634849486
143063841
377188144
299031852
647817422
292680541
535436362
933389732
946316831
108091614
35894882
963698157
235530024
819304693
821767932
674911229
261072360
166099545
812053581
815572633
996193839
397972693
356974312
695509618
787107569
952943916
125350989
808550452
869087083
962965094
876251036
439240330
830123957
748293556
303173328
788385734
141221722
86583132
573014295
870433506
984781856
403827871
697772104
225832953
173006446
32561872
957564415
364615819
292419087
161056577
148025623
303092887
220210975
519293417
900008671
787041970
63708416
337502585
65525693
498255042
426058310
402138250
46734342
263927496
223643882
823478759
994857547
342633488
340406526
104799433
704090997
264322454
226270107
240960259
260880338
605024734
665465704
739793661
126517141
150833357
982123684
909926952
994351139
763359691
154040385
71211845
262935455
617174771
184030756
60741132
191089573
858470488
149193630
43566168
134211770
899172711
416098294
96159453
544326921
621743114
538189051
69202045
393795587
124578257
249402123
480626133
749680223
105619756
687372508
909192999
725172169
744025006
739970021
599631542
946789017
113208072
622411398
117477788
264901673
856687282
600656123
87491017
949860961
137295499
805467497
27356261
255002244
588877301
567412340
150791071
898196883
440891719
814829596
146326604
490931087
998316178
875767882
866909988
794713256
722516524
579005594
54688686
387358710
433729596
180987611
610243164
363671968
665078028
983522953
108830474
496819884
165213024
386975783
386753228
532453488
965055064
247093261
422975355
496751390
479086599
43067305
253228169
306364709
44017579
146105377
208498032
499087375
701008042
986112528
687678120
670035857
412221114
517984160
578132333
366763909
108067011
614306633
742569773
72808980
834647265
762450533
140794561
121221606
876406729
167621899
37078449
303844196
661653639
952490658
112679945
482624229
335270327
141635962
201638332
275578135
43092695
607302828
624493651
401108342
390712632
640991020
341714234
961524926
172816293
122853174
691947419
791033650
727182991
374402388
187807835
829317843
716877304
119906012
55758524
831337877
16221744
205585403
91171463
264378890
757263141
960184494
169255404
730187810
657991078
585794346
226503994
86221142
350373153
899235417
881659363
30648912
978726228
8220490
294046226
640285773
681564471
719433569
56199310
376300678
391421126
413960206
744298334
286253177
821021688
378077670
787351118
613858322
799838217
641628685
755383602
466894264
701876386
420998453
958781941
419892400
854783826
823363281
855093703
474482793
58908740
748965843
590311878
73086535
876241831
802373182
625728355
906263211
43941697
385128700
334882474
418368837
63842742
460659605
621785938
975957774
134318897
831564310
491220689
712742204
101557810
812832133
470580650
446862208
728775718
253990454
380340106
407448005
954646790
42982079
303119553
644793854
748613337
352574087
917400196
680997955
662018960
85892667
226005991
982409017
362361386
98842749
26646017
416858674
765026985
7553753
936011412
504757047
593465632
864011456
614643840
663534817
304678704
151553490
160285240
144947414
435356746
93770540
871498319
799301587
917845458
18139062
83188947
333255546
520201802
771632482
135110494
237931666
600160597
179971660
263167464
954797501
860744078
788547346
716350614
741315330
571957150
903731657
699552598
837751254
161525854
308874442
138776758
940488393
474243346
73855617
849989837
389407511
756698770
380845256
551692129
619505294
60594093
823491186
534210087
34615769
583561118
356568357
877138936
459814811
617808103
767038864
694842132
353773035
873659342
757771700
620632347
305949322
765808424
835662740
703854039
40290769
681388753
900678087
972928767
756284623
550038815
850131039
456489124
467497695
695512993
323104231
301214038
995144171
106514035
515703410
962120578
387856250
614719795
408858183
352695012
601136918
15105512
894300158
691696248
709784871
21729956
47629161
95759794
438830913
778869340
312177111
854785958
906779205
662579409
569085867
901822168
5303782
435483418
833796755
948999890
64754508
134364119
848767520
662373854
573257477
301181269
177037119
819384146
76692063
824020544
355499030
177857303
265899469
529804423
179619611
831480076
358034551
739267617
857661123
798538296
210041416
376676819
496644553
808865750
361115405
167710099
339763336
52895312
464974039
630803499
311446236
671063510
695191643
774710150
155751240
630316686
593051626
500740377
17805397
671413325
415182999
197136294
774641239
988783371
811303004
191709562
820093722
587621876
403155914
547589945
820643517
475168981
141605067
724019989
899586634
247247690
316919865
35273149
114624588
45186521
810407216
370735735
681004936
262760223
619493025
464414740
813543512
116934801
247824544
175627812
103431080
492188628
614572504
935172445
814644159
742447427
670250695
39154810
935039761
453660499
381463767
31143310
995707820
164873571
799728999
225642215
948283382
582799276
803889918
486682553
140642029
