388290803
690072665
991854527
293636382
595418244
897200106
198981961
500763823
802545685
104327540
406109402
707891264
9673119
311454981
613236843
915018705
216800560
518582422
820364284
122146139
423928001
725709863
27491718
329273580
631055442
932837304
234619159
536401021
838182883
139964738
441746600
743528462
45310317
347092179
648874041
950655903
252437758
554219620
856001482
157783337
459565199
761347061
63128916
364910778
666692640
968474502
270256357
572038219
873820081
175601936
477383798
779165660
80947515
382729377
684511239
986293101
288074956
589856818
891638680
193420535
495202397
796984259
98766114
400547976
702329838
4111693
305893555
607675417
909457279
211239134
513020996
814802858
116584713
418366575
720148437
21930292
323712154
625494016
927275878
229057733
530839595
832621457
134403312
436185174
737967036
39748891
341530753
643312615
945094477
246876332
548658194
850440056
152221911
454003773
755785635
57567490
359349352
661131214
962913076
264694931
566476793
868258655
170040510
471822372
773604234
75386089
377167951
678949813
980731675
282513530
584295392
886077254
187859109
489640971
791422833
93204688
394986550
696768412
998550274
300332129
602113991
903895853
205677708
507459570
809241432
111023287
412805149
714587011
16368866
318150728
619932590
921714452
223496307
525278169
827060031
128841886
430623748
732405610
34187465
335969327
637751189
939533051
241314906
543096768
844878630
146660485
448442347
750224209
52006064
353787926
655569788
957351650
259133505
560915367
862697229
164479084
466260946
768042808
69824663
371606525
673388387
975170249
276952104
578733966
880515828
182297683
484079545
785861407
87643262
389425124
691206986
992988848
294770703
596552565
898334427
200116282
501898144
803680006
105461861
407243723
709025585
10807440
312589302
614371164
916153026
217934881
519716743
821498605
123280460
425062322
726844184
28626039
330407901
632189763
933971625
235753480
537535342
839317204
141099059
442880921
744662783
46444638
348226500
650008362
951790224
253572079
555353941
857135803
158917658
460699520
762481382
64263237
366045099
667826961
969608823
271390678
573172540
874954402
176736257
478518119
780299981
82081836
383863698
685645560
987427422
289209277
590991139
892773001
194554856
496336718
798118580
99900435
401682297
703464159
5246014
307027876
608809738
910591600
212373455
514155317
815937179
117719034
419500896
721282758
23064613
324846475
626628337
928410199
230192054
531973916
4600200
306382062
608163924
909945786
211727641
513509503
815291365
117073220
418855082
720636944
22418799
324200661
625982523
927764385
229546240
531328102
833109964
134891819
436673681
738455543
40237398
342019260
643801122
945582984
247364839
549146701
850928563
152710418
454492280
756274142
58055997
359837859
661619721
963401583
265183438
566965300
868747162
170529017
472310879
774092741
75874596
377656458
679438320
981220182
283002037
584783899
886565761
188347616
490129478
791911340
93693195
395475057
697256919
999038781
300820636
602602498
904384360
206166215
507948077
809729939
111511794
413293656
715075518
16857373
318639235
620421097
922202959
223984814
525766676
827548538
129330393
431112255
732894117
34675972
336457834
638239696
940021558
241803413
543585275
845367137
147148992
448930854
750712716
52494571
354276433
656058295
957840157
259622012
561403874
863185736
164967591
466749453
768531315
70313170
372095032
673876894
975658756
277440611
579222473
881004335
182786190
484568052
786349914
88131769
389913631
691695493
993477355
295259210
597041072
898822934
200604789
502386651
804168513
105950368
407732230
709514092
11295947
313077809
614859671
916641533
218423388
520205250
821987112
123768967
425550829
727332691
29114546
330896408
632678270
934460132
236241987
538023849
839805711
141587566
443369428
745151290
46933145
348715007
650496869
952278731
254060586
555842448
857624310
159406165
461188027
762969889
64751744
366533606
668315468
970097330
271879185
573661047
875442909
177224764
479006626
780788488
82570343
384352205
686134067
987915929
289697784
591479646
893261508
195043363
496825225
798607087
100388942
402170804
703952666
5734521
307516383
609298245
911080107
212861962
514643824
816425686
118207541
419989403
721771265
23553120
325334982
627116844
928898706
230680561
532462423
834244285
136026140
437808002
739589864
41371719
343153581
644935443
946717305
248499160
550281022
852062884
153844739
455626601
757408463
59190318
360972180
662754042
964535904
266317759
568099621
869881483
171663338
473445200
775227062
77008917
378790779
680572641
982354503
284136358
585918220
887700082
189481937
491263799
793045661
94827516
396609378
698391240
173095
301954957
603736819
905518681
207300536
509082398
810864260
112646115
414427977
716209839
17991694
319773556
621555418
923337280
225119135
526900997
828682859
130464714
432246576
734028438
35810293
337592155
639374017
941155879
242937734
544719596
846501458
148283313
450065175
751847037
53628892
355410754
657192616
958974478
260756333
562538195
864320057
166101912
467883774
769665636
71447491
373229353
675011215
976793077
278574932
580356794
882138656
183920511
485702373
787484235
89266090
391047952
692829814
994611676
296393531
598175393
899957255
201739110
503520972
805302834
107084689
408866551
710648413
12430268
314212130
615993992
917775854
219557709
521339571
823121433
124903288
426685150
728467012
30248867
332030729
633812591
935594453
237376308
539158170
840940032
142721887
444503749
746285611
48067466
349849328
651631190
953413052
255194907
556976769
858758631
160540486
462322348
764104210
65886065
367667927
669449789
971231651
273013506
574795368
876577230
178359085
480140947
781922809
83704664
385486526
687268388
989050250
290832105
592613967
894395829
196177684
497959546
799741408
101523263
403305125
705086987
6868842
308650704
610432566
912214428
213996283
515778145
817560007
119341862
421123724
722905586
24687441
326469303
628251165
930033027
231814882
533596744
835378606
137160461
438942323
740724185
42506040
344287902
646069764
947851626
249633481
551415343
853197205
154979060
456760922
758542784
60324639
362106501
663888363
965670225
267452080
569233942
871015804
172797659
474579521
776361383
78143238
379925100
681706962
983488824
285270679
587052541
888834403
190616258
492398120
794179982
95961837
397743699
699525561
1307416
303089278
604871140
906653002
208434857
510216719
811998581
113780436
415562298
717344160
19126015
320907877
622689739
924471601
226253456
528035318
829817180
131599035
433380897
735162759
36944614
338726476
640508338
942290200
244072055
545853917
847635779
149417634
451199496
752981358
54763213
356545075
658326937
960108799
261890654
563672516
865454378
167236233
469018095
770799957
72581812
374363674
676145536
977927398
279709253
581491115
883272977
185054832
486836694
788618556
90400411
392182273
693964135
995745997
297527852
599309714
901091576
202873431
504655293
806437155
108219010
410000872
711782734
13564589
315346451
617128313
918910175
220692030
522473892
824255754
126037609
427819471
729601333
31383188
333165050
634946912
936728774
238510629
540292491
842074353
143856208
445638070
747419932
49201787
350983649
652765511
954547373
256329228
558111090
859892952
161674807
463456669
765238531
67020386
368802248
670584110
972365972
274147827
575929689
877711551
179493406
481275268
783057130
84838985
386620847
688402709
990184571
291966426
593748288
895530150
197312005
499093867
800875729
102657584
404439446
706221308
8003163
309785025
611566887
913348749
215130604
516912466
818694328
120476183
422258045
724039907
25821762
327603624
629385486
931167348
232949203
534731065
836512927
138294782
440076644
741858506
43640361
345422223
647204085
948985947
250767802
552549664
854331526
156113381
457895243
759677105
61458960
363240822
665022684
966804546
268586401
570368263
872150125
173931980
475713842
777495704
79277559
381059421
682841283
984623145
286405000
588186862
889968724
191750579
493532441
795314303
97096158
398878020
700659882
2441737
304223599
606005461
907787323
209569178
511351040
813132902
114914757
416696619
718478481
20260336
322042198
623824060
925605922
227387777
529169639
830951501
132733356
434515218
736297080
38078935
339860797
641642659
943424521
245206376
546988238
848770100
150551955
452333817
754115679
55897534
357679396
659461258
961243120
263024975
564806837
866588699
168370554
470152416
771934278
73716133
375497995
677279857
979061719
280843574
582625436
884407298
186189153
487971015
620909604
922691466
224473321
526255183
828037045
129818900
431600762
733382624
35164479
336946341
638728203
940510065
242291920
544073782
845855644
147637499
449419361
751201223
52983078
354764940
656546802
958328664
260110519
561892381
863674243
165456098
467237960
769019822
70801677
372583539
674365401
976147263
277929118
579710980
881492842
183274697
485056559
786838421
88620276
390402138
692184000
993965862
295747717
597529579
899311441
201093296
502875158
804657020
106438875
408220737
710002599
11784454
313566316
615348178
917130040
218911895
520693757
822475619
124257474
426039336
727821198
29603053
331384915
633166777
934948639
236730494
538512356
840294218
142076073
443857935
745639797
47421652
349203514
650985376
952767238
254549093
556330955
858112817
159894672
461676534
763458396
65240251
367022113
668803975
970585837
272367692
574149554
875931416
177713271
479495133
781276995
83058850
384840712
686622574
988404436
290186291
591968153
893750015
195531870
497313732
799095594
100877449
402659311
704441173
6223028
308004890
609786752
911568614
213350469
515132331
816914193
118696048
420477910
722259772
24041627
325823489
627605351
929387213
231169068
532950930
834732792
136514647
438296509
740078371
41860226
343642088
645423950
947205812
248987667
550769529
852551391
154333246
456115108
757896970
59678825
361460687
663242549
965024411
266806266
568588128
870369990
172151845
473933707
775715569
77497424
379279286
681061148
982843010
284624865
586406727
888188589
189970444
491752306
793534168
95316023
397097885
698879747
661602
302443464
604225326
906007188
207789043
509570905
811352767
113134622
414916484
716698346
18480201
320262063
622043925
923825787
225607642
527389504
829171366
130953221
432735083
734516945
36298800
338080662
639862524
941644386
243426241
545208103
846989965
148771820
450553682
752335544
54117399
355899261
657681123
959462985
261244840
563026702
864808564
166590419
468372281
770154143
71935998
373717860
675499722
977281584
279063439
580845301
882627163
184409018
486190880
787972742
89754597
391536459
693318321
995100183
296882038
598663900
900445762
202227617
504009479
805791341
107573196
409355058
711136920
12918775
314700637
616482499
918264361
220046216
521828078
823609940
125391795
427173657
728955519
30737374
332519236
634301098
936082960
237864815
539646677
841428539
143210394
444992256
746774118
48555973
350337835
652119697
953901559
255683414
557465276
859247138
161028993
462810855
764592717
66374572
368156434
669938296
971720158
273502013
575283875
877065737
178847592
480629454
782411316
84193171
385975033
687756895
989538757
291320612
593102474
894884336
196666191
498448053
800229915
102011770
403793632
705575494
7357349
309139211
610921073
912702935
214484790
516266652
818048514
119830369
421612231
723394093
25175948
326957810
628739672
930521534
232303389
534085251
835867113
137648968
439430830
741212692
42994547
344776409
646558271
948340133
250121988
551903850
853685712
155467567
457249429
759031291
60813146
362595008
664376870
966158732
267940587
569722449
871504311
173286166
475068028
776849890
78631745
380413607
682195469
983977331
285759186
587541048
889322910
191104765
492886627
794668489
96450344
398232206
700014068
1795923
303577785
605359647
907141509
208923364
510705226
812487088
114268943
416050805
717832667
19614522
321396384
623178246
924960108
226741963
528523825
830305687
132087542
433869404
735651266
37433121
339214983
640996845
942778707
244560562
546342424
848124286
149906141
451688003
753469865
55251720
357033582
658815444
960597306
262379161
564161023
865942885
167724740
469506602
771288464
73070319
374852181
676634043
978415905
280197760
581979622
883761484
185543339
487325201
789107063
90888918
392670780
694452642
996234504
298016359
599798221
901580083
203361938
505143800
806925662
108707517
410489379
712271241
14053096
315834958
617616820
919398682
221180537
522962399
824744261
126526116
428307978
730089840
31871695
333653557
635435419
937217281
238999136
540780998
842562860
144344715
446126577
747908439
49690294
351472156
653254018
955035880
256817735
558599597
860381459
162163314
463945176
765727038
67508893
369290755
671072617
972854479
274636334
576418196
878200058
179981913
481763775
783545637
85327492
387109354
688891216
990673078
292454933
594236795
896018657
197800512
499582374
801364236
103146091
404927953
706709815
8491670
310273532
612055394
913837256
215619111
517400973
819182835
120964690
422746552
724528414
26310269
328092131
629873993
931655855
233437710
535219572
837001434
138783289
440565151
742347013
44128868
345910730
647692592
949474454
251256309
553038171
854820033
156601888
458383750
760165612
61947467
363729329
665511191
967293053
269074908
570856770
872638632
174420487
476202349
777984211
79766066
381547928
683329790
985111652
286893507
588675369
890457231
192239086
494020948
795802810
97584665
399366527
701148389
2930244
304712106
606493968
908275830
210057685
511839547
813621409
115403264
417185126
718966988
20748843
322530705
624312567
926094429
227876284
539000863
840782725
142564580
444346442
746128304
47910159
349692021
651473883
953255745
255037600
556819462
858601324
160383179
462165041
763946903
65728758
367510620
669292482
971074344
272856199
574638061
876419923
178201778
479983640
781765502
83547357
385329219
687111081
988892943
290674798
592456660
894238522
196020377
497802239
799584101
101365956
403147818
704929680
6711535
308493397
610275259
912057121
213838976
515620838
817402700
119184555
420966417
722748279
24530134
326311996
628093858
929875720
231657575
533439437
835221299
137003154
438785016
740566878
42348733
344130595
645912457
947694319
249476174
551258036
853039898
154821753
456603615
758385477
60167332
361949194
663731056
965512918
267294773
569076635
870858497
172640352
474422214
776204076
77985931
379767793
681549655
983331517
285113372
586895234
888677096
190458951
492240813
794022675
95804530
397586392
699368254
1150109
302931971
604713833
906495695
208277550
510059412
811841274
113623129
415404991
717186853
18968708
320750570
622532432
924314294
226096149
527878011
829659873
131441728
433223590
735005452
36787307
338569169
640351031
942132893
243914748
545696610
847478472
149260327
451042189
752824051
54605906
356387768
658169630
959951492
261733347
563515209
865297071
167078926
468860788
770642650
72424505
374206367
675988229
977770091
279551946
581333808
883115670
184897525
486679387
788461249
90243104
392024966
693806828
995588690
297370545
599152407
900934269
202716124
504497986
806279848
108061703
409843565
711625427
13407282
315189144
616971006
918752868
220534723
522316585
824098447
125880302
427662164
729444026
31225881
333007743
634789605
936571467
238353322
540135184
841917046
143698901
445480763
747262625
49044480
350826342
652608204
954390066
256171921
557953783
859735645
161517500
463299362
765081224
66863079
368644941
670426803
972208665
273990520
575772382
877554244
179336099
481117961
782899823
84681678
386463540
688245402
990027264
291809119
593590981
895372843
197154698
498936560
800718422
102500277
404282139
706064001
7845856
309627718
611409580
913191442
214973297
516755159
818537021
120318876
422100738
723882600
25664455
327446317
629228179
931010041
232791896
534573758
836355620
138137475
439919337
741701199
43483054
345264916
647046778
948828640
250610495
552392357
854174219
155956074
457737936
759519798
61301653
363083515
664865377
966647239
268429094
570210956
871992818
173774673
475556535
777338397
79120252
380902114
682683976
984465838
286247693
588029555
889811417
191593272
493375134
795156996
96938851
398720713
700502575
2284430
304066292
605848154
907630016
209411871
511193733
812975595
114757450
416539312
718321174
20103029
321884891
623666753
925448615
227230470
529012332
830794194
132576049
434357911
736139773
37921628
339703490
641485352
943267214
245049069
546830931
848612793
150394648
452176510
753958372
55740227
357522089
659303951
961085813
262867668
564649530
866431392
168213247
469995109
771776971
73558826
375340688
677122550
978904412
280686267
582468129
884249991
186031846
487813708
789595570
91377425
393159287
694941149
996723011
298504866
600286728
902068590
203850445
505632307
807414169
109196024
410977886
712759748
14541603
316323465
618105327
919887189
221669044
523450906
825232768
127014623
428796485
730578347
32360202
334142064
635923926
937705788
239487643
541269505
843051367
144833222
446615084
748396946
50178801
351960663
653742525
955524387
257306242
559088104
860869966
162651821
464433683
766215545
67997400
369779262
671561124
973342986
275124841
576906703
878688565
180470420
482252282
784034144
85815999
387597861
689379723
991161585
292943440
594725302
896507164
198289019
500070881
801852743
103634598
405416460
707198322
8980177
310762039
612543901
914325763
216107618
517889480
819671342
121453197
423235059
725016921
26798776
328580638
630362500
932144362
233926217
535708079
837489941
139271796
441053658
742835520
44617375
346399237
648181099
949962961
251744816
553526678
855308540
157090395
458872257
760654119
62435974
364217836
665999698
967781560
269563415
571345277
873127139
174908994
476690856
778472718
80254573
382036435
683818297
985600159
287382014
589163876
890945738
192727593
494509455
796291317
98073172
399855034
701636896
3418751
305200613
606982475
908764337
210546192
512328054
814109916
115891771
417673633
719455495
21237350
323019212
624801074
926582936
228364791
530146653
831928515
133710370
435492232
737274094
39055949
340837811
642619673
944401535
246183390
547965252
849747114
151528969
453310831
755092693
56874548
358656410
660438272
962220134
264001989
565783851
867565713
169347568
471129430
772911292
74693147
376475009
678256871
980038733
281820588
583602450
885384312
187166167
488948029
790729891
92511746
394293608
696075470
997857332
299639187
601421049
903202911
204984766
506766628
808548490
110330345
412112207
713894069
15675924
317457786
619239648
921021510
222803365
524585227
826367089
128148944
429930806
731712668
33494523
335276385
637058247
938840109
240621964
542403826
844185688
145967543
447749405
749531267
51313122
353094984
654876846
956658708
258440563
560222425
862004287
163786142
465568004
767349866
69131721
370913583
672695445
974477307
276259162
578041024
879822886
181604741
483386603
785168465
86950320
388732182
690514044
992295906
294077761
595859623
897641485
199423340
501205202
802987064
104768919
406550781
708332643
10114498
311896360
613678222
915460084
217241939
519023801
820805663
122587518
424369380
726151242
27933097
329714959
631496821
933278683
235060538
536842400
838624262
140406117
442187979
743969841
45751696
347533558
649315420
951097282
252879137
554660999
856442861
158224716
460006578
761788440
63570295
365352157
667134019
968915881
270697736
572479598
874261460
176043315
477825177
779607039
81388894
383170756
684952618
986734480
288516335
590298197
892080059
193861914
495643776
797425638
99207493
400989355
702771217
4553072
306334934
608116796
909898658
211680513
513462375
815244237
117026092
418807954
720589816
22371671
324153533
625935395
927717257
229499112
531280974
833062836
134844691
436626553
738408415
40190270
341972132
643753994
945535856
247317711
549099573
850881435
152663290
454445152
756227014
58008869
359790731
661572593
963354455
265136310
566918172
868700034
170481889
472263751
774045613
75827468
377609330
679391192
981173054
282954909
584736771
886518633
188300488
490082350
791864212
93646067
395427929
697209791
998991653
300773508
602555370
904337232
206119087
507900949
809682811
111464666
413246528
715028390
16810245
318592107
620373969
922155831
223937686
525719548
827501410
129283265
431065127
732846989
34628844
336410706
638192568
939974430
241756285
543538147
845320009
147101864
448883726
750665588
52447443
354229305
656011167
957793029
259574884
561356746
863138608
164920463
466702325
768484187
70266042
372047904
673829766
975611628
277393483
579175345
880957207
182739062
484520924
786302786
88084641
389866503
691648365
993430227
295212082
596993944
898775806
200557661
502339523
804121385
105903240
407685102
709466964
11248819
313030681
614812543
916594405
218376260
520158122
821939984
123721839
425503701
727285563
29067418
330849280
632631142
934413004
236194859
537976721
839758583
141540438
443322300
745104162
46886017
348667879
650449741
952231603
254013458
555795320
857577182
159359037
461140899
762922761
64704616
366486478
668268340
970050202
271832057
573613919
875395781
177177636
478959498
780741360
82523215
384305077
686086939
987868801
289650656
591432518
893214380
194996235
496778097
798559959
100341814
402123676
703905538
5687393
307469255
609251117
911032979
212814834
514596696
816378558
118160413
419942275
721724137
23505992
325287854
627069716
928851578
230633433
532415295
834197157
135979012
437760874
739542736
41324591
343106453
644888315
946670177
248452032
550233894
852015756
153797611
455579473
757361335
59143190
360925052
662706914
964488776
266270631
568052493
869834355
171616210
473398072
775179934
76961789
378743651
680525513
982307375
284089230
585871092
887652954
189434809
491216671
792998533
94780388
396562250
698344112
125967
301907829
603689691
905471553
207253408
509035270
810817132
112598987
414380849
716162711
17944566
319726428
621508290
923290152
225072007
526853869
828635731
130417586
432199448
733981310
35763165
337545027
639326889
941108751
242890606
544672468
846454330
148236185
450018047
751799909
53581764
355363626
657145488
958927350
260709205
562491067
864272929
166054784
467836646
769618508
71400363
373182225
674964087
976745949
278527804
580309666
882091528
183873383
485655245
787437107
89218962
391000824
692782686
994564548
296346403
598128265
899910127
201691982
503473844
805255706
107037561
408819423
710601285
12383140
314165002
615946864
917728726
219510581
521292443
823074305
124856160
426638022
728419884
30201739
331983601
633765463
935547325
237329180
539111042
840892904
142674759
444456621
746238483
48020338
349802200
651584062
953365924
255147779
556929641
858711503
160493358
462275220
764057082
65838937
367620799
669402661
971184523
272966378
574748240
876530102
178311957
480093819
781875681
83657536
385439398
687221260
989003122
290784977
592566839
894348701
196130556
497912418
799694280
101476135
403257997
705039859
6821714
308603576
610385438
912167300
213949155
515731017
817512879
119294734
421076596
722858458
24640313
326422175
628204037
929985899
231767754
533549616
835331478
137113333
438895195
740677057
42458912
344240774
646022636
947804498
249586353
551368215
853150077
154931932
456713794
758495656
60277511
362059373
663841235
965623097
267404952
569186814
870968676
172750531
474532393
776314255
78096110
379877972
681659834
983441696
285223551
587005413
888787275
190569130
492350992
794132854
95914709
397696571
699478433
1260288
303042150
604824012
906605874
208387729
510169591
811951453
113733308
415515170
155310260
457092122
758873984
60655839
362437701
664219563
966001425
267783280
569565142
871347004
173128859
474910721
776692583
78474438
380256300
682038162
983820024
285601879
587383741
889165603
190947458
492729320
794511182
96293037
398074899
699856761
1638616
303420478
605202340
906984202
208766057
510547919
812329781
114111636
415893498
717675360
19457215
321239077
623020939
924802801
226584656
528366518
830148380
131930235
433712097
735493959
37275814
339057676
640839538
942621400
244403255
546185117
847966979
149748834
451530696
753312558
55094413
356876275
658658137
960439999
262221854
564003716
865785578
167567433
469349295
771131157
72913012
374694874
676476736
978258598
280040453
581822315
883604177
185386032
487167894
788949756
90731611
392513473
694295335
996077197
297859052
599640914
901422776
203204631
504986493
806768355
108550210
410332072
712113934
13895789
315677651
617459513
919241375
221023230
522805092
824586954
126368809
428150671
729932533
31714388
333496250
635278112
937059974
238841829
540623691
842405553
144187408
445969270
747751132
49532987
351314849
653096711
954878573
256660428
558442290
860224152
162006007
463787869
765569731
67351586
369133448
670915310
972697172
274479027
576260889
878042751
179824606
481606468
783388330
85170185
386952047
688733909
990515771
292297626
594079488
895861350
197643205
499425067
801206929
102988784
404770646
706552508
8334363
310116225
611898087
913679949
215461804
517243666
819025528
120807383
422589245
724371107
26152962
327934824
629716686
931498548
233280403
535062265
836844127
138625982
440407844
742189706
43971561
345753423
647535285
949317147
251099002
552880864
854662726
156444581
458226443
760008305
61790160
363572022
665353884
967135746
268917601
570699463
872481325
174263180
476045042
777826904
79608759
381390621
683172483
984954345
286736200
588518062
890299924
192081779
493863641
795645503
97427358
399209220
700991082
2772937
304554799
606336661
908118523
209900378
511682240
813464102
115245957
417027819
718809681
20591536
322373398
624155260
925937122
227718977
529500839
831282701
133064556
434846418
736628280
38410135
340191997
641973859
943755721
245537576
547319438
849101300
150883155
452665017
754446879
56228734
358010596
659792458
961574320
263356175
565138037
866919899
168701754
470483616
772265478
74047333
375829195
677611057
979392919
281174774
582956636
884738498
186520353
488302215
790084077
91865932
393647794
695429656
997211518
298993373
600775235
902557097
204338952
506120814
807902676
109684531
411466393
713248255
15030110
316811972
618593834
920375696
222157551
523939413
825721275
127503130
429284992
731066854
32848709
334630571
636412433
938194295
239976150
541758012
843539874
145321729
447103591
748885453
50667308
352449170
654231032
956012894
257794749
559576611
861358473
163140328
464922190
766704052
68485907
370267769
672049631
973831493
275613348
577395210
879177072
180958927
482740789
784522651
86304506
388086368
689868230
991650092
293431947
595213809
896995671
198777526
500559388
802341250
104123105
405904967
707686829
9468684
311250546
613032408
914814270
216596125
518377987
820159849
121941704
423723566
725505428
27287283
329069145
630851007
932632869
234414724
536196586
837978448
139760303
441542165
743324027
45105882
346887744
648669606
950451468
252233323
554015185
855797047
157578902
459360764
761142626
62924481
364706343
666488205
968270067
270051922
571833784
873615646
175397501
477179363
778961225
80743080
382524942
684306804
986088666
287870521
589652383
891434245
193216100
494997962
796779824
98561679
400343541
702125403
3907258
305689120
607470982
909252844
211034699
512816561
814598423
116380278
418162140
719944002
21725857
323507719
625289581
927071443
228853298
530635160
832417022
134198877
435980739
737762601
39544456
341326318
643108180
944890042
246671897
548453759
850235621
152017476
453799338
755581200
57363055
359144917
660926779
962708641
264490496
566272358
868054220
169836075
471617937
773399799
75181654
376963516
678745378
980527240
282309095
584090957
885872819
187654674
489436536
791218398
93000253
394782115
696563977
998345839
300127694
601909556
903691418
205473273
507255135
809036997
110818852
412600714
714382576
16164431
317946293
619728155
921510017
223291872
525073734
826855596
771619664
73401519
375183381
676965243
978747105
280528960
582310822
884092684
185874539
487656401
789438263
91220118
393001980
694783842
996565704
298347559
600129421
901911283
203693138
505475000
807256862
109038717
410820579
712602441
14384296
316166158
617948020
919729882
221511737
523293599
825075461
126857316
428639178
730421040
32202895
333984757
635766619
937548481
239330336
541112198
842894060
144675915
446457777
748239639
50021494
351803356
653585218
955367080
257148935
558930797
860712659
162494514
464276376
766058238
67840093
369621955
671403817
973185679
274967534
576749396
878531258
180313113
482094975
783876837
85658692
387440554
689222416
991004278
292786133
594567995
896349857
198131712
499913574
801695436
103477291
405259153
707041015
8822870
310604732
612386594
914168456
215950311
517732173
819514035
121295890
423077752
724859614
26641469
328423331
630205193
931987055
233768910
535550772
837332634
139114489
440896351
742678213
44460068
346241930
648023792
949805654
251587509
553369371
855151233
156933088
458714950
760496812
62278667
364060529
665842391
967624253
269406108
571187970
872969832
174751687
476533549
778315411
80097266
381879128
683660990
985442852
287224707
589006569
890788431
192570286
494352148
796134010
97915865
399697727
701479589
3261444
305043306
606825168
908607030
210388885
512170747
813952609
115734464
417516326
719298188
21080043
322861905
624643767
926425629
228207484
529989346
831771208
133553063
435334925
737116787
38898642
340680504
642462366
944244228
246026083
547807945
849589807
151371662
453153524
754935386
56717241
358499103
660280965
962062827
263844682
565626544
867408406
169190261
470972123
772753985
74535840
376317702
678099564
979881426
281663281
583445143
885227005
187008860
488790722
790572584
92354439
394136301
695918163
997700025
299481880
601263742
903045604
204827459
506609321
808391183
110173038
411954900
713736762
15518617
317300479
619082341
920864203
222646058
524427920
826209782
127991637
429773499
731555361
33337216
335119078
636900940
938682802
240464657
542246519
844028381
387929061
689710923
991492785
293274640
595056502
896838364
198620219
500402081
802183943
103965798
405747660
707529522
9311377
311093239
612875101
914656963
216438818
518220680
820002542
121784397
423566259
725348121
27129976
328911838
630693700
932475562
234257417
536039279
837821141
139602996
441384858
743166720
44948575
346730437
648512299
950294161
252076016
553857878
855639740
157421595
459203457
760985319
62767174
364549036
666330898
968112760
269894615
571676477
873458339
175240194
477022056
778803918
80585773
382367635
684149497
985931359
287713214
589495076
891276938
193058793
494840655
796622517
98404372
400186234
701968096
3749951
305531813
607313675
909095537
210877392
512659254
814441116
116222971
418004833
719786695
21568550
323350412
625132274
926914136
228695991
530477853
832259715
134041570
435823432
737605294
39387149
341169011
642950873
944732735
246514590
548296452
850078314
151860169
453642031
755423893
57205748
358987610
660769472
962551334
264333189
566115051
867896913
169678768
471460630
773242492
75024347
376806209
678588071
980369933
282151788
583933650
885715512
187497367
489279229
791061091
92842946
394624808
696406670
998188532
299970387
601752249
903534111
205315966
507097828
808879690
110661545
412443407
714225269
16007124
317788986
619570848
921352710
223134565
524916427
826698289
128480144
430262006
732043868
33825723
335607585
637389447
939171309
240953164
542735026
844516888
146298743
448080605
749862467
51644322
353426184
655208046
956989908
258771763
560553625
862335487
164117342
465899204
767681066
69462921
371244783
673026645
974808507
276590362
578372224
880154086
181935941
483717803
785499665
87281520
389063382
690845244
992627106
294408961
596190823
897972685
199754540
501536402
803318264
105100119
406881981
708663843
10445698
312227560
614009422
915791284
217573139
519355001
821136863
122918718
424700580
726482442
28264297
330046159
631828021
933609883
235391738
537173600
838955462
140737317
442519179
744301041
46082896
347864758
649646620
951428482
253210337
554992199
856774061
158555916
460337778
762119640
63901495
365683357
667465219
969247081
271028936
572810798
874592660
176374515
478156377
779938239
81720094
383501956
685283818
987065680
288847535
590629397
892411259
194193114
495974976
797756838
99538693
401320555
703102417
4884272
306666134
608447996
910229858
212011713
513793575
815575437
117357292
419139154
720921016
22702871
324484733
626266595
928048457
229830312
531612174
833394036
135175891
436957753
738739615
40521470
342303332
644085194
945867056
247648911
549430773
851212635
152994490
454776352
756558214
58340069
360121931
661903793
963685655
265467510
567249372
869031234
170813089
472594951
774376813
76158668
377940530
679722392
981504254
283286109
585067971
886849833
188631688
490413550
792195412
93977267
395759129
697540991
999322853
301104708
602886570
904668432
206450287
508232149
810014011
111795866
413577728
715359590
17141445
318923307
620705169
922487031
224268886
526050748
827832610
129614465
431396327
733178189
34960044
336741906
638523768
940305630
242087485
543869347
845651209
147433064
449214926
750996788
52778643
354560505
656342367
958124229
259906084
561687946
863469808
165251663
467033525
768815387
70597242
372379104
674160966
975942828
277724683
579506545
881288407
183070262
484852124
786633986
88415841
390197703
691979565
993761427
295543282
597325144
899107006
200888861
502670723
804452585
106234440
408016302
709798164
11580019
313361881
615143743
916925605
218707460
520489322
822271184
124053039
425834901
727616763
29398618
331180480
632962342
934744204
236526059
538307921
840089783
141871638
443653500
745435362
47217217
348999079
650780941
952562803
254344658
556126520
857908382
159690237
461472099
763253961
65035816
366817678
668599540
970381402
272163257
573945119
875726981
177508836
479290698
781072560
82854415
384636277
686418139
988200001
289981856
591763718
893545580
195327435
497109297
798891159
100673014
402454876
704236738
6018593
307800455
609582317
911364179
213146034
514927896
816709758
118491613
420273475
722055337
23837192
325619054
627400916
929182778
230964633
532746495
834528357
136310212
438092074
739873936
41655791
343437653
645219515
947001377
248783232
550565094
852346956
154128811
455910673
757692535
59474390
361256252
663038114
964819976
266601831
568383693
870165555
171947410
473729272
775511134
77292989
379074851
680856713
982638575
284420430
586202292
887984154
189766009
491547871
793329733
95111588
396893450
698675312
457167
302239029
604020891
905802753
207584608
509366470
811148332
112930187
414712049
716493911
18275766
320057628
621839490
923621352
225403207
527185069
828966931
130748786
432530648
734312510
36094365
337876227
639658089
941439951
243221806
545003668
846785530
148567385
450349247
752131109
53912964
355694826
657476688
959258550
261040405
562822267
864604129
166385984
468167846
769949708
71731563
373513425
675295287
977077149
278859004
580640866
882422728
184204583
485986445
787768307
89550162
391332024
693113886
994895748
296677603
598459465
900241327
202023182
503805044
805586906
107368761
409150623
710932485
12714340
314496202
616278064
918059926
219841781
521623643
823405505
125187360
426969222
728751084
30532939
332314801
634096663
935878525
237660380
539442242
841224104
143005959
444787821
746569683
48351538
350133400
651915262
953697124
255478979
557260841
859042703
160824558
462606420
764388282
66170137
367951999
669733861
971515723
273297578
575079440
876861302
178643157
480425019
782206881
83988736
385770598
687552460
989334322
291116177
592898039
894679901
196461756
498243618
800025480
101807335
403589197
705371059
7152914
308934776
610716638
912498500
214280355
516062217
817844079
119625934
421407796
723189658
24971513
326753375
628535237
930317099
232098954
533880816
835662678
137444533
439226395
741008257
42790112
344571974
646353836
948135698
249917553
551699415
853481277
155263132
457044994
758826856
60608711
362390573
664172435
965954297
267736152
569518014
871299876
173081731
474863593
776645455
78427310
380209172
681991034
983772896
285554751
587336613
889118475
190900330
492682192
794464054
96245909
398027771
699809633
1591488
303373350
605155212
906937074
208718929
510500791
812282653
114064508
415846370
717628232
19410087
321191949
622973811
924755673
226537528
528319390
830101252
131883107
433664969
735446831
37228686
339010548
640792410
942574272
244356127
546137989
847919851
149701706
451483568
753265430
55047285
356829147
658611009
960392871
262174726
563956588
865738450
167520305
469302167
771084029
72865884
374647746
676429608
978211470
279993325
581775187
883557049
185338904
487120766
788902628
90684483
392466345
694248207
996030069
297811924
599593786
901375648
306020320
607802182
909584044
211365899
513147761
814929623
116711478
418493340
720275202
22057057
323838919
625620781
927402643
229184498
530966360
832748222
134530077
436311939
738093801
39875656
341657518
643439380
945221242
247003097
548784959
850566821
152348676
454130538
755912400
57694255
359476117
661257979
963039841
264821696
566603558
868385420
170167275
471949137
773730999
75512854
377294716
679076578
980858440
282640295
584422157
886204019
187985874
489767736
791549598
93331453
395113315
696895177
998677039
300458894
602240756
904022618
205804473
507586335
809368197
111150052
412931914
714713776
16495631
318277493
620059355
921841217
223623072
525404934
827186796
128968651
430750513
732532375
34314230
336096092
637877954
939659816
241441671
543223533
845005395
146787250
448569112
750350974
52132829
353914691
655696553
957478415
259260270
561042132
862823994
164605849
466387711
768169573
69951428
371733290
673515152
975297014
277078869
578860731
880642593
182424448
484206310
785988172
87770027
389551889
691333751
993115613
294897468
596679330
898461192
200243047
502024909
803806771
105588626
407370488
709152350
10934205
312716067
614497929
916279791
218061646
519843508
821625370
123407225
425189087
726970949
28752804
330534666
632316528
934098390
235880245
537662107
839443969
141225824
443007686
744789548
46571403
348353265
650135127
951916989
253698844
555480706
857262568
159044423
460826285
762608147
64390002
366171864
667953726
969735588
271517443
573299305
875081167
176863022
478644884
780426746
82208601
383990463
685772325
987554187
289336042
591117904
892899766
194681621
496463483
798245345
100027200
401809062
703590924
5372779
307154641
608936503
910718365
212500220
514282082
816063944
117845799
419627661
721409523
23191378
324973240
626755102
928536964
230318819
532100681
833882543
135664398
437446260
739228122
41009977
342791839
644573701
946355563
248137418
549919280
851701142
153482997
455264859
757046721
58828576
360610438
662392300
964174162
265956017
567737879
869519741
171301596
473083458
774865320
76647175
378429037
680210899
981992761
283774616
585556478
887338340
189120195
490902057
792683919
94465774
396247636
698029498
999811360
301593215
603375077
905156939
206938794
508720656
810502518
112284373
414066235
715848097
17629952
319411814
621193676
922975538
224757393
526539255
828321117
130102972
431884834
733666696
35448551
337230413
639012275
940794137
242575992
544357854
846139716
147921571
449703433
751485295
53267150
355049012
656830874
958612736
260394591
562176453
863958315
165740170
467522032
769303894
71085749
372867611
674649473
976431335
278213190
579995052
881776914
183558769
485340631
787122493
88904348
390686210
692468072
994249934
296031789
597813651
899595513
201377368
503159230
804941092
106722947
408504809
710286671
12068526
313850388
615632250
917414112
219195967
520977829
822759691
124541546
426323408
728105270
29887125
331668987
633450849
935232711
237014566
538796428
840578290
142360145
444142007
745923869
47705724
349487586
651269448
953051310
254833165
556615027
858396889
160178744
461960606
763742468
65524323
367306185
669088047
970869909
272651764
574433626
876215488
177997343
479779205
781561067
83342922
385124784
686906646
988688508
290470363
592252225
894034087
195815942
497597804
799379666
101161521
402943383
704725245
6507100
308288962
610070824
911852686
213634541
515416403
817198265
118980120
420761982
722543844
24325699
326107561
627889423
929671285
231453140
533235002
835016864
136798719
438580581
740362443
42144298
343926160
645708022
947489884
249271739
551053601
852835463
154617318
456399180
758181042
59962897
361744759
663526621
965308483
267090338
568872200
870654062
172435917
474217779
775999641
77781496
379563358
681345220
983127082
284908937
586690799
888472661
190254516
492036378
793818240
95600095
397381957
699163819
945674
302727536
604509398
906291260
208073115
509854977
811636839
113418694
415200556
716982418
18764273
320546135
622327997
924109859
225891714
527673576
829455438
131237293
433019155
734801017
36582872
338364734
640146596
941928458
243710313
545492175
847274037
149055892
450837754
752619616
54401471
356183333
657965195
959747057
261528912
563310774
865092636
166874491
468656353
770438215
72220070
374001932
675783794
977565656
279347511
581129373
882911235
184693090
486474952
788256814
90038669
391820531
693602393
995384255
297166110
598947972
900729834
202511689
504293551
806075413
107857268
409639130
711420992
13202847
314984709
616766571
918548433
220330288
522112150
823894012
125675867
427457729
729239591
31021446
332803308
634585170
936367032
238148887
539930749
841712611
143494466
922329724
224111579
525893441
827675303
129457158
431239020
733020882
34802737
336584599
638366461
940148323
241930178
543712040
845493902
147275757
449057619
750839481
52621336
354403198
656185060
957966922
259748777
561530639
863312501
165094356
466876218
768658080
70439935
372221797
674003659
975785521
277567376
579349238
881131100
182912955
484694817
786476679
88258534
390040396
691822258
993604120
295385975
597167837
898949699
200731554
502513416
804295278
106077133
407858995
709640857
11422712
313204574
614986436
916768298
218550153
520332015
822113877
123895732
425677594
727459456
29241311
331023173
632805035
934586897
236368752
538150614
839932476
141714331
443496193
745278055
47059910
348841772
650623634
952405496
254187351
555969213
857751075
159532930
461314792
763096654
64878509
366660371
668442233
970224095
272005950
573787812
875569674
177351529
479133391
780915253
82697108
384478970
686260832
988042694
289824549
591606411
893388273
195170128
496951990
798733852
100515707
402297569
704079431
5861286
307643148
609425010
911206872
212988727
538639121
840420983
142202838
443984700
745766562
47548417
349330279
651112141
952894003
254675858
556457720
858239582
160021437
461803299
763585161
65367016
367148878
668930740
970712602
272494457
574276319
876058181
177840036
479621898
781403760
83185615
384967477
686749339
988531201
290313056
592094918
893876780
195658635
497440497
799222359
101004214
402786076
704567938
6349793
308131655
609913517
911695379
213477234
515259096
817040958
118822813
420604675
722386537
24168392
325950254
627732116
929513978
231295833
533077695
834859557
136641412
438423274
740205136
41986991
343768853
645550715
947332577
249114432
550896294
852678156
154460011
456241873
758023735
59805590
361587452
663369314
965151176
266933031
568714893
870496755
172278610
474060472
775842334
77624189
379406051
681187913
982969775
284751630
586533492
888315354
190097209
491879071
793660933
95442788
397224650
699006512
788367
302570229
604352091
906133953
207915808
509697670
811479532
113261387
415043249
716825111
18606966
320388828
622170690
923952552
225734407
527516269
829298131
131079986
432861848
734643710
36425565
338207427
639989289
941771151
243553006
545334868
847116730
148898585
450680447
752462309
54244164
356026026
657807888
959589750
261371605
563153467
864935329
166717184
468499046
770280908
72062763
373844625
675626487
977408349
279190204
580972066
882753928
184535783
486317645
788099507
89881362
391663224
693445086
995226948
297008803
598790665
900572527
202354382
504136244
805918106
107699961
409481823
711263685
13045540
314827402
616609264
918391126
220172981
521954843
823736705
125518560
427300422
729082284
30864139
332646001
634427863
936209725
237991580
539773442
841555304
143337159
445119021
746900883
48682738
350464600
652246462
954028324
255810179
557592041
859373903
161155758
462937620
764719482
66501337
368283199
670065061
971846923
273628778
575410640
877192502
178974357
480756219
782538081
84319936
386101798
687883660
989665522
291447377
593229239
895011101
196792956
498574818
800356680
102138535
403920397
705702259
7484114
309265976
611047838
912829700
214611555
516393417
818175279
119957134
421738996
723520858
25302713
327084575
628866437
930648299
232430154
534212016
835993878
137775733
439557595
741339457
43121312
344903174
646685036
948466898
250248753
552030615
853812477
155594332
457376194
759158056
60939911
362721773
664503635
966285497
268067352
569849214
871631076
173412931
475194793
776976655
78758510
380540372
682322234
984104096
285885951
587667813
889449675
191231530
493013392
794795254
96577109
398358971
700140833
1922688
303704550
605486412
907268274
209050129
510831991
812613853
114395708
416177570
717959432
19741287
321523149
623305011
925086873
226868728
528650590
830432452
132214307
433996169
735778031
37559886
339341748
641123610
942905472
244687327
546469189
848251051
150032906
451814768
753596630
55378485
357160347
658942209
960724071
262505926
564287788
866069650
167851505
469633367
771415229
73197084
374978946
676760808
978542670
280324525
582106387
883888249
185670104
487451966
789233828
91015683
392797545
694579407
996361269
298143124
599924986
901706848
203488703
505270565
807052427
108834282
410616144
712398006
14179861
315961723
617743585
919525447
221307302
523089164
824871026
126652881
428434743
730216605
31998460
333780322
635562184
937344046
239125901
540907763
842689625
144471480
446253342
748035204
49817059
351598921
653380783
955162645
256944500
558726362
860508224
162290079
464071941
765853803
67635658
369417520
671199382
972981244
274763099
576544961
878326823
180108678
481890540
783672402
85454257
387236119
689017981
990799843
292581698
594363560
896145422
197927277
499709139
801491001
103272856
405054718
706836580
8618435
310400297
612182159
913964021
215745876
517527738
819309600
121091455
422873317
724655179
26437034
328218896
630000758
931782620
233564475
535346337
837128199
138910054
440691916
742473778
44255633
346037495
647819357
949601219
251383074
553164936
854946798
156728653
458510515
760292377
62074232
363856094
665637956
967419818
269201673
570983535
872765397
174547252
476329114
778110976
79892831
381674693
683456555
985238417
287020272
588802134
890583996
192365851
494147713
795929575
97711430
399493292
701275154
3057009
304838871
606620733
908402595
210184450
511966312
813748174
115530029
417311891
719093753
20875608
322657470
624439332
926221194
228003049
529784911
831566773
133348628
435130490
736912352
38694207
340476069
642257931
944039793
245821648
547603510
849385372
151167227
452949089
754730951
56512806
358294668
660076530
961858392
263640247
565422109
867203971
168985826
470767688
772549550
74331405
376113267
677895129
979676991
281458846
583240708
885022570
186804425
488586287
790368149
92150004
393931866
695713728
997495590
299277445
601059307
902841169
204623024
506404886
808186748
109968603
411750465
713532327
15314182
317096044
618877906
920659768
222441623
524223485
826005347
127787202
429569064
731350926
33132781
334914643
636696505
938478367
240260222
542042084
843823946
145605801
447387663
749169525
50951380
352733242
654515104
956296966
258078821
559860683
861642545
163424400
465206262
766988124
68769979
370551841
672333703
974115565
275897420
577679282
879461144
181242999
483024861
784806723
86588578
388370440
690152302
991934164
293716019
595497881
897279743
199061598
500843460
802625322
104407177
406189039
707970901
9752756
311534618
613316480
915098342
216880197
518662059
820443921
122225776
424007638
725789500
27571355
329353217
631135079
932916941
234698796
536480658
838262520
140044375
441826237
743608099
45389954
347171816
648953678
950735540
252517395
554299257
856081119
157862974
459644836
761426698
63208553
364990415
666772277
968554139
270335994
572117856
873899718
175681573
477463435
779245297
81027152
382809014
684590876
986372738
288154593
589936455
891718317
193500172
495282034
797063896
98845751
400627613
702409475
4191330
305973192
607755054
909536916
211318771
513100633
814882495
116664350
418446212
720228074
22009929
323791791
625573653
927355515
229137370
530919232
832701094
134482949
436264811
738046673
39828528
341610390
643392252
945174114
246955969
548737831
850519693
152301548
454083410
755865272
57647127
359428989
661210851
962992713
264774568
566556430
868338292
170120147
471902009
773683871
75465726
377247588
679029450
980811312
282593167
584375029
886156891
187938746
489720608
791502470
93284325
395066187
696848049
998629911
300411766
602193628
903975490
205757345
507539207
809321069
111102924
412884786
714666648
16448503
318230365
620012227
921794089
223575944
525357806
827139668
128921523
430703385
732485247
34267102
336048964
637830826
939612688
241394543
543176405
844958267
146740122
448521984
750303846
52085701
353867563
655649425
957431287
259213142
560995004
862776866
164558721
466340583
768122445
69904300
371686162
673468024
975249886
277031741
578813603
880595465
182377320
484159182
785941044
87722899
389504761
691286623
993068485
294850340
596632202
898414064
200195919
501977781
803759643
105541498
407323360
709105222
10887077
312668939
614450801
916232663
218014518
519796380
821578242
123360097
425141959
726923821
28705676
330487538
632269400
934051262
235833117
537614979
839396841
141178696
442960558
744742420
46524275
348306137
650087999
951869861
253651716
555433578
857215440
158997295
460779157
762561019
64342874
366124736
667906598
969688460
271470315
573252177
875034039
176815894
478597756
780379618
82161473
383943335
685725197
987507059
289288914
591070776
892852638
194634493
496416355
798198217
99980072
401761934
703543796
5325651
307107513
608889375
910671237
212453092
514234954
816016816
154948518
456730380
758512242
60294097
362075959
663857821
965639683
267421538
569203400
870985262
172767117
474548979
776330841
78112696
379894558
681676420
983458282
285240137
587021999
888803861
190585716
492367578
794149440
95931295
397713157
699495019
1276874
303058736
604840598
906622460
208404315
510186177
811968039
113749894
415531756
717313618
19095473
320877335
622659197
924441059
226222914
528004776
829786638
131568493
433350355
735132217
36914072
338695934
640477796
942259658
244041513
545823375
847605237
149387092
451168954
752950816
54732671
356514533
658296395
960078257
261860112
563641974
865423836
167205691
468987553
770769415
72551270
374333132
676114994
977896856
279678711
581460573
883242435
185024290
486806152
788588014
90369869
392151731
693933593
995715455
297497310
599279172
901061034
202842889
504624751
806406613
108188468
409970330
711752192
13534047
315315909
617097771
918879633
220661488
522443350
824225212
126007067
427788929
729570791
31352646
333134508
634916370
936698232
238480087
540261949
842043811
143825666
445607528
747389390
49171245
350953107
652734969
954516831
256298686
558080548
859862410
161644265
463426127
765207989
66989844
368771706
670553568
972335430
274117285
575899147
877681009
179462864
481244726
783026588
84808443
386590305
688372167
990154029
291935884
593717746
895499608
197281463
499063325
800845187
102627042
404408904
706190766
7972621
309754483
611536345
913318207
215100062
516881924
818663786
120445641
422227503
724009365
25791220
327573082
629354944
931136806
232918661
534700523
836482385
138264240
440046102
741827964
43609819
345391681
647173543
948955405
250737260
552519122
854300984
156082839
457864701
759646563
61428418
363210280
664992142
966774004
268555859
570337721
872119583
173901438
475683300
777465162
79247017
381028879
682810741
984592603
286374458
588156320
889938182
191720037
493501899
795283761
97065616
398847478
700629340
2411195
304193057
605974919
907756781
209538636
511320498
813102360
114884215
416666077
718447939
20229794
322011656
623793518
925575380
227357235
529139097
830920959
132702814
434484676
736266538
38048393
339830255
641612117
943393979
245175834
546957696
848739558
150521413
452303275
754085137
55866992
357648854
659430716
961212578
262994433
564776295
866558157
168340012
470121874
771903736
73685591
375467453
677249315
979031177
280813032
582594894
884376756
186158611
487940473
789722335
91504190
393286052
695067914
996849776
298631631
600413493
902195355
203977210
505759072
807540934
109322789
411104651
712886513
14668368
316450230
618232092
920013954
221795809
523577671
825359533
127141388
428923250
730705112
32486967
334268829
636050691
937832553
239614408
541396270
843178132
144959987
446741849
748523711
50305566
352087428
653869290
955651152
257433007
559214869
860996731
162778586
464560448
766342310
68124165
369906027
671687889
973469751
275251606
577033468
878815330
180597185
482379047
784160909
85942764
387724626
689506488
991288350
293070205
594852067
896633929
198415784
500197646
801979508
103761363
405543225
707325087
9106942
310888804
612670666
914452528
216234383
518016245
819798107
121579962
423361824
725143686
26925541
328707403
630489265
932271127
234052982
535834844
837616706
139398561
441180423
742962285
44744140
346526002
648307864
950089726
251871581
553653443
855435305
157217160
458999022
760780884
62562739
364344601
666126463
967908325
269690180
571472042
873253904
175035759
476817621
778599483
80381338
382163200
683945062
985726924
287508779
589290641
891072503
192854358
494636220
796418082
73039777
374821639
676603501
978385363
280167218
581949080
883730942
185512797
487294659
789076521
90858376
392640238
694422100
996203962
297985817
599767679
901549541
203331396
505113258
806895120
108676975
410458837
712240699
14022554
315804416
617586278
919368140
221149995
522931857
824713719
126495574
428277436
730059298
31841153
333623015
635404877
937186739
238968594
540750456
842532318
144314173
446096035
747877897
49659752
351441614
653223476
955005338
256787193
558569055
860350917
162132772
463914634
765696496
67478351
369260213
671042075
972823937
274605792
576387654
878169516
179951371
481733233
783515095
85296950
387078812
688860674
990642536
292424391
594206253
895988115
197769970
499551832
801333694
103115549
404897411
706679273
8461128
310242990
612024852
913806714
215588569
517370431
819152293
120934148
422716010
724497872
26279727
328061589
629843451
931625313
233407168
535189030
836970892
138752747
440534609
742316471
44098326
345880188
647662050
949443912
251225767
553007629
854789491
156571346
458353208
760135070
61916925
363698787
665480649
967262511
269044366
570826228
872608090
174389945
476171807
777953669
79735524
381517386
683299248
985081110
286862965
588644827
890426689
192208544
493990406
795772268
97554123
399335985
701117847
2899702
304681564
606463426
908245288
210027143
511809005
813590867
115372722
417154584
718936446
20718301
322500163
624282025
926063887
227845742
529627604
831409466
133191321
434973183
736755045
38536900
340318762
642100624
943882486
245664341
547446203
849228065
151009920
452791782
754573644
56355499
358137361
659919223
961701085
263482940
565264802
867046664
168828519
470610381
772392243
74174098
375955960
677737822
979519684
281301539
583083401
884865263
186647118
488428980
790210842
91992697
393774559
695556421
997338283
299120138
600902000
902683862
204465717
506247579
808029441
109811296
411593158
713375020
15156875
316938737
618720599
920502461
222284316
524066178
825848040
127629895
429411757
731193619
32975474
334757336
636539198
938321060
240102915
541884777
843666639
145448494
447230356
749012218
50794073
352575935
654357797
956139659
257921514
559703376
861485238
163267093
465048955
766830817
68612672
370394534
672176396
973958258
275740113
577521975
879303837
181085692
482867554
784649416
86431271
388213133
689994995
991776857
293558712
595340574
897122436
198904291
500686153
802468015
104249870
406031732
707813594
9595449
311377311
613159173
914941035
216722890
518504752
820286614
122068469
423850331
725632193
27414048
329195910
630977772
932759634
234541489
536323351
689349181
991131043
292912898
594694760
896476622
198258477
500040339
801822201
103604056
405385918
707167780
8949635
310731497
612513359
914295221
216077076
517858938
819640800
121422655
423204517
724986379
26768234
328550096
630331958
932113820
233895675
535677537
837459399
139241254
441023116
742804978
44586833
346368695
648150557
949932419
251714274
553496136
855277998
157059853
458841715
760623577
62405432
364187294
665969156
967751018
269532873
571314735
873096597
174878452
476660314
778442176
80224031
382005893
683787755
985569617
287351472
589133334
890915196
192697051
494478913
796260775
98042630
399824492
701606354
3388209
305170071
606951933
908733795
210515650
512297512
814079374
115861229
417643091
719424953
21206808
322988670
624770532
926552394
228334249
530116111
831897973
133679828
435461690
737243552
39025407
340807269
642589131
944370993
246152848
547934710
849716572
151498427
453280289
755062151
56844006
358625868
660407730
962189592
263971447
565753309
867535171
169317026
471098888
772880750
74662605
376444467
678226329
980008191
281790046
583571908
885353770
187135625
488917487
790699349
92481204
394263066
696044928
997826790
299608645
601390507
903172369
204954224
506736086
808517948
110299803
412081665
713863527
15645382
317427244
619209106
920990968
222772823
524554685
826336547
128118402
429900264
731682126
33463981
335245843
637027705
938809567
240591422
542373284
844155146
145937001
447718863
749500725
51282580
353064442
654846304
956628166
258410021
560191883
861973745
163755600
465537462
767319324
69101179
370883041
672664903
974446765
276228620
578010482
879792344
181574199
483356061
785137923
86919778
388701640
690483502
992265364
294047219
595829081
897610943
199392798
501174660
802956522
104738377
406520239
708302101
10083956
311865818
613647680
915429542
217211397
518993259
820775121
122556976
424338838
726120700
27902555
329684417
631466279
933248141
235029996
536811858
838593720
140375575
442157437
743939299
45721154
347503016
649284878
951066740
252848595
554630457
856412319
158194174
459976036
761757898
63539753
365321615
667103477
968885339
270667194
572449056
874230918
176012773
477794635
779576497
81358352
383140214
684922076
986703938
288485793
590267655
892049517
193831372
495613234
797395096
99176951
400958813
702740675
4522530
306304392
608086254
909868116
211649971
513431833
815213695
116995550
418777412
720559274
22341129
324122991
625904853
927686715
229468570
531250432
833032294
134814149
436596011
738377873
40159728
341941590
643723452
945505314
247287169
549069031
850850893
152632748
454414610
756196472
57978327
359760189
661542051
963323913
265105768
566887630
868669492
170451347
472233209
774015071
75796926
377578788
679360650
981142512
282924367
584706229
886488091
188269946
490051808
791833670
93615525
395397387
697179249
998961111
300742966
602524828
904306690
206088545
507870407
809652269
111434124
413215986
714997848
16779703
318561565
620343427
922125289
223907144
525689006
827470868
129252723
431034585
732816447
34598302
336380164
638162026
939943888
241725743
543507605
845289467
147071322
448853184
750635046
52416901
354198763
655980625
957762487
259544342
561326204
863108066
164889921
466671783
768453645
70235500
372017362
673799224
975581086
277362941
579144803
880926665
182708520
484490382
786272244
88054099
389835961
691617823
993399685
295181540
596963402
898745264
200527119
502308981
804090843
105872698
407654560
709436422
11218277
313000139
614782001
916563863
218345718
520127580
821909442
123691297
425473159
305658578
607440440
909222302
211004157
512786019
814567881
116349736
418131598
719913460
21695315
323477177
625259039
927040901
228822756
530604618
832386480
134168335
435950197
737732059
39513914
341295776
643077638
944859500
246641355
548423217
850205079
151986934
453768796
755550658
57332513
359114375
660896237
962678099
264459954
566241816
868023678
169805533
471587395
773369257
75151112
376932974
678714836
980496698
282278553
584060415
885842277
187624132
489405994
791187856
92969711
394751573
696533435
998315297
300097152
601879014
903660876
205442731
507224593
809006455
110788310
412570172
714352034
16133889
317915751
619697613
921479475
223261330
525043192
826825054
128606909
430388771
732170633
33952488
335734350
637516212
939298074
241079929
542861791
844643653
146425508
448207370
749989232
51771087
353552949
655334811
957116673
258898528
560680390
862462252
164244107
466025969
767807831
69589686
371371548
673153410
974935272
276717127
578498989
880280851
182062706
483844568
785626430
87408285
389190147
690972009
992753871
294535726
596317588
898099450
199881305
501663167
803445029
105226884
407008746
708790608
10572463
312354325
614136187
915918049
217699904
519481766
821263628
123045483
424827345
726609207
28391062
330172924
631954786
933736648
235518503
537300365
839082227
140864082
442645944
744427806
46209661
347991523
649773385
951555247
253337102
555118964
856900826
158682681
460464543
762246405
64028260
365810122
667591984
969373846
271155701
572937563
874719425
176501280
478283142
780065004
81846859
383628721
685410583
987192445
288974300
590756162
892538024
194319879
496101741
797883603
99665458
401447320
703229182
5011037
306792899
608574761
910356623
212138478
513920340
815702202
117484057
419265919
721047781
22829636
324611498
626393360
928175222
229957077
531738939
833520801
135302656
437084518
738866380
40648235
342430097
644211959
945993821
247775676
549557538
851339400
153121255
454903117
756684979
58466834
360248696
662030558
963812420
265594275
567376137
869157999
170939854
472721716
774503578
76285433
378067295
679849157
981631019
283412874
585194736
886976598
188758453
490540315
792322177
94104032
395885894
697667756
999449618
301231473
603013335
904795197
206577052
508358914
810140776
111922631
413704493
715486355
17268210
319050072
620831934
922613796
224395651
526177513
827959375
129741230
431523092
733304954
35086809
336868671
638650533
940432395
242214250
543996112
845777974
147559829
449341691
751123553
52905408
354687270
656469132
958250994
260032849
561814711
863596573
165378428
467160290
768942152
70724007
372505869
674287731
976069593
277851448
579633310
881415172
183197027
484978889
786760751
88542606
390324468
692106330
993888192
295670047
597451909
899233771
201015626
502797488
804579350
106361205
408143067
709924929
11706784
313488646
615270508
917052370
218834225
520616087
822397949
124179804
425961666
727743528
29525383
331307245
633089107
934870969
236652824
538434686
840216548
141998403
443780265
745562127
47343982
349125844
650907706
952689568
254471423
556253285
858035147
159817002
461598864
763380726
65162581
366944443
668726305
970508167
272290022
574071884
875853746
177635601
479417463
781199325
82981180
384763042
686544904
988326766
290108621
591890483
893672345
195454200
497236062
799017924
100799779
402581641
704363503
6145358
307927220
609709082
911490944
213272799
515054661
816836523
118618378
420400240
722182102
23963957
325745819
627527681
929309543
231091398
532873260
834655122
136436977
921967982
223749837
525531699
827313561
840059241
141841096
443622958
745404820
47186675
348968537
650750399
952532261
254314116
556095978
857877840
159659695
461441557
763223419
65005274
366787136
668568998
970350860
272132715
573914577
875696439
177478294
479260156
781042018
82823873
384605735
686387597
988169459
289951314
591733176
893515038
195296893
497078755
798860617
100642472
402424334
704206196
5988051
307769913
609551775
911333637
213115492
514897354
816679216
118461071
420242933
722024795
23806650
325588512
627370374
929152236
230934091
532715953
834497815
136279670
438061532
739843394
41625249
343407111
645188973
946970835
248752690
550534552
852316414
154098269
455880131
757661993
59443848
361225710
663007572
964789434
266571289
568353151
870135013
171916868
473698730
775480592
77262447
379044309
680826171
982608033
284389888
586171750
887953612
189735467
491517329
793299191
95081046
396862908
698644770
426625
302208487
603990349
905772211
207554066
509335928
811117790
112899645
414681507
716463369
18245224
320027086
621808948
923590810
225372665
527154527
828936389
130718244
432500106
734281968
36063823
337845685
639627547
941409409
243191264
544973126
846754988
148536843
450318705
752100567
53882422
355664284
657446146
959228008
261009863
562791725
864573587
166355442
468137304
769919166
71701021
373482883
675264745
977046607
278828462
580610324
882392186
184174041
485955903
787737765
89519620
391301482
693083344
994865206
296647061
598428923
900210785
201992640
503774502
805556364
107338219
409120081
710901943
12683798
314465660
616247522
918029384
219811239
521593101
823374963
125156818
426938680
728720542
30502397
332284259
634066121
935847983
237629838
539411700
841193562
142975417
444757279
746539141
48320996
350102858
651884720
953666582
255448437
557230299
859012161
160794016
462575878
764357740
66139595
367921457
669703319
971485181
273267036
575048898
876830760
178612615
480394477
782176339
83958194
385740056
456368638
758150500
59932355
361714217
663496079
965277941
267059796
568841658
870623520
172405375
474187237
775969099
77750954
379532816
681314678
983096540
284878395
586660257
888442119
190223974
492005836
793787698
95569553
397351415
699133277
915132
302696994
604478856
906260718
208042573
509824435
811606297
113388152
415170014
716951876
18733731
320515593
622297455
924079317
225861172
527643034
829424896
131206751
432988613
734770475
36552330
338334192
640116054
941897916
243679771
545461633
847243495
149025350
450807212
752589074
54370929
356152791
657934653
959716515
261498370
563280232
865062094
166843949
468625811
770407673
72189528
373971390
675753252
977535114
279316969
581098831
882880693
184662548
486444410
788226272
90008127
391789989
693571851
995353713
297135568
598917430
900699292
202481147
504263009
806044871
107826726
409608588
711390450
13172305
314954167
616736029
918517891
220299746
522081608
823863470
125645325
427427187
729209049
30990904
332772766
634554628
936336490
238118345
539900207
841682069
143463924
445245786
747027648
48809503
350591365
652373227
954155089
255936944
557718806
859500668
161282523
463064385
72678035
374459897
676241759
978023621
279805476
581587338
883369200
185151055
486932917
788714779
90496634
392278496
694060358
995842220
297624075
599405937
901187799
202969654
504751516
806533378
108315233
410097095
711878957
13660812
315442674
617224536
919006398
220788253
522570115
824351977
126133832
427915694
729697556
31479411
333261273
635043135
936824997
238606852
540388714
842170576
143952431
445734293
747516155
49298010
351079872
652861734
954643596
256425451
558207313
859989175
161771030
463552892
765334754
67116609
368898471
670680333
972462195
274244050
576025912
877807774
179589629
481371491
783153353
84935208
386717070
688498932
990280794
292062649
593844511
895626373
197408228
499190090
800971952
102753807
404535669
706317531
8099386
309881248
611663110
913444972
215226827
517008689
818790551
120572406
422354268
724136130
25917985
327699847
629481709
931263571
233045426
534827288
836609150
138391005
440172867
741954729
43736584
345518446
647300308
949082170
250864025
552645887
854427749
156209604
457991466
759773328
61555183
363337045
665118907
966900769
268682624
570464486
872246348
174028203
475810065
777591927
79373782
381155644
682937506
984719368
286501223
588283085
890064947
191846802
493628664
795410526
97192381
398974243
700756105
2537960
304319822
606101684
907883546
209665401
511447263
813229125
115010980
416792842
718574704
20356559
322138421
623920283
925702145
227484000
529265862
831047724
132829579
434611441
736393303
38175158
339957020
641738882
943520744
245302599
547084461
848866323
150648178
452430040
754211902
55993757
357775619
659557481
961339343
263121198
564903060
866684922
168466777
470248639
772030501
73812356
375594218
677376080
979157942
280939797
582721659
884503521
186285376
488067238
789849100
91630955
393412817
695194679
996976541
298758396
600540258
902322120
204103975
505885837
807667699
109449554
411231416
713013278
14795133
316576995
618358857
920140719
221922574
523704436
825486298
127268153
429050015
730831877
32613732
334395594
636177456
937959318
239741173
541523035
843304897
145086752
446868614
748650476
50432331
352214193
653996055
955777917
257559772
559341634
861123496
162905351
464687213
766469075
68250930
370032792
671814654
973596516
275378371
577160233
878942095
180723950
482505812
784287674
86069529
387851391
689633253
991415115
293196970
594978832
896760694
198542549
500324411
802106273
103888128
405669990
707451852
9233707
311015569
612797431
914579293
216361148
518143010
819924872
121706727
423488589
725270451
27052306
328834168
630616030
932397892
234179747
535961609
837743471
139525326
441307188
743089050
44870905
346652767
648434629
950216491
251998346
553780208
855562070
157343925
459125787
760907649
62689504
364471366
666253228
968035090
269816945
571598807
873380669
175162524
476944386
778726248
80508103
382289965
684071827
985853689
287635544
589417406
891199268
192981123
494762985
796544847
98326702
400108564
701890426
3672281
305454143
607236005
909017867
210799722
512581584
814363446
116145301
417927163
719709025
21490880
323272742
625054604
926836466
228618321
530400183
832182045
133963900
435745762
737527624
39309479
341091341
642873203
944655065
246436920
548218782
850000644
151782499
453564361
755346223
57128078
358909940
660691802
962473664
264255519
566037381
867819243
169601098
471382960
773164822
74946677
376728539
678510401
980292263
282074118
583855980
885637842
187419697
489201559
790983421
92765276
394547138
696329000
998110862
299892717
601674579
903456441
205238296
507020158
808802020
110583875
412365737
714147599
15929454
317711316
619493178
921275040
223056895
524838757
826620619
128402474
430184336
731966198
33748053
335529915
637311777
939093639
240875494
542657356
844439218
146221073
448002935
749784797
51566652
353348514
655130376
956912238
258694093
560475955
862257817
164039672
465821534
767603396
69385251
371167113
672948975
974730837
276512692
578294554
880076416
181858271
483640133
785421995
87203850
388985712
690767574
992549436
294331291
596113153
897895015
199676870
501458732
803240594
105022449
406804311
708586173
10368028
312149890
613931752
915713614
217495469
519277331
821059193
122841048
424622910
726404772
28186627
329968489
631750351
933532213
235314068
537095930
838877792
140659647
442441509
744223371
46005226
347787088
649568950
951350812
253132667
554914529
856696391
158478246
460260108
762041970
63823825
365605687
667387549
969169411
270951266
572733128
874514990
176296845
478078707
779860569
81642424
383424286
685206148
986988010
288769865
590551727
892333589
194115444
495897306
797679168
99461023
401242885
703024747
4806602
306588464
608370326
910152188
211934043
513715905
815497767
117279622
419061484
720843346
22625201
324407063
626188925
927970787
229752642
531534504
833316366
135098221
436880083
738661945
40443800
342225662
644007524
945789386
247571241
549353103
851134965
152916820
454698682
756480544
58262399
360044261
661826123
963607985
265389840
567171702
868953564
170735419
472517281
774299143
76080998
377862860
679644722
981426584
283208439
584990301
886772163
188554018
490335880
792117742
93899597
395681459
697463321
999245183
301027038
602808900
904590762
206372617
508154479
809936341
111718196
413500058
715281920
17063775
318845637
620627499
922409361
224191216
525973078
827754940
129536795
431318657
733100519
34882374
336664236
638446098
940227960
242009815
543791677
845573539
147355394
449137256
750919118
52700973
354482835
656264697
958046559
259828414
561610276
863392138
165173993
466955855
768737717
70519572
372301434
674083296
975865158
277647013
579428875
881210737
182992592
484774454
786556316
88338171
390120033
691901895
993683757
295465612
597247474
899029336
200811191
502593053
804374915
106156770
407938632
709720494
11502349
313284211
615066073
916847935
218629790
520411652
822193514
123975369
425757231
727539093
29320948
331102810
632884672
934666534
236448389
538230251
840012113
141793968
443575830
745357692
47139547
348921409
650703271
952485133
254266988
556048850
857830712
159612567
461394429
763176291
64958146
366740008
668521870
970303732
272085587
573867449
875649311
177431166
479213028
780994890
82776745
384558607
686340469
988122331
289904186
591686048
893467910
195249765
497031627
798813489
100595344
402377206
704159068
5940923
307722785
609504647
911286509
213068364
514850226
816632088
118413943
420195805
721977667
23759522
325541384
627323246
929105108
230886963
532668825
834450687
136232542
438014404
739796266
41578121
343359983
645141845
946923707
248705562
550487424
852269286
154051141
455833003
757614865
59396720
361178582
662960444
964742306
266524161
568306023
870087885
171869740
473651602
775433464
77215319
378997181
680779043
982560905
284342760
586124622
887906484
189688339
491470201
793252063
95033918
396815780
698597642
379497
302161359
603943221
905725083
207506938
509288800
811070662
112852517
414634379
716416241
18198096
319979958
621761820
923543682
225325537
527107399
828889261
130671116
432452978
734234840
36016695
337798557
639580419
941362281
243144136
544925998
846707860
148489715
450271577
752053439
53835294
355617156
657399018
959180880
260962735
562744597
864526459
166308314
468090176
769872038
71653893
373435755
675217617
976999479
278781334
580563196
882345058
184126913
485908775
787690637
89472492
391254354
693036216
994818078
296599933
598381795
900163657
201945512
503727374
805509236
107291091
409072953
710854815
12636670
314418532
616200394
917982256
219764111
521545973
823327835
125109690
426891552
728673414
30455269
332237131
634018993
935800855
237582710
539364572
841146434
142928289
444710151
746492013
48273868
350055730
651837592
953619454
255401309
557183171
858965033
160746888
462528750
764310612
66092467
367874329
669656191
971438053
273219908
575001770
876783632
178565487
480347349
782129211
83911066
385692928
687474790
989256652
291038507
592820369
894602231
196384086
498165948
799947810
101729665
403511527
705293389
7075244
308857106
610638968
912420830
214202685
515984547
817766409
119548264
421330126
723111988
24893843
326675705
628457567
930239429
232021284
533803146
835585008
137366863
439148725
740930587
42712442
344494304
646276166
948058028
249839883
551621745
853403607
155185462
456967324
758749186
60531041
362312903
664094765
965876627
267658482
569440344
871222206
173004061
474785923
776567785
78349640
380131502
681913364
983695226
285477081
587258943
889040805
190822660
492604522
794386384
96168239
397950101
699731963
1513818
303295680
605077542
906859404
208641259
510423121
812204983
113986838
415768700
717550562
19332417
321114279
622896141
924678003
226459858
528241720
830023582
131805437
433587299
735369161
37151016
338932878
640714740
942496602
244278457
546060319
847842181
149624036
451405898
753187760
54969615
356751477
658533339
960315201
262097056
563878918
865660780
167442635
469224497
771006359
72788214
374570076
676351938
978133800
279915655
581697517
883479379
185261234
487043096
788824958
90606813
392388675
694170537
995952399
297734254
599516116
901297978
203079833
504861695
806643557
108425412
410207274
711989136
13770991
315552853
617334715
919116577
220898432
522680294
824462156
126244011
428025873
729807735
31589590
333371452
635153314
936935176
238717031
540498893
842280755
144062610
445844472
747626334
49408189
351190051
652971913
954753775
256535630
558317492
860099354
161881209
463663071
765444933
67226788
369008650
670790512
972572374
274354229
576136091
877917953
179699808
481481670
783263532
85045387
386827249
688609111
990390973
292172828
593954690
895736552
197518407
499300269
801082131
102863986
404645848
706427710
688987439
990769301
292551156
594333018
896114880
197896735
499678597
801460459
103242314
405024176
706806038
8587893
310369755
612151617
913933479
215715334
517497196
819279058
121060913
422842775
724624637
26406492
328188354
629970216
931752078
233533933
535315795
837097657
138879512
440661374
742443236
44225091
346006953
647788815
949570677
251352532
553134394
854916256
156698111
458479973
760261835
62043690
363825552
665607414
967389276
269171131
570952993
872734855
174516710
476298572
778080434
79862289
381644151
683426013
985207875
286989730
588771592
890553454
192335309
494117171
795899033
97680888
399462750
701244612
3026467
304808329
606590191
908372053
210153908
511935770
813717632
115499487
417281349
719063211
20845066
322626928
624408790
926190652
227972507
529754369
831536231
133318086
435099948
736881810
38663665
340445527
642227389
944009251
245791106
547572968
849354830
151136685
452918547
754700409
56482264
358264126
660045988
961827850
263609705
565391567
867173429
168955284
470737146
772519008
74300863
376082725
677864587
979646449
281428304
583210166
884992028
186773883
488555745
790337607
92119462
393901324
695683186
997465048
299246903
601028765
902810627
204592482
506374344
808156206
109938061
411719923
713501785
15283640
317065502
618847364
920629226
222411081
524192943
825974805
127756660
429538522
731320384
33102239
334884101
636665963
938447825
240229680
542011542
843793404
145575259
447357121
749138983
50920838
352702700
654484562
956266424
258048279
559830141
861612003
163393858
465175720
766957582
68739437
370521299
672303161
974085023
275866878
577648740
879430602
181212457
482994319
784776181
86558036
388339898
690121760
991903622
293685477
595467339
897249201
199031056
500812918
802594780
104376635
406158497
707940359
9722214
311504076
613285938
915067800
216849655
518631517
820413379
122195234
423977096
725758958
27540813
329322675
631104537
932886399
234668254
536450116
838231978
140013833
441795695
743577557
45359412
347141274
648923136
950704998
252486853
554268715
856050577
157832432
459614294
761396156
63178011
364959873
666741735
968523597
270305452
572087314
873869176
175651031
477432893
779214755
80996610
382778472
684560334
986342196
288124051
589905913
891687775
193469630
495251492
797033354
98815209
400597071
702378933
4160788
305942650
607724512
909506374
211288229
513070091
814851953
116633808
418415670
720197532
21979387
323761249
625543111
927324973
229106828
530888690
832670552
134452407
436234269
738016131
39797986
341579848
643361710
945143572
246925427
548707289
850489151
152271006
454052868
755834730
57616585
359398447
661180309
962962171
264744026
566525888
868307750
170089605
471871467
773653329
75435184
377217046
678998908
980780770
282562625
584344487
886126349
187908204
489690066
791471928
93253783
395035645
696817507
998599369
300381224
602163086
903944948
205726803
507508665
809290527
111072382
412854244
714636106
16417961
318199823
619981685
921763547
223545402
525327264
827109126
128890981
430672843
732454705
34236560
336018422
637800284
939582146
241364001
543145863
844927725
146709580
448491442
750273304
52055159
353837021
655618883
957400745
259182600
560964462
862746324
164528179
466310041
768091903
69873758
371655620
673437482
975219344
277001199
578783061
880564923
182346778
484128640
785910502
87692357
389474219
691256081
993037943
294819798
596601660
898383522
200165377
501947239
803729101
105510956
407292818
709074680
10856535
312638397
614420259
916202121
217983976
519765838
821547700
123329555
425111417
726893279
28675134
330456996
632238858
934020720
235802575
537584437
839366299
141148154
442930016
744711878
46493733
348275595
650057457
951839319
253621174
555403036
857184898
158966753
460748615
762530477
64312332
366094194
667876056
969657918
271439773
573221635
875003497
176785352
478567214
780349076
82130931
383912793
685694655
987476517
289258372
591040234
892822096
194603951
496385813
798167675
99949530
401731392
703513254
5295109
307076971
608858833
910640695
212422550
514204412
815986274
117768129
419549991
721331853
23113708
324895570
626677432
928459294
230241149
532023011
833804873
135586728
437368590
739150452
40932307
342714169
644496031
946277893
248059748
549841610
851623472
153405327
455187189
756969051
58750906
360532768
662314630
964096492
265878347
567660209
869442071
171223926
473005788
774787650
76569505
378351367
680133229
981915091
283696946
585478808
887260670
189042525
490824387
792606249
94388104
396169966
697951828
999733690
301515545
603297407
905079269
206861124
508642986
810424848
112206703
413988565
715770427
17552282
319334144
621116006
922897868
224679723
526461585
828243447
130025302
431807164
733589026
35370881
337152743
638934605
940716467
242498322
544280184
846062046
147843901
449625763
751407625
53189480
354971342
656753204
958535066
260316921
562098783
863880645
165662500
467444362
769226224
71008079
372789941
674571803
976353665
278135520
579917382
881699244
183481099
485262961
787044823
88826678
390608540
692390402
994172264
295954119
597735981
899517843
201299698
503081560
804863422
106645277
408427139
710209001
11990856
313772718
615554580
917336442
219118297
520900159
822682021
124463876
426245738
728027600
29809455
331591317
633373179
935155041
236936896
538718758
840500620
142282475
444064337
745846199
47628054
349409916
651191778
952973640
254755495
556537357
858319219
160101074
461882936
763664798
65446653
367228515
669010377
970792239
272574094
574355956
876137818
177919673
479701535
781483397
83265252
385047114
686828976
988610838
290392693
592174555
893956417
195738272
497520134
799301996
101083851
402865713
704647575
6429430
308211292
609993154
911775016
213556871
515338733
817120595
118902450
420684312
722466174
24248029
326029891
627811753
929593615
231375470
533157332
834939194
136721049
438502911
740284773
42066628
343848490
645630352
947412214
249194069
550975931
852757793
154539648
456321510
758103372
59885227
361667089
663448951
965230813
267012668
568794530
870576392
172358247
474140109
775921971
77703826
379485688
681267550
983049412
284831267
586613129
888394991
190176846
491958708
793740570
95522425
397304287
699086149
868004
302649866
604431728
906213590
207995445
509777307
811559169
113341024
415122886
716904748
18686603
320468465
622250327
924032189
225814044
527595906
829377768
131159623
432941485
734723347
36505202
338287064
640068926
941850788
243632643
545414505
847196367
148978222
450760084
752541946
54323801
356105663
657887525
959669387
261451242
563233104
865014966
166796821
468578683
770360545
72142400
373924262
675706124
977487986
279269841
581051703
882833565
184615420
486397282
788179144
89960999
391742861
693524723
995306585
297088440
598870302
900652164
202434019
504215881
805997743
107779598
409561460
711343322
13125177
314907039
616688901
918470763
220252618
522034480
823816342
125598197
427380059
729161921
30943776
332725638
634507500
936289362
238071217
539853079
841634941
143416796
445198658
746980520
48762375
350544237
652326099
954107961
255889816
557671678
859453540
161235395
463017257
764799119
66580974
368362836
670144698
971926560
273708415
575490277
877272139
179053994
480835856
782617718
84399573
386181435
687963297
989745159
291527014
593308876
895090738
196872593
498654455
800436317
102218172
404000034
705781896
7563751
309345613
611127475
912909337
214691192
516473054
818254916
120036771
421818633
723600495
25382350
327164212
628946074
930727936
232509791
534291653
836073515
137855370
439637232
741419094
43200949
344982811
646764673
948546535
250328390
552110252
853892114
155673969
457455831
759237693
61019548
362801410
664583272
966365134
268146989
569928851
871710713
173492568
475274430
777056292
78838147
380620009
682401871
984183733
285965588
587747450
889529312
191311167
493093029
794874891
96656746
398438608
700220470
2002325
303784187
605566049
907347911
209129766
510911628
812693490
114475345
416257207
718039069
19820924
321602786
623384648
925166510
226948365
528730227
830512089
132293944
434075806
735857668
37639523
339421385
641203247
942985109
244766964
546548826
848330688
150112543
451894405
753676267
55458122
357239984
659021846
960803708
262585563
564367425
866149287
167931142
469713004
771494866
73276721
375058583
676840445
978622307
280404162
582186024
883967886
185749741
487531603
789313465
91095320
392877182
694659044
996440906
298222761
600004623
901786485
203568340
505350202
807132064
108913919
410695781
712477643
14259498
316041360
617823222
919605084
221386939
523168801
824950663
126732518
428514380
730296242
32078097
333859959
635641821
937423683
239205538
540987400
842769262
144551117
446332979
748114841
49896696
351678558
653460420
955242282
257024137
558805999
860587861
162369716
464151578
765933440
67715295
369497157
671279019
973060881
274842736
576624598
878406460
180188315
481970177
783752039
85533894
387315756
689097618
990879480
292661335
594443197
896225059
198006914
499788776
607078698
908860560
210642415
512424277
814206139
115987994
417769856
719551718
21333573
323115435
624897297
926679159
228461014
530242876
832024738
133806593
435588455
737370317
39152172
340934034
642715896
944497758
246279613
548061475
849843337
151625192
453407054
755188916
56970771
358752633
660534495
962316357
264098212
565880074
867661936
169443791
471225653
773007515
74789370
376571232
678353094
980134956
281916811
583698673
885480535
187262390
489044252
790826114
92607969
394389831
696171693
997953555
299735410
601517272
903299134
205080989
506862851
808644713
110426568
412208430
713990292
15772147
317554009
619335871
921117733
222899588
524681450
826463312
128245167
430027029
731808891
33590746
335372608
637154470
938936332
240718187
542500049
844281911
146063766
447845628
749627490
51409345
353191207
654973069
956754931
258536786
560318648
862100510
163882365
465664227
767446089
69227944
371009806
672791668
974573530
276355385
578137247
879919109
181700964
483482826
785264688
87046543
388828405
690610267
992392129
294173984
595955846
897737708
199519563
501301425
803083287
104865142
406647004
708428866
10210721
311992583
613774445
915556307
217338162
519120024
820901886
122683741
424465603
726247465
28029320
329811182
631593044
933374906
235156761
536938623
838720485
140502340
442284202
744066064
45847919
347629781
649411643
951193505
252975360
554757222
856539084
158320939
460102801
761884663
63666518
365448380
667230242
969012104
270793959
572575821
874357683
176139538
477921400
779703262
81485117
383266979
685048841
986830703
288612558
590394420
892176282
193958137
495739999
797521861
99303716
401085578
702867440
4649295
306431157
608213019
909994881
211776736
513558598
815340460
117122315
418904177
720686039
22467894
324249756
626031618
927813480
229595335
531377197
833159059
134940914
436722776
738504638
40286493
342068355
643850217
945632079
247413934
549195796
850977658
152759513
454541375
756323237
58105092
359886954
661668816
963450678
265232533
567014395
868796257
170578112
472359974
774141836
75923691
377705553
679487415
981269277
283051132
584832994
886614856
188396711
490178573
791960435
93742290
395524152
697306014
999087876
300869731
602651593
904433455
206215310
507997172
809779034
111560889
413342751
715124613
16906468
318688330
620470192
922252054
224033909
525815771
827597633
129379488
431161350
732943212
34725067
336506929
638288791
940070653
241852508
543634370
845416232
147198087
448979949
750761811
52543666
354325528
656107390
957889252
259671107
561452969
863234831
165016686
466798548
768580410
70362265
372144127
673925989
975707851
277489706
579271568
881053430
182835285
484617147
786399009
88180864
389962726
691744588
993526450
295308305
597090167
898872029
200653884
502435746
804217608
105999463
407781325
709563187
11345042
313126904
614908766
916690628
218472483
520254345
822036207
123818062
425599924
727381786
29163641
330945503
632727365
934509227
236291082
538072944
839854806
141636661
443418523
745200385
46982240
348764102
650545964
952327826
254109681
555891543
857673405
159455260
461237122
763018984
64800839
366582701
668364563
970146425
271928280
573710142
875492004
177273859
479055721
780837583
82619438
384401300
686183162
987965024
289746879
591528741
893310603
195092458
496874320
798656182
100438037
402219899
704001761
5783616
307565478
609347340
911129202
212911057
514692919
816474781
118256636
420038498
721820360
23602215
325384077
627165939
928947801
230729656
532511518
834293380
136075235
437857097
739638959
41420814
343202676
644984538
946766400
248548255
550330117
852111979
153893834
455675696
757457558
59239413
361021275
662803137
964584999
266366854
568148716
869930578
171712433
473494295
775276157
77058012
378839874
680621736
982403598
284185453
585967315
887749177
189531032
491312894
793094756
94876611
396658473
698440335
222190
302004052
603785914
905567776
207349631
509131493
810913355
112695210
414477072
716258934
18040789
319822651
621604513
923386375
225168230
526950092
828731954
130513809
432295671
734077533
35859388
337641250
639423112
941204974
242986829
544768691
846550553
148332408
450114270
751896132
53677987
355459849
657241711
959023573
260805428
562587290
864369152
166151007
467932869
769714731
71496586
373278448
675060310
976842172
278624027
580405889
882187751
183969606
485751468
787533330
89315185
391097047
692878909
994660771
296442626
598224488
900006350
201788205
503570067
805351929
107133784
408915646
710697508
12479363
314261225
616043087
917824949
219606804
521388666
823170528
124952383
426734245
728516107
30297962
332079824
633861686
935643548
237425403
539207265
840989127
142770982
444552844
746334706
48116561
349898423
651680285
953462147
255244002
557025864
858807726
160589581
462371443
764153305
65935160
367717022
669498884
223388095
525169957
826951819
128733674
430515536
732297398
34079253
335861115
637642977
939424839
241206694
542988556
844770418
146552273
448334135
750115997
51897852
353679714
655461576
957243438
259025293
560807155
862589017
164370872
466152734
767934596
69716451
371498313
673280175
975062037
276843892
578625754
880407616
182189471
483971333
785753195
87535050
389316912
691098774
992880636
294662491
596444353
898226215
200008070
501789932
803571794
105353649
407135511
708917373
10699228
312481090
614262952
916044814
217826669
519608531
821390393
123172248
424954110
726735972
28517827
330299689
632081551
933863413
235645268
537427130
839208992
140990847
442772709
744554571
46336426
348118288
649900150
951682012
253463867
555245729
857027591
158809446
460591308
762373170
64155025
365936887
667718749
969500611
271282466
573064328
874846190
176628045
478409907
780191769
81973624
383755486
685537348
987319210
289101065
590882927
892664789
194446644
496228506
798010368
99792223
401574085
703355947
5137802
306919664
608701526
910483388
212265243
514047105
815828967
117610822
419392684
721174546
22956401
839697499
141479354
443261216
745043078
46824933
348606795
650388657
952170519
253952374
555734236
857516098
159297953
461079815
762861677
64643532
366425394
668207256
969989118
271770973
573552835
875334697
177116552
478898414
780680276
82462131
384243993
686025855
987807717
289589572
591371434
893153296
194935151
496717013
798498875
100280730
402062592
703844454
5626309
307408171
609190033
910971895
212753750
514535612
816317474
118099329
419881191
721663053
23444908
325226770
627008632
928790494
230572349
532354211
834136073
135917928
437699790
739481652
41263507
343045369
644827231
946609093
248390948
550172810
851954672
153736527
455518389
757300251
59082106
360863968
662645830
964427692
266209547
567991409
869773271
171555126
473336988
775118850
76900705
378682567
680464429
982246291
284028146
585810008
887591870
189373725
491155587
792937449
94719304
396501166
698283028
64883
301846745
603628607
905410469
207192324
508974186
810756048
112537903
414319765
716101627
17883482
319665344
621447206
923229068
225010923
526792785
828574647
130356502
432138364
733920226
35702081
337483943
639265805
941047667
242829522
544611384
846393246
148175101
449956963
751738825
53520680
355302542
657084404
958866266
260648121
562429983
864211845
165993700
467775562
769557424
71339279
373121141
674903003
976684865
278466720
580248582
882030444
183812299
485594161
787376023
89157878
390939740
692721602
994503464
296285319
598067181
899849043
201630898
503412760
805194622
106976477
408758339
710540201
12322056
314103918
615885780
917667642
219449497
521231359
823013221
124795076
426576938
728358800
30140655
331922517
633704379
935486241
237268096
539049958
840831820
142613675
444395537
746177399
47959254
349741116
651522978
953304840
255086695
556868557
858650419
160432274
462214136
763995998
65777853
367559715
669341577
971123439
272905294
574687156
876469018
178250873
480032735
781814597
83596452
385378314
687160176
988942038
290723893
592505755
894287617
196069472
497851334
799633196
101415051
403196913
704978775
6760630
308542492
610324354
912106216
213888071
515669933
817451795
119233650
421015512
722797374
24579229
326361091
628142953
929924815
231706670
533488532
835270394
137052249
438834111
740615973
42397828
344179690
645961552
947743414
249525269
551307131
853088993
154870848
456652710
758434572
60216427
361998289
663780151
965562013
267343868
569125730
456006896
757788758
59570613
361352475
663134337
964916199
266698054
568479916
870261778
172043633
473825495
775607357
77389212
379171074
680952936
982734798
284516653
586298515
888080377
189862232
491644094
793425956
95207811
396989673
698771535
553390
302335252
604117114
905898976
207680831
509462693
811244555
113026410
414808272
716590134
18371989
320153851
621935713
923717575
225499430
527281292
829063154
130845009
432626871
734408733
36190588
337972450
639754312
941536174
243318029
545099891
846881753
148663608
450445470
752227332
54009187
355791049
657572911
959354773
261136628
562918490
864700352
166482207
468264069
770045931
71827786
373609648
675391510
977173372
278955227
580737089
882518951
184300806
486082668
787864530
89646385
391428247
693210109
994991971
296773826
598555688
900337550
202119405
503901267
805683129
107464984
409246846
711028708
12810563
314592425
616374287
918156149
219938004
521719866
823501728
125283583
427065445
728847307
30629162
332411024
634192886
935974748
237756603
539538465
841320327
143102182
444884044
746665906
48447761
350229623
652011485
953793347
255575202
557357064
859138926
160920781
462702643
764484505
66266360
368048222
669830084
971611946
273393801
575175663
876957525
178739380
480521242
782303104
84084959
385866821
687648683
989430545
291212400
592994262
894776124
196557979
498339841
800121703
101903558
403685420
705467282
7249137
309030999
610812861
912594723
214376578
516158440
817940302
119722157
421504019
723285881
25067736
326849598
374098155
675880017
977661879
279443734
581225596
883007458
184789313
486571175
788353037
90134892
391916754
693698616
995480478
297262333
599044195
900826057
202607912
504389774
806171636
107953491
409735353
711517215
13299070
315080932
616862794
918644656
220426511
522208373
823990235
125772090
427553952
729335814
31117669
332899531
634681393
936463255
238245110
540026972
841808834
143590689
445372551
747154413
48936268
350718130
652499992
954281854
256063709
557845571
859627433
161409288
463191150
764973012
66754867
368536729
670318591
972100453
273882308
575664170
877446032
179227887
481009749
782791611
84573466
386355328
688137190
989919052
291700907
593482769
895264631
197046486
498828348
800610210
102392065
404173927
705955789
7737644
309519506
611301368
913083230
214865085
516646947
818428809
120210664
421992526
723774388
25556243
327338105
629119967
930901829
232683684
534465546
836247408
138029263
439811125
741592987
43374842
345156704
646938566
948720428
250502283
552284145
854066007
155847862
457629724
759411586
61193441
362975303
664757165
966539027
268320882
570102744
871884606
173666461
475448323
777230185
79012040
380793902
682575764
984357626
286139481
587921343
889703205
191485060
493266922
795048784
96830639
398612501
700394363
2176218
303958080
605739942
907521804
209303659
511085521
812867383
114649238
416431100
718212962
19994817
321776679
623558541
925340403
227122258
528904120
830685982
132467837
434249699
736031561
37813416
339595278
641377140
943159002
244940857
546722719
848504581
150286436
452068298
753850160
55632015
357413877
659195739
960977601
262759456
564541318
866323180
168105035
469886897
771668759
73450614
375232476
677014338
978796200
280578055
582359917
884141779
185923634
487705496
789487358
91269213
393051075
694832937
996614799
298396654
600178516
901960378
203742233
505524095
807305957
109087812
410869674
712651536
14433391
316215253
617997115
919778977
221560832
523342694
825124556
126906411
428688273
730470135
32251990
334033852
635815714
937597576
239379431
541161293
842943155
144725010
446506872
748288734
50070589
351852451
653634313
955416175
257198030
558979892
860761754
162543609
464325471
766107333
67889188
369671050
671452912
973234774
275016629
576798491
878580353
180362208
482144070
783925932
85707787
387489649
689271511
991053373
292835228
594617090
896398952
198180807
499962669
801744531
103526386
405308248
707090110
8871965
310653827
612435689
914217551
215999406
517781268
819563130
121344985
423126847
724908709
26690564
328472426
630254288
932036150
233818005
535599867
837381729
139163584
440945446
742727308
44509163
346291025
648072887
949854749
251636604
553418466
855200328
156982183
458764045
760545907
62327762
364109624
665891486
967673348
269455203
571237065
873018927
174800782
476582644
778364506
80146361
381928223
683710085
985491947
287273802
589055664
890837526
192619381
494401243
796183105
97964960
399746822
701528684
3310539
305092401
606874263
908656125
210437980
512219842
814001704
115783559
417565421
719347283
21129138
322911000
624692862
926474724
228256579
530038441
831820303
133602158
435384020
737165882
38947737
340729599
642511461
944293323
246075178
547857040
849638902
151420757
453202619
754984481
56766336
358548198
660330060
962111922
263893777
565675639
867457501
169239356
471021218
772803080
74584935
376366797
678148659
979930521
281712376
583494238
885276100
187057955
488839817
790621679
92403534
394185396
695967258
997749120
299530975
601312837
903094699
204876554
506658416
808440278
110222133
412003995
713785857
15567712
317349574
619131436
920913298
222695153
524477015
826258877
128040732
429822594
731604456
33386311
335168173
636950035
938731897
240513752
542295614
844077476
145859331
447641193
749423055
51204910
352986772
654768634
956550496
258332351
560114213
861896075
163677930
465459792
767241654
69023509
370805371
672587233
974369095
276150950
577932812
879714674
181496529
483278391
785060253
86842108
388623970
690405832
992187694
293969549
595751411
897533273
199315128
501096990
802878852
104660707
990407559
292189414
593971276
895753138
197534993
499316855
801098717
102880572
404662434
706444296
8226151
310008013
611789875
913571737
215353592
517135454
818917316
120699171
422481033
724262895
