789095195
90877050
392658912
694440774
996222636
298004491
599786353
901568215
203350070
505131932
806913794
108695649
410477511
712259373
14041228
315823090
617604952
919386814
221168669
522950531
824732393
126514248
428296110
730077972
31859827
333641689
635423551
937205413
238987268
540769130
842550992
144332847
446114709
747896571
49678426
351460288
653242150
955024012
256805867
558587729
860369591
162151446
463933308
765715170
67497025
369278887
671060749
972842611
274624466
576406328
878188190
179970045
481751907
783533769
85315624
387097486
688879348
990661210
292443065
594224927
896006789
197788644
499570506
801352368
103134223
404916085
706697947
8479802
310261664
612043526
913825388
215607243
517389105
819170967
405404592
707186454
8968309
310750171
612532033
914313895
216095750
517877612
819659474
121441329
423223191
725005053
26786908
328568770
630350632
932132494
233914349
535696211
837478073
139259928
441041790
742823652
44605507
346387369
648169231
949951093
251732948
553514810
855296672
157078527
458860389
760642251
62424106
364205968
665987830
967769692
269551547
571333409
873115271
174897126
476678988
778460850
80242705
382024567
683806429
985588291
21713989
323495851
625277713
927059575
228841430
530623292
832405154
134187009
435968871
737750733
39532588
341314450
643096312
944878174
246660029
548441891
850223753
152005608
453787470
755569332
57351187
359133049
660914911
962696773
264478628
566260490
868042352
939805255
241587110
543368972
845150834
146932689
448714551
750496413
52278268
354060130
655841992
957623854
259405709
561187571
862969433
164751288
466533150
768315012
70096867
371878729
673660591
975442453
277224308
579006170
880788032
182569887
484351749
786133611
87915466
389697328
691479190
993261052
295042907
596824769
898606631
200388486
502170348
803952210
105734065
407515927
709297789
11079644
312861506
614643368
916425230
218207085
519988947
821770809
123552664
425334526
727116388
28898243
330680105
632461967
934243829
236025684
537807546
556114652
857896514
159678369
461460231
763242093
65023948
366805810
668587672
970369534
272151389
573933251
875715113
177496968
479278830
781060692
82842547
384624409
686406271
988188133
289969988
591751850
893533712
195315567
497097429
798879291
100661146
402443008
704224870
6006725
307788587
609570449
911352311
213134166
514916028
816697890
118479745
420261607
722043469
23825324
325607186
627389048
929170910
230952765
532734627
834516489
136298344
438080206
739862068
41643923
343425785
645207647
946989509
248771364
550553226
852335088
154116943
455898805
757680667
59462522
361244384
663026246
964808108
266589963
568371825
870153687
171935542
473717404
775499266
77281121
379062983
680844845
982626707
284408562
586190424
887972286
189754141
491536003
793317865
95099720
396881582
698663444
445299
302227161
604009023
905790885
207572740
509354602
811136464
112918319
414700181
716482043
18263898
320045760
621827622
923609484
225391339
527173201
828955063
130736918
432518780
734300642
36082497
337864359
639646221
941428083
243209938
172424049
474205911
775987773
77769628
379551490
681333352
983115214
284897069
586678931
888460793
190242648
492024510
793806372
95588227
397370089
699151951
933806
302715668
604497530
906279392
208061247
509843109
811624971
113406826
415188688
716970550
18752405
320534267
622316129
924097991
225879846
527661708
829443570
131225425
433007287
734789149
36571004
338352866
640134728
941916590
243698445
545480307
847262169
788733453
90515308
392297170
694079032
995860894
297642749
599424611
901206473
202988328
504770190
806552052
108333907
410115769
711897631
13679486
315461348
617243210
919025072
220806927
522588789
824370651
126152506
427934368
729716230
31498085
333279947
635061809
936843671
238625526
540407388
842189250
143971105
445752967
747534829
49316684
351098546
652880408
954662270
256444125
558225987
860007849
161789704
463571566
765353428
67135283
368917145
670699007
972480869
274262724
576044586
877826448
179608303
481390165
783172027
84953882
386735744
688517606
990299468
292081323
593863185
895645047
197426902
499208764
800990626
102772481
404554343
706336205
8118060
309899922
611681784
913463646
215245501
517027363
818809225
120591080
422372942
724154804
25936659
327718521
629500383
931282245
233064100
534845962
706824712
8606567
310388429
612170291
913952153
215734008
517515870
819297732
121079587
422861449
724643311
26425166
328207028
629988890
931770752
233552607
535334469
837116331
138898186
440680048
742461910
44243765
346025627
647807489
949589351
251371206
553153068
854934930
156716785
458498647
760280509
62062364
323134109
624915971
926697833
228479688
530261550
832043412
133825267
435607129
737388991
39170846
340952708
642734570
944516432
246298287
548080149
849862011
151643866
453425728
755207590
56989445
358771307
660553169
962335031
264116886
565898748
867680610
169462465
939443513
241225368
543007230
844789092
146570947
448352809
750134671
51916526
353698388
655480250
957262112
259043967
560825829
862607691
164389546
466171408
767953270
69735125
371516987
673298849
975080711
276862566
578644428
880426290
182208145
483990007
785771869
87553724
389335586
691117448
992899310
294681165
596463027
898244889
200026744
501808606
803590468
105372323
407154185
708936047
10717902
312499764
614281626
916063488
217845343
519627205
821409067
123190922
424972784
726754646
28536501
330318363
632100225
933882087
235663942
537445804
839227666
141009521
442791383
744573245
46355100
348136962
649918824
951700686
253482541
555264403
857046265
158828120
460609982
762391844
64173699
365955561
667737423
969519285
271301140
573083002
874864864
176646719
478428581
780210443
81992298
383774160
685556022
987337884
289119739
590901601
892683463
194465318
496247180
798029042
99810897
401592759
703374621
5156476
306938338
608720200
910502062
212283917
514065779
815847641
117629496
419411358
721193220
22975075
324756937
626538799
555752910
857534772
159316627
461098489
762880351
64662206
366444068
668225930
970007792
271789647
573571509
875353371
177135226
478917088
780698950
82480805
384262667
686044529
987826391
289608246
591390108
893171970
194953825
496735687
798517549
100299404
402081266
703863128
5644983
307426845
609208707
910990569
212772424
514554286
816336148
118118003
419899865
721681727
23463582
325245444
627027306
928809168
230591023
532372885
834154747
135936602
437718464
739500326
41282181
343064043
644845905
946627767
248409622
550191484
851973346
153755201
455537063
757318925
59100780
360882642
662664504
964446366
266228221
568010083
869791945
171573800
473355662
775137524
76919379
378701241
680483103
982264965
284046820
585828682
887610544
189392399
491174261
792956123
94737978
396519840
698301702
83557
301865419
603647281
905429143
207210998
508992860
810774722
112556577
414338439
716120301
17902156
319684018
621465880
923247742
225029597
526811459
828593321
130375176
432157038
733938900
35720755
337502617
639284479
473844169
775626031
77407886
379189748
680971610
982753472
284535327
586317189
888099051
189880906
491662768
793444630
95226485
397008347
698790209
572064
302353926
604135788
905917650
207699505
509481367
811263229
113045084
414826946
716608808
18390663
320172525
621954387
923736249
225518104
527299966
829081828
130863683
432645545
734427407
36209262
337991124
639772986
941554848
243336703
545118565
846900427
148682282
450464144
752246006
54027861
355809723
657591585
959373447
261155302
562937164
864719026
166500881
468282743
770064605
71846460
373628322
675410184
977192046
278973901
580755763
882537625
184319480
486101342
787883204
89665059
391446921
693228783
995010645
296792500
598574362
900356224
202138079
503919941
805701803
107483658
409265520
711047382
12829237
314611099
616392961
918174823
219956678
521738540
823520402
125302257
427084119
728865981
30647836
332429698
634211560
935993422
237775277
539557139
841339001
143120856
444902718
746684580
48466435
350248297
652030159
90153566
391935428
693717290
995499152
297281007
322772367
624554229
926336091
228117946
529899808
831681670
133463525
435245387
737027249
38809104
340590966
642372828
944154690
245936545
547718407
849500269
151282124
453063986
754845848
56627703
358409565
660191427
961973289
263755144
565537006
867318868
169100723
470882585
772664447
74446302
376228164
678010026
979791888
281573743
583355605
885137467
186919322
488701184
790483046
92264901
394046763
695828625
997610487
299392342
601174204
902956066
204737921
506519783
808301645
110083500
411865362
713647224
15429079
317210941
618992803
920774665
222556520
524338382
826120244
127902099
429683961
731465823
240863626
542645488
844427350
146209205
447991067
749772929
51554784
353336646
655118508
956900370
258682225
560464087
862245949
164027804
465809666
767591528
69373383
371155245
672937107
974718969
276500824
578282686
880064548
181846403
483628265
785410127
87191982
388973844
690755706
992537568
294319423
596101285
897883147
199665002
501446864
803228726
105010581
406792443
708574305
10356160
312138022
613919884
915701746
217483601
519265463
821047325
122829180
424611042
726392904
28174759
329956621
631738483
933520345
235302200
537084062
838865924
140647779
857173030
158954885
460736747
762518609
64300464
366082326
667864188
969646050
271427905
573209767
874991629
176773484
478555346
780337208
82119063
383900925
685682787
987464649
289246504
591028366
892810228
194592083
496373945
798155807
99937662
401719524
703501386
5283241
307065103
608846965
910628827
212410682
514192544
815974406
117756261
419538123
721319985
23101840
324883702
626665564
928447426
230229281
532011143
833793005
135574860
437356722
739138584
40920439
342702301
644484163
946266025
248047880
549829742
851611604
153393459
455175321
756957183
58739038
360520900
662302762
964084624
265866479
567648341
869430203
171212058
472993920
774775782
76557637
378339499
680121361
981903223
283685078
585466940
887248802
189030657
490812519
792594381
94376236
396158098
697939960
999721822
473482427
775264289
77046144
378828006
680609868
982391730
284173585
585955447
887737309
189519164
491301026
793082888
94864743
396646605
698428467
210322
301992184
603774046
905555908
207337763
509119625
810901487
112683342
414465204
716247066
18028921
319810783
621592645
923374507
225156362
526938224
828720086
130501941
432283803
734065665
35847520
337629382
639411244
941193106
242974961
544756823
846538685
148320540
450102402
751884264
53666119
355447981
657229843
959011705
260793560
562575422
864357284
166139139
467921001
769702863
71484718
373266580
675048442
976830304
278612159
580394021
882175883
183957738
485739600
787521462
89303317
391085179
692867041
994648903
296430758
598212620
899994482
201776337
503558199
805340061
107121916
408903778
710685640
12467495
314249357
616031219
917813081
219594936
521376798
823158660
89791824
391573686
693355548
995137410
296919265
598701127
900482989
202264844
504046706
805828568
107610423
409392285
711174147
12956002
314737864
616519726
918301588
220083443
521865305
823647167
125429022
427210884
728992746
30774601
332556463
634338325
936120187
237902042
539683904
841465766
143247621
445029483
746811345
48593200
350375062
652156924
953938786
255720641
557502503
859284365
161066220
462848082
764629944
66411799
368193661
669975523
971757385
273539240
575321102
877102964
178884819
480666681
782448543
84230398
386012260
687794122
989575984
291357839
593139701
894921563
196703418
498485280
800267142
102048997
403830859
705612721
7394576
309176438
610958300
912740162
214522017
516303879
818085741
119867596
421649458
723431320
25213175
326995037
628776899
930558761
232340616
534122478
835904340
137686195
439468057
741249919
43031774
344813636
646595498
7883083
309664945
611446807
913228669
215010524
516792386
818574248
120356103
422137965
723919827
25701682
327483544
629265406
931047268
232829123
534610985
836392847
138174702
439956564
741738426
43520281
345302143
624192487
925974349
227756204
529538066
831319928
133101783
434883645
736665507
38447362
340229224
642011086
943792948
245574803
547356665
849138527
150920382
452702244
754484106
56265961
240501884
542283746
844065608
145847463
447629325
749411187
51193042
352974904
654756766
956538628
258320483
560102345
861884207
163666062
465447924
767229786
69011641
370793503
672575365
974357227
276139082
577920944
879702806
181484661
483266523
785048385
86830240
388612102
690393964
992175826
293957681
595739543
897521405
199303260
501085122
802866984
104648839
406430701
708212563
9994418
311776280
613558142
915340004
217121859
518903721
820685583
122467438
424249300
726031162
27813017
329594879
631376741
933158603
234940458
536722320
838504182
140286037
442067899
743849761
45631616
347413478
649195340
950977202
252759057
554540919
856322781
158104636
459886498
761668360
63450215
365232077
667013939
968795801
270577656
572359518
874141380
175923235
477705097
779486959
81268814
383050676
684832538
986614400
288396255
590178117
891959979
193741834
495523696
797305558
99087413
400869275
702651137
4432992
306214854
607996716
856811288
158593143
774902547
76684402
378466264
680248126
982029988
283811843
585593705
887375567
189157422
490939284
792721146
94503001
396284863
698066725
999848587
301630442
603412304
905194166
206976021
508757883
810539745
112321600
414103462
715885324
17667179
319449041
621230903
923012765
224794620
526576482
828358344
130140199
431922061
733703923
35485778
337267640
639049502
940831364
391211944
692993806
994775668
296557523
598339385
900121247
201903102
503684964
805466826
107248681
409030543
710812405
12594260
314376122
616157984
917939846
219721701
521503563
823285425
125067280
426849142
728631004
30412859
332194721
633976583
935758445
237540300
539322162
841104024
142885879
444667741
746449603
48231458
350013320
651795182
953577044
255358899
557140761
858922623
160704478
462486340
764268202
66050057
367831919
669613781
971395643
273177498
574959360
876741222
178523077
480304939
782086801
83868656
385650518
687432380
989214242
290996097
592777959
894559821
196341676
498123538
799905400
101687255
403469117
705250979
7032834
308814696
610596558
912378420
214160275
515942137
817723999
119505854
421287716
723069578
24851433
326633295
628415157
930197019
231978874
533760736
835542598
137324453
439106315
740888177
7521341
309303203
611085065
912866927
214648782
516430644
818212506
119994361
421776223
723558085
25339940
327121802
628903664
930685526
232467381
534249243
836031105
137812960
439594822
741376684
43158539
344940401
646722263
948504125
250285980
552067842
853849704
155631559
457413421
759195283
60977138
362759000
664540862
966322724
268104579
569886441
871668303
173450158
475232020
777013882
78795737
380577599
682359461
984141323
285923178
587705040
889486902
191268757
493050619
794832481
96614336
398396198
700178060
1959915
303741777
605523639
907305501
209087356
510869218
812651080
114432935
416214797
717996659
19778514
321560376
623342238
925124100
226905955
528687817
830469679
132251534
434033396
735815258
37597113
339378975
641160837
942942699
244724554
546506416
848288278
150070133
451851995
753633857
55415712
357197574
658979436
541922004
843703866
145485721
447267583
749049445
50831300
352613162
654395024
956176886
257958741
559740603
861522465
163304320
465086182
766868044
68649899
370431761
672213623
973995485
275777340
577559202
879341064
181122919
482904781
784686643
86468498
388250360
690032222
991814084
293595939
595377801
897159663
198941518
500723380
802505242
104287097
406068959
707850821
9632676
311414538
613196400
914978262
216760117
518541979
820323841
122105696
423887558
725669420
27451275
329233137
631014999
932796861
234578716
536360578
838142440
139924295
441706157
743488019
45269874
347051736
648833598
950615460
252397315
554179177
855961039
157742894
459524756
761306618
63088473
364870335
666652197
968434059
270215914
571997776
873779638
175561493
477343355
779125217
80907072
382688934
684470796
986252658
288034513
589816375
891598237
193380092
495161954
796943816
98725671
400507533
702289395
4071250
158231401
460013263
761795125
63576980
365358842
667140704
968922566
270704421
572486283
874268145
176050000
477831862
779613724
81395579
383177441
684959303
986741165
288523020
590304882
892086744
193868599
495650461
797432323
99214178
400996040
702777902
4559757
306341619
608123481
909905343
211687198
513469060
815250922
117032777
418814639
720596501
22378356
324160218
625942080
927723942
229505797
531287659
833069521
134851376
436633238
738415100
40196955
341978817
643760679
945542541
247324396
549106258
850888120
152669975
454451837
756233699
58015554
359797416
661579278
963361140
265142995
566924857
868706719
170488574
472270436
774052298
75834153
377616015
774540805
76322660
378104522
679886384
981668246
283450101
585231963
887013825
188795680
490577542
792359404
94141259
395923121
697704983
999486845
301268700
603050562
904832424
206614279
508396141
810178003
111959858
413741720
715523582
17305437
319087299
620869161
922651023
224432878
526214740
827996602
129778457
431560319
733342181
35124036
336905898
638687760
940469622
242251477
390850202
692632064
994413926
296195781
597977643
899759505
201541360
503323222
805105084
106886939
408668801
710450663
12232518
314014380
615796242
917578104
219359959
521141821
822923683
124705538
426487400
728269262
30051117
331832979
633614841
935396703
237178558
538960420
840742282
142524137
444305999
746087861
47869716
349651578
651433440
953215302
254997157
556779019
858560881
160342736
462124598
763906460
65688315
367470177
669252039
971033901
272815756
574597618
876379480
178161335
479943197
781725059
83506914
385288776
687070638
988852500
290634355
592416217
894198079
195979934
497761796
799543658
101325513
403107375
704889237
6671092
308452954
610234816
912016678
213798533
515580395
817362257
119144112
420925974
722707836
24489691
326271553
628053415
929835277
231617132
533398994
835180856
136962711
438744573
308941461
610723323
912505185
214287040
516068902
817850764
119632619
421414481
723196343
24978198
326760060
628541922
930323784
232105639
533887501
835669363
137451218
439233080
741014942
42796797
344578659
646360521
948142383
249924238
551706100
853487962
155269817
457051679
758833541
60615396
362397258
664179120
965960982
267742837
569524699
871306561
173088416
474870278
776652140
925250865
541560262
843342124
145123979
446905841
748687703
50469558
352251420
654033282
955815144
257596999
559378861
861160723
162942578
464724440
766506302
68288157
370070019
671851881
973633743
275415598
577197460
878979322
180761177
482543039
784324901
86106756
387888618
689670480
991452342
293234197
595016059
896797921
198579776
500361638
802143500
103925355
405707217
707489079
9270934
311052796
612834658
914616520
216398375
518180237
819962099
121743954
423525816
725307678
27089533
328871395
630653257
932435119
234216974
157869659
459651521
761433383
63215238
364997100
666778962
968560824
270342679
572124541
873906403
175688258
477470120
779251982
81033837
382815699
684597561
986379423
288161278
589943140
891725002
193506857
495288719
797070581
98852436
400634298
702416160
4198015
305979877
607761739
909543601
211325456
513107318
814889180
116671035
418452897
720234759
22016614
323798476
625580338
927362200
229144055
530925917
75960918
377742780
679524642
981306504
283088359
584870221
886652083
188433938
490215800
791997662
93779517
395561379
697343241
999125103
300906958
602688820
904470682
206252537
508034399
809816261
111598116
413379978
715161840
16943695
318725557
620507419
922289281
224071136
525852998
827634860
129416715
431198577
732980439
34762294
336544156
638326018
940107880
241889735
543671597
845453459
147235314
692270322
994052184
295834039
597615901
899397763
201179618
502961480
804743342
106525197
308579719
610361581
912143443
213925298
515707160
817489022
119270877
421052739
722834601
24616456
326398318
628180180
929962042
231743897
533525759
835307621
137089476
438871338
740653200
42435055
344216917
645998779
947780641
249562496
551344358
853126220
154908075
456689937
758471799
60253654
362035516
924889123
226670978
528452840
830234702
132016557
433798419
735580281
37362136
339143998
640925860
942707722
244489577
546271439
848053301
149835156
451617018
753398880
55180735
356962597
658744459
960526321
262308176
564090038
865871900
167653755
469435617
771217479
72999334
374781196
676563058
978344920
280126775
581908637
883690499
185472354
487254216
789036078
90817933
392599795
694381657
996163519
297945374
599727236
901509098
203290953
505072815
806854677
108636532
410418394
712200256
13982111
315763973
617545835
842980382
144762237
446544099
748325961
50107816
351889678
653671540
955453402
257235257
559017119
860798981
162580836
464362698
766144560
67926415
369708277
671490139
973272001
275053856
576835718
878617580
180399435
482181297
783963159
85745014
387526876
689308738
991090600
292872455
594654317
896436179
198218034
499999896
801781758
103563613
405345475
707127337
8909192
310691054
612472916
914254778
216036633
517818495
819600357
121382212
423164074
724945936
26727791
328509653
630291515
932073377
233855232
535637094
837418956
139200811
440982673
742764535
44546390
346328252
648110114
949891976
251673831
553455693
855237555
157019410
458801272
760583134
62364989
364146851
665928713
967710575
269492430
571274292
873056154
174838009
476619871
778401733
80183588
381965450
683747312
985529174
287311029
589092891
890874753
192656608
494438470
796220332
98002187
399784049
701565911
3347766
305129628
606911490
908693352
210475207
512257069
814038931
115820786
459289779
761071641
62853496
364635358
666417220
968199082
269980937
571762799
873544661
175326516
477108378
778890240
80672095
382453957
684235819
986017681
287799536
589581398
891363260
193145115
494926977
796708839
98490694
400272556
702054418
3836273
305618135
607399997
909181859
210963714
75599176
377381038
679162900
980944762
282726617
584508479
886290341
188072196
489854058
791635920
93417775
395199637
696981499
998763361
300545216
602327078
904108940
205890795
507672657
809454519
111236374
413018236
714800098
16581953
318363815
620145677
921927539
223709394
525491256
827273118
129054973
430836835
732618697
34400552
336182414
637964276
939746138
241527993
543309855
845091717
146873572
448655434
750437296
52219151
354001013
655782875
957564737
259346592
561128454
862910316
164692171
691908580
993690442
295472297
597254159
899036021
200817876
502599738
804381600
106163455
407945317
709727179
11509034
313290896
615072758
916854620
218636475
520418337
822200199
123982054
425763916
727545778
29327633
331109495
632891357
934673219
236455074
538236936
840018798
141800653
443582515
745364377
47146232
348928094
650709956
952491818
254273673
556055535
857837397
159619252
461401114
763182976
64964831
366746693
668528555
970310417
272092272
573874134
875655996
177437851
479219713
781001575
82783430
384565292
686347154
988129016
289910871
591692733
893474595
195256450
497038312
798820174
100602029
402383891
609999839
911781701
213563556
515345418
817127280
118909135
420690997
722472859
24254714
326036576
627818438
929600300
231382155
533164017
834945879
136727734
438509596
740291458
42073313
343855175
645637037
947418899
249200754
550982616
852764478
154546333
456328195
758110057
59891912
361673774
663455636
965237498
267019353
568801215
870583077
172364932
474146794
775928656
77710511
379492373
681274235
983056097
284837952
586619814
888401676
190183531
491965393
793747255
95529110
397310972
699092834
874689
302656551
604438413
906220275
208002130
509783992
811565854
113347709
415129571
716911433
18693288
320475150
622257012
924038874
225820729
527602591
829384453
131166308
432948170
734730032
36511887
338293749
640075611
941857473
243639328
545421190
847203052
148984907
226309236
528091098
829872960
131654815
433436677
735218539
37000394
338782256
640564118
942345980
244127835
545909697
847691559
149473414
451255276
753037138
54818993
356600855
658382717
960164579
261946434
563728296
865510158
167292013
469073875
770855737
72637592
374419454
676201316
977983178
279765033
581546895
883328757
185110612
486892474
788674336
90456191
392238053
694019915
995801777
297583632
599365494
901147356
202929211
504711073
806492935
108274790
410056652
711838514
13620369
315402231
617184093
918965955
220747810
522529672
824311534
126093389
427875251
729657113
31438968
333220830
635002692
936784554
238566409
540348271
842130133
143911988
445693850
747475712
49257567
351039429
652821291
954603153
256385008
558166870
859948732
161730587
463512449
765294311
67076166
368858028
670639890
972421752
274203607
575985469
877767331
179549186
481331048
783112910
84894765
386676627
688458489
990240351
292022206
593804068
895585930
197367785
499149647
800931509
102713364
404495226
706277088
8058943
309840805
611622667
842618640
144400495
446182357
747964219
49746074
351527936
653309798
955091660
256873515
558655377
860437239
162219094
464000956
765782818
67564673
369346535
671128397
972910259
274692114
576473976
878255838
180037693
481819555
783601417
85383272
387165134
688946996
990728858
292510713
594292575
896074437
197856292
499638154
801420016
103201871
404983733
706765595
8547450
310329312
612111174
913893036
215674891
517456753
819238615
121020470
422802332
724584194
26366049
328147911
629929773
931711635
233493490
535275352
837057214
138839069
440620931
742402793
44184648
345966510
647748372
949530234
251312089
553093951
854875813
156657668
458439530
760221392
62003247
363785109
665566971
967348833
269130688
570912550
872694412
174476267
476258129
778039991
458928037
760709899
62491754
364273616
666055478
967837340
269619195
571401057
873182919
174964774
476746636
778528498
80310353
382092215
377019296
678801158
980583020
282364875
584146737
885928599
187710454
489492316
791274178
93056033
394837895
696619757
998401619
300183474
601965336
903747198
205529053
507310915
809092777
993328700
295110555
596892417
898674279
200456134
502237996
804019858
105801713
407583575
709365437
11147292
312929154
614711016
916492878
218274733
520056595
821838457
123620312
425402174
727184036
28965891
330747753
632529615
934311477
236093332
537875194
839657056
141438911
443220773
745002635
46784490
348566352
650348214
952130076
253911931
555693793
857475655
159257510
461039372
762821234
64603089
366384951
609638097
911419959
213201814
514983676
816765538
118547393
420329255
722111117
23892972
325674834
627456696
929238558
231020413
532802275
834584137
136365992
438147854
739929716
41711571
343493433
645275295
947057157
248839012
550620874
852402736
154184591
455966453
757748315
59530170
361312032
663093894
964875756
266657611
568439473
870221335
172003190
473785052
775566914
77348769
379130631
680912493
982694355
284476210
586258072
888039934
189821789
491603651
793385513
95167368
396949230
698731092
512947
302294809
604076671
905858533
207640388
509422250
811204112
112985967
414767829
716549691
18331546
320113408
621895270
923677132
225458987
527240849
829022711
130804566
432586428
734368290
36150145
337932007
225947494
527729356
829511218
131293073
433074935
734856797
36638652
338420514
640202376
941984238
243766093
545547955
847329817
149111672
450893534
752675396
54457251
356239113
658020975
959802837
261584692
563366554
865148416
166930271
468712133
770493995
72275850
374057712
675839574
977621436
279403291
581185153
882967015
184748870
486530732
788312594
90094449
391876311
693658173
995440035
297221890
599003752
900785614
202567469
504349331
806131193
107913048
409694910
711476772
13258627
315040489
616822351
918604213
220386068
522167930
823949792
125731647
427513509
729295371
31077226
332859088
634640950
936422812
144038753
445820615
747602477
49384332
351166194
760348157
62130012
363911874
665693736
967475598
269257453
571039315
872821177
174603032
476384894
778166756
79948611
381730473
683512335
985294197
287076052
588857914
890639776
192421631
494203493
795985355
97767210
399549072
701330934
3112789
304894651
606676513
908458375
210240230
512022092
813803954
115585809
417367671
719149533
20931388
322713250
624495112
926276974
228058829
529840691
831622553
133404408
435186270
736968132
38749987
340531849
642313711
944095573
245877428
547659290
849441152
151223007
453004869
754786731
56568586
358350448
660132310
961914172
263696027
565477889
867259751
169041606
470823468
772605330
74387185
376169047
677950909
979732771
281514626
583296488
885078350
186860205
488642067
790423929
92205784
393987646
695769508
997551370
299333225
601115087
902896949
204678804
506460666
808242528
110024383
411806245
713588107
15369962
317151824
618933686
920715548
222497403
524279265
826061127
127842982
429624844
731406706
33188561
334970423
636752285
938534147
240316002
542097864
843879726
145661581
447443443
376657554
678439416
980221278
282003133
583784995
885566857
187348712
489130574
790912436
92694291
394476153
696258015
998039877
299821732
601603594
903385456
205167311
506949173
808731035
992966958
294748813
596530675
898312537
200094392
501876254
803658116
911058217
212840072
514621934
816403796
118185651
419967513
721749375
23531230
325313092
627094954
928876816
230658671
532440533
834222395
136004250
437786112
739567974
41349829
343131691
644913553
946695415
248477270
550259132
852040994
153822849
455604711
757386573
59168428
360950290
662732152
964514014
266295869
568077731
869859593
171641448
473423310
775205172
76987027
378768889
680550751
982332613
284114468
585896330
887678192
189460047
491241909
793023771
94805626
396587488
698369350
151205
301933067
603714929
905496791
207278646
509060508
810842370
112624225
414406087
716187949
17969804
319751666
621533528
923315390
225097245
526879107
828660969
130442824
432224686
734006548
35788403
337570265
639352127
941133989
242915844
544697706
846479568
148261423
450043285
751825147
53607002
355388864
657170726
958952588
260734443
562516305
864298167
166080022
467861884
769643746
71425601
373207463
674989325
976771187
278553042
580334904
527367614
143677011
445458873
747240735
49022590
350804452
652586314
954368176
256150031
557931893
859713755
161495610
463277472
765059334
66841189
368623051
670404913
972186775
273968630
575750492
877532354
179314209
481096071
782877933
84659788
386441650
688223512
990005374
291787229
593569091
895350953
197132808
498914670
800696532
102478387
404260249
706042111
7823966
309605828
611387690
913169552
214951407
516733269
818515131
120296986
422078848
723860710
25642565
327424427
629206289
930988151
232770006
534551868
836333730
138115585
439897447
741679309
43461164
345243026
647024888
948806750
250588605
552370467
854152329
155934184
457716046
759497908
61279763
363061625
664843487
966625349
268407204
759986415
61768270
363550132
665331994
967113856
268895711
570677573
872459435
174241290
476023152
777805014
79586869
381368731
683150593
984932455
286714310
588496172
890278034
678077674
979859536
281641391
583423253
885205115
186986970
488768832
790550694
92332549
394114411
695896273
997678135
299459990
601241852
903023714
204805569
506587431
808369293
110151148
411933010
713714872
15496727
317278589
619060451
920842313
222624168
524406030
826187892
127969747
429751609
731533471
33315326
335097188
636879050
938660912
240442767
542224629
844006491
145788346
447570208
749352070
51133925
352915787
654697649
956479511
258261366
560043228
861825090
163606945
465388807
767170669
68952524
370734386
672516248
974298110
276079965
577861827
879643689
294387071
596168933
897950795
199732650
501514512
803296374
105078229
910696475
212478330
514260192
816042054
117823909
419605771
721387633
23169488
324951350
626733212
928515074
230296929
532078791
833860653
135642508
437424370
739206232
40988087
342769949
644551811
946333673
248115528
549897390
851679252
153461107
455242969
757024831
58806686
360588548
662370410
964152272
265934127
567715989
869497851
171279706
473061568
774843430
76625285
378407147
680189009
981970871
283752726
585534588
887316450
189098305
490880167
792662029
94443884
396225746
698007608
999789470
301571325
603353187
905135049
527005872
828787734
130569589
432351451
734133313
35915168
337697030
639478892
941260754
243042609
544824471
846606333
148388188
450170050
751951912
53733767
355515629
657297491
959079353
260861208
562643070
864424932
166206787
467988649
769770511
71552366
373334228
675116090
976897952
278679807
580461669
882243531
184025386
485807248
787589110
89370965
391152827
692934689
994716551
296498406
598280268
900062130
201843985
503625847
805407709
107189564
408971426
710753288
12535143
314317005
616098867
917880729
219662584
521444446
823226308
125008163
426790025
728571887
30353742
445097131
746878993
48660848
350442710
652224572
954006434
255788289
557570151
859352013
161133868
462915730
764697592
66479447
368261309
670043171
971825033
273606888
575388750
877170612
178952467
480734329
782516191
84298046
386079908
687861770
989643632
291425487
593207349
894989211
196771066
498552928
800334790
102116645
403898507
705680369
7462224
309244086
611025948
912807810
214589665
516371527
818153389
119935244
61406528
363188390
664970252
966752114
268533969
570315831
872097693
173879548
475661410
777443272
79225127
381006989
682788851
984570713
286352568
588134430
889916292
191698147
493480009
795261871
97043726
398825588
700607450
2389305
304171167
605953029
907734891
209516746
511298608
813080470
114862325
416644187
718426049
20207904
321989766
623771628
925553490
227335345
529117207
830899069
132680924
434462786
736244648
38026503
339808365
641590227
943372089
245153944
546935806
848717668
150499523
452281385
754063247
55845102
357626964
659408826
961190688
262972543
564754405
866536267
168318122
470099984
771881846
73663701
375445563
677227425
979009287
280791142
582573004
884354866
186136721
487918583
789700445
91482300
393264162
695046024
996827886
298609741
600391603
902173465
203955320
505737182
807519044
109300899
411082761
712864623
14646478
316428340
618210202
919992064
221773919
523555781
825337643
127119498
428901360
730683222
32465077
334246939
636028801
937810663
239592518
541374380
843156242
144938097
446719959
677715932
979497794
281279649
583061511
884843373
186625228
488407090
790188952
91970807
393752669
695534531
997316393
299098248
600880110
902661972
204443827
506225689
808007551
109789406
411571268
713353130
15134985
316916847
618698709
920480571
222262426
524044288
825826150
127608005
429389867
731171729
32953584
334735446
636517308
938299170
240081025
541862887
843644749
145426604
447208466
748990328
50772183
352554045
654335907
956117769
257899624
559681486
861463348
163245203
465027065
766808927
68590782
370372644
672154506
973936368
275718223
577500085
879281947
181063802
482845664
784627526
86409381
388191243
689973105
991754967
293536822
595318684
897100546
198882401
500664263
802446125
104227980
406009842
707791704
9573559
311355421
294025329
595807191
897589053
199370908
501152770
802934632
104716487
406498349
708280211
10062066
311843928
613625790
915407652
217189507
518971369
820753231
122535086
424316948
726098810
27880665
329662527
631444389
933226251
235008106
536789968
212116588
513898450
815680312
117462167
419244029
721025891
22807746
324589608
626371470
928153332
229935187
531717049
833498911
135280766
437062628
738844490
40626345
342408207
644190069
945971931
247753786
549535648
851317510
153099365
454881227
756663089
58444944
360226806
662008668
963790530
265572385
567354247
869136109
170917964
472699826
774481688
76263543
378045405
679827267
981609129
283390984
585172846
886954708
188736563
490518425
792300287
94082142
395864004
697645866
999427728
301209583
602991445
904773307
206555162
508337024
810118886
111900741
413682603
715464465
17246320
319028182
620810044
922591906
224373761
526155623
827937485
129719340
431501202
733283064
35064919
336846781
638628643
940410505
242192360
543974222
845756084
147537939
449319801
828425992
130207847
431989709
733771571
35553426
337335288
639117150
940899012
242680867
544462729
846244591
148026446
449808308
751590170
53372025
355153887
656935749
958717611
260499466
562281328
864063190
165845045
467626907
769408769
71190624
372972486
674754348
976536210
278318065
580099927
881881789
183663644
485445506
787227368
89009223
390791085
692572947
994354809
296136664
597918526
899700388
201482243
503264105
805045967
106827822
408609684
710391546
12173401
313955263
615737125
917518987
219300842
521082704
822864566
124646421
426428283
728210145
29992000
331773862
633555724
935337586
237119441
538901303
840683165
142465020
444246882
746028744
47810599
349592461
651374323
953156185
254938040
556719902
858501764
160283619
462065481
763847343
65629198
367411060
669192922
970974784
272756639
574538501
876320363
178102218
479884080
781665942
83447797
385229659
687011521
988793383
290575238
592357100
444735389
746517251
48299106
350080968
651862830
953644692
255426547
557208409
858990271
160772126
462553988
764335850
66117705
367899567
669681429
971463291
273245146
575027008
876808870
178590725
480372587
782154449
83936304
385718166
687500028
989281890
291063745
592845607
894627469
196409324
498191186
799973048
101754903
403536765
61044786
362826648
664608510
966390372
268172227
569954089
871735951
173517806
475299668
777081530
78863385
380645247
682427109
984208971
285990826
587772688
889554550
191336405
493118267
794900129
96681984
398463846
700245708
2027563
303809425
605591287
907373149
209155004
510936866
812718728
114500583
416282445
718064307
19846162
321628024
623409886
925191748
226973603
528755465
830537327
132319182
434101044
735882906
37664761
339446623
641228485
943010347
244792202
546574064
848355926
150137781
451919643
753701505
55483360
357265222
659047084
960828946
262610801
564392663
866174525
167956380
469738242
771520104
73301959
375083821
676865683
978647545
979136052
280917907
582699769
884481631
186263486
488045348
789827210
91609065
393390927
695172789
996954651
298736506
600518368
902300230
204082085
505863947
807645809
109427664
411209526
712991388
14773243
316555105
618336967
920118829
221900684
523682546
825464408
127246263
429028125
730809987
32591842
334373704
636155566
937937428
239719283
541501145
843283007
145064862
446846724
748628586
50410441
352192303
653974165
955756027
257537882
559319744
861101606
162883461
464665323
766447185
68229040
370010902
671792764
973574626
275356481
577138343
878920205
595445449
897227311
199009166
500791028
802572890
104354745
406136607
707918469
9700324
311482186
613264048
915045910
216827765
518609627
820391489
122173344
423955206
725737068
27518923
329300785
631082647
932864509
234646364
536428226
838210088
139991943
441773805
743555667
45337522
347119384
648901246
950683108
252464963
554246825
856028687
157810542
459592404
761374266
63156121
364937983
666719845
968501707
270283562
572065424
873847286
175629141
477411003
779192865
80974720
382756582
684538444
986320306
288102161
589884023
891665885
193447740
495229602
797011464
98793319
400575181
702357043
4138898
305920760
607702622
909484484
211266339
513048201
814830063
116611918
418393780
720175642
21957497
323739359
625521221
927303083
229084938
530866800
832648662
134430517
436212379
737994241
39776096
341557958
643339820
945121682
246903537
548685399
850467261
152249116
454030978
755812840
57594695
211754846
513536708
815318570
117100425
418882287
720664149
22446004
324227866
626009728
927791590
229573445
531355307
833137169
134919024
436700886
738482748
40264603
342046465
643828327
945610189
247392044
549173906
850955768
152737623
454519485
756301347
58083202
359865064
661646926
963428788
265210643
566992505
868774367
170556222
472338084
774119946
75901801
377683663
679465525
981247387
283029242
584811104
886592966
188374821
490156683
791938545
93720400
395502262
697284124
999065986
300847841
602629703
904411565
206193420
507975282
809757144
111538999
413320861
715102723
16884578
318666440
620448302
922230164
224012019
525793881
828064250
129846105
431627967
733409829
35191684
336973546
638755408
940537270
242319125
544100987
845882849
147664704
449446566
751228428
53010283
354792145
656574007
958355869
260137724
561919586
863701448
165483303
467265165
769047027
70828882
372610744
674392606
976174468
277956323
579738185
881520047
183301902
485083764
786865626
88647481
390429343
692211205
993993067
295774922
597556784
746155509
47937364
349719226
651501088
953282950
362464906
664246768
966028630
267810485
569592347
871374209
173156064
474937926
776719788
78501643
380283505
682065367
983847229
285629084
587410946
889192808
190974663
492756525
794538387
96320242
398102104
699883966
1665821
303447683
605229545
907011407
208793262
510575124
812356986
114138841
415920703
717702565
19484420
321266282
623048144
924830006
226611861
528393723
830175585
131957440
433739302
735521164
37303019
339084881
640866743
942648605
244430460
546212322
847994184
149776039
451557901
753339763
55121618
356903480
658685342
960467204
262249059
564030921
865812783
167594638
469376500
771158362
72940217
374722079
676503941
978774310
280556165
582338027
884119889
185901744
487683606
789465468
91247323
393029185
694811047
996592909
298374764
600156626
901938488
203720343
505502205
807284067
109065922
410847784
712629646
14411501
316193363
617975225
919757087
221538942
523320804
825102666
126884521
428666383
730448245
32230100
334011962
635793824
937575686
239357541
541139403
842921265
144703120
446484982
748266844
50048699
351830561
653612423
955394285
257176140
558958002
860739864
162521719
464303581
766085443
67867298
369649160
671431022
973212884
274994739
576776601
878558463
180340318
482122180
783904042
85685897
387467759
689249621
991031483
292813338
594595200
896377062
595083707
896865569
513174966
814956828
116738683
418520545
720302407
22084262
323866124
625647986
927429848
229211703
530993565
832775427
134557282
436339144
738121006
39902861
341684723
643466585
945248447
247030302
548812164
850594026
152375881
454157743
755939605
57721460
359503322
661285184
963067046
264848901
566630763
868412625
129484363
431266225
733048087
34829942
336611804
638393666
940175528
241957383
543739245
845521107
147302962
449084824
750866686
52648541
354430403
656212265
957994127
259775982
561557844
745793767
47575622
349357484
651139346
952921208
254703063
556484925
858266787
160048642
461830504
763612366
65394221
367176083
668957945
970739807
272521662
574303524
876085386
177867241
479649103
781430965
83212820
384994682
686776544
988558406
290340261
592122123
893903985
195685840
497467702
799249564
101031419
402813281
704595143
6376998
308158860
609940722
911722584
213504439
515286301
817068163
118850018
420631880
722413742
24195597
325977459
627759321
929541183
231323038
533104900
834886762
136668617
438450479
740232341
42014196
343796058
645577920
947359782
249141637
550923499
852705361
154487216
456269078
758050940
59832795
361614657
663396519
965178381
266960236
568742098
870523960
172305815
474087677
775869539
77651394
379433256
681215118
982996980
284778835
586560697
888342559
190124414
491906276
793688138
95469993
362103164
663885026
965666888
267448743
569230605
871012467
172794322
474576184
776358046
78139901
379921763
681703625
983485487
285267342
587049204
888831066
190612921
492394783
794176645
95958500
397740362
699522224
1304079
303085941
604867803
906649665
208431520
510213382
811995244
113777099
415558961
717340823
19122678
320904540
622686402
924468264
226250119
528031981
829813843
131595698
433377560
735159422
36941277
338723139
640505001
942286863
244068718
545850580
280194423
581976285
883758147
185540002
487321864
789103726
90885581
392667443
694449305
996231167
298013022
599794884
901576746
203358601
505140463
806922325
108704180
410486042
712267904
14049759
315831621
617613483
919395345
221177200
522959062
824740924
126522779
428304641
730086503
31868358
333650220
635432082
937213944
238995799
540777661
842559523
896503827
198285682
500067544
801849406
103631261
405413123
707194985
8976840
310758702
612540564
914322426
216104281
517886143
819668005
121449860
423231722
725013584
26795439
328577301
630359163
932141025
233922880
535704742
837486604
139268459
512813224
814595086
116376941
418158803
719940665
21722520
323504382
625286244
927068106
228849961
530631823
832413685
134195540
435977402
737759264
39541119
341322981
643104843
944886705
246668560
548450422
850232284
152014139
453796001
755577863
57359718
359141580
660923442
962705304
264487159
566269021
868050883
129122621
430904483
732686345
34468200
336250062
638031924
939813786
241595641
543377503
845159365
146941220
448723082
750504944
52286799
354068661
655850523
957632385
259414240
561196102
862977964
164759819
466541681
768323543
70105398
371887260
673669122
975450984
277232839
579014701
880796563
182578418
484360280
786142142
87923997
389705859
691487721
993269583
295051438
596833300
898615162
200397017
502178879
803960741
105742596
407524458
709306320
11088175
312870037
614651899
916433761
218215616
519997478
821779340
123561195
425343057
727124919
28906774
330688636
632470498
934252360
236034215
537816077
839597939
141379794
443161656
744943518
46725373
348507235
650289097
952070959
253852814
555634676
857416538
159198393
460980255
762762117
64543972
366325834
668107696
969889558
271671413
573453275
875235137
177016992
478798854
780580716
82362571
384144433
685926295
987708157
289490012
591271874
893053736
194835591
496617453
798399315
100181170
401963032
703744894
5526749
307308611
47213880
348995742
650777604
952559466
254341321
556123183
857905045
159686900
461468762
763250624
65032479
366814341
668596203
970378065
272159920
573941782
875723644
177505499
479287361
781069223
82851078
384632940
686414802
988196664
289978519
591760381
893542243
195324098
497105960
798887822
100669677
402451539
704233401
6015256
307797118
609578980
911360842
213142697
514924559
816706421
118488276
420270138
722052000
23833855
325615717
627397579
929179441
230961296
532743158
834525020
136306875
438088737
739870599
41652454
663523284
965305146
267087001
568868863
870650725
172432580
474214442
775996304
77778159
379560021
681341883
983123745
284905600
586687462
888469324
190251179
492033041
793814903
95596758
397378620
699160482
942337
302724199
604506061
906287923
208069778
509851640
811633502
113415357
415197219
716979081
18760936
320542798
622324660
924106522
225888377
527670239
829452101
131233956
433015818
734797680
36579535
338361397
640143259
941925121
243706976
545488838
847270700
149052555
450834417
752616279
54398134
356179996
657961858
959743720
261525575
563307437
865089299
166871154
468653016
770434878
72216733
373998595
675780457
977562319
279344174
581126036
882907898
184689753
486471615
788253477
90035332
391817194
693599056
995380918
297162773
598944635
900726497
202508352
504290214
806072076
279832681
581614543
883396405
185178260
486960122
788741984
90523839
392305701
694087563
995869425
297651280
599433142
901215004
202996859
504778721
806560583
108342438
410124300
711906162
13688017
315469879
617251741
919033603
220815458
522597320
824379182
126161037
427942899
729724761
31506616
333288478
635070340
936852202
238634057
540415919
842197781
143979636
445761498
747543360
49325215
351107077
896142085
197923940
499705802
801487664
103269519
405051381
706833243
8615098
310396960
612178822
913960684
215742539
517524401
819306263
121088118
422869980
724651842
26433697
328215559
629997421
931779283
233561138
535343000
837124862
138906717
440688579
742470441
44252296
346034158
647816020
949597882
251379737
553161599
854943461
156725316
458507178
760289040
62070895
363852757
665634619
967416481
269198336
570980198
872762060
174543915
476325777
778107639
79889494
381671356
683453218
814233344
116015199
417797061
719578923
21360778
323142640
624924502
926706364
228488219
530270081
832051943
133833798
435615660
737397522
39179377
340961239
642743101
944524963
246306818
548088680
849870542
151652397
453434259
755216121
56997976
358779838
660561700
962343562
264125417
565907279
867689141
169470996
471252858
773034720
74816575
376598437
678380299
980162161
281944016
583725878
885507740
187289595
489071457
790853319
92635174
394417036
696198898
997980760
299762615
601544477
903326339
205108194
506890056
808671918
110453773
412235635
714017497
15799352
317581214
619363076
921144938
222926793
524708655
826490517
128272372
430054234
731836096
33617951
335399813
637181675
430542741
732324603
34106458
335888320
637670182
939452044
241233899
543015761
844797623
146579478
448361340
750143202
51925057
353706919
655488781
957270643
259052498
560834360
862616222
164398077
466179939
767961801
69743656
371525518
673307380
975089242
276871097
578652959
880434821
182216676
483998538
785780400
87562255
389344117
691125979
992907841
294689696
596471558
898253420
200035275
501817137
803598999
105380854
407162716
708944578
10726433
312508295
614290157
916072019
217853874
519635736
821417598
123199453
424981315
726763177
28545032
330326894
632108756
933890618
235672473
537454335
839236197
141018052
442799914
744581776
46363631
348145493
649927355
46852138
348634000
650415862
952197724
253979579
555761441
857543303
159325158
461107020
762888882
64670737
663161542
964943404
266725259
568507121
870288983
172070838
473852700
775634562
77416417
379198279
680980141
982762003
284543858
586325720
888107582
189889437
491671299
793453161
95235016
581252801
883034663
184816518
486598380
788380242
90162097
391943959
693725821
995507683
297289538
599071400
900853262
202635117
504416979
806198841
107980696
409762558
711544420
197562198
499344060
801125922
102907777
404689639
706471501
8253356
310035218
611817080
913598942
215380797
517162659
818944521
120726376
422508238
724290100
26071955
327853817
629635679
931417541
233199396
534981258
836763120
138544975
440326837
742108699
813871602
115653457
417435319
719217181
20999036
322780898
624562760
926344622
228126477
529908339
831690201
133472056
435253918
737035780
38817635
340599497
642381359
944163221
245945076
547726938
849508800
151290655
453072517
754854379
56636234
430180999
731962861
33744716
335526578
637308440
939090302
240872157
542654019
844435881
146217736
447999598
749781460
51563315
353345177
655127039
956908901
258690756
560472618
862254480
164036335
465818197
767600059
69381914
371163776
672945638
974727500
276509355
578291217
880073079
181854934
483636796
785418658
87200513
388982375
690764237
992546099
294327954
596109816
897891678
199673533
501455395
803237257
105019112
406800974
708582836
10364691
312146553
613928415
915710277
217492132
519273994
821055856
122837711
424619573
726401435
28183290
329965152
631747014
933528876
235310731
537092593
838874455
140656310
442438172
744220034
46001889
347783751
649565613
951347475
253129330
554911192
856693054
158474909
460256771
762038633
63820488
365602350
667384212
969166074
270947929
572729791
874511653
176293508
478075370
779857232
81639087
383420949
685202811
986984673
288766528
590548390
892330252
194112107
495893969
797675831
99457686
401239548
703021410
4803265
306585127
608366989
910148851
348272258
650054120
951835982
253617837
555399699
857181561
158963416
460745278
762527140
64308995
366090857
667872719
969654581
271436436
573218298
875000160
176782015
478563877
780345739
82127594
383909456
685691318
987473180
289255035
591036897
892818759
194600614
496382476
798164338
99946193
401728055
703509917
5291772
307073634
608855496
910637358
212419213
514201075
815982937
117764792
419546654
721328516
23110371
324892233
626674095
928455957
230237812
532019674
833801536
135583391
437365253
739147115
40928970
342710832
644492694
946274556
248056411
549838273
851620135
153401990
455183852
756965714
58747569
360529431
662311293
964093155
265875010
567656872
869438734
171220589
473002451
774784313
76566168
964581662
266363517
568145379
869927241
171709096
473490958
775272820
77054675
378836537
680618399
982400261
284182116
585963978
887745840
189527695
491309557
793091419
94873274
396655136
698436998
218853
302000715
603782577
905564439
207346294
509128156
810910018
112691873
414473735
716255597
18037452
319819314
621601176
923383038
225164893
526946755
828728617
130510472
432292334
734074196
35856051
337637913
639419775
941201637
242983492
544765354
846547216
148329071
450110933
751892795
53674650
355456512
657238374
580891059
882672921
184454776
486236638
788018500
89800355
391582217
693364079
995145941
296927796
598709658
900491520
202273375
504055237
805837099
107618954
409400816
711182678
12964533
314746395
616528257
918310119
220091974
521873836
823655698
125437553
427219415
729001277
30783132
332564994
197200456
498982318
800764180
102546035
404327897
706109759
7891614
309673476
611455338
913237200
215019055
115291715
417073577
718855439
20637294
322419156
624201018
925982880
227764735
529546597
831328459
133110314
434892176
736674038
38455893
340237755
642019617
943801479
245583334
547365196
849147058
150928913
452710775
754492637
56274492
358056354
659838216
961620078
263401933
565183795
866965657
168747512
470529374
772311236
74093091
375874953
677656815
979438677
281220532
583002394
884784256
186566111
488347973
790129835
91911690
393693552
695475414
997257276
299039131
600820993
902602855
204384710
506166572
807948434
109730289
411512151
713294013
15075868
316857730
618639592
920421454
222203309
523985171
825767033
127548888
429330750
731112612
32894467
731601119
33382974
335164836
636946698
938728560
240510415
542292277
844074139
145855994
447637856
749419718
51201573
352983435
654765297
956547159
258329014
560110876
861892738
163674593
465456455
767238317
69020172
370802034
672583896
974365758
276147613
577929475
879711337
181493192
483275054
785056916
86838771
388620633
690402495
992184357
293966212
595748074
897529936
347910516
649692378
951474240
253256095
555037957
856819819
158601674
460383536
762165398
63947253
365729115
667510977
969292839
271074694
572856556
874638418
176420273
478202135
779983997
81765852
383547714
685329576
987111438
288893293
590675155
892457017
194238872
496020734
797802596
99584451
401366313
703148175
4930030
306711892
608493754
910275616
212057471
513839333
815621195
117403050
419184912
720966774
22748629
324530491
626312353
928094215
229876070
531657932
833439794
135221649
437003511
738785373
40567228
342349090
644130952
945912814
247694669
549476531
851258393
153040248
454822110
756603972
58385827
360167689
661949551
963731413
265513268
567295130
869076992
170858847
472640709
774422571
76204426
377986288
679768150
981550012
283331867
585113729
886895591
188677446
490459308
964219920
266001775
567783637
869565499
171347354
473129216
882311179
184093034
485874896
787656758
89438613
391220475
693002337
994784199
296566054
598347916
900129778
201911633
503693495
805475357
107257212
409039074
710820936
12602791
314384653
616166515
917948377
219730232
521512094
823293956
125075811
426857673
728639535
30421390
332203252
633985114
935766976
237548831
539330693
841112555
142894410
444676272
746458134
48239989
350021851
651803713
953585575
255367430
557149292
858931154
160713009
462494871
764276733
66058588
367840450
669622312
971404174
273186029
574967891
876749753
178531608
480313470
782095332
83877187
385659049
687440911
989222773
291004628
592786490
894568352
196350207
498132069
799913931
101695786
403477648
705259510
7041365
308823227
610605089
912386951
214168806
515950668
817732530
119514385
421296247
723078109
24859964
326641826
628423688
930205550
231987405
533769267
835551129
137332984
439114846
740896708
42678563
498620576
800402438
102184293
403966155
705748017
7529872
309311734
611093596
912875458
214657313
516439175
818221037
120002892
421784754
723566616
25348471
327130333
628912195
930694057
232475912
534257774
836039636
137821491
439603353
741385215
43167070
344948932
646730794
948512656
250294511
552076373
853858235
155640090
457421952
759203814
60985669
362767531
664549393
966331255
268113110
569894972
871676834
173458689
475240551
777022413
78804268
380586130
682367992
984149854
285931709
587713571
889495433
191277288
493059150
794841012
96622867
398404729
700186591
1968446
303750308
605532170
907314032
209095887
510877749
812659611
114441466
416223328
718005190
19787045
321568907
623350769
925132631
226914486
528696348
830478210
132260065
434041927
735823789
37605644
339387506
641169368
942951230
244733085
546514947
848296809
150078664
451860526
753642388
55424243
357206105
658987967
960769829
262551684
564333546
866115408
167897263
469679125
771460987
73242842
375024704
676806566
978588428
280370283
114929973
416711835
718493697
20275552
322057414
623839276
925621138
227402993
529184855
830966717
132748572
434530434
736312296
38094151
339876013
641657875
943439737
245221592
547003454
848785316
731239377
33021232
334803094
636584956
938366818
240148673
541930535
843712397
145494252
447276114
749057976
50839831
352621693
654403555
956185417
257967272
559749134
861530996
163312851
465094713
766876575
68658430
370440292
672222154
974004016
275785871
577567733
879349595
181131450
482913312
784695174
86477029
388258891
690040753
991822615
293604470
595386332
897168194
198950049
500731911
802513773
104295628
406077490
707859352
9641207
311423069
613204931
914986793
216768648
518550510
820332372
122114227
423896089
725677951
27459806
329241668
631023530
932805392
234587247
536369109
838150971
139932826
441714688
743496550
45278405
347060267
648842129
950623991
252405846
554187708
855969570
157751425
459533287
761315149
63097004
364878866
666660728
968442590
270224445
572006307
873788169
175570024
477351886
779133748
80915603
382697465
649330636
951112498
252894353
554676215
856458077
158239932
460021794
761803656
63585511
365367373
667149235
968931097
270712952
572494814
874276676
176058531
477840393
779622255
81404110
383185972
684967834
986749696
288531551
590313413
892095275
193877130
495658992
797440854
99222709
401004571
702786433
4568288
306350150
608132012
909913874
211695729
513477591
815259453
265640033
567421895
869203757
170985612
472767474
774549336
76331191
378113053
679894915
981676777
283458632
585240494
887022356
188804211
490586073
792367935
94149790
395931652
697713514
999495376
301277231
603059093
904840955
206622810
508404672
810186534
111968389
413750251
881949437
183731292
485513154
787295016
89076871
390858733
692640595
994422457
296204312
597986174
899768036
201549891
503331753
805113615
106895470
408677332
710459194
12241049
314022911
615804773
917586635
219368490
521150352
822932214
124714069
426495931
728277793
30059648
331841510
633623372
935405234
237187089
538968951
840750813
142532668
444314530
746096392
47878247
349660109
651441971
953223833
255005688
556787550
858569412
160351267
462133129
763914991
65696846
367478708
669260570
971042432
272824287
574606149
876388011
178169866
479951728
781733590
83515445
385297307
687079169
988861031
290642886
592424748
894206610
195988465
497770327
799552189
101334044
403115906
704897768
6679623
308461485
610243347
912025209
498258834
800040696
101822551
403604413
705386275
7168130
308949992
610731854
912513716
214295571
516077433
817859295
119641150
421423012
723204874
24986729
326768591
628550453
930332315
232114170
533896032
835677894
416350093
718131955
19913810
321695672
623477534
925259396
227041251
528823113
830604975
132386830
434168692
735950554
37732409
339514271
641296133
943077995
244859850
546641712
848423574
150205429
451987291
753769153
55551008
357332870
659114732
960896594
262678449
564460311
866242173
168024028
469805890
771587752
73369607
375151469
676933331
978715193
280497048
582278910
884060772
185842627
487624489
789406351
91188206
392970068
694751930
996533792
298315647
600097509
901879371
203661226
505443088
807224950
109006805
410788667
712570529
14352384
316134246
617916108
919697970
221479825
523261687
825043549
126825404
428607266
730389128
32170983
333952845
635734707
937516569
239298424
541080286
842862148
32659490
334441352
636223214
938005076
239786931
541568793
843350655
145132510
446914372
748696234
50478089
352259951
654041813
955823675
257605530
559387392
861169254
162951109
464732971
766514833
68296688
370078550
671860412
973642274
275424129
577205991
878987853
180769708
482551570
784333432
86115287
387897149
689679011
991460873
293242728
648968894
950750756
252532611
554314473
856096335
157878190
459660052
761441914
63223769
365005631
666787493
968569355
270351210
572133072
873914934
175696789
477478651
779260513
81042368
382824230
684606092
986387954
288169809
589951671
891733533
193515388
495297250
797079112
98860967
400642829
702424691
4206546
305988408
607770270
909552132
211333987
513115849
814897711
116679566
418461428
720243290
22025145
323807007
625588869
927370731
229152586
530934448
832716310
134498165
436280027
738061889
265278291
567060153
868842015
170623870
472405732
774187594
75969449
377751311
679533173
981315035
283096890
584878752
886660614
188442469
490224331
792006193
93788048
395569910
697351772
999133634
300915489
602697351
904479213
206261068
508042930
809824792
111606647
413388509
715170371
16952226
318734088
620515950
922297812
224079667
525861529
827643391
129425246
431207108
732988970
34770825
336552687
638334549
940116411
241898266
543680128
845461990
147243845
449025707
750807569
52589424
354371286
656153148
957935010
183369550
485151412
786933274
88715129
390496991
692278853
994060715
295842570
597624432
899406294
201188149
502970011
804751873
106533728
408315590
710097452
11879307
313661169
615443031
917224893
219006748
520788610
822570472
124352327
426134189
727916051
29697906
331479768
633261630
935043492
236825347
538607209
840389071
142170926
443952788
745734650
47516505
349298367
651080229
952862091
254643946
556425808
858207670
159989525
461771387
763553249
65335104
367116966
668898828
970680690
272462545
574244407
876026269
177808124
479589986
781371848
83153703
384935565
686717427
988499289
290281144
592063006
893844868
195626723
497408585
799190447
100972302
402754164
704536026
6317881
308099743
609881605
911663467
213445322
515227184
817009046
118790901
420572763
722354625
24136480
325918342
627700204
929482066
231263921
533045783
834827645
136609500
438391362
740173224
41955079
343736941
645518803
947300665
249082520
550864382
852646244
154428099
456209961
757991823
59773678
799678954
101460809
403242671
705024533
6806388
308588250
610370112
912151974
213933829
515715691
817497553
119279408
421061270
722843132
24624987
326406849
628188711
929970573
231752428
533534290
835316152
137098007
438879869
740661731
42443586
344225448
646007310
947789172
249571027
551352889
853134751
154916606
456698468
758480330
60262185
362044047
663825909
965607771
267389626
569171488
870953350
172735205
474517067
776298929
78080784
379862646
681644508
983426370
285208225
586990087
888771949
190553804
492335666
794117528
95899383
397681245
699463107
1244962
303026824
604808686
906590548
208372403
510154265
811936127
113717982
415988351
717770213
19552068
321333930
623115792
924897654
226679509
528461371
830243233
132025088
433806950
735588812
37370667
339152529
640934391
942716253
244498108
546279970
848061832
149843687
451625549
753407411
55189266
356971128
658752990
960534852
262316707
564098569
865880431
167662286
469444148
771226010
73007865
374789727
676571589
978353451
280135306
581917168
883699030
185480885
487262747
789044609
90826464
392608326
694390188
996172050
297953905
599735767
901517629
203299484
505081346
806863208
108645063
410426925
712208787
13990642
315772504
617554366
919336228
221118083
522899945
824681807
126463662
428245524
730027386
31809241
333591103
635372965
937154827
238936682
540718544
842500406
144282261
446064123
747845985
49627840
351409702
653191564
954973426
256755281
558537143
860319005
162100860
463882722
765664584
67446439
369228301
671010163
972792025
274573880
576355742
32297748
334079610
635861472
937643334
239425189
541207051
842988913
144770768
446552630
748334492
50116347
351898209
653680071
955461933
257243788
559025650
860807512
162589367
464371229
766153091
67934946
369716808
671498670
973280532
275062387
576844249
878626111
180407966
482189828
783971690
85753545
387535407
689317269
991099131
292880986
594662848
896444710
198226565
500008427
801790289
103572144
405354006
707135868
8917723
310699585
612481447
914263309
216045164
517827026
819608888
121390743
423172605
724954467
26736322
328518184
630300046
932081908
233863763
535645625
837427487
139209342
440991204
742773066
44554921
346336783
648118645
949900507
251682362
553464224
855246086
157027941
458809803
760591665
62373520
364155382
665937244
967719106
269500961
571282823
873064685
174846540
476628402
778410264
80192119
381973981
683755843
985537705
287319560
589101422
890883284
192665139
494447001
796228863
98010718
399792580
701574442
3356297
305138159
606920021
908701883
210483738
512265600
814047462
115829317
417611179
950389014
252170869
553952731
855734593
157516448
459298310
761080172
62862027
364643889
666425751
968207613
269989468
571771330
873553192
175335047
477116909
778898771
80680626
382462488
684244350
986026212
287808067
589589929
891371791
193153646
494935508
796717370
98499225
400281087
702062949
3844804
305626666
607408528
909190390
210972245
512754107
814535969
116317824
418099686
719881548
21663403
323445265
625227127
927008989
228790844
530572706
832354568
134136423
435918285
737700147
39482002
341263864
643045726
566698411
868480273
170262128
472043990
773825852
75607707
377389569
679171431
980953293
282735148
584517010
886298872
188080727
489862589
791644451
93426306
395208168
696990030
998771892
300553747
602335609
904117471
205899326
507681188
809463050
111244905
413026767
714808629
16590484
318372346
620154208
921936070
223717925
525499787
827281649
129063504
430845366
732627228
34409083
336190945
637972807
939754669
241536524
543318386
845100248
146882103
448663965
750445827
52227682
354009544
655791406
957573268
259355123
561136985
862918847
164700702
466482564
768264426
70046281
371828143
673610005
975391867
277173722
578955584
880737446
182519301
484301163
786083025
87864880
389646742
691428604
993210466
294992321
596774183
898556045
200337900
502119762
803901624
105683479
183007808
484789670
786571532
88353387
390135249
691917111
993698973
295480828
597262690
899044552
200826407
502608269
804390131
106171986
407953848
709735710
11517565
313299427
615081289
916863151
218645006
520426868
822208730
123990585
425772447
727554309
29336164
331118026
632899888
934681750
236463605
538245467
840027329
141809184
443591046
745372908
47154763
348936625
650718487
952500349
254282204
556064066
857845928
159627783
461409645
763191507
64973362
366755224
668537086
970318948
272100803
573882665
875664527
177446382
479228244
781010106
82791961
384573823
686355685
988137547
289919402
591701264
893483126
195264981
497046843
798828705
100610560
402392422
704174284
5956139
307738001
609519863
911301725
213083580
514865442
816647304
118429159
420211021
799317212
101099067
402880929
704662791
6444646
308226508
610008370
911790232
213572087
515353949
817135811
118917666
420699528
722481390
24263245
326045107
627826969
929608831
231390686
533172548
834954410
136736265
438518127
740299989
42081844
343863706
645645568
947427430
249209285
550991147
852773009
154554864
456336726
758118588
59900443
361682305
663464167
965246029
267027884
568809746
870591608
172373463
474155325
775937187
77719042
379500904
681282766
983064628
284846483
586628345
888410207
190192062
491973924
793755786
95537641
397319503
699101365
883220
302665082
604446944
906228806
208010661
509792523
811574385
113356240
415138102
716919964
18701819
320483681
622265543
924047405
225829260
527611122
829392984
131174839
432956701
734738563
36520418
338302280
640084142
941866004
243647859
545429721
847211583
148993438
450775300
752557162
54339017
356120879
657902741
959684603
261466458
563248320
865030182
717408471
19190326
320972188
622754050
924535912
226317767
528099629
829881491
131663346
433445208
735227070
37008925
338790787
640572649
942354511
244136366
545918228
847700090
149481945
451263807
753045669
54827524
356609386
658391248
960173110
261954965
563736827
865518689
167300544
469082406
770864268
72646123
374427985
676209847
977991709
279773564
581555426
883337288
333717868
635499730
937281592
239063447
540845309
842627171
144409026
446190888
747972750
49754605
351536467
653318329
955100191
256882046
558663908
860445770
162227625
464009487
765791349
67573204
369355066
671136928
972918790
274700645
576482507
878264369
180046224
481828086
783609948
85391803
387173665
688955527
990737389
292519244
594301106
896082968
197864823
499646685
801428547
103210402
404992264
706774126
8555981
310337843
612119705
913901567
215683422
517465284
819247146
121029001
422810863
724592725
26374580
328156442
629938304
931720166
233502021
535283883
837065745
138847600
440629462
742411324
44193179
345975041
647756903
950027272
251809127
553590989
855372851
157154706
458936568
760718430
62500285
364282147
666064009
967845871
269627726
571409588
873191450
174973305
476755167
778537029
80318884
382100746
683882608
985664470
287446325
589228187
891010049
192791904
494573766
796355628
98137483
399919345
701701207
3483062
305264924
607046786
908828648
210610503
512392365
814174227
115956082
417737944
719519806
21301661
323083523
624865385
926647247
228429102
530210964
831992826
133774681
435556543
737338405
39120260
566336669
868118531
169900386
471682248
773464110
75245965
377027827
678809689
980591551
282373406
584155268
885937130
187718985
489500847
791282709
93064564
394846426
696628288
998410150
484427928
786209790
87991645
389773507
691555369
993337231
295119086
596900948
898682810
200464665
502246527
804028389
105810244
407592106
709373968
11155823
312937685
614719547
916501409
218283264
520065126
821846988
123628843
425410705
727192567
28974422
330756284
632538146
934320008
236101863
537883725
100737325
402519187
704301049
6082904
307864766
609646628
911428490
213210345
514992207
816774069
118555924
420337786
722119648
23901503
325683365
627465227
929247089
231028944
532810806
834592668
136374523
438156385
739938247
41720102
343501964
645283826
947065688
248847543
550629405
852411267
154193122
455974984
757756846
59538701
361320563
663102425
964884287
266666142
568448004
870229866
172011721
473793583
775575445
77357300
379139162
680921024
982702886
284484741
586266603
888048465
189830320
491612182
793394044
95175899
396957761
698739623
521478
302303340
604085202
905867064
207648919
509430781
811212643
112994498
414776360
716558222
18340077
320121939
717046729
18828584
320610446
622392308
924174170
225956025
527737887
829519749
131301604
433083466
734865328
36647183
338429045
640210907
941992769
243774624
545556486
847338348
149120203
450902065
752683927
54465782
356247644
658029506
959811368
261593223
563375085
865156947
166938802
468720664
770502526
72284381
374066243
675848105
977629967
279411822
581193684
882975546
184757401
486539263
788321125
90102980
391884842
693666704
995448566
297230421
599012283
900794145
202576000
504357862
806139724
107921579
409703441
711485303
13267158
315049020
616830882
918612744
220394599
522176461
823958323
125740178
427522040
729303902
31085757
332867619
634649481
936431343
238213198
539995060
841776922
143558777
445340639
747122501
48904356
350686218
652468080
333356126
635137988
936919850
238701705
540483567
842265429
144047284
445829146
747611008
49392863
351174725
652956587
954738449
256520304
558302166
860084028
161865883
463647745
765429607
67211462
368993324
670775186
972557048
274338903
576120765
877902627
179684482
481466344
783248206
85030061
386811923
688593785
990375647
292157502
593939364
895721226
197503081
499284943
801066805
102848660
404630522
706412384
8194239
309976101
611757963
913539825
215321680
517103542
818885404
120667259
422449121
724230983
26012838
327794700
629576562
931358424
233140279
534922141
836704003
138485858
440267720
742049582
43831437
345613299
647395161
949177023
250958878
552740740
854522602
156304457
458086319
759868181
61650036
363431898
665213760
966995622
268777477
570559339
872341201
174123056
475904918
777686780
79468635
381250497
683032359
984814221
286596076
588377938
890159800
191941655
493723517
795505379
97287234
399069096
700850958
2632813
304414675
606196537
907978399
209760254
511542116
813323978
251447385
553229247
855011109
156792964
458574826
760356688
62138543
363920405
665702267
967484129
269265984
571047846
872829708
174611563
476393425
778175287
79957142
381739004
683520866
985302728
287084583
588866445
890648307
192430162
494212024
795993886
97775741
399557603
701339465
3121320
304903182
606685044
908466906
210248761
512030623
813812485
115594340
417376202
719158064
20939919
322721781
624503643
926285505
228067360
529849222
831631084
133412939
435194801
736976663
38758518
340540380
642322242
944104104
245885959
547667821
849449683
151231538
453013400
754795262
56577117
358358979
660140841
961922703
263704558
565486420
867268282
169050137
470831999
772613861
74395716
376177578
677959440
979741302
281523157
583305019
885086881
186868736
488650598
790432460
92214315
393996177
695778039
997559901
299341756
601123618
902905480
204687335
506469197
808251059
110032914
411814776
713596638
15378493
317160355
618942217
920724079
222505934
524287796
826069658
127851513
429633375
731415237
867756789
169538644
471320506
773102368
74884223
376666085
678447947
980229809
282011664
583793526
885575388
187357243
489139105
790920967
92702822
394484684
696266546
998048408
299830263
601612125
903393987
205175842
506957704
808739566
110521421
412303283
714085145
15867000
317648862
619430724
921212586
222994441
524776303
826558165
128340020
430121882
731903744
33685599
335467461
637249323
939031185
240813040
542594902
484066186
785848048
87629903
389411765
691193627
992975489
294757344
596539206
898321068
200102923
501884785
803666647
105448502
407230364
709012226
10794081
312575943
614357805
916139667
217921522
519703384
821485246
123267101
425048963
726830825
28612680
330394542
632176404
933958266
235740121
537521983
839303845
141085700
442867562
744649424
46431279
348213141
649995003
951776865
253558720
555340582
857122444
158904299
460686161
762468023
64249878
366031740
667813602
969595464
271377319
573159181
874941043
100375583
402157445
703939307
5721162
307503024
609284886
911066748
212848603
514630465
816412327
118194182
419976044
721757906
23539761
325321623
627103485
928885347
230667202
532449064
834230926
136012781
437794643
739576505
41358360
343140222
644922084
946703946
248485801
550267663
852049525
153831380
455613242
757395104
59176959
360958821
662740683
964522545
266304400
568086262
869868124
171649979
473431841
775213703
76995558
378777420
680559282
982341144
284122999
585904861
887686723
189468578
491250440
793032302
94814157
396596019
698377881
159736
301941598
603723460
905505322
207287177
509069039
810850901
112632756
414414618
716196480
17978335
319760197
621542059
923323921
225105776
526887638
828669500
130451355
432233217
734015079
35796934
337578796
18466842
320248704
622030566
923812428
225594283
527376145
829158007
130939862
432721724
734503586
36285441
338067303
639849165
941631027
243412882
545194744
846976606
148758461
450540323
752322185
54104040
355885902
657667764
959449626
261231481
563013343
864795205
166577060
468358922
770140784
71922639
373704501
675486363
977268225
279050080
580831942
882613804
184395659
486177521
787959383
89741238
391523100
693304962
995086824
296868679
598650541
900432403
202214258
503996120
805777982
107559837
409341699
711123561
12905416
314687278
616469140
918251002
220032857
521814719
823596581
125378436
427160298
728942160
30724015
332505877
634287739
936069601
237851456
539633318
841415180
143197035
444978897
746760759
48542614
350324476
652106338
953888200
255670055
557451917
859233779
161015634
462797496
764579358
66361213
368143075
669924937
971706799
273488654
634776246
936558108
238339963
540121825
841903687
143685542
445467404
747249266
49031121
350812983
652594845
954376707
256158562
557940424
859722286
161504141
463286003
765067865
66849720
368631582
670413444
972195306
273977161
575759023
877540885
179322740
481104602
782886464
84668319
386450181
688232043
990013905
291795760
593577622
895359484
197141339
498923201
800705063
102486918
404268780
706050642
7832497
309614359
611396221
913178083
214959938
516741800
818523662
120305517
422087379
723869241
25651096
327432958
629214820
930996682
232778537
534560399
836342261
138124116
439905978
741687840
43469695
345251557
647033419
948815281
250597136
552378998
854160860
155942715
457724577
759506439
61288294
363070156
664852018
966633880
268415735
570197597
871979459
173761314
475543176
777325038
79106893
380888755
682670617
984452479
286234334
588016196
889798058
191579913
493361775
795143637
96925492
398707354
700489216
2271071
304052933
605834795
907616657
209398512
511180374
812962236
114744091
416525953
718307815
20089670
321871532
251085643
552867505
854649367
156431222
458213084
759994946
61776801
363558663
665340525
967122387
268904242
570686104
872467966
174249821
476031683
777813545
79595400
381377262
683159124
984940986
867395047
169176902
470958764
772740626
74522481
376304343
678086205
979868067
281649922
583431784
885213646
186995501
488777363
790559225
92341080
394122942
695904804
997686666
299468521
601250383
903032245
204814100
506595962
808377824
110159679
411941541
713723403
15505258
317287120
619068982
920850844
222632699
524414561
826196423
127978278
429760140
731542002
33323857
335105719
636887581
938669443
240451298
542233160
844015022
145796877
447578739
749360601
51142456
352924318
654706180
956488042
258269897
560051759
861833621
163615476
465397338
767179200
68961055
370742917
672524779
974306641
276088496
577870358
879652220
181434075
483215937
784997799
86779654
388561516
690343378
992125240
293907095
595688957
897470819
199252674
501034536
802816398
104598253
406380115
708161977
9943832
785486306
87268161
389050023
690831885
992613747
294395602
596177464
897959326
199741181
501523043
803304905
105086760
406868622
708650484
10432339
312214201
613996063
915777925
217559780
519341642
821123504
122905359
424687221
401795703
703577565
5359420
307141282
608923144
910705006
212486861
514268723
816050585
117832440
419614302
721396164
23178019
324959881
626741743
928523605
230305460
532087322
833869184
135651039
437432901
739214763
40996618
342778480
644560342
946342204
248124059
549905921
851687783
153469638
455251500
757033362
58815217
360597079
662378941
964160803
265942658
567724520
869506382
171288237
473070099
774851961
76633816
378415678
680197540
981979402
283761257
585543119
887324981
189106836
490888698
792670560
94452415
396234277
698016139
999798001
301579856
18105100
319886962
621668824
923450686
225232541
527014403
828796265
130578120
432359982
734141844
35923699
337705561
639487423
941269285
243051140
544833002
846614864
148396719
450178581
751960443
53742298
355524160
657306022
959087884
260869739
562651601
864433463
166215318
467997180
769779042
71560897
373342759
675124621
976906483
278688338
580470200
882252062
184033917
485815779
787597641
89379496
391161358
692943220
994725082
296506937
598288799
900070661
201852516
503634378
805416240
107198095
408979957
710761819
12543674
314325536
616107398
917889260
219671115
521452977
823234839
125016694
426798556
728580418
30362273
332144135
633925997
935707859
237489714
539271576
841053438
142835293
444617155
746399017
48180872
349962734
651744596
953526458
255308313
557090175
858872037
160653892
462435754
764217616
65999471
634414504
936196366
237978221
539760083
841541945
143323800
445105662
746887524
48669379
350451241
652233103
954014965
255796820
557578682
859360544
161142399
462924261
552505763
854287625
156069480
457851342
759633204
61415059
363196921
664978783
966760645
268542500
570324362
872106224
173888079
475669941
777451803
79233658
381015520
682797382
984579244
286361099
588142961
889924823
191706678
493488540
795270402
97052257
398834119
700615981
2397836
304179698
605961560
907743422
209525277
511307139
813089001
114870856
416652718
718434580
20216435
321998297
623780159
925562021
227343876
529125738
830907600
132689455
434471317
736253179
38035034
339816896
641598758
943380620
245162475
546944337
848726199
150508054
452289916
754071778
55853633
357635495
659417357
961199219
262981074
564762936
866544798
168326653
470108515
771890377
73672232
375454094
677235956
168815160
470597022
772378884
74160739
375942601
677724463
979506325
281288180
583070042
884851904
186633759
488415621
790197483
91979338
393761200
695543062
997324924
299106779
600888641
902670503
204452358
506234220
808016082
109797937
411579799
713361661
15143516
316925378
618707240
920489102
222270957
524052819
825834681
127616536
429398398
731180260
32962115
334743977
636525839
938307701
240089556
541871418
785124564
86906419
388688281
690470143
992252005
294033860
595815722
897597584
199379439
501161301
802943163
104725018
406506880
708288742
10070597
311852459
613634321
915416183
217198038
518979900
820761762
122543617
424325479
726107341
27889196
329671058
631452920
933234782
235016637
536798499
838580361
140362216
442144078
743925940
45707795
347489657
649271519
951053381
252835236
554617098
856398960
158180815
459962677
761744539
63526394
365308256
667090118
968871980
270653835
572435697
874217559
175999414
477781276
779563138
81344993
383126855
684908717
986690579
288472434
590254296
892036158
193818013
495599875
797381737
99163592
400945454
401433961
703215823
4997678
306779540
608561402
910343264
212125119
513906981
815688843
117470698
419252560
721034422
22816277
324598139
626380001
928161863
229943718
531725580
833507442
135289297
437071159
738853021
40634876
342416738
644198600
945980462
247762317
549544179
851326041
153107896
454889758
756671620
58453475
360235337
662017199
963799061
265580916
567362778
869144640
170926495
472708357
774490219
76272074
378053936
679835798
981617660
283399515
585181377
886963239
188745094
490526956
792308818
94090673
395872535
697654397
999436259
301218114
602999976
904781838
206563693
508345555
810127417
111909272
413691134
715472996
17254851
319036713
620818575
922600437
224382292
526164154
827946016
129727871
431509733
733291595
35073450
336855312
638637174
940419036
242200891
543982753
845764615
147546470
449328332
751110194
52892049
354673911
656455773
958237635
260019490
561801352
863583214
319525220
621307082
923088944
224870799
526652661
828434523
130216378
431998240
733780102
35561957
337343819
639125681
940907543
242689398
544471260
846253122
148034977
449816839
751598701
53380556
355162418
656944280
958726142
260507997
562289859
864071721
165853576
467635438
769417300
71199155
372981017
674762879
976544741
278326596
580108458
881890320
183672175
485454037
787235899
89017754
390799616
692581478
994363340
296145195
597927057
899708919
201490774
503272636
805054498
106836353
408618215
710400077
12181932
313963794
615745656
917527518
219309373
521091235
822873097
124654952
426436814
728218676
30000531
935834624
237616479
539398341
841180203
142962058
444743920
746525782
48307637
350089499
651871361
953653223
255435078
557216940
858998802
160780657
462562519
764344381
66126236
367908098
669689960
971471822
273253677
575035539
876817401
178599256
480381118
782162980
83944835
385726697
687508559
989290421
291072276
592854138
894636000
196417855
498199717
799981579
101763434
403545296
705327158
7109013
308890875
610672737
912454599
214236454
516018316
817800178
119582033
421363895
723145757
24927612
326709474
628491336
930273198
232055053
533836915
835618777
137400632
439182494
740964356
42746211
344528073
646309935
948091797
249873652
551655514
853437376
155219231
457001093
758782955
60564810
362346672
664128534
965910396
267692251
569474113
871255975
173037830
474819692
776601554
78383409
380165271
552144021
853925883
155707738
457489600
759271462
61053317
362835179
664617041
966398903
268180758
569962620
871744482
173526337
475308199
777090061
78871916
380653778
682435640
984217502
285999357
587781219
889563081
191344936
493126798
794908660
96690515
398472377
700254239
2036094
303817956
605599818
907381680
168453418
470235280
772017142
73798997
375580859
677362721
979144583
280926438
582708300
884490162
186272017
488053879
789835741
91617596
393399458
695181320
996963182
298745037
600526899
902308761
204090616
505872478
807654340
109436195
411218057
712999919
14781774
316563636
618345498
920127360
221909215
523691077
825472939
127254794
429036656
730818518
32600373
334382235
636164097
937945959
239727814
541509676
843291538
145073393
446855255
748637117
50418972
352200834
653982696
955764558
257546413
559328275
861110137
162891992
464673854
766455716
68237571
370019433
671801295
973583157
275365012
577146874
878928736
180710591
482492453
784274315
86056170
387838032
689619894
991401756
293183611
594965473
896747335
198529190
500311052
802092914
103874769
405656631
707438493
9220348
311002210
612784072
914565934
216347789
518129651
819911513
121693368
423475230
725257092
27038947
328820809
86544677
388326539
690108401
991890263
293672118
595453980
897235842
199017697
500799559
802581421
104363276
406145138
707927000
9708855
311490717
613272579
915054441
216836296
518618158
820400020
122181875
423963737
725745599
27527454
329309316
631091178
932873040
234654895
536436757
838218619
140000474
441782336
743564198
45346053
347127915
648909777
950691639
252473494
554255356
856037218
157819073
459600935
761382797
63164652
364946514
666728376
968510238
270292093
572073955
873855817
175637672
477419534
779201396
80983251
382765113
684546975
986328837
288110692
589892554
891674416
193456271
495238133
797019995
98801850
400583712
702365574
4147429
305929291
607711153
909493015
211274870
513056732
814838594
116620449
418402311
720184173
21966028
323747890
625529752
702854081
4635936
306417798
608199660
909981522
211763377
513545239
815327101
117108956
418890818
720672680
22454535
324236397
626018259
927800121
229581976
531363838
833145700
134927555
436709417
738491279
40273134
342054996
643836858
945618720
247400575
549182437
850964299
152746154
454528016
756309878
58091733
359873595
661655457
963437319
265219174
567001036
868782898
170564753
472346615
774128477
75910332
377692194
679474056
981255918
283037773
584819635
886601497
188383352
490165214
791947076
93728931
395510793
697292655
999074517
300856372
602638234
904420096
206201951
507983813
809765675
111547530
413329392
715111254
16893109
318674971
620456833
922238695
224020550
525802412
827584274
129366129
431147991
732929853
34711708
336493570
638275432
940057294
241839149
543621011
845402873
147184728
448966590
750748452
52530307
354312169
656094031
957875893
259657748
561439610
863221472
165003327
466785189
768567051
70348906
372130768
673912630
975694492
277476347
579258209
881040071
182821926
484603788
786385650
319163478
620945340
922727202
224509057
526290919
828072781
129854636
431636498
733418360
35200215
336982077
638763939
940545801
242327656
544109518
845891380
147673235
449455097
751236959
53018814
354800676
656582538
958364400
260146255
561928117
863709979
165491834
467273696
769055558
70837413
372619275
674401137
976182999
277964854
579746716
881528578
183310433
485092295
786874157
88656012
390437874
692219736
994001598
295783453
597565315
899347177
201129032
502910894
804692756
106474611
408256473
710038335
11820190
313602052
615383914
917165776
218947631
520729493
822511355
124293210
426075072
727856934
29638789
331420651
633202513
934984375
236766230
538548092
840329954
142111809
443893671
745675533
47457388
349239250
651021112
952802974
254584829
556366691
858148553
159930408
461712270
763494132
65275987
367057849
668839711
970621573
272403428
574185290
875967152
177749007
479530869
781312731
83094586
384876448
686658310
988440172
290222027
592003889
935472882
237254737
539036599
840818461
142600316
444382178
746164040
47945895
349727757
651509619
953291481
255073336
556855198
858637060
160418915
462200777
763982639
65764494
367546356
669328218
971110080
272891935
574673797
876455659
178237514
480019376
781801238
83583093
385364955
687146817
988928679
290710534
592492396
894274258
196056113
497837975
799619837
101401692
403183554
704965416
6747271
308529133
610310995
853564141
155345996
457127858
758909720
60691575
362473437
664255299
966037161
267819016
569600878
871382740
173164595
474946457
776728319
78510174
380292036
682073898
983855760
285637615
587419477
889201339
190983194
492765056
794546918
96328773
398110635
699892497
1674352
303456214
605238076
907019938
208801793
510583655
812365517
114147372
415929234
717711096
19492951
321274813
623056675
924838537
226620392
469873538
771655400
73437255
375219117
677000979
978782841
280564696
582346558
884128420
185910275
487692137
789473999
91255854
393037716
694819578
996601440
298383295
600165157
901947019
203728874
505510736
807292598
109074453
410856315
712638177
14420032
316201894
617983756
919765618
221547473
523329335
825111197
126893052
428674914
730456776
32238631
334020493
635802355
937584217
239366072
541147934
842929796
144711651
446493513
748275375
50057230
351839092
653620954
955402816
257184671
558966533
860748395
162530250
464312112
766093974
67875829
369657691
86182935
387964797
689746659
991528521
293310376
595092238
896874100
198655955
500437817
802219679
104001534
405783396
707565258
9347113
311128975
612910837
914692699
216474554
518256416
820038278
121820133
423601995
702492339
4274194
306056056
607837918
909619780
211401635
513183497
814965359
116747214
418529076
720310938
22092793
620583598
922365460
224147315
525929177
827711039
129492894
431274756
733056618
34838473
336620335
638402197
940184059
241965914
543747776
845529638
147311493
449093355
750875217
52657072
354438934
656220796
958002658
259784513
561566375
863348237
165130092
466911954
768693816
70475671
372257533
674039395
975821257
277603112
579384974
881166836
182948691
484730553
786512415
88294270
390076132
691857994
993639856
295421711
597203573
898985435
200767290
502549152
804331014
106112869
407894731
709676593
11458448
313240310
615022172
916804034
218585889
520367751
822149613
123931468
425713330
727495192
29277047
331058909
236892995
538674857
840456719
142238574
444020436
745802298
47584153
349366015
651147877
952929739
254711594
556493456
858275318
160057173
461839035
763620897
65402752
367184614
668966476
970748338
272530193
574312055
876093917
177875772
479657634
781439496
83221351
385003213
686785075
988566937
290348792
592130654
893912516
195694371
497476233
799258095
101039950
402821812
704603674
6385529
308167391
609949253
911731115
213512970
515294832
853202399
154984254
456766116
758547978
60329833
362111695
663893557
965675419
267457274
569239136
871020998
172802853
474584715
776366577
78148432
379930294
681712156
983494018
285275873
587057735
888839597
190621452
492403314
794185176
95967031
397748893
699530755
1312610
303094472
604876334
906658196
208440051
510221913
812003775
113785630
415567492
717349354
19131209
320913071
622694933
924476795
226258650
528040512
829822374
131604229
433386091
735167953
469511796
771293658
73075513
374857375
676639237
978421099
280202954
581984816
883766678
185548533
487330395
789112257
90894112
392675974
694457836
996239698
298021553
599803415
901585277
203367132
505148994
806930856
108712711
410494573
712276435
14058290
315840152
617622014
387603055
689384917
991166779
292948634
594730496
896512358
198294213
500076075
801857937
103639792
405421654
707203516
8985371
310767233
612549095
914330957
216112812
517894674
819676536
121458391
423240253
725022115
26803970
328585832
630367694
932149556
233931411
535713273
837495135
139276990
441058852
742840714
44622569
346404431
648186293
949968155
251750010
553531872
855313734
157095589
458877451
760659313
62441168
364223030
666004892
967786754
269568609
571350471
873132333
174914188
476696050
778477912
80259767
382041629
683823491
985605353
287387208
589169070
890950932
192732787
494514649
796296511
98078366
399860228
701642090
3423945
305205807
606987669
908769531
210551386
512333248
814115110
115896965
3912452
305694314
607476176
909258038
211039893
512821755
814603617
116385472
418167334
719949196
21731051
323512913
625294775
927076637
228858492
530640354
832422216
134204071
435985933
620221856
922003718
223785573
525567435
827349297
129131152
430913014
732694876
34476731
336258593
638040455
939822317
241604172
543386034
845167896
146949751
448731613
750513475
52295330
354077192
655859054
957640916
259422771
561204633
862986495
164768350
466550212
768332074
70113929
371895791
673677653
975459515
277241370
579023232
880805094
182586949
484368811
786150673
236531253
538313115
840094977
141876832
443658694
745440556
47222411
349004273
650786135
952567997
254349852
556131714
857913576
159695431
461477293
763259155
65041010
366822872
668604734
970386596
272168451
573950313
875732175
154622512
456404374
758186236
59968091
361749953
663531815
965313677
267095532
568877394
870659256
172441111
474222973
776004835
77786690
770931916
72713771
374495633
676277495
978059357
279841212
581623074
883404936
185186791
486968653
788750515
90532370
392314232
694096094
995877956
297659811
599441673
901223535
203005390
504787252
806569114
108350969
410132831
711914693
13696548
315478410
617260272
919042134
220823989
522605851
387241313
689023175
990805037
292586892
594368754
896150616
197932471
499714333
801496195
103278050
405059912
706841774
8623629
310405491
612187353
913969215
215751070
517532932
819314794
121096649
422878511
724660373
26442228
328224090
630005952
931787814
233569669
535351531
837133393
138915248
440697110
742478972
44260827
346042689
647824551
949606413
251388268
553170130
854951992
156733847
458515709
760297571
62079426
363861288
665643150
967425012
269206867
570988729
872770591
174552446
476334308
778116170
79898025
381679887
683461749
985243611
287025466
588807328
890589190
192371045
494152907
795934769
97716624
399498486
701280348
3062203
304844065
606625927
908407789
210189644
511971506
3550710
305332572
607114434
908896296
210678151
512460013
814241875
116023730
417805592
719587454
21369309
323151171
624933033
926714895
228496750
530278612
832060474
133842329
435624191
737406053
39187908
340969770
642751632
944533494
246315349
548097211
849879073
151660928
453442790
755224652
57006507
358788369
660570231
962352093
264133948
565915810
867697672
169479527
471261389
773043251
74825106
376606968
678388830
980170692
281952547
583734409
885516271
187298126
489079988
790861850
92643705
394425567
696207429
997989291
299771146
601553008
903334870
205116725
506898587
808680449
110462304
412244166
714026028
15807883
317589745
619371607
921153469
921641976
223423831
525205693
826987555
128769410
430551272
732333134
34114989
335896851
637678713
939460575
241242430
543024292
844806154
146588009
448369871
750151733
51933588
353715450
655497312
957279174
259061029
560842891
862624753
164406608
466188470
767970332
69752187
371534049
673315911
975097773
276879628
578661490
880443352
182225207
484007069
785788931
87570786
389352648
691134510
992916372
294698227
596480089
898261951
200043806
501825668
803607530
105389385
407171247
708953109
10734964
312516826
614298688
916080550
217862405
519644267
821426129
123207984
424989846
726771708
28553563
330335425
632117287
933899149
235681004
537462866
839244728
141026583
442808445
744590307
46372162
348154024
649935886
951717748
253499603
555281465
857063327
158845182
460627044
762408906
64190761
365972623
667754485
969536347
271318202
573100064
874881926
176663781
478445643
780227505
537951373
839733235
141515090
443296952
745078814
46860669
348642531
650424393
952206255
253988110
555769972
857551834
159333689
461115551
762897413
64679268
366461130
668242992
970024854
271806709
573588571
875370433
177152288
478934150
780716012
82497867
384279729
686061591
987843453
289625308
591407170
893189032
194970887
496752749
798534611
100316466
402098328
703880190
5662045
307443907
609225769
911007631
212789486
514571348
816353210
118135065
419916927
721698789
23480644
325262506
627044368
928826230
230608085
532389947
834171809
135953664
437735526
739517388
41299243
343081105
644862967
946644829
248426684
550208546
851990408
153772263
455554125
757335987
154260770
456042632
757824494
59606349
361388211
770570174
72352029
374133891
675915753
977697615
279479470
581261332
883043194
184825049
486606911
788388773
90170628
391952490
693734352
995516214
297298069
599079931
900861793
202643648
504425510
806207372
107989227
409771089
711552951
13334806
315116668
616898530
918680392
220462247
522244109
824025971
125807826
427589688
729371550
31153405
332935267
634717129
936498991
238280846
540062708
688661433
990443295
292225150
594007012
895788874
197570729
499352591
801134453
102916308
404698170
706480032
8261887
310043749
611825611
913607473
215389328
517171190
818953052
120734907
422516769
724298631
26080486
327862348
629644210
931426072
233207927
534989789
836771651
138553506
440335368
742117230
43899085
345680947
647462809
949244671
251026526
552808388
854590250
156372105
458153967
759935829
61717684
363499546
665281408
967063270
268845125
570626987
872408849
304970830
606752692
908534554
210316409
512098271
813880133
115661988
417443850
719225712
21007567
322789429
624571291
926353153
228135008
529916870
831698732
133480587
435262449
737044311
38826166
340608028
642389890
944171752
245953607
547735469
849517331
151299186
453081048
754862910
56644765
358426627
660208489
961990351
263772206
565554068
867335930
169117785
470899647
772681509
74463364
376245226
678027088
979808950
281590805
583372667
885154529
186936384
488718246
790500108
92281963
394063825
695845687
997627549
299409404
601191266
902973128
204754983
506536845
808318707
110100562
411882424
713664286
15446141
317228003
619009865
920791727
222573582
524355444
826137306
127919161
429701023
731482885
33264740
335046602
636828464
938610326
240392181
542174043
843955905
145737760
447519622
749301484
51083339
352865201
654647063
956428925
258210780
559992642
861774504
163556359
465338221
767120083
68901938
370683800
672465662
921280234
223062089
524843951
826625813
128407668
430189530
731971392
33753247
335535109
637316971
939098833
240880688
542662550
844444412
146226267
448008129
749789991
51571846
353353708
655135570
956917432
258699287
560481149
862263011
164044866
465826728
767608590
69390445
371172307
672954169
974736031
276517886
578299748
880081610
181863465
483645327
785427189
87209044
388990906
690772768
992554630
294336485
596118347
897900209
199682064
501463926
803245788
105027643
406809505
708591367
10373222
312155084
613936946
915718808
217500663
519282525
821064387
122846242
424628104
726409966
28191821
329973683
631755545
933537407
235319262
537101124
838882986
140664841
442446703
744228565
46010420
347792282
649574144
951356006
253137861
554919723
856701585
158483440
460265302
762047164
537589631
839371493
141153348
442935210
744717072
46498927
