938081237
526114248
853054750
395594870
531101853
581468458
506006562
989897153
694947441
530425274
99819474
32868644
734876496
157360955
493167406
254286652
449822000
83730153
363195546
485721952
498693707
21741985
3255936
948903943
205737911
191755430
991165271
828668944
730423083
937438202
635277680
887425049
861571710
192625037
883205318
932718826
586975890
10826688
665130864
777119111
448533903
673402686
179145975
579793952
11349253
616325697
536338061
574250027
988286423
919144033
384628612
424514192
948763734
669052536
987109123
959040655
894081046
482048032
891767246
38000876
658983931
250759023
723112037
819635233
180876924
621098033
369615310
643060203
202587160
137428991
783717358
344057616
308218663
10233273
396993003
880628977
888769030
299533695
352117842
987629707
546003228
550091901
563899182
698902073
522153745
687223959
877581577
942345534
942485014
330061036
377078165
841279109
993341537
111500105
719130528
645463955
268584237
390678921
739006548
871864587
46996817
944922340
680674470
345351761
993052725
816242678
672819535
384664554
751005444
640442956
693560430
792326472
421836322
432723058
990627525
634704454
749337276
968039407
847987219
380428407
992842860
5474294
577346127
91437720
62674769
17955693
795524667
250187698
440419836
78813100
576971650
197708064
356834019
626004692
118770563
922764311
901393027
729861829
37225307
890968925
793853711
116357048
539590441
266868156
698594487
308692501
480762317
436387305
743273882
578848650
455602508
548491960
419060036
19535582
468057923
89707871
723769240
573132340
931367224
942258237
4851094
839653799
416155154
52505181
10348363
138068137
908974476
274082975
470746888
807020778
944882776
771701376
907942923
932950611
380248932
713668038
228514117
490438498
282867060
639868545
372673848
968954124
664310214
609062584
156493898
679419443
944304497
111596424
227233382
185611778
161094380
922488177
575568424
59581770
698107192
689148141
459299643
992928653
403460435
70007360
850814369
337408753
738429978
967093723
974193202
797920408
565301266
509802573
793446106
190600502
79821193
181403242
790383770
166117264
303144411
987559179
678209802
875470621
25870393
316864863
408549733
854334629
33239192
284567205
415750186
961806244
103908069
433030812
516249641
333541355
8411442
724268829
987774292
447975469
677045473
465511796
428795482
225986915
955633587
449922835
73822685
593476643
232547935
875579070
23482461
18119111
982641649
748189634
473903904
296783146
657455653
12077707
302071700
476222816
791138265
862913625
187056901
939057914
375162067
112339392
675652853
604564641
792983043
971396800
549261826
479348058
604200760
32529145
258102474
245930310
663798211
585349996
78223460
59625741
510797393
888475204
892547363
216806986
432675334
480317046
554545472
181992400
484018810
964894127
28719787
755437433
745774713
512872061
899566581
189753694
295679815
82826996
620523054
788778572
386141998
778188186
844102490
629262264
732009013
766791716
328228825
81985766
741798370
453269581
460198209
410250385
281501550
43193932
163267570
959249216
219506793
223982477
332270473
70694174
492537190
574441477
29091932
536148494
672445981
936485451
173521370
753728452
830672036
432662335
723142882
597156835
277291732
98274305
862188031
396058141
235747549
685166391
850402682
133897131
807777030
890439202
426735785
34117844
177768971
118894142
210300775
508511013
453594732
630895649
831500784
660375923
925190915
236896325
838281454
180972077
196792012
690856402
964111322
502508878
891451282
855667477
276530671
220475143
596437065
857780283
514563592
732905033
419602961
303724691
355290820
26242809
248519651
768239790
17400328
928024726
882726827
348048152
12833230
509463051
310036233
461780355
77423131
590968893
114091705
769649020
68245137
153007776
54577658
215965926
13536581
152189627
487794073
284995601
948429518
124968775
736259132
905775833
457494184
203407644
190713231
908579476
29063088
320165873
643999769
895986803
111833278
380579444
195668507
10199505
890103143
583150503
94186803
434703535
345907317
641364813
406476580
655559566
319083417
861288362
918561402
296563713
77805069
941288935
80967390
192764468
389813988
468832902
263607116
761049623
821512501
959222659
702163241
947380924
338478723
961359249
713722725
931262716
168440265
201163798
40996212
748015181
74285448
840020733
192501258
188715959
824395414
121926617
207143878
137151885
404173705
662912650
181981766
919604765
775412583
327660774
282882678
648557955
695684552
38938821
408423433
499837042
548403542
126057364
711843908
340243325
561171130
842255744
137623859
641293809
116390539
774404999
665858157
538347520
92449842
553085433
265222353
192457066
816267386
356449357
208019171
664181466
359751258
230886838
862188031
858063908
618299110
194644695
924409965
563058647
974774190
925091777
479194127
372331767
483714406
806269097
163528262
614613737
7475245
867376220
134842247
873789459
555465008
530679561
626394783
564621091
98076615
411627853
258532260
519650807
764655098
373284904
681079835
513564874
147728473
682998879
742460682
778009836
835133379
351218311
245338835
415117534
526223890
79507071
507883116
741375702
435453157
82189498
499483275
891291665
645369973
659974937
469200937
754686441
906375829
254307342
896643490
864419819
276662093
678595402
745703134
376021851
298298138
814935231
363152987
209013143
425610650
572278214
626042020
886175141
73397715
879721407
793337124
533194102
84062365
440858755
365404808
735388054
962709842
18793002
572354683
312856884
949244194
697350197
236447
895688919
639649860
942365110
285338715
865326142
367312112
755477485
268699587
314177013
362053261
528678901
53338185
842658081
872979819
121513026
942154979
80606094
918038614
944680497
596685501
647207514
99830574
880207252
692096051
134833699
282014721
47141463
800848636
871546867
34713538
462553533
490665726
678843200
115162650
207977956
236066637
745895929
551960274
150680062
227995661
973778127
571114669
590156147
921175457
716374675
760960651
651700453
668876457
467629379
737988810
601463280
591825062
996451406
229141091
9815122
534975158
994581472
488143825
58119134
832617081
582420235
259407849
749374273
269398280
678237794
310531413
270156763
923244558
677470372
948055346
712688499
602280406
919290210
318228410
487810090
545346554
190839018
474479329
342011288
652391985
774737
554756111
293360775
840282403
811049965
169908022
329443733
262217980
871842783
394935341
116266196
848911812
497333270
693254341
220296623
947156553
320755333
89995928
763058873
127570732
844984349
751203384
159691010
677630705
232935021
910032223
65335964
308137197
443945027
803062103
727508916
25427795
287544515
572653745
377716002
245321133
174998448
705464005
192848819
781619482
726397898
620760847
748517364
846686319
822601904
75383859
665477783
714249460
347225691
37777213
317395023
944304497
142510845
352766459
869125127
186315481
164392135
187127921
378613096
409637465
819978629
883360219
7615195
156576437
879552306
919771935
971888257
275135423
946046407
656108884
135271451
672458771
24049073
995660374
817749207
863343230
3349294
770366082
882192874
239633038
986752704
576253712
856710013
787874268
469363985
39276003
350875646
979784409
118287299
279685856
29056927
413252530
64698116
388441164
40454395
9892045
388241380
592107714
468535578
320095179
437356306
273130680
861537834
652344226
162541654
273005682
111598649
202804226
19422676
208961556
303330671
302557738
710221904
637933378
237537504
516351189
862612754
47930301
50700492
243335238
247651316
118229241
453846622
535487271
572731251
976430117
93388297
348114287
296802407
474627633
709424727
155430041
325242874
969566705
322491292
29305677
782671634
108259662
297799673
816613225
709104599
39803687
523980373
227133887
285829501
857790147
2791538
90763021
318677314
835352568
856970720
765979719
370480144
522848530
605035690
504651381
621573113
655748829
313045212
428885574
708321423
976228190
699849128
274393686
244459390
682157202
991958074
677271178
728634309
956216602
923442592
701241558
874255452
762204953
530328864
227997231
522061325
804995502
449953182
653639791
367572021
531716916
599753934
989883912
816466040
646928947
871900967
948418588
366995530
401762168
620477005
220788674
131492627
236022584
266163737
148455881
861583160
999606315
367471431
815240338
98206844
372882461
133924025
135866444
1760434
107398729
592899563
995556336
844976689
105533824
447249520
916067661
685419571
957220682
696713425
472610579
873199829
583433666
613480783
743205792
277527269
732128345
179884182
151264802
347968701
40453426
314662057
464203385
421752873
748572101
636593079
344638180
98606791
248878792
146208605
856083080
211434352
254444062
297644413
385346104
72918021
529794300
882454674
117895912
973792340
144242507
436661958
176817508
663078021
758531656
947782154
265894621
45758926
598626654
229502917
590156221
616202978
969629108
103750412
923380113
408980657
832245261
763967119
218240907
939641787
245238645
299724948
706210616
602086253
569327664
450823382
491529563
512183775
394587346
562425902
809073962
792149263
119088410
969159869
982128602
593899033
70609774
739603624
81313555
61912935
610080139
720626666
559416949
41589315
682956956
651233241
373276971
656650938
285690832
197491193
77000215
964988451
607347749
103393493
124914863
403653061
47647626
180312757
545705010
411685459
502846385
158784121
278026218
563036774
815552143
741869235
35768046
11144972
229160789
26639604
80651216
679739725
520839364
729578899
324250173
286656326
826533479
627716648
157561937
841664104
87668301
569666843
908927150
910808639
41980358
940393984
170960588
708019374
775402275
875921408
927736630
237592045
73791615
542826416
330144284
544429110
927954898
884745509
191305146
600592968
944580257
282782873
26937209
129958639
512987692
134127298
223640791
763575825
168600690
44902570
991396007
513882244
677294638
931987077
303160280
95653541
676900933
750572462
283536746
62701543
666480047
459291690
963275506
624070219
250400821
189570606
204796014
6357631
133215508
54819678
341210041
817178890
392010422
860526748
667611256
261171560
897834825
900298219
77118547
79381174
285442727
102242787
752004495
72237085
596927905
753082162
390084271
602038438
81184103
634245110
364235449
567562686
777173498
394442268
938205789
843762711
619528302
781744166
808245108
350213042
339622840
268884927
941304622
337762246
138517568
261693487
78371298
83572522
425556668
480785404
27574024
476154815
659691003
461632932
219847919
296656461
163868240
6407102
220531174
952964984
704206315
371165879
32434767
962710997
235760756
300412489
172529887
209546074
63450016
630933077
922709664
469663037
876302557
624509811
868742458
153096299
54646906
541569982
341778327
632332765
585342641
383838537
521278167
641253646
272421939
536354633
199297864
821485927
233429131
422171023
588085951
628751968
607403606
980258134
135975451
218247097
774688137
368821802
86422359
963229430
898283003
823919131
625235710
514856328
590199367
949947768
94219349
635805252
390518487
799527504
653759965
971139973
957792984
120420335
479574633
783330174
645007512
460881810
587611452
676205203
750422750
921390537
740720042
889787129
120348683
948646281
889017191
211100506
662103595
385182244
709365908
195835322
326066310
548287621
307842046
650499596
608263008
264367449
555190149
158607553
741574893
303465956
778642735
324529263
139835615
848908946
553565312
156782573
676276397
329839990
834051126
661100753
757196675
581967282
176670636
66283436
968957606
919391530
519847480
693371058
51808978
724519990
4529292
933279310
270397667
582085402
255412634
961182033
211521085
312463246
120145469
988842152
29776007
358330867
81705412
544506180
303160323
971015068
140340001
545372979
384170641
608310793
68896640
16166752
531066657
394492753
886134226
269522851
873442666
582944745
844841439
967864685
595617010
57230624
625940615
781097937
994928071
413137627
87450555
422939356
636896474
826307335
354422071
568672702
880381978
422821718
495687576
324396386
419834614
712712505
491610379
892630821
657514502
276716411
975776018
744698570
916017000
448457027
380794705
268304022
277011840
340457483
164860059
532043030
209806270
965791311
243497323
651814582
594211602
164799491
881026614
520709372
11630311
747012147
953096168
710372763
382610106
558097907
383990769
435252955
811170070
901421006
233066749
517025569
468934911
544888328
816783190
62555310
387109501
876564472
838504341
947029142
92713916
321392388
422416996
51793198
257616419
815205696
14397284
281596229
939243186
80604576
317409617
719922002
306487311
293434263
381441024
704243409
211691970
171626422
587596638
619162779
594677472
529009678
773166460
669717470
508433734
364329248
624947714
10894897
469514817
634000270
288153558
291687418
708152481
131107709
151967731
752878093
858781122
328928475
32634999
143082133
413500558
432503634
846657843
351561218
861978122
857315767
743562780
2652507
730615577
422622567
812414638
994178918
819009487
244931243
891705595
839097074
209764273
784085833
923285049
315279102
549677298
134861824
923532785
774548185
960927925
360018713
112323368
85823304
683437185
924000552
18020213
527692086
236635089
900527478
729881757
877062146
341382201
262211208
681886780
20213925
538515452
881610598
916391204
926089848
552646592
490351295
302632844
863844456
618906277
579712706
389064957
458919627
825083644
771228838
89486686
218725890
230057878
111200823
583639173
875947556
880410228
924612320
936573021
32313541
516286818
32429286
315977589
148678473
42950189
493433122
705689849
536315572
319240957
947905203
76103923
460014624
134699843
977280780
49107224
239647580
866940147
718490112
801549988
700581822
1708981
836675974
358882761
512476704
573513539
882804629
516789190
699131406
970774548
944968433
278541881
625362585
848789669
947417
243358073
822131955
53905357
637863181
825318255
482920939
44556191
770268402
995085535
317830805
465108658
548639280
783834713
598247593
367662661
456681296
232808954
113983104
214660948
816836865
997711737
507249477
199497260
298333746
459276544
147516808
220286499
231717211
196436202
568219004
371358231
437870879
745941783
351551519
129312751
852698989
138054452
24863773
754047547
88718264
470223289
445396346
800901281
80611171
169416452
226845657
594828699
998096160
861223457
634456395
429314462
473499467
671734825
616569896
474476693
108379430
680595602
122991628
988354439
234185108
629235491
731461103
111735808
884059970
261365582
969326766
190017506
917354236
330902594
955709165
90206702
801992948
470642609
504172439
24921406
172268692
678754475
387377233
682907816
59294038
441735663
901326425
34358917
904243735
300213100
17901543
63020599
572250484
780720713
694238989
413916431
779567498
21338949
7879763
558641159
2818054
458728579
129861851
450240701
256720627
248833680
467127745
703213390
24247268
376705513
321864017
500213369
894858774
338481182
756239190
962770749
638406849
452642030
176816936
727036976
803567830
521221442
2660781
183144025
410456932
853959684
433279671
433903813
910940597
192694717
738476407
642038449
759495673
864340219
942365893
420902886
136443749
154777689
323022627
817171867
951168243
802164086
464169179
212189239
484896406
78342472
652810961
636954866
443941760
305926982
56100095
579784352
361170399
819752819
424619957
240371179
542963096
399008917
301479241
181993715
360176559
174604963
849474323
971527166
937060461
400508527
523503017
580079746
384810918
663096057
992697322
576772478
322133784
769146053
544666578
850315263
43874480
328183119
914531622
907151307
649461146
707166265
316938055
723010722
622565886
114967296
763179760
395861812
162847102
914142818
930755928
773151026
620103606
420462544
256988302
448640261
694073957
997106099
897073601
954678666
435282513
93391625
217933035
964124916
24877594
274492724
16907327
598344282
717808694
379769767
268074656
342037739
759563362
365383812
942084470
464221169
132881532
215913005
701719923
587933832
975523040
305399088
410665427
552559694
609832510
268055644
772572801
386554086
806124378
58831943
948497447
825194813
633540077
144972985
703205488
591374596
896042559
403666416
401623601
611178134
287406749
682979072
3557958
773534713
261678751
626525506
401107027
309758415
266861113
668203002
227723344
125250665
390693370
560649176
944835975
278302782
248743906
58119343
385522818
722107094
366586023
279227764
24812183
523568158
80993043
820222216
337256936
426344024
67890690
575715592
419122703
168342749
958584639
694192886
791781228
939353915
540260021
535923463
864838044
476118321
626705681
363082597
83209740
845486582
170047167
386630389
278144938
100101470
965935781
991218430
913179752
732526045
591123223
360803060
812156942
887644337
810806931
892846397
781336957
568591578
337828034
740590087
471462847
431921305
416147077
842713364
919580544
817295452
829430999
378541040
783727449
908994618
102014203
456471119
707724387
402294071
843719603
171808710
222557389
42779588
643175217
858876355
530502708
525482143
113110301
474662442
437708803
413466136
486627762
66820209
101084593
381466713
874972333
892670176
668673796
831208630
621575922
740864947
434112329
924618485
170353299
579718489
619894545
398552622
831587398
440336580
392610148
181209200
572638303
746355198
725868843
505283737
558648737
179453354
73386131
451156166
755414747
876723519
113861408
464102697
108418160
874421957
552390330
93832068
573314890
210413009
548555817
993516155
767983995
543868475
291931587
64520536
447258596
282466561
834544084
817913225
195517220
269391870
573682746
924285026
726234388
661963104
848190057
738514866
412222036
951641971
454226338
824023382
218085199
613499992
546667675
797015506
177948740
673762440
953919394
248053960
733413770
454686233
239241784
999732235
842539211
943291346
697868010
296805846
274886762
79406807
533875280
196344364
946255071
187008506
595073572
336236301
389894103
495435922
685786768
260085868
623864255
733121880
258528809
745432414
352655188
795219878
472291220
248232886
92885056
969996096
848965995
573106926
559355581
323390394
743790855
881753977
308129818
184760449
737939769
590929537
94867656
110800775
662521204
454448854
27695855
739969120
232540266
331571920
549009873
348632235
358341022
915130800
527133835
790970280
216370008
848641936
365454287
391490744
67899207
491924828
743250547
75242265
176797665
135103841
578322660
120956436
886845591
367440911
600742879
969930536
627699920
166299535
309031558
155140247
716984283
993255035
878026890
931204136
257382254
686751340
168425244
574578254
711585429
894925018
58157549
244968816
672381581
635063698
948511439
648380811
763772414
244298478
434318609
542987296
831692123
261436071
701382486
726433838
554324514
53450950
925018825
857454900
339844053
501475323
538363753
88967929
770428732
917593522
955688126
323945510
267537142
512570637
387682952
394010816
986454819
281973530
464983665
299255023
199731711
771836044
833866358
29936977
954289440
131492020
561521571
521913515
336482968
50860404
262123514
677729731
229136324
732589461
366384204
592481992
73261182
642585310
914653107
942727571
488847524
30994480
189342711
558508964
889095810
897092138
866259349
728998363
913518334
796611925
817187651
952757541
188666325
993317548
685288147
774240144
908016776
163173828
269483381
920605599
890998973
730133755
934160106
988272924
418678691
722575285
536197716
788736483
925444733
136783198
96905584
19808921
825288676
686813251
601949241
188146971
493128030
353147968
386098722
988647314
442378836
985145298
337684011
992291139
744066707
889727983
462173407
351877767
52284092
212197816
79513524
733679395
195103476
198199538
888800493
621105064
454899875
424029701
683884365
390885983
518309067
756674667
88263995
844818554
206569593
800580842
987975620
205168754
165544591
760852961
457196040
984064842
33427065
437128474
313892182
66029479
844045228
610786599
425013250
381293314
764341940
934097422
888689123
286511994
544744680
434297628
88421760
460549728
975469361
966347772
184072118
999104563
876092864
581974261
291325295
721799118
372438587
996200072
620622658
888748967
172781841
716021971
400798832
710198125
812270418
14741509
378087703
330745827
980502123
374870101
931218711
600853586
621914568
551145547
679349283
835732523
561443765
186363590
503918768
250556795
363131453
247218532
10177337
388134329
327876220
522818184
319703938
581443429
402194422
257334905
699824806
60393918
396295912
250824463
474961919
576529013
131970080
505471999
304291746
264413055
835439172
884051516
718209007
18406394
97885323
846385367
672392606
17508266
963288044
146929955
641419142
576689145
421796330
91255155
408719979
259180049
650595201
200829869
26160347
737548785
162301480
948251959
528518369
882333050
456064979
216397670
813818001
362900705
149732539
994611763
863347600
889205464
395917590
423131079
672500659
448580118
987937697
705997164
309488212
569064651
107483302
718078390
375140717
489871724
892313656
790304473
69842656
330521021
352588592
46031760
850801110
344660324
124572137
957117078
294517451
198462282
720648432
708345446
907958481
327158395
232263596
519354270
282721176
717048967
713973864
794735677
510286566
624570566
703278859
221549225
933057990
229177219
411666507
109130758
999262500
92516719
886793986
226139530
854578003
513481937
34004329
851327847
94504329
9141907
103649965
246842158
29430776
12230370
53720794
425949799
818099972
779378613
928701470
337803398
972627803
13295323
108187567
886543671
308185496
236558176
227023526
781327881
459523312
643559451
800325084
769932587
276482982
577832033
756230343
796415241
282228499
104724713
820826352
493753344
17631653
871248081
555227928
582216633
69940424
968623517
349194816
367027482
745081383
135125365
125795090
901818901
864431852
961876565
15111940
260616431
358759335
610821091
986425604
605732367
247328785
277889379
942502545
161262169
304659252
139486391
213507333
737944602
636961450
638512160
311052318
843235482
673091600
519951516
682811167
604366573
10717096
511986008
272780783
728464657
465221109
136731173
877627975
528010745
562851920
23406839
557073412
449864574
153920736
335361473
514744175
656151157
658037338
926905932
549040965
61853136
686328846
986326810
813691189
71997657
33918380
751778382
753989231
292901590
509536598
806084163
515927802
155944942
821151718
47001468
115633400
866097499
478477510
183263495
822504947
761270710
224898390
615064878
759536284
503030088
265814928
684478866
797640622
222564968
90809184
642863117
497168059
126409095
709396090
512804133
424193176
509310296
567878110
397858784
473102678
496314331
701330152
544674227
883199140
795520034
846936622
261266350
304292465
577067996
682993758
550889863
208227834
106075695
939662664
505005205
922919860
368576568
556218721
559868706
190054850
432346451
739297936
901822828
669854387
260593810
826006064
963300625
324138288
299991907
387804832
680698085
563677601
184063961
487672762
721564142
126430420
344962845
979564004
872655004
262770615
997000731
850836701
939948210
720718324
939136929
342936279
538436150
248702350
387925761
730476273
216000058
188778148
268229114
497996183
121536002
168133574
173328515
307046691
510118008
131495447
690810339
287084885
586343767
507719129
869691078
373641121
599119199
764253686
258037041
258610867
978174438
784149625
644939063
776859955
480667315
653904046
663024866
577785644
288353865
339067120
136643598
838089844
269716395
377616463
237585711
371408212
347242110
983888405
318191108
909825585
328823776
472333816
308789444
164961675
223944732
699266146
92263303
836523405
929939026
4334627
648604128
737381543
699293538
312613632
174917966
704538457
266355583
368561202
702017616
21800614
252504712
744066301
67135677
685666652
834939056
335707445
643530726
401484751
535050803
594231806
519912231
257533555
844624572
930484958
971407624
584328264
537905115
44654402
566216109
287472266
344063027
385244986
515139801
295309136
803958854
303096725
108186874
4103139
558626596
454300724
822210185
18379203
810283014
617724742
900041814
664164743
377507811
40923791
177710991
440818336
58834126
720801613
184332167
189534927
1776422
899378154
854736592
223403722
758607369
569981871
810599862
453179029
595295003
349085780
708000253
455277675
48734553
199043260
112028273
551307351
841185091
463745121
918025597
702161528
214740795
904605905
335415605
547038962
264834971
444276456
535199250
155214137
113043088
155613926
407254462
679972742
794356415
594559601
660292867
222870739
91025526
658977143
40715433
562932529
74702718
98195819
729165473
152384309
45966198
689282164
782877826
314146739
220428144
243732995
375802249
543794334
859377930
744451166
705454384
72229900
508881068
794913086
11433871
917586108
443135542
763214861
432480197
896481988
693961317
519659270
603315277
935980821
429062881
809149838
67185817
692477919
521655608
183258190
780562691
723681116
270388583
594989809
179906123
832697518
991352479
832160368
105735405
231159866
99647944
699368746
679032891
686665697
8210072
646484398
428903738
437286038
350378811
186589282
46385688
573744150
210902078
860685244
783332853
14720496
903803880
376041175
638753267
559542716
686845314
352341168
745367831
222335455
461310678
292659596
815606343
407988078
472904162
646854005
657830158
313076460
608668357
339190942
359489323
672844253
43010697
97239909
634687153
401553048
709333350
372850725
905791410
516007004
270726635
303600185
59131964
695319448
788792766
242116505
954007661
221223871
556746873
846093850
45714431
307171246
241089040
538974666
353028293
964353276
393310819
390166449
92672861
660595571
403197484
4096992
22272410
605600007
951231971
170681836
824323009
214073710
195953509
28511212
841809072
394201290
628025994
424797322
737193281
130903077
718502201
647642306
477032555
744237700
78279182
326175132
326471138
860822330
342370255
826065679
220678590
911419977
287971087
531501181
494734220
497989241
546461723
348766488
984903656
828621990
180200620
55711675
65695259
710764444
342640167
914820598
391806088
412460148
909787448
110649114
155881113
95842013
310182418
338653230
371686097
801411079
556277457
482185170
700765225
849699962
138224079
605974877
688179028
362551583
636000019
798641497
343494181
290510787
750925208
156268921
260231323
837746973
603985186
287737805
491216859
447130064
563102243
533041096
517577991
476430108
199584201
907040730
145696722
390629636
179288824
239576520
388741121
42736845
451650241
321982269
878423105
859603004
135540922
971779002
916036223
660168830
817052273
293654740
506050284
648949766
652144120
38242692
638461969
717754695
932230209
978322690
659350171
887829444
48967708
763269696
127601858
701391303
811750030
194380218
125801527
210058848
437824050
360657186
935047388
604384617
582705394
62678888
51698721
685051033
730835674
849510391
247180593
12809976
786740946
782816926
492429560
420992901
898314526
582949171
476174997
749095955
538101706
751610354
376952515
838770240
322258315
553992272
67134090
857634140
993165309
951202360
263546546
8746433
692665731
513733906
410277254
638076990
343365879
456323209
187424028
56645787
741083619
54012866
825452444
926400853
10265604
805543933
541800761
523350725
762279241
493449053
692543829
655543607
233501319
548686208
805612210
434230442
286526966
447038814
517823757
99106933
450139766
917385946
248381811
602165809
853970253
634105603
487751396
575571721
543957294
641691908
34898059
615080273
674847240
899246930
899355250
35178317
453172533
379685946
885949425
73815943
159733665
677149334
982067505
732257407
729577157
558761351
272533409
719067925
133020482
141924288
162864816
962818129
467081256
398500272
283288893
909355462
996751903
304041753
214761469
859838413
49329044
177679360
231144571
909693867
5623156
231686446
468926844
774394304
624629027
734037041
443316152
968880881
617800659
302046671
62785921
366324520
311857836
70034560
803965152
551004679
217175127
86570044
47197917
386413931
985545874
306352292
694615028
433605900
392291445
874179568
458346846
996231398
159560202
1381614
940462582
575417397
507445516
933646369
584812521
45855578
565507353
116955933
86984444
780109678
536610568
586820114
458331248
413784660
495811706
361192166
937221587
843646871
877585520
546733197
793632762
745700232
785998579
836944746
18910065
442425870
760854203
365585523
741832764
137732764
935645204
789220189
826113624
674984584
698745481
55726744
867965714
697278253
964454732
795129994
344925752
366948202
363031443
294002435
151570817
638400737
991523599
149654575
483416043
315451739
284955285
678266491
76437566
417714335
22162966
786564628
819368092
322821717
26640581
124361214
348070392
658668150
427354176
422027155
35823049
518387447
426926326
4119506
489651225
971084976
374037882
899992961
445030712
558497918
530061535
989342754
182593335
492703933
512113376
884935630
415248731
433541432
199228313
33030869
402184339
982575471
275384785
658988541
82208936
170358399
660603178
899876432
920604451
74187454
322106891
76083844
841136268
819058169
795837820
927736753
321376831
855850609
74384335
862006035
910438113
445828364
398872425
371852248
81444582
317687950
889462245
718157409
123007557
189525648
779934604
788996051
749875815
309283012
813382298
584328258
612956914
281136660
638386395
374262535
570270572
690566180
544003873
295853646
582383727
990899972
86731732
408117698
857114055
862620637
360715734
606223820
108565454
645472116
40378834
617401577
950186462
478811780
757203151
598823736
25879979
308708204
238495056
189503600
812094076
439486168
99928910
461708946
228414224
460559705
113745673
744012698
43229226
655360719
606996255
67054520
636676941
455045977
416282423
851699264
201912153
651560325
519250502
185174429
539943752
942742231
197317849
240827513
699895650
871790162
405202565
109390971
794819087
949813037
698132806
84441904
916037053
266893037
812773060
690470672
728786714
962733865
298742616
981605250
637914852
296803146
744437167
673239348
800857959
845980517
728586552
414069836
35065412
605236327
986719268
320388604
586748
78482726
343246898
901238208
575031250
434131230
814931897
959142390
869277820
649308223
302269835
331955158
134696615
55987568
49651916
448272849
938680544
916793081
648640078
530290792
887898058
804838718
636642105
98124855
322703480
770261612
992207296
364830376
975973929
656164663
171849358
465394683
807044428
13177786
644223678
933190883
152085177
329466911
670708732
765461046
94641449
652111692
267096178
599786523
777892715
867607236
346832722
956036756
574294242
653934513
186645865
503247799
181260040
214928349
597656630
812416323
81201638
177953779
664269459
677591030
514682860
681068972
270365430
654402655
679514988
728725592
629869918
371148289
697668468
56537557
261786132
502379955
889110607
755684179
822974019
45438776
136725284
340982920
589514646
230323311
412437172
190836920
299928613
279003847
315322895
597207257
157816641
427252492
920920897
749774696
845354511
553521844
721665370
844044000
893538696
72416281
22264931
677786712
513820694
117338762
408406722
341551850
743208020
984668814
994569518
429861319
152103824
350658586
998164412
652790269
927875211
874265297
277609784
948389700
333638062
197795057
131531090
441561226
977558678
690313100
480323915
181983344
959293041
136190602
612072495
824343768
845263964
415043880
295346898
303228390
829840963
173835575
40997080
857367359
551755567
412711890
156710389
943649576
232207653
687166512
330875005
507514446
202266069
757648286
859350675
755591161
152091194
195272238
781174932
441421693
704548038
498680376
649038203
291605886
977942964
613690882
350438140
824246749
438980236
127674764
514469329
619932085
888023453
361277253
566358028
317748680
21101122
740086812
859102148
886619444
875031873
787007452
497312397
432844419
292027603
828182814
82019482
10381179
447308001
990758245
358327409
957179400
249531326
259151395
534138803
423337090
20225180
847934540
874723113
161217610
380973858
872447662
515571181
894054731
38581381
33561790
101144582
41022439
348173377
614364584
69591737
711715412
540496712
824115566
224305457
952561619
515764175
322007701
874497215
403941847
970756680
883083311
881864373
660064494
915716717
298119795
466367120
762090608
813128389
881458393
961681249
874511697
375977243
638335388
463565774
69967776
361262128
634261702
757962735
188607528
139796933
19472718
294963651
907127644
481665431
227240351
370561598
606063722
842699732
44123274
109880112
484372925
541831597
681724344
739391056
593017999
659862364
149039459
709097499
912001309
236387290
128748296
400108597
443267274
80347489
372476961
719298082
377157565
321357245
902430720
423389931
211607001
242341014
251375800
612190197
712770013
414213849
684110807
44518173
618035064
596521786
508547861
379446179
90549899
428315464
920120918
657220100
656243996
432724780
197576562
134942947
262853600
632070482
675549913
682660262
960017678
550596750
333720366
897532976
750010236
782288470
440409279
495380563
716600450
229933558
644679571
716362743
779135597
665516311
108771532
950979368
510917007
936990681
167067670
61413325
48697905
939766554
302963751
36744786
356463701
905993118
417984054
539085548
556289469
290578321
911675774
450139491
179592365
149429251
129324139
398797074
999331142
756807608
159099101
255382671
352900167
904547509
15926936
833705192
263037489
470432277
431945478
224473729
257771596
488930215
791591630
497157031
115997165
806876730
816791378
18163799
381847898
991602310
935014098
184341804
295418090
170757690
342263036
725652767
748642252
226045136
93706978
180889538
834431263
460045302
715346661
731994913
807397997
908354336
506478934
127240762
341707507
888354482
463479928
834654790
400560304
242715959
832051227
873694031
967967791
233136626
972008499
443104900
442763432
92164310
37186451
296193487
670522145
130705464
138054269
435780950
299713045
473838124
307751228
685098779
514807602
179061235
204669044
759664686
46570925
934319344
931756835
927122883
710412587
940746314
962247306
273591945
970297821
600250813
336144416
146296933
182105739
673040018
100732421
57749329
177414265
22581731
7696596
895984400
188483600
947352896
441498199
165552159
345056499
365559320
20005662
446205556
189979933
989714877
515350554
767819400
506211031
574721201
897760141
80676657
565952064
230608147
679943686
251813811
915645296
607108726
118907745
599662288
645096419
824076375
893333858
633907170
190142744
211744327
479701807
136622373
245312026
841432648
134319730
969066645
510479457
909517758
614629837
45787512
776709170
244668019
899725226
572428712
477053146
827725480
798185786
131929091
678749240
610023251
337958565
220687160
821645843
87926715
618604089
127311672
141568564
630032184
272468253
626181412
984024038
69479127
400709699
74904606
689929226
972210444
953394795
96542305
21059917
205884253
184695812
20411290
966582691
795662526
956345637
786045463
634351932
252137977
315288339
420149733
641314788
289796467
610847693
768412912
566115682
936635524
110977024
598867571
342177240
400130184
931441581
650150043
58053811
539457341
339867370
339823289
835164051
821671210
442975939
509713750
884064614
871842585
668990766
932854617
979120922
469583580
742315364
527117026
641382612
206238351
457418373
799554991
314811061
48905938
106994036
513117753
52552537
780741122
439696341
929957136
488860256
415162653
968945036
873228134
210967582
674857888
357513071
687067365
22296278
57624809
34203795
415707010
330351874
445216540
348654947
751672715
803718284
507141567
908397607
897784105
65175582
205964828
104025907
466871344
74507365
478230818
954036000
53276005
310692570
897539580
104294470
797756069
180953758
750589761
861144152
144170054
949238639
574656462
64828278
796213908
473771248
118018662
272789858
870894304
315170352
14131712
110323648
860979644
951048786
776521295
805518057
583522777
350185934
966307909
991422946
964377578
142640959
565243931
719628699
103624147
397417670
931364212
685160038
213728981
785862145
958702266
424516995
897131182
999006198
414726311
882189454
321135546
661450511
490585619
362128561
229976396
24486143
819417651
206730908
338549893
24000500
52669072
689668808
548941693
320123593
599984681
28813587
83248276
930614787
537659413
954514449
625318410
850227585
261425220
34633430
922563081
438158336
796634176
791950131
738950874
744041264
392398145
464652556
778526934
152272524
882563146
123151479
25694869
693603140
515347685
686390393
570018037
187516814
41313300
118207965
399925665
860496653
882966594
987781542
134248030
941446092
991424432
200478914
450405
846309210
329527830
897041526
966407650
490991012
538901515
751101538
775787080
507345722
367788029
963448890
304098811
151915954
781376948
175394742
907996649
512873346
835292303
220241491
167322438
679791681
700443963
978110463
438755302
877478978
969172570
848147434
588011979
735776304
823912269
838912998
453704178
878630423
369886636
638017223
768082251
372577772
559278738
789391774
211608270
974643836
178929600
161862060
66142897
311318907
878383939
392007028
370986619
431151584
297392491
974440970
853735748
666759682
381371476
625542131
92416744
530439731
275513666
622157280
917415435
831106169
906308222
100107525
259111521
564987596
388605419
213658139
185742948
205766340
942685910
948527970
698942879
682503025
487392305
74164246
933186956
567674981
222410233
402767562
165173780
103403967
160801448
27601815
96880258
873143071
123552191
644977924
561466807
219158064
110287236
330538527
744547646
669170146
456786717
76712576
957164511
79641239
774553909
64686201
651834035
103674936
937942739
543527606
512852340
579096236
874889786
719407943
261608338
221919973
943801211
741198540
240160363
421403503
894848259
22214439
23311955
505520121
426700577
84837157
344799225
911097008
120408602
393952891
868855139
997689468
454349894
335967681
971271091
752356994
614177570
317142116
543674114
586739817
167439862
713485523
431977900
67168758
788347598
932227776
316650271
854262752
785300228
262448038
475891594
753162852
46233907
885408450
592611218
340126662
33114669
390481031
597275754
321220046
982033876
530938819
911550391
412341402
130186373
74984006
640514370
561586272
417821782
101760186
869552629
871149364
145510019
16378346
515990171
230282703
598131000
153356213
689918422
918386091
870538457
606202791
990792071
745050507
2232366
442389875
73922039
928502469
116950630
458004898
482103062
425762275
136917974
858903218
406747005
259608788
733977589
193177988
173527316
410880585
53199384
966476437
261211974
894632105
457689191
109144603
727739857
526540627
116268560
99391105
211150911
43883933
452720056
785544503
71834461
691951867
846383905
302753043
43067433
764920556
833389069
50439557
120782524
388133220
12835171
839139184
463699811
623623593
672701096
147840985
982834425
940661921
703294592
767209062
539370384
490604050
262045072
601079702
985143595
603302569
224792775
755537428
858116404
101591941
171667230
166447911
107745228
177113992
45671719
980304553
18589062
616046091
684007424
561265266
333031304
832431735
996947775
986908411
459001489
800551712
960182455
655651805
903271401
561158693
184018473
509968431
239178181
915340092
313552226
809166391
130520027
205560692
746467721
98630863
557915092
284332368
197033150
731089234
565481398
756437610
763066923
914493209
856758995
218440146
814166857
251014399
305954507
335691794
455528863
44875227
932282837
986803054
236719806
632272672
165726958
120774788
763152422
29846079
427047010
889421496
325416598
589738984
974698246
693105624
747448111
949142127
200329341
694165599
29449185
307882529
159150880
986108527
947950120
757880357
386031681
286252075
174265699
912006645
785730002
856707113
980437822
295761192
458360666
868368672
351835876
520146506
942934609
709692258
105484151
945203557
13402874
572940885
382898282
979933155
993253292
333493264
627309600
476214983
305849938
553431210
412294097
958758284
782247805
590813715
320029375
483857398
758199248
25623174
9498496
939462868
124262727
21517608
418156979
70917774
738082616
95990967
129269967
131863577
465782175
505811303
127897701
51413976
998530763
171086650
317917042
306806612
638825128
334721835
704304672
372002550
474592878
130199387
741625410
754806734
440834957
60496607
695708492
605904424
707284571
598207097
250089645
903432903
432907440
582811585
955612342
286716577
147073062
729699493
129971305
234836714
651841810
771931453
77484138
61560321
795699312
798426240
220354974
114144024
149510353
89782301
932840247
20836754
677467763
742520918
101106073
297621946
206631911
539723453
567840061
192007109
285319604
366311177
645488777
912127341
356289433
367801230
929755608
510222590
402342800
413317385
7887622
961231164
51504106
708225943
896987329
110201690
812459686
948502180
735085535
977723171
309714787
169764344
465666044
387834619
479858403
113775493
645517727
535336665
685770022
60088996
487819269
231230416
231486474
627703622
334625639
299490529
201382217
944510723
785026433
93197348
22745690
280433531
228609919
684685476
51972783
470047364
275483707
446403710
559172404
674681170
535304859
789888679
604729349
403106539
30398261
88946884
405823054
627478040
981512125
785027929
574140870
290159984
873079219
378017265
928821539
578904105
862063970
460252475
719211070
715556983
833608772
41850770
998958992
603787656
353406141
251500155
719177115
267154940
311995922
737157926
789147173
519904460
971549185
361317353
485090456
28271434
684972220
250443013
77434843
360040065
226040231
199150134
455304488
910434370
92814414
376446341
317721130
44378910
95224212
402632657
53893414
574215771
806410217
931168115
390002056
954491602
460775156
539608250
246492418
405078402
869956654
878899825
494688777
582212394
268146328
1067056
186737357
241656226
47327797
20653790
271382407
771406407
693834349
739246786
526386096
604579435
762975895
536001436
154727537
640153282
465377696
176835930
177752957
645151692
413109696
460331710
230878847
263568593
192250808
627068331
820901145
783785679
590352061
954461217
874066887
929440965
297911689
836181588
999832665
622688792
212224654
721915577
963751802
545818305
593663205
615752657
554447083
708531804
546989363
715256596
302901527
5428128
955066399
546461445
676952051
310121128
190491911
985655073
885057144
851691371
542810903
642099337
393787196
428334666
160901643
143679207
627243913
456607947
523733581
848223250
314386956
239392389
981450038
240662487
843855767
148698145
540477837
604577945
956832545
249095395
779763333
95760454
949342594
130854213
907184162
161636776
405486081
691980873
614108891
215715881
55123247
906683074
254748636
852542889
669444636
178669162
482225386
450326514
712974943
577290562
603648694
645075634
951944688
347712773
400114945
774778406
855058376
569497052
760555305
781109593
298156908
635430792
565074105
734221174
299715917
93452099
148835116
859417808
973865165
921505666
625318928
586101413
552875588
887905030
19586363
356914086
594221715
21939166
136409293
18728319
558117202
699105776
783556971
164597769
186788978
920226968
909724989
438102724
621726174
666818235
514433466
399508957
963905216
691346139
60760462
714673944
169319917
587041915
541361810
341088941
505251714
133585773
400713708
163905815
234958771
328989579
435757926
367915599
799924300
111661044
947472854
473836393
777741066
398334289
491637518
166479416
132518975
724487513
939320289
44384494
200983004
97453515
523109553
395450947
387391764
532341563
298611279
165384235
121527561
625983260
401193265
323706310
548928622
737551762
917622286
175819157
342846503
807866241
507277690
425111849
94343022
679223997
492145861
22935971
113545179
33351699
690668274
12021723
48420336
495740773
814962744
724811487
597168663
741072524
466160141
336368808
471425097
439356800
299214774
349525282
225764632
971256603
427265291
134117998
863972996
222568210
550433174
668182718
24750751
60898155
855307571
365083886
3101471
818570591
87648517
313911852
349000459
687819370
441206244
792768394
82495817
210314845
701930606
933301657
83185944
47563023
818660765
812662661
457455791
570275378
251405753
92022915
702702207
785678035
542124798
782141021
574004316
427922991
653678719
171778513
757685376
761973417
799519468
680475040
6468614
350444937
160423024
153160663
71892945
662947572
560841936
373128360
416334743
433451412
128164177
514190599
403349063
931896366
388927378
718290932
422876897
693814711
985612738
385656584
570568763
698284576
806958091
420611494
575440339
635891239
609210963
50553537
893067443
244253283
537315043
543944595
936639479
42289920
863618226
842273444
188761256
401017454
650153736
8644573
173741432
620770994
958335929
291867107
409644742
381895130
27175052
542990780
620177423
126056233
581306892
946157404
863252240
833224236
619270603
191606976
964562112
893200313
952805983
576185158
551774383
869101671
142614483
331411461
446718047
63569031
311183710
100685830
76589665
115031949
80756446
781218527
220253477
321514718
97380993
253515655
109048182
118387509
529237306
274592899
922949766
31994826
794536999
440759131
68639706
714718537
642346916
196716983
341236622
655490990
183599287
542873471
135630073
311116716
315438249
245489951
192727629
276911986
705549657
969239421
790070245
917405282
448978447
903135712
482333848
597979991
634695125
172187338
435261989
561292936
992008770
602930794
459026260
203060521
959593571
983853611
489699909
258221392
893403823
181227980
760853322
534333370
913886639
351166914
437347531
363884403
559971225
217221786
166039133
531935064
634849601
143398948
895529208
436109169
805203059
760701265
644804585
238965177
464236238
102380757
403123944
542238970
161238867
227147000
927885493
898167434
548956542
894827031
117732146
660827731
964272227
737294775
295851516
998109209
825923245
94748725
857002245
610135229
766423697
611029849
968276606
369285011
533176587
972429189
609554787
359468308
734281750
547249519
103310715
853320129
374673229
315862524
59785703
318116011
278671614
217551857
482423973
925344009
164267755
273145496
526114053
540536453
596978878
487852482
943872600
934326929
201287310
949254239
877700070
312135561
755521808
365392109
692248975
455801211
399736973
762992484
521060606
195574907
637047605
983492640
756701347
332626517
288205939
57710289
481100788
912325087
358794165
923816417
887077504
165871910
242514057
772525764
430183778
348863093
771867958
281329987
651842642
324899191
255779904
957179544
676181331
787215976
553195449
464877913
339205853
749875203
377163073
494644344
567728711
984788628
707106093
430246218
731276532
161635739
744095508
705277497
153108302
192555257
621643179
927033023
894044042
820922457
837707404
588277392
93158008
476017908
929523076
594387635
545324367
109991058
674363383
911270816
59120275
413805662
790023548
596666145
453208231
758319017
422994053
363759947
568404593
453346499
77228035
6381444
127065549
871505090
989644553
878610807
327060545
772269518
714615472
262165610
76822897
863450646
794323477
160780763
125923765
212222423
749901886
55764155
237772130
974468158
252093382
417956175
147018383
549589702
16454542
579271901
903963278
717420466
832552216
719524680
665792155
919533210
481698231
207404123
691795909
370590024
104758648
618132824
66810452
678236677
462514892
415057750
323557147
805698176
899892772
790795083
37660248
170485618
333797263
911855674
338074359
351149632
689944100
702581557
409645761
597308143
353912691
909757844
242768167
611719495
581874739
861591152
61795508
531554015
908184009
853395682
943413946
695392684
54900711
812011273
721499454
277268125
954072787
430073152
74013587
582207712
169475126
73910110
607038005
891198069
451944198
790984322
941416158
607711189
78667353
256660351
995402174
870034129
263599373
309285878
680774029
19755014
84643175
352511784
674203142
632922304
899100418
423789969
382784362
619737752
964983798
281128060
141585774
234233085
283899225
307177804
914982497
838173605
197997352
381027009
439105114
382183356
246771447
644245291
793243080
179553992
583740650
758273939
33807519
524706420
14175283
670230008
820427978
204015825
119818973
318655345
498391200
794812541
226803305
910868994
351108363
53974860
955676184
496667477
887804215
201319882
718377542
34609
396438881
805020582
426627293
843604588
792331116
156590386
323583746
276597554
7543052
27034515
600676884
895530529
759975292
122422629
356189160
449109530
488146110
707181592
505205487
92178483
953887165
522577803
884304787
150404883
261456045
523226932
215187672
716558628
484899708
820918104
537836506
748212675
302815275
160153943
834521723
455522987
853106198
788179154
132602615
929005341
330821202
332374639
516751335
562174786
463728909
874113786
689154110
583305185
444034371
292004078
159428387
711125966
225770481
591265487
342246066
958155798
207084054
528808782
940710469
111302603
206796532
128598893
893498666
807346404
547121366
78755298
675075287
641177257
495551128
587624815
635355368
288121381
71090392
703983647
170628408
184785301
578729695
943447851
995050266
444497514
842462871
158195385
695637084
103900177
491432578
217656843
894857276
858982661
167305597
717175086
911858553
338416582
650082556
118665863
351606850
734032842
688942226
225598602
286150001
939369985
540261629
641851385
696611593
750956909
226804432
321414406
339839704
845402879
480481329
596475950
293842007
110825325
139192808
620607501
334077082
262238323
465713349
422764185
495212700
405889442
203324348
892467453
991875087
742889305
92964332
233647535
617769940
146844531
589551184
513363664
767868717
264919342
226143151
323198865
73712209
5150540
347696033
547072270
154246358
234505624
319291438
766775224
718433938
333200413
663493941
401613934
964550370
819758506
721527025
196602152
250324689
623760594
10456359
437178680
397268757
947602131
769510554
666350333
944267834
556072134
397631087
911260045
430342687
499831665
417582203
425058537
892031661
212531425
402608521
731547829
138933162
176111345
439472838
463464507
276650378
839771725
821198171
958617420
954787881
643718869
973148284
139895454
735396379
400897844
484297295
543386676
853213826
319391703
269175880
961108181
304110951
185885803
787445472
757211707
970304969
908003079
6333264
971970489
886520625
466215426
937159959
795910585
682155707
334068002
824417719
434263777
579991454
23759774
932610827
699134352
52914074
779697207
645317390
95960903
184435132
704690244
796483208
449157622
902392956
861379237
60827060
797631795
200291940
547851995
446887923
361652367
597449456
14251212
464965390
611216544
399354291
335635719
115881737
540519536
229480454
949860374
329207418
581675451
591295218
746355905
696135576
470141398
260579942
819825721
585918487
782861019
195984613
243729214
738321278
602566280
649714617
229908783
453732618
31941786
137315229
965528308
124231311
621351827
393861762
365480293
525502798
891977437
868400597
539744118
482968242
515071577
674643237
648360838
397644519
554407051
999592520
654676780
443776121
215158690
1777351
191777249
608763723
180394428
14987888
919741885
395251453
181944040
439192773
151362720
95391249
498057145
783394602
741157449
313612417
51696427
854221572
496917073
184167420
216075556
690634251
119177572
473807789
934892439
298498267
961021216
713914051
125547759
639476061
599756486
609691993
32218038
957010771
379276186
901574856
981001867
905212231
671337952
515330518
583940163
312004816
820897769
569436602
940304394
22576417
663225189
391447139
789938449
865852178
64065923
762036783
327456764
140185721
861432577
494298251
230998598
338806729
838661533
700568943
514922305
356371349
276599722
971329350
606469561
201385539
120829385
222736018
783645193
889468495
590521432
350882319
993133859
901078990
910774927
119420481
525203733
765677071
229764785
152854796
833852587
982689850
30747671
11727717
206974679
953084661
223665574
25430147
656991972
355763354
353048420
466370232
842541996
744126007
721712911
93788819
607198966
668313598
551870814
734266178
646758913
295875656
397826602
3057897
139604976
39044672
343546096
47845077
51119643
616532062
729783188
360557479
475902503
770231857
270751105
889210536
144931346
617156110
284835235
338195272
263659977
269414829
272950039
553356164
986595943
87460084
578653922
335915018
759530900
49087644
439394439
374489923
79389610
616071703
436236801
473165148
772854853
413783495
78959115
190168214
698511201
276135616
694244321
392848157
363271144
831038834
75454543
435560501
714926916
957088218
791104936
464915254
288155371
559274572
560465277
873161364
948695190
82939666
55858086
628418557
198100358
683822471
625382465
313054058
39221654
275266941
193486844
95742229
42253219
662783395
508123394
818727665
151304791
61501248
884022560
416855917
314328409
339099939
535517669
818669301
241933808
324199943
509181959
298682895
809644662
194406782
50450594
779922496
179023157
491436272
185828156
591328057
86890563
439971126
195646272
245714808
56741244
723465876
511860964
724886716
42593745
627428667
737123971
619282165
492313320
659885813
641440719
745104695
727042977
806823183
107775808
94288403
143069636
935896026
492495749
489433234
997815186
738516620
573555464
442379393
515143860
308841777
948528909
853569246
599987880
263084536
744785041
998063038
611832258
18314041
289675313
224252431
537398542
49300542
208480271
279087894
127058632
115470109
300479874
355759240
483051639
77955243
353624880
380446221
736757687
538820512
494956031
757142123
477637839
215416596
645753272
370841532
466292949
918882441
758456133
100538668
659918733
275102625
502946585
3574897
567881787
67369794
879315537
569094778
901611215
797478696
441189759
968143032
524188239
44613906
788986575
352763331
495460516
134612551
553521846
936597512
319456796
7487935
617374975
194750272
569798698
409777588
749285075
553426449
19673613
558514853
888030987
870091691
86075549
181928613
829643322
586078645
161748142
451913313
63213305
468430633
926350089
677647898
103246042
623001632
335363149
494978014
103648918
354897244
711311013
162148621
325872984
906423096
576394865
892522962
98808670
28843814
299131885
62520033
988262115
932693700
655319619
634360427
353010780
491747533
214662893
19571896
886783699
473579879
93407511
626006267
517185367
690867031
943369266
843896634
969545138
907758191
752865402
19671214
439791058
546315934
926614330
947223051
406615065
339868485
906195262
385321800
617633208
900005141
430888006
443853146
916176786
618169901
466799833
495468275
411615363
384938144
531610547
189386931
894250048
711248400
667453427
903608659
518421053
147054569
787299839
19560367
306813665
221321237
417098097
832243518
179512982
987199161
902345860
558348043
802168367
900815861
661404346
163699674
122979606
858040867
698781190
503187064
227356686
192267027
887718688
738109313
896838946
135586872
285431413
174813655
106336535
560573247
388264847
777653920
953722575
948795405
731464299
35801413
789803470
444820318
901057304
829319466
734533778
765122563
48673814
589697356
302719105
881004718
768449999
561448259
930159257
346162891
596336878
67191347
565420111
288155518
2441062
889286645
4881492
888647010
147928936
539921267
138088301
437225547
770806984
972105447
579985009
578350077
461063930
685963331
279622978
512923724
985969355
283127222
428022068
13850415
823861898
68686945
363586847
577692857
567763839
454128091
27081365
894033539
533394657
876810990
358246847
18673716
811594681
98847552
654141123
689020461
435892221
773081945
766370094
266550265
571598273
588514756
970866222
568599970
441618710
729716474
675844997
298527439
727951172
149581905
171436327
511501751
149121632
79760955
337708261
3714124
200784285
384436998
631307185
703671599
980176063
722742581
317500846
533325340
426496764
988292618
253145687
594593837
336260463
354675929
134915895
316145404
982481989
327953822
534851545
65959227
493681956
112932151
193424847
262660340
668130122
867630932
248404209
510310873
395522801
9332790
974834225
824104127
865273628
477863207
165218502
654520816
164789709
581442445
322117925
743310617
291097858
677176438
485109562
946587405
747782618
163057768
308037720
399531485
565535264
455232214
208382264
13051394
302854577
972441348
48949291
920850003
490749047
700273031
429007963
623054892
952394526
878103759
36483814
410654861
740026790
852069846
585433350
982803578
689987139
94037867
231141971
607437735
723588901
592402904
952035734
471768590
905579026
955245599
111726353
1044273
159951238
157480880
746772140
358908052
951972735
738287596
665598663
267449490
24745006
230022748
84331834
976448555
697614121
698234672
59339266
397827043
757694358
404230434
434343293
367585344
352277741
34313152
297490338
609850735
830883219
901047855
978187797
797781308
408309071
637896703
867631599
141678481
91570785
530990308
273384504
335047865
226156859
570927620
708741610
612586257
754507364
809364173
4519367
426699563
984124103
726150072
723631354
606801586
466926815
585093645
599448028
157538198
647102157
977833436
536739071
114488727
116562766
476518112
182479463
105063689
2807691
264005877
704446391
422419576
599851062
196028431
394005902
670275674
430099588
380587448
384940282
41426257
503076876
417977296
525494465
715463779
599566659
347769580
545036288
867178978
676486546
898207928
134085218
63055718
55992068
390917993
499200613
174395375
331984341
445966977
368507387
563701236
748417772
213821103
467911354
144327626
692441403
866766974
612434632
619281477
532996326
791438974
883884975
136714777
970441467
513630329
829206320
598214515
462398051
4590732
291577047
330071988
457667122
804167107
739826941
799701427
250520379
218275892
341025324
461558111
528770306
946361471
215726690
26368793
796483302
149898888
721914147
161491204
492890137
673357396
492737040
259561959
668565584
368960862
77021348
519983584
21907160
450527947
139759733
129949387
89167482
985611378
115406701
630980078
952304925
520432830
280755248
920715430
274642824
126584044
349210492
37498405
782145611
234220222
70784987
683639663
612614780
709599291
272433770
423589184
184203197
699382000
442561567
664156407
820458469
654519438
266732162
847851341
932945407
884983717
751367963
276270692
12428785
573241777
739194806
328648087
168855571
7587718
101886031
37928736
791587867
391008011
152461607
460305913
741969382
713508507
459448006
975944388
871633277
861479622
796041885
870049697
381844060
551919805
172721960
431115178
933442131
765430086
495699449
570757046
465780751
660929256
307006290
93676333
24702481
571031573
135312586
624428425
976102071
105223071
591377888
519186486
450373888
787140323
419308872
980420611
973837321
564247724
310252303
853761323
594864867
407975788
575955922
417895979
13936727
715979449
759280627
973043771
104059986
146917668
786115802
351497486
111896578
690565934
756456878
409494689
41280332
125490970
713252404
509547740
913933280
147557109
610956369
655520084
537836495
789699869
930012967
678320085
532869854
982900618
292002893
737862456
652595197
392714799
219360005
249207158
192468398
931028586
361861028
765268819
250744790
895516096
95912188
773621767
812527687
211165735
478144219
151741954
668724187
165508478
161778723
596249894
429026091
437815360
335520475
54047598
846374388
311847625
637167144
864337076
505935721
725055204
133082228
13982115
716190265
464144259
506051236
871784154
718770346
246061418
538813832
462050061
378132141
453496051
109158225
393141866
331266058
808447650
629378333
937401450
215540177
511358608
175294804
594824182
191363981
495226236
580502003
998269883
456527453
397182519
97205014
952831019
242523296
369374201
483817932
250157
305766617
738061103
868876197
627936925
894528591
436790305
521291566
576832774
418088882
576689622
231076232
637290968
45798181
451625563
278173130
351587294
849431198
608870710
513532003
181234029
680951099
716350862
278972567
283993773
152581386
981927649
349357936
352775748
926584602
405508496
106173109
872783502
809120739
489412038
293216182
564763437
506752451
127851669
365021296
771495343
252491961
405960236
965934846
981599645
783676920
293181275
85973963
630712251
256729405
913737349
767188120
683484385
782625522
176006118
675872708
431218663
846435882
625695553
207883818
511529946
707458425
503169562
342526326
74913843
454617612
544086587
915053245
164205698
215277934
987971545
494591295
396669776
923005960
786377331
138601616
80863827
80459310
97366119
848805235
260993325
543065439
577573252
917101626
445417018
772458875
600129786
115586089
325826370
103392957
181839585
259005570
682869213
53231976
322013179
91448229
855805611
980930574
722279799
542595580
223676953
685240922
155464213
677466937
336045899
866252318
726131575
746324199
401403783
395321952
720902000
414969004
73729685
165430987
124267935
649929437
488649066
273915717
639713058
44712682
98706316
688829711
708209586
334093928
821533706
588066689
193372018
423028546
474399461
319550659
453467863
917585438
728709572
454099326
520935123
658407002
710162036
185644866
785975118
639107835
461008738
799866442
860306581
546971066
183336782
274710058
592454604
231795052
871776644
359727533
117783582
747463477
945479270
200130238
155643318
855703110
770564927
110973357
199041031
71180208
512701623
261547150
345895797
172045569
288784542
763975682
814748809
869935224
464006464
810691732
588395201
420768570
713135127
465472890
828256514
312092809
262460648
80781383
354076741
621460276
701405850
746935123
460652840
589514314
188507148
892577644
123448480
297005056
36582168
516702332
611564963
382131149
444709307
845941002
393280045
861587761
775224215
729147871
909399068
958928338
762956044
531027667
732986481
421961258
95265006
971514017
701597621
391823491
980826451
523788701
932220771
758199880
671440505
700096606
262152777
888845586
115289082
799226253
32977705
833443367
247226549
435284655
833127534
184315708
753788734
838811921
904204573
837271872
728121102
106701424
845145810
791766306
354417993
693278492
530883710
51526712
3353712
584749229
481862282
203531301
791058697
894750944
630574
551031673
18272104
417753537
375839911
527077825
74957465
771968026
262203404
47416069
907106255
543528643
309641386
742534905
691997077
974769413
595019454
288039514
327638194
181192039
905286523
305661195
583149003
891773178
771520575
885504346
533598593
218588786
588281362
434898650
442635157
187638305
789575354
971835906
153834961
164953215
250342258
815137658
677887948
827502701
665588521
219800474
626309153
580600614
141286861
166485965
502400632
833156944
134978713
678685119
905058547
459391299
775801334
603812621
951670277
653311882
723879334
293562341
600309621
285353285
441801633
606120213
347836025
320874390
125972568
172089160
948062079
809308265
717104596
897086750
319546575
177696556
297890619
165645122
6661896
838953136
799658890
628169971
775188658
274224847
609547031
163429356
844944825
135018139
954242185
918604930
345806966
884503207
152681337
111968856
115819642
490210011
335430146
31876969
736475549
890297899
961496459
294586307
222913139
992909656
987108371
427450765
864801806
262466072
303997640
799462493
628547323
405786378
744413325
356692285
810231225
946643162
908405698
450962622
829026384
837209445
972101257
728330513
969402107
165199983
366125600
767551067
653039697
596663019
175546893
116012194
128562620
297083985
56372643
62960425
447309223
59070347
579707329
923830614
175268184
59451269
679192547
601348388
408635629
132907316
934816747
176814358
259360133
963486056
929090600
511235016
86515928
720478278
100095019
613893001
957322824
476382943
9429784
421781314
950435508
78080103
431487830
148805469
68319290
784453371
917569340
263984689
399724276
690833729
808756183
301573377
15642827
468011631
652696777
470796525
114462905
509856790
982253928
763997505
869927037
508970717
498600890
532275192
846054681
638128497
72872554
431211841
874403193
740486315
185144165
86092955
359223235
196690059
71975874
540446501
907572489
267251144
529381639
417410398
936259742
188365280
926563096
109507036
21142518
192563644
298505929
763653576
641765036
171211560
323461018
247780848
907650914
187530041
763176151
71781586
163737755
784446811
553298972
637298544
750940190
904519392
300299071
168349151
818156245
929415207
370539217
898211371
225998877
691454696
5151246
814455003
906531587
992657315
556608579
820666224
993408166
764870031
369084111
282564583
872167276
22288636
223915881
717272755
690409211
499325073
479554585
908037909
85989019
396223511
621144257
578847322
973309030
27514607
61877444
950811850
2128754
443003475
129704474
602436489
610147205
395003586
883554060
768082180
769858478
786593702
700065466
15622252
685325589
769078666
443611794
164750229
941675551
412513761
443980399
466223101
972353020
261299859
895732347
817038982
801491504
391103223
775195933
152893976
800445687
503010514
257240004
691908731
628092958
81994132
442241157
49439590
248459058
822573996
205785836
269471531
544463469
927994196
351849995
906732421
434486239
629597116
572723167
824748087
156861238
632562028
21678621
222757928
469660168
204322905
335786586
776603947
654764431
674258183
23612687
482758316
58226916
281301878
855692469
687386697
725136930
147743281
549136823
575376184
572100118
454664074
423856364
160689316
997844896
9260515
660944451
56011781
144500567
671505897
542325005
673802029
837814893
504852282
606203613
463825933
395960853
985578827
587438706
640333074
463571791
624164339
790401137
960460504
907399173
343037757
351734985
23301357
605699864
16944279
924872804
124423014
118501034
186429644
67020932
758541796
668832815
823313373
140650322
313657574
400608228
115628079
89310811
46586486
774794211
509041686
672444102
142935162
130898076
574911666
708743336
775872848
564277459
780788985
72685519
266842014
25264824
735418026
876998850
918872022
299519423
327447052
290861182
170581379
69384776
881586538
940264349
166215908
710578752
367260974
561714902
528128568
511938058
510670040
536488184
225017647
992866895
599543272
38630196
385075110
889526721
847646004
576398998
874468673
58276613
62158433
992036012
193059537
880298278
907333642
378142899
938336872
937265825
85680885
922417994
218854071
527477921
98260634
160097900
316978307
129175229
444822927
548778582
640652685
611648650
325817182
252576759
286564448
89600878
786646939
644263993
408335184
995868685
405133828
373690358
352356602
918924817
766296220
116947030
82113072
15502231
277338140
698092883
671057232
360357505
942537926
795764955
674171386
229257020
117901170
13827328
388776673
266782824
349190379
93930517
895871025
560091607
878021172
571624183
677680356
102380207
7052711
599788612
12384670
944093857
255689620
200746009
718699107
725125659
120069491
968558665
92471629
678395359
661436808
351881366
112322123
349066828
935805133
988371383
744259335
173104967
387296014
428377293
604251162
176633513
291805956
250581173
162406963
714321691
433777452
650475836
946387670
924274296
146592358
521100466
711359667
200029244
967647771
685854795
925893477
753048777
818724596
685059477
665319779
456969217
74547321
604499949
372040456
365864443
128224968
503931070
225655882
675292953
397957432
603768747
426780566
437269986
792191623
957432830
234081275
921477844
487312164
31776108
286153510
167271335
891766624
815501974
442270859
20414037
43588476
774682235
508474021
923429308
86258403
829892493
96423018
476764520
871045037
100064140
221489456
620811509
485803917
635082154
146619878
737724751
608763919
621174330
482945907
994589908
333958869
496991857
733037852
79776917
676225010
110282809
913152867
684786899
614719533
780071043
243862911
112710637
278635689
802058360
941438458
34866658
730395295
436748534
837660412
348929093
580972456
6921407
549876956
185514606
687962346
595088104
467259538
534838200
485046892
742407999
320697508
59680159
727866154
725244756
5900955
100428496
770638035
161350168
687071207
859586948
861342331
749214761
302774902
610436390
564868491
370516316
483704183
619628730
684323725
471204762
964441470
746101207
862997748
712122706
852018505
422863079
989784952
491306721
199326727
782685225
815806952
465902158
997738106
9858149
256678633
322271113
172041492
486615040
275568905
311414042
492482607
793661737
312443000
824870924
543649825
771338359
621293791
369266339
101570739
234542002
642981415
620105985
530866049
806837933
480732519
638744238
835491903
271173874
791159189
758768310
955932522
619571794
758062972
343809666
237414573
803427478
121330711
670622860
454836756
302711478
920324026
301517190
284473660
270817802
187081006
784130651
434454393
130980283
548736080
379903177
469803732
116487265
681791303
16997349
319281253
578348932
954442019
323575378
979317274
795522477
295327224
481199394
922970595
359745249
530514596
634132251
500187507
716850480
785133817
440613278
405763024
900007332
219820120
728083987
448793964
406178832
904884137
411730029
769834746
58789497
977081239
873864693
581935704
321777867
242040859
483508488
43623004
545325734
168747273
265993354
954570304
411463991
148229570
321617558
637694174
448290653
195077698
762726225
181828311
532997999
97549152
814867383
368939472
412956786
121187958
41677237
705216721
74987437
42108818
25198423
313949004
154597700
424569795
795157874
123525979
510825936
969723779
292905900
143690545
189829576
504951631
71481573
908622314
683304008
653893697
263402263
36978915
510551383
480529511
858574530
436176629
445441862
553077322
800916685
603937688
843250866
241911789
12359589
844400647
522377643
927572460
635402860
984806837
771588610
944333000
584174479
763780959
666799835
54676138
22779034
515799355
231042527
87461703
302096785
539137522
160765978
4439266
331560196
659770664
720810563
297040883
942541011
173884531
918810550
871050180
233757033
837672824
174049355
94393247
831812717
103312704
322367837
386918802
121695405
632634647
788632011
585517647
700078350
373220905
554942292
5843178
578334135
44792514
225570274
285049973
253607645
201341724
630386602
664186337
387686771
493555243
305135214
722305638
109741346
718843371
904900721
42351343
933238638
705161973
381822163
344594108
735609476
64008494
467050362
971781887
856187820
742731630
705027911
712689585
34990635
447040433
376197240
407038906
900866648
890903389
879345507
383614269
659972642
741523502
240811594
752723916
784728735
815246819
164093558
24409063
11461654
282344692
751159110
603962202
613838742
736189577
472494125
10823786
952469938
800507942
105462947
113432307
514581193
693454960
430420239
632746642
902426546
46658263
214719449
829348021
605062806
399334002
854076041
633841817
892245081
656041651
407959888
432855928
537515393
95792689
943196437
54472373
840519285
178061125
15534784
10742214
510038936
540913202
57047030
176423073
27662716
355097703
786512417
937737485
708951948
270576263
6949579
778852613
313501097
245078385
276654475
6271340
899290314
58256951
205613733
838907929
65836417
791025322
562300253
464112560
333107257
500060825
130834117
737613829
856795164
149420708
807696617
498670256
141699131
268019971
87575179
115478871
420306933
87481714
709222252
657686511
694837662
760439966
801065190
669228145
302724445
225425272
253730786
356920081
858537338
904196333
235647019
7936293
877127921
174442547
487679698
560696961
784604635
206074859
457313832
627755591
317866422
225286854
859053065
665803185
715614054
58803766
8056394
909318351
889041178
946310057
124587264
361522827
135236985
198199904
961492567
438439290
832096723
126674546
901267950
637887842
517191898
700451973
782406210
88175899
188479964
252937184
306144631
601772795
856148396
670293874
129231533
856175723
80431533
146028197
773081907
411263377
245504719
964138470
935106513
166893893
211860335
982485121
864590892
657619431
585160233
491002173
98601119
293912267
258520784
454078414
521782789
922969106
321394558
465365527
518945512
541552915
725575162
693144147
303477492
918714145
42574936
733162979
303212227
322348351
190231069
558266967
867927709
834318140
973414886
181943703
506328884
227641119
316646148
969979655
157269910
455832054
259154989
474847013
371053381
658258651
635974068
399993422
689316636
927840114
631828714
659582896
104487554
823581425
114235552
189671618
745834164
317344012
627105328
191953070
638094808
235790922
972726269
669960855
195077560
30769746
355603174
414087683
662916061
71397543
566949319
353885459
583608263
999749796
673128753
950260263
301537482
435753072
277839133
280195377
379386133
180611225
614890604
164876032
933283031
29624179
149342170
563436728
468692639
750183045
710018813
630608438
846227392
961747806
264305748
428610747
725730542
994840359
742467678
516312932
637397448
113280104
935549002
542858867
481569741
870598193
796305175
354203601
732544970
53543510
704320308
803766881
275464990
415331429
720342753
656933908
467825400
886772388
202711778
7567142
739313623
762264938
85592792
514317041
778543203
995421231
373036187
817094321
364437456
230437460
818736112
575140745
283774700
573831245
764171619
792385362
384567688
894120254
820706052
192505960
449931669
575950951
725743269
750792377
186552185
127089749
625844878
143872709
183928892
389722838
841849790
117329705
42328408
25996412
639853339
888442093
834305442
968536012
655004203
120846435
424823035
873405120
764538223
524856780
945491164
934115301
129509900
25194686
778121600
345126911
292307267
257916840
292185053
426464958
237686654
420972972
713694001
966181784
825635733
933084281
33424077
211272849
470052770
119490080
470578922
200529854
90810993
606973751
496397250
661674303
118728014
473202989
79937690
172081825
200951437
204980074
480004233
829764039
222928685
165454667
96886537
23946192
211597171
539769027
259455197
94297142
131066568
632642086
110863216
742567598
71489293
528254771
949777617
441588314
10111325
310972127
760066398
312078436
937359725
415996341
784192875
443886991
84048053
634536967
677528573
191997504
137926363
415966827
173535942
366797348
213589213
187934250
954657801
250599400
462897883
123663751
959607395
569066684
753191286
215053478
959533759
724092139
920476648
551332438
703055282
510461544
175756530
246351856
663364461
275556934
382093348
135845492
123719792
306891562
899101408
385205358
826543109
756799478
595987274
845773825
355274844
388023203
512110935
120382112
750023961
526125238
477759437
447706171
903228071
121959925
93815956
810144109
125844326
377351569
295914425
246615180
388560181
878965017
865904867
814124815
905765425
29030231
769158972
980558482
354630331
421005617
967536426
483360168
97373254
459848666
475236078
635934616
738769189
510643886
576212093
109888055
23822624
951683463
761929164
695511173
236941926
636228347
872235468
564051127
972429759
142508931
529669484
871150127
730392499
661302903
211527301
258580739
762148810
981441142
127678894
817144549
832560210
780660687
30405455
631808075
734310134
415682470
111754065
756741500
803711172
873768809
639352523
643866995
337972674
77671120
506404953
104475488
341565143
42203756
297040559
560027150
607325905
401949661
961719696
642922482
339587361
791768785
724146346
741152935
316777230
720858587
66903335
158395306
769832928
67652255
872904533
586060318
441019048
891635877
851953489
227115233
202640657
739830646
155977768
537169519
585965041
767317577
778693287
961467926
330688037
311609247
261582269
658348920
911534959
870045201
601205312
148660289
532227529
124802459
652196339
284247469
35746878
607048308
454532759
511377286
409652795
114574015
56657817
500723867
757911630
211184188
138708177
311231191
349011648
310482865
842982702
641472469
971219793
391593853
195346377
975920825
247617163
865244047
411376723
230509657
812432533
80757242
593144588
471397935
675771276
666071928
235733579
201926947
395010377
552231492
802433781
636983583
837522797
301131952
445768406
265431247
77475453
259902574
107103395
546423713
835772949
695348573
302506920
512172074
519932867
873712869
111299532
270174365
972925225
467896452
624215992
852706881
25638900
922582038
610440298
473444061
438746792
769737720
277833985
11002738
991529495
959466713
739308893
452291657
692707742
112078800
620810619
138430442
620595601
802876111
653824064
837917672
231886848
221326010
331223796
568694870
596448397
845429873
42714126
293338046
658507357
693236179
574166542
805281939
728147901
888501905
233751024
679795097
122906973
103691159
733479783
591517911
819947195
316630584
166815814
998215473
73025283
214187172
198889192
349630289
125218754
932721610
317124391
24957408
70538226
953004858
710275047
579143219
784768441
617106572
452586435
205892015
976229210
897433937
628302417
886391194
237199494
949492280
482140863
420721797
885489731
361729542
77815573
327381817
12471412
99991691
451986773
201929607
404949732
219905799
644115357
745710874
535822090
405023559
184476885
942823922
824412265
367118778
192563540
217086838
586565745
953875097
473053107
266273311
70654615
487185964
214378218
646813324
87767933
428948949
627333333
321221910
930363291
594528512
347972159
844689078
858874216
400026439
512228206
537232877
638213131
703029708
302339724
837995763
127127730
153471654
238892409
212839665
372384759
903025370
775547002
922072978
122441684
552873948
843538573
598848348
721095156
408063961
455077204
823876988
643750157
253317087
849942675
545929088
356413412
474280399
255184391
989275080
758232925
222535025
400820550
884813265
646386360
961350266
517925956
808729563
24104027
518413802
263927157
518685733
318954048
827996484
267141192
753796359
49925033
76957197
685297868
522848486
909415528
496922099
47960490
526667390
70099546
337878415
208921953
565833549
201342672
322086580
604760083
716418844
792381266
897535297
872364835
913275667
621876597
93538897
934673816
991787489
504651906
993207349
505387251
863649835
163368843
97164505
251041151
144679940
222414488
136079373
18382210
276612170
313485194
693338350
803415551
124092447
270160615
119868599
534826928
651525310
809848099
563015018
16205063
634557729
938036841
972702966
763397428
472206641
245754682
595379797
984259828
618469049
83894410
770953111
483383350
434642353
328552824
789824098
500266039
300040830
359129402
656562821
798739729
378869489
482709950
832371757
656738558
572216102
652299097
312009945
75111842
869268042
799423781
32078913
160885727
616669081
169821389
266531959
910044141
71003022
844317206
682893315
315013528
22904183
283859069
560650322
472195740
612716635
954278602
779983122
958937680
893768171
951226535
779565687
371561346
770895409
736617602
381187144
852609914
986761494
480003586
315008463
489709469
512416307
94625096
702543869
927815678
562848231
835594200
305981392
276145272
847067914
474225857
619214052
455355435
545464818
930024232
192472485
593192633
494435890
252309746
8524832
281734721
255507080
794007397
6024565
631869479
790343840
682584585
544726455
971575205
7652367
27430202
31059479
428717335
324924077
203884416
813617337
571175102
556781101
680453384
416592316
207201790
900550665
608961124
910762133
667321360
168704372
359276816
134485696
394179852
483019248
690745127
62986961
912185831
885618620
559652588
700965589
439002731
976161074
808809710
393195948
514853909
923370966
454002601
428441762
358506094
670301486
672831827
902162841
169814878
315049435
419205449
422418572
801284667
497303693
890003447
802752156
924699164
986304680
817969230
209538698
362993145
663351681
164115669
866853503
294651956
351757363
600665388
657192291
953628155
833317696
604067756
321201551
807717580
818598527
785444287
889799073
174617860
553633289
739612470
300576269
955887314
225925852
718592531
562824625
965723184
745218056
950426911
424832059
254358986
942776802
719615095
435142331
619856107
491549823
491950006
982337424
70003465
614211364
510071255
263843672
482608922
586950989
100542375
415112445
731068513
75980432
965209543
648578835
255271179
84033123
440416400
625471188
508661707
434500756
737376190
293837397
105097874
293292437
983244982
332021093
454819600
332541964
733935838
39084177
458310781
245803325
782491745
900688654
161720677
425634160
677629362
173754516
906545103
901935754
529714732
141918839
912675709
137548014
894529035
32686362
987011191
514957044
285998860
435530642
495874874
866868101
967635378
969917129
590002915
976131953
593416602
632328168
110202074
435310065
724408164
377730882
893421225
434786246
770018607
367318350
243814667
51534747
585287201
522023182
766819786
972173469
606988225
833177453
585901136
46802875
783573388
648903073
856803352
533598150
689219146
399215242
654492542
666316720
722956929
804770121
690199942
70552950
794029682
138955120
767302295
531445361
705068480
151483876
492434093
770658581
250302697
186145363
566625760
658424217
983989530
571043033
256762697
308536351
255735131
183649053
466905317
604299778
547951879
674482465
362125594
127925938
347539034
666742142
128537573
374747741
801919029
364104756
23143185
632933387
264506773
602272123
132690292
74820091
78831880
970033259
223360131
275451281
393638590
792312713
734167046
454054940
320624680
806596363
877211774
185689301
42133635
377836080
202907317
412282479
835664927
362057515
110682283
459897941
283474956
548208890
260544724
473712760
615081112
167216368
854453035
404464097
735761718
357203670
890424258
545153705
105254638
595803781
717540369
741153742
979255497
140689337
500533560
400868280
747381467
206121973
399520075
354418947
244989915
6030129
285324818
68332965
709091934
585884427
221678602
256478110
146657605
297283081
989724279
622021787
828834170
84179837
253449882
887657180
317254791
446847303
623899257
995821348
107529247
816137571
886282012
760709291
318761553
130122163
537983944
880258951
25082979
516977184
775676103
80264308
936951331
581718324
380075924
106184438
324238318
228072466
89358851
342724620
32628419
746514113
206109579
102362126
994899447
620582675
968117814
467403926
898396716
431620502
327709117
220008678
769419511
57874031
555267540
20493837
388482469
622058849
821283472
79583537
948218990
691364323
5964332
523386110
703906553
937480245
781065888
840677100
780248119
241961248
606091952
576063926
399069954
467607629
542418261
984731024
689528021
338516585
393241874
27080203
160767823
76427927
792230811
803190294
383607857
181579868
712869322
690115179
778790144
652667311
603561888
942319378
77004413
444663572
309394185
870471259
41353314
570163973
628061628
61355774
992187335
649512503
446407209
144702787
99583941
145347778
737250972
457920928
990781795
896996054
761413135
658143438
510571672
309949330
82061548
178362443
398410525
957314593
405358049
130672037
227884346
316978315
483740036
685878837
221043397
676228943
54442860
65131945
486645918
121216513
510050079
123747410
99902154
72520553
525001081
23739309
883236234
89520584
81045901
180130272
770906610
800804748
494773399
814968270
542480012
213262568
690902767
153601643
501009437
2780610
138141141
613955855
223316177
104997754
598595054
139633591
303853512
240365874
440079881
516854478
793846795
982720900
163739125
279564325
858195810
100841174
173381336
354662961
970054022
769132950
570565809
827842727
986324238
178235359
437419232
739095719
9358685
435988634
402162482
543790005
507560387
293184177
921450548
865205614
814475843
922131890
858881923
553050505
414256459
303100596
73378355
195562085
728965888
771679340
745798334
918377604
692904094
113790586
935846089
823066354
97668307
150649292
243076306
706164854
896307741
475166496
332272002
884795057
175066175
376009793
368978833
680334601
421855661
498807096
567388596
902821248
222322731
412619413
935251823
116257592
135868349
356185973
9742617
882083400
237914686
182166542
112099529
292330353
870992962
526471566
468096161
116434137
260939239
915649042
750254639
456686039
414565248
442033530
741714575
14436540
307347492
914284324
845263218
323392395
265007920
283861441
694170523
15449372
722768320
992879924
335556856
539368500
360754914
143076109
766732800
656674229
750868360
636306814
337967820
29256017
155710555
16701249
354801138
70867491
287260955
223303557
828981540
330880647
860944149
134281610
253806229
552144665
684479969
243583901
979086021
522342521
240622424
226703618
285926923
72524178
354278648
755394642
778552150
162400076
37251928
25250306
375527514
847490336
380975799
643948047
603552334
704871192
265278780
326271063
916909324
427852451
436133718
444612975
992656617
432742552
558082122
475178205
33408437
959745896
1066461
260301813
764527130
216718552
725010243
66351618
648944380
41020833
203845987
707423123
861150462
491318293
451750946
449922887
530260435
909783734
143291124
730833749
122922623
514986941
902183585
744265773
675263892
595442958
863344109
764596552
593009385
694744911
340185161
517292535
604666232
895248993
272796721
736503587
994554232
115642982
345886159
602424398
348677053
487337860
283493830
538597407
975666928
343195128
482584952
883458128
92648071
705651445
19629305
299590699
361004256
507539
336876507
716589387
253178524
782930116
275270653
468555620
915562747
894145984
776825620
491013627
178257022
1685787
149907707
619144159
487413699
171372902
979071325
793703083
969664182
101183794
127086011
727663674
820739115
568156688
670301032
532240692
816681911
866910311
376547064
130037761
652999716
170209028
679140171
668295515
428701196
2312194
841505150
232427836
485835488
887429225
605046460
924541571
798364861
59106891
68200127
998597983
387940219
352474142
12092145
848726317
865426796
194749284
974186258
745544627
150026006
580905897
750445210
14763069
608043241
135512541
520327442
207669157
909215216
720968100
940023499
645030505
838709461
440022396
630063216
746866182
34630883
363304015
804522764
175302066
431419459
772963981
213253983
762603828
329990740
173522025
875006867
180032792
289245857
964929538
527321873
288241458
894623868
346000128
758154761
858884189
480208661
373025936
943986468
409819517
547823099
732001588
317538100
875594345
965218057
183864303
305743641
569023056
731183765
748177348
428285740
796014984
73604328
315517672
466875663
654457836
649551416
527831974
171735010
355589220
414440473
880648440
944782809
758436634
636884235
7740970
551403822
289511028
312316941
153756149
162143191
864878411
982247046
253547563
648445134
566482594
257160708
527037010
41115101
943642243
581443632
162625597
206869304
509536266
761132381
885028738
586793997
357005437
435857475
167950408
379723267
519542858
132900820
579207884
277765619
787407602
403848490
235720964
939065102
974792111
463297725
146183062
382424330
227368092
395097382
366349040
118470467
100497787
636295345
659771228
90056437
704285070
327766769
853699657
186204964
452791337
339410706
606921374
882843782
938185999
118734054
893803091
621158491
183224298
166291446
483018227
30826890
124811997
241301322
603162107
852477373
74901006
60882813
267739765
545289285
881314081
26082232
959190216
871284121
204463276
680281099
54164499
763281635
865955496
92928497
721967186
622382853
834456458
837477000
652694394
551084671
931773965
741884618
596189610
56085171
397165938
536803288
713428346
811243704
1989630
398056339
921734036
858500380
615124220
194070200
927930375
23068236
374008048
595929894
725902923
77447818
157528132
11374563
300524806
849398851
958748694
745940007
258485556
303981761
569965392
191674267
77228475
260493872
925949845
141641794
984152553
332351728
524694471
636117973
701782348
896099456
849918965
344999054
764542135
806631078
789151477
585559861
989202958
159798613
183109751
521944711
522788706
138985466
289063943
292181559
633739207
817239321
392831256
663844839
470581816
167996752
745512542
627786609
243985216
403393412
971264782
241238880
631895479
151657494
662744556
224620452
262132762
214897664
236810631
380277656
90853607
330201586
140290245
170180574
94943399
48838488
91570595
747617308
336209368
536155541
40645823
153031192
3009730
396371733
859361416
33121562
53312288
120497014
798243890
674279628
56150607
312453439
705192972
990088418
559519052
683329016
171774898
240065766
834342389
173189297
181315676
902579591
885771086
525509788
521746711
230284212
108509989
355947421
11535647
85436095
29582741
73732906
697437828
256597830
652038690
100373622
158860913
164243825
211894486
909857827
188005974
846824576
603255941
270006531
512952011
20639437
320497644
602880015
811551917
81940220
156649607
794911073
985943173
319362133
922627867
486857031
91304692
258172127
332593717
807274162
700514259
422379241
237261249
228396363
897650643
890413065
732812405
910787015
16738629
166874598
426063698
358550513
371541519
429605121
233634269
303647939
518105539
192850958
291548801
99590545
384737147
501824986
266413053
492152695
569621547
785812529
214309714
739952028
701520473
747060773
209686044
107633552
182447533
49248098
920362899
36609249
646712061
409160198
692497263
670439839
732535577
693524380
378931546
830816011
981842880
468284281
931236408
276977362
30369528
899474493
174092457
873868847
908619221
889444881
142558556
71127530
125458009
920708393
91093506
640784736
12985074
988002984
393893846
833762294
919376900
648283341
550061064
578158507
179952719
13033472
744212214
105551820
495258121
593223312
29299927
332204821
908629255
801101148
649570146
693052869
464389975
758182402
204339636
576525255
607001957
669687160
218622809
58976884
697040194
53209104
702811293
653556223
141259755
24347223
432461277
396680737
369858678
428344217
611860934
22520241
182620339
158137651
619461753
150124806
668086380
477868841
870657057
261574949
32759267
333941502
189342176
492875373
577715760
728160061
512160301
21217053
745709218
982856023
237409686
337469572
470871894
197383727
450927650
16085740
718650039
807839224
299449861
399945748
379205829
205663505
874468553
662772955
719398339
50279977
73011354
827079281
861193010
935722181
469101828
483879209
722689746
438784462
950465854
326149221
337963391
255294927
79570681
706763277
972213909
770765756
257885637
837985992
523592956
954137511
798858580
115976803
394137888
85998101
699903089
639665820
126294591
918462392
389076382
199698104
488886597
324540164
469715092
573521716
909994960
111210735
679155047
141560412
271446096
816418433
26391741
510365282
818723822
77764313
883952331
188973522
437269970
905990677
459680706
170747449
538705416
402618926
980250149
282647151
162399468
173876166
956880435
958347714
716758121
61360262
867918174
809043398
45690050
518825889
165504441
376515249
360002557
24316425
741900626
248079401
864799256
364228526
393893567
391644641
459353361
520899847
904629468
788530578
677888181
876699142
205285346
159880592
717672757
687207869
392181709
527161774
852033048
522307064
478778786
255309548
654129292
340492810
70976201
779136695
346485803
128404811
804720877
91207913
261603631
679259812
297287940
972486863
588243867
868898945
114162770
235656904
602652899
390065727
651151736
365538865
884678460
6614993
903407086
582844759
968937658
230756606
128688074
647369354
450030687
189221051
585122113
423331704
266141849
900472154
542380605
311925303
608631772
567212987
883086909
869781870
821925460
889674108
495757321
617962959
610236512
8948422
388298627
488518335
913117505
911411635
990871563
95114965
700843669
876134215
651029733
548641049
719196598
530358446
78481061
866430021
517785783
375851225
361598033
304350310
1295039
313794362
606031295
799786647
925721875
878665429
731929320
141192247
799720418
139241018
508406835
105841983
374042586
252571571
173666277
97711481
336896657
949231579
322567276
989743193
308571140
537522463
326289884
358882834
27156569
832199872
588258857
989224608
239938724
308788654
943352306
992836975
98161349
353340383
264478129
882391061
20946853
29656069
419784793
785062858
431974607
555330935
543617728
145812960
340112194
298058034
251185856
402138678
350753221
731473269
351994332
813504181
152264983
554458247
13285225
74434367
108194990
170680698
638086798
410235923
637805884
813602533
923671165
21618372
673906610
40533425
196194704
901877841
848948833
72935309
995653487
792845974
107401863
858202664
975254472
692697372
974108178
58081901
426973097
829390805
52542165
690902374
748378346
679245254
127235758
889123489
85873727
58964956
557114962
257181664
206044119
900018426
189912314
576302970
535033704
426799548
650416425
324846030
814669119
513899518
913369349
243889353
371149296
578724294
345060833
532954058
357344860
177706240
519323433
605277936
821773471
654630992
167895884
674623649
224419327
815230289
975772022
780708262
364075001
638061873
824919298
665259810
185066284
169181187
645592255
333563256
6209784
447301631
240121152
823768907
179806455
569849541
27353120
225302972
194867470
345577865
442618981
745734753
745211002
99217545
614310856
416797433
95476000
889565807
295433139
118089926
105130401
466757966
243635982
715547015
466901082
223948388
34331277
572534735
126080642
234671214
54160266
523885441
689968361
583362764
885662974
722336589
548051507
714755856
546710275
23043919
826973834
639982235
582288558
622352744
661392319
203267687
425621510
481109944
191682658
369832063
89987160
87379506
533995433
954848209
765333938
823556689
948761415
638837036
862834370
713426449
407099087
844581539
320708722
913528789
320962822
415353027
986773235
578685822
231033869
842773291
407427661
749257233
300513027
392521112
354740080
988391730
558335277
182530054
815531107
489426695
532951429
557907485
362706740
312945704
658813139
459982505
974511540
69524141
358688559
390205222
575698803
168779416
425393748
92992648
438224766
397516696
921854660
467207565
56184960
298199443
91471753
478099949
152703477
975848690
320290512
325823389
418985448
442939281
714043488
405544736
733482278
105928797
256122973
731647942
336095806
503930370
72567454
462107322
545968266
307593498
946408854
123094982
913337865
375636185
659472814
794126035
385151474
346203232
253201735
747459459
239013731
488549198
382146330
339276594
330855885
315324512
517788930
120193805
757869265
1491085
173364770
621871402
653382352
317529827
828261738
795852967
926391641
483910677
51928143
520503759
925207970
370049587
963477121
590097962
750459657
381503823
228469383
603403477
383120800
261460168
896066731
970563654
785342448
827070895
257052867
623434429
589975485
628089642
71914169
141517797
631310950
649871628
427136042
931563352
712038391
220130638
853501311
544320604
342624720
251083314
140294111
113668120
12751104
279967767
384104885
735248851
355675495
518437211
456590809
711978045
531355846
58476188
515780680
727290929
488276905
656167509
943765820
425109834
564282868
479556277
495190459
377867934
465350806
704399544
166270522
676447743
819831921
165757591
609262318
581303549
11949150
386504245
998950665
271271737
38992697
740930408
125952500
91406731
336105872
106861882
27748982
964130780
319725955
741603195
956885891
581987738
114041912
665970280
565325948
525027326
917443050
505948008
358357326
92672401
382383054
190946215
862734375
595463867
243374737
579077543
708573757
15018085
617072162
836003282
410460914
536334428
783180904
672274789
469582201
509196952
801449140
954601379
597596069
108356318
295753139
13001196
981292701
958580692
834446868
596049045
960449394
584974415
993577558
984991946
175049146
905297086
114072830
367617163
743382588
421293623
789167085
504637552
387042468
150875412
803156990
155398276
709940611
991388804
823739937
446249692
415537093
624754591
828918974
675734545
580535742
94949237
377247351
31385296
875115071
962412628
887169650
112939600
955801509
262102181
289886246
701922665
812416416
741891454
541059970
705692148
336297852
916240010
112148652
913549501
246283562
568562824
101554182
271074109
826345759
822263456
982149537
730947368
522809122
601656358
904762580
440857500
302028681
915830797
782815595
759038826
290439876
888047090
99866851
254307258
692768815
931028240
87385336
652393594
507592042
346146103
441403303
489969679
862838397
934488423
548712348
711430584
147200004
727707258
275073509
941942478
519936313
541350308
592002565
727956981
387480344
627927329
659765849
594315014
458017353
632026135
456527206
132685703
47205576
791773201
281649289
343158223
883773156
562365210
559677539
636055479
739966831
921153076
11980945
579181686
686577336
378827742
961102276
836972737
502712999
503131668
7538951
536968188
133626105
26896202
387139365
751315503
415051838
80174014
420825030
986901872
685739930
710900842
67767800
112178053
654591628
342744066
28966830
655715026
884685695
785972108
319887142
954190914
942128182
617426677
455463542
742781995
646086379
474648693
643634527
116044880
828782557
399809662
205234824
239180245
771377881
27813029
884007590
784704290
921243371
132423698
986073127
428530437
397988780
181525699
213276270
136602590
564942793
647885502
437264073
79006334
548795104
465478035
179898100
472760986
607783996
703177754
120962323
675919435
397668954
428772644
147728176
672339110
542746611
976004424
296199771
248678750
612787537
457318557
486415382
829955941
524646570
710669880
882217254
183095566
446106250
200434820
210744418
195057739
955919918
694548899
354236241
126688194
319421429
256605970
272578336
204906069
536813632
482348327
872038886
922575077
475666143
440125051
936963618
6852794
84698711
164336783
431554596
361840632
545425030
78182502
851989366
137503291
939151761
918153660
991953535
692431229
727691550
21926280
251370381
904760534
843103162
564512150
67130198
266554604
977771746
989626936
13495461
866581608
198120304
466016610
868224469
968359759
967630128
980952108
489160804
191414352
57600812
344634334
335435053
448716628
935680798
401880647
256591356
404642587
487855498
913824348
124971927
59372055
749767342
653694726
588844773
547566315
634144791
422096458
523134298
197304103
489473459
831809402
992808477
156699454
650408737
149811128
21064947
339122739
279429799
180582842
690785162
149926402
803006391
541245616
303353853
104025850
17979187
298886938
212165803
771089924
231455114
278077774
767654519
209428470
299827611
394042995
975002905
522634317
476454025
643581073
158521078
153372317
527846245
58746144
999791264
787146503
607787909
412252782
516856249
705937298
86412218
22845012
209974753
445466084
63035185
198464772
941270564
450244591
893808538
538703347
442568524
186774311
754088492
443299038
181356022
320616988
453325068
614644216
892817863
695788707
227293270
550983673
180059462
949049746
529231570
557221277
210021480
299042055
375871830
137221007
59177546
366358880
897611087
112924358
299277880
61832603
51334555
615452768
96897523
234985855
934473012
882707018
211331473
239340168
778322106
800644105
853493024
556016537
654050923
45273320
220597244
697332691
92997308
557355895
826231290
571304978
341645903
984171425
680268946
860170506
336878391
909409514
417937402
119945220
390927182
441127160
171317952
699816173
425978075
468282480
597917327
679802991
216541914
997118395
798553860
16535919
10291449
649886147
648350039
774798358
617521773
419673991
476972574
263072114
93391902
287676797
940560229
514293531
973789091
514822531
86231387
47153618
269221218
730936019
48054877
412172875
752865931
252637742
18658117
403443538
763783845
198452797
611719576
421825498
775147113
797920324
914642396
591002878
52363830
586646583
468664561
384681043
424115210
21894558
438719580
858354524
132227859
754708221
175318003
460128773
279614656
125309326
395918271
770019653
205733349
83915808
254971863
923575696
871114728
501913552
23554244
687836360
531264612
118646015
429435566
485445542
300264995
10009015
586014467
46708443
961499621
825106030
618183134
852540322
916500524
188081738
197532484
101302897
987225552
105944529
178762070
546299823
397704057
808879883
536356718
322011974
768725309
490267670
1951342
346472632
918517554
14578030
138940648
931466159
331501005
624389919
626579548
806751380
226248002
794903993
469757675
139528976
357925551
