864569449
60919764
121839201
866917718
949036866
231073440
35664604
348004166
833494393
850548558
567815102
863340568
121157599
719978970
272827781
693559344
491566560
981016358
448014268
527308467
659698255
347025736
58397243
481631878
394345531
88551113
768303477
206325120
164915916
228028598
957792476
267579800
800091833
910446973
25983427
496238858
605371680
983014954
68083554
416083588
223658800
923432266
489291331
951230014
848620619
449730592
301205115
667059221
616191913
150375747
406125869
572374794
977233160
261832872
669690684
187991016
55754551
507474169
432168429
46369306
280553045
634575542
50013915
755801912
905005509
351466146
707458825
897098944
618861903
257035111
805365056
885175409
748188963
40292875
223262766
134356241
974115731
760157148
58084540
48485040
789653460
386947145
394363448
977189536
777265289
596069637
707427938
465226617
118161427
395719971
541884421
928141846
829143528
797105349
759916653
781193750
417355911
93470195
307333202
651508818
558220667
203127580
535649764
399530114
116660158
7552097
28997743
174040035
280698778
871581804
334608863
29882744
122423872
465469525
460490192
110240333
944533615
649890150
298453150
38102434
613764727
257066008
505143476
297361289
670448686
866876651
262731829
257240068
404017495
596350952
205900094
400077761
170543604
687941300
374353779
749259909
925485148
463289568
971555405
983818198
604407619
155484220
723957309
646450908
71844745
973765944
924935204
430703097
802614948
504236922
402929178
513603196
426710024
882006391
395588936
655592214
675866359
920435610
579624540
91490863
431542514
11524403
62341680
45046995
687182200
639676290
760067813
614275842
670461056
999492115
734640202
610196858
769947158
184370715
540660623
125135115
724479534
931725148
202326469
437839571
502544361
666906310
96802244
865058281
221445015
588150406
472882680
1650062
318077898
546193470
551300981
991001256
809200127
557799221
547778726
543563105
916707841
95041889
157484082
309246028
608066609
614098152
15360692
533690998
736904311
150795950
843460167
630894499
131110193
916014712
519772143
629322977
952850915
288880687
195437685
115448732
601089377
904661389
904435698
300357026
512454178
116009635
731734158
513044508
180217026
377961809
439441422
878432056
985222710
638141531
321384746
641235772
461504196
807600690
377426135
295429531
548076361
824442243
264313428
459812491
225055666
31465638
257469355
22419186
135111006
65756675
370067802
199536400
872036118
140355322
346873033
126789571
747842550
251174629
445766140
893904946
347735859
255575047
446522804
657838396
455431915
841945618
81115058
553965533
660056718
914070717
453170988
221623290
393245979
185800079
324813557
521838700
558778228
932491273
262076204
477174535
487446671
451247812
610209969
710886214
538406540
279309917
794295780
196670460
927009216
778194647
362539714
270134139
740425468
247557140
454969760
133392754
59802857
401534789
271388877
706167496
156619816
647814530
385442941
342912788
868393295
386822285
735491847
606882545
19080426
262443054
20240365
466629231
958205418
420889957
895972826
200895179
915628084
39939962
931348292
226269086
512673529
866861269
964105873
348841285
522925972
279363067
5063353
143601181
172803780
922944376
38220266
81205349
828127754
130599366
496169406
631267778
658420522
412988300
568116781
382561500
622872561
391041488
587630120
287779065
415579611
434142948
202512263
346884773
834813894
340418183
5505035
635466814
114444479
53924211
737290543
496585548
111955866
461617075
950429819
314862366
367500691
293130160
799822831
607290902
180186764
429947726
40703304
187625830
350197177
132843049
9180023
683164513
415262521
577202187
448809502
970458224
937892568
4715334
179317895
797138411
218823339
307265422
709104215
812182709
641260572
405150989
928653371
957899890
668691723
658056317
549403588
506178640
900337118
712276263
365075890
379514392
544246768
645332306
570070380
332862372
703016292
635042809
983335280
583259646
790448053
730703960
790819266
238926366
903861671
388429619
393382005
631341582
259420369
812282243
534625308
456628806
803817346
763684521
105625694
495939774
131982559
524400017
150467723
338705914
526741724
38151933
916761170
850830198
92008288
945389252
192592675
913839013
33280887
165494030
184993105
722041308
129678677
280343600
197725605
714586871
711081098
461263977
982877364
716279513
506849403
231015590
857977766
1915659
897757348
444816009
629203021
764662837
595763043
317761562
438722104
474821783
177205206
364598280
64711399
782704147
242619437
196857918
964177076
58734364
119388612
826496741
716064928
409330300
421144385
8286238
877794526
988869292
389193290
515614468
967148572
716892587
936252379
908501237
471737530
174556275
708617013
192807381
760176557
57232396
805671743
753157794
174285749
613930985
469351152
882957923
39480350
221755474
668173875
531199363
501211039
108517197
516367648
624194095
28984505
953695529
532682284
807555930
952801147
941100004
572149230
2969915
959154045
51481541
332538201
395794591
162374235
803122054
522808683
505466608
478046596
466448706
818253747
314759302
491843740
605010912
870824492
340839886
968914616
897706031
86681253
956001149
561232510
276121691
98339647
140245515
992338839
730790968
77753748
725558626
156638078
466600194
663725653
751500288
743340366
238619774
308280119
181226718
908950901
922195560
965025872
675964307
292913088
286912229
339659762
479584793
594932796
5506988
666968163
577197792
55316407
142357194
648844058
473912220
92921680
235731780
40500491
808148002
600965284
599238969
37962336
423978753
245159101
569300318
381882491
338815821
623466403
487510166
422677829
428027457
397660870
584074212
35911946
930330476
728290776
805183895
755811206
599641682
651732224
621347044
966661101
249679330
740938944
509918514
593592498
52061899
719688827
411157029
430516793
351340489
116323805
610643456
333561024
817738226
539644335
574696394
161545233
77274029
340538866
761416906
449547383
481330502
797069396
917874130
423124908
655956750
859078017
69389216
873371890
939030606
108137268
926088775
248734832
625335893
972518359
250345248
247669971
997477306
875140859
519441652
609840215
222154611
257632154
271609497
327313473
857257434
607792406
678018373
659555591
923233673
908622910
330991307
365784641
716408622
787413477
141534757
12440641
371053482
318310923
756251304
887267089
512204647
538500928
245316246
996950404
65396260
451407132
836836194
822995657
383971107
570699790
567273662
248493567
703820109
988139003
470282772
509211638
719695056
325990371
991051096
447405444
557248033
906689907
819202912
467634300
616154036
386795341
73837
169259596
265824865
99185564
298044943
812743835
406057146
227087798
505333815
501089835
71169328
564654988
778331855
924385778
546554348
272152599
102064913
600240306
555074047
689705136
838746171
237453995
188185455
940557884
981217990
311512349
53304583
778132818
441464506
543479466
880031045
99417430
805542046
487651728
684338058
475083887
842956445
8595641
784380576
663594049
39439383
893162692
768247621
860307974
917616977
253188096
526426485
611302550
48331488
157856098
466190186
564361740
74036907
328342847
548307421
986265022
855935985
999606295
414044235
877083750
710985698
71128881
701079065
481187339
742391376
803322481
94100903
994881100
621262170
839481323
662782142
583752757
391120854
295239864
390472650
769060097
102858149
549878868
303135580
825911824
527389850
641147537
218751570
273048113
260144419
73869042
439670965
157633805
704743578
608596541
821811995
370302827
173215896
197569739
655992163
793868531
880672829
695784296
46847365
36752771
489262316
634942073
448329572
372047570
891251249
192900620
141307131
900410729
908867755
323408152
387029565
36197874
725854058
88755875
412372332
27925085
345635639
648746963
279692482
542855491
380842038
884077010
834593214
449171912
848927362
390104849
943939644
363530997
14345066
903931556
154026523
54240618
155805346
981473308
180849675
303038588
866865409
370300474
558348497
374746358
379974618
279373297
368263175
538071487
600982486
939895162
392789690
990151035
543460476
301506239
838982551
587428813
188394364
613176707
147030730
276652724
577262695
344403587
997182659
475754739
711371241
33148764
563560884
322961556
793138760
939226780
702487329
557832317
99152430
644250833
182538862
973028757
85210060
982741579
943005628
705310185
835398799
263051135
564512116
200170896
37141350
872337218
951659374
663056959
226094048
976654147
216296944
628388376
131913369
746748445
893579194
743962696
485078866
406353936
187895738
657434921
621812349
810019009
93854248
188307646
626970047
52176555
874702572
590852381
797990721
264657904
157019526
289293994
908926053
904479906
493979576
221235197
733692518
780412080
826055179
875511001
968237950
861485219
164934015
837397003
464851346
898862912
850591462
498825553
386610333
4710883
766646506
654879328
522188645
686605314
16647143
215828405
147105670
209636644
468994933
303563467
560402956
379338725
385463484
846316666
142038124
471492530
106747779
121026813
407935615
169603024
767670200
899231929
68504266
155032500
396076033
84511971
634572683
963853461
405696352
760569491
811039302
636425654
742961675
629946310
361802901
209246984
133659632
178142259
637899696
560975729
808821222
888636478
653218408
241434868
923890935
994739391
578567187
64060933
109568693
894086173
881790375
2067123
908163473
706239036
303343005
341934934
339878267
312260943
281609127
363738932
948841621
383759824
765605343
327617684
630651730
145075109
249091839
465467842
181895073
520426802
550335710
690641258
649863400
221014768
93249289
888507439
178078075
429824580
496799262
213929183
59273130
34342000
559081811
785335904
644181610
262477597
915422446
321849678
316754625
225014042
999243561
369987064
149283728
180952908
74061673
19580834
11421395
889210646
208695686
45964554
290889612
681943857
537898432
81990635
812801119
407476027
698421552
829099470
864672488
986620586
440860442
205377784
705464649
64251303
785075159
14459332
941493511
878619901
247895055
374822523
361567189
102562029
931865687
467535383
81298296
860527793
686278429
337680307
689342055
416483319
339512559
569372733
436065172
27442505
274002109
267778123
963524696
130727652
495826322
607501076
416225246
166424009
861386257
725621148
121843083
248311651
453302454
18215846
84063228
47881056
68514342
394451096
167697581
555902114
665523749
5828128
604341217
284481737
699168484
41188278
752682244
201585818
320893376
568955032
292574939
642130656
628326631
711067069
186898270
30530014
576349268
462077635
856398252
585111319
404278764
341705379
698926282
956331631
446251813
951894381
513679636
58322203
688092064
558711758
311449510
932164311
527150106
369046642
143908262
114537151
308367980
54661463
452234518
838133925
700724351
798803983
35581047
520940225
392708829
306605489
861673869
510608225
878398550
149514094
174584360
483776459
396732792
142469580
649617569
96486172
591268947
16470188
327133246
602592434
329021141
84371205
732645001
243898344
121679872
99475154
901023307
303632323
601818160
608912845
943323256
223160776
223805796
564811298
120929678
420319128
55871418
268862976
137871499
36117785
875599701
561679264
393806515
640659995
686166916
970649876
88854414
118236201
781894982
704277912
294891274
832791942
921307878
144826312
449833790
332998229
851512473
691749435
964941730
149659750
273017186
129850705
596319627
676845875
236449996
658414522
999796773
412039392
347245144
830448797
963172560
379923828
425756629
353904678
518007438
417868010
498446633
118801194
407522218
800247509
26254122
738277025
630140432
180934397
989706562
88468535
647266935
767215723
433566621
516164927
73325381
947865079
742538249
569618414
628484983
655200727
921757154
642088196
79367521
59087827
489877729
358706695
65575550
20813290
408748491
950740488
724914400
584996028
655862592
816462762
430456851
645247710
571039525
763245530
90840128
917585532
308174578
126481762
614608382
745648088
646845952
813272312
196086827
345298127
241813089
957560748
359490252
795700775
924137285
944468487
146085561
377054190
93091286
384706252
224482459
90626267
260741735
409452295
238989994
706769000
248270545
83719993
744424333
962761008
713497474
500024390
365891788
494921632
908434961
474151043
119820735
604131977
414559833
481336173
667088437
265736135
238242438
861540795
196735435
635586901
783697224
783367159
733905588
878669170
782419856
498122746
171107683
800462658
666823578
750954187
149553402
64023390
691471928
374131411
281494726
754471164
802717310
207576499
867864012
815544710
204448863
322607273
24744923
219797081
977940481
245155363
281490391
256462972
641059966
926162795
868549149
468985059
444631121
408182358
424106948
384940224
554534747
53902347
590727720
175277591
335596243
130776409
729156799
997279931
225778727
300851516
748556672
954383027
203158736
952520308
889927289
496056709
38967868
497646186
835957324
557641301
755121558
662706320
117273458
510066466
13821721
875360279
569267793
580481847
650836666
872670699
359243401
749166314
281192814
287688260
860519105
571916007
822711840
352809280
764150766
949857784
280470882
126861512
627744710
147702522
916076038
738250797
665242139
190830445
786898478
164520113
461255704
501079373
999416649
691784996
348286194
992384078
29228525
616592791
202278262
369535212
50671287
103101156
607554023
400526392
615402472
947160923
329266872
492927231
324709582
156887099
197481666
406066533
527929910
512122118
603180324
847896323
446987039
734862857
524733609
814677910
544445340
79699765
249372235
183303129
229533283
516697451
549196379
805074099
446945868
657129843
124044003
266779467
756403332
386181085
728290337
185796898
590923507
911835993
548387884
55395947
471627883
822136498
454514057
53696013
906207960
29467176
272535068
423847060
892595280
316246758
719899782
167039714
542510896
421927759
308098815
57774024
33647130
207248089
739172328
445085359
117205015
156009150
907946526
406051920
855844087
719128001
340993223
824959678
833197153
845206167
806532938
6901565
900144273
99003240
670990494
760574994
154709868
390105636
572788995
751108016
954181431
765939481
382445490
802707310
115545184
829673060
441525548
769673142
438647780
727391595
564671750
710164592
918562079
810771327
394859654
654648779
500936231
686355919
791171261
697995877
17474852
735406972
244970879
769353619
678298099
380228835
763372680
334518537
526351845
71179241
934476300
56490625
46928947
142990534
401555594
961830513
38827694
940417017
74665775
296409129
894204550
362730344
454324906
858317587
916301345
62403884
479695194
142041138
954603462
928847115
566632352
806563350
382484591
266365420
329530014
178547593
653272755
150039620
935192160
167089632
521733120
389160510
115689597
131623441
782468178
978739367
641445510
981313289
446176328
699160772
25269590
180766774
908935718
956305637
784826500
938697835
979198652
79882276
343373530
265394418
157667693
344263384
271837483
805225754
86930098
270019565
400051087
716456935
485545876
518863637
879357438
518482444
25760320
260383323
295198322
584503005
355859647
431461224
370461979
222186469
474735629
609487668
176030255
626908602
994915377
175053797
582010909
496431055
472154197
50899053
996338554
216632888
386889870
515704254
776706216
281708024
959793749
40959148
598597698
164403423
451891562
188136329
936108373
622427342
864290241
664913006
634482685
127578034
18271503
562090724
677553071
263267995
242142845
598952003
995508350
487733628
178689544
114234712
145110203
490621212
761080495
899192406
157499893
920857128
40839328
577781544
112459344
187952416
109276040
678648232
547919756
539415221
282157665
134384995
17427311
952169857
47332466
152629204
722388090
938136936
84941333
944919820
309864108
812597276
42017636
428765065
986285187
420125833
756718404
673595272
630521394
66679038
284426866
946455723
618280841
647082180
871258239
106712755
50381050
680101998
549875929
300397144
68360929
574205252
41394393
44410592
572537890
412740137
690691072
252385111
586751201
643609715
998709488
486257033
102367786
169533964
292455603
644058539
48235961
484797803
401638557
826258594
562456092
44051426
452570925
928222284
983013754
57609138
216187387
298195255
399736605
779827135
685775029
825644568
507535669
980920180
193528263
425353073
824639256
968498526
243514924
238108367
165217874
489700938
276176539
557640640
998828999
605749637
878615706
545704357
302674351
546949338
821444482
810146519
568910685
502265285
15042766
862107714
531345766
458998593
965101506
617892448
577068914
564937698
132236721
530001014
15719239
362129335
543188726
625617679
47990028
578419316
574253222
642802634
839793027
614144858
197564420
721984015
542248779
739407068
988895218
946444602
605751232
625236424
937117229
909993818
665744348
312595299
105357205
680756615
599607388
711847996
201730573
24175221
733049148
805372508
288422265
466393049
784897710
714727231
560744095
872476957
508982789
92750419
241205834
52589249
484583484
329334648
535142050
728604896
703165810
602618600
490683968
224502514
220123397
437635221
63388590
95617299
90243431
386586254
668273585
349212350
728058370
8984080
979032405
305906743
932531814
933674312
254830052
362407653
918744113
209732187
108182585
449091604
667325806
290093730
70936325
270748511
228978064
529693418
94447337
711283414
16610667
847455542
669290373
589981876
227295344
367978854
179971462
146338632
790135189
841089339
994406243
174827830
700132542
771921563
195688729
620008074
461385667
587361764
825272638
455658070
906678248
323299553
108561071
527619605
961633591
821430066
281185537
228835561
183148880
322527683
707096623
791899776
24798541
973460138
927461610
322255664
605151174
230280854
568272335
367830241
800125227
471130624
518049244
141985185
185343670
158722230
962141806
775019456
563554767
282010843
913406893
163277998
322591711
953809900
2203804
954596067
936865695
441133148
30603372
74875448
110095330
386588479
653433036
377970717
778474031
174364907
193704289
911528561
411607763
323789093
697665797
20850261
955634041
941002910
970436700
255967463
633519568
506957002
254315140
971382875
328465292
808184884
161643448
272955158
551448820
10365877
917601620
900517896
71878466
158111445
806597514
698418937
317187264
554427492
766175777
89661129
967355693
587194600
60469792
490679263
42703672
597991116
459619252
385666687
415351098
82067071
244500975
676460343
301375851
462903307
508236172
721252824
988162271
334817933
566050780
542956161
218462167
925778226
276595825
868864862
573833895
388481974
819161758
197533178
705388224
490132504
408507286
186268810
478257591
889430104
308896688
616461002
995912311
175711941
593437011
600127693
917833802
416384415
857361260
821968083
248882626
952460548
90065492
484186345
540791390
525279348
139977360
329400631
441681102
988371492
640276661
802922065
57984086
876964617
710955473
111650043
873559796
500099023
737377959
310183008
23631687
689546649
700491295
336113191
776236138
616592467
513280652
279339638
564467083
492786732
844811072
643577499
743528636
3247253
395638922
253344937
162315073
583216065
755633891
231857682
347586711
807766471
919859532
907208521
83799674
665148410
153951494
655755024
820934212
77376412
983884887
302998143
787868539
927562504
249271196
713677027
774451760
107496430
381363066
704450250
515492333
37205695
310820728
973231650
389498943
171307052
873837899
42407354
654316022
874933901
448763674
53341853
139125322
332889468
579086299
986242439
111733767
317270573
743049239
488566426
936625539
598708083
745604568
196409701
630807613
998224405
826775158
467751961
200801144
978096816
230059024
613462545
489313368
619159147
621895485
82538626
437622585
36513413
498090492
191797615
478749988
336601325
302797249
596260094
18662380
251732691
728388936
694145374
432913463
940958730
627714312
844868451
311019159
266770367
714093090
332488657
763198367
648665184
33159404
839965766
722842890
256753246
563524570
750948833
913005237
506501672
315077247
423454550
719460235
790523326
477567471
55133713
181029655
65981788
70423199
963668961
267439045
48641470
310820458
953868784
126606628
380165501
177881582
332009754
958714776
69739304
995132607
755658914
795503247
142429427
178952412
998254679
592978941
325068895
249006609
727408327
863718037
18195103
949937828
668323360
466637534
509469500
467765258
166494091
909766095
148483418
641158705
366793082
63722019
138636043
971178001
442813780
627641600
834724481
70279629
464097108
854529867
337936754
895405963
607710675
774406645
481875964
405906333
647575172
893348796
894404103
202938109
219606990
227255209
478420778
179937090
150030525
827113668
541599916
745947821
875635564
152145942
727809452
879616354
876306509
589585390
382811447
42227300
939842915
139446527
606072260
624295401
400447987
545689680
858914005
724903736
841604699
275918705
509068318
62132596
938255537
161527473
915689905
753825653
679738659
417431721
311915170
299596541
418649546
804262735
883557033
987807587
165643478
818943576
410105056
552935849
927427483
711365396
25651826
939786983
152947586
645935648
18840979
27104326
543098
177734520
551542238
701072429
351205527
573982262
818329145
59055726
310413843
124603438
357164074
805020192
354426304
503281424
352218404
305971239
655858702
940646132
791233620
497429825
216626707
126036935
264817903
216729133
252169367
640961699
582256901
872043165
484189163
164534497
681131512
994966978
331240619
273646569
819096443
991558620
745273781
377934655
211335204
919083287
829110109
224234285
662386494
995923595
734260863
587651403
451561477
717624841
187577670
374206117
860787598
732277059
421621784
349308028
466202435
658252683
466407676
822544949
426525902
510230837
911652860
344294274
585921583
167245493
211311186
982904146
627723289
722263029
546118740
724247823
603394870
829088460
767071531
468726548
506810138
417441690
563761869
933888593
933273072
36007716
585210102
348007003
369189890
90018576
401737891
764871703
828334623
568949000
472622481
563136383
567562194
769263530
979648062
417315224
197205442
717333259
715839425
535800579
686943640
32146126
985051380
541281965
374792149
386286094
180585905
551257597
762517898
612274541
128333393
541471
845101301
164777360
791079779
418057622
795312058
739446725
235649068
179174816
398222997
414005465
842194375
819753610
286834277
749315587
449960025
285485769
76684894
352095731
29702879
165985922
125892058
878362132
49432741
447241870
87378469
627210330
890646450
741291286
754938964
170471966
505112210
794393975
397714004
434023014
702428540
520939573
69021653
529017578
985162499
835262811
3889042
680339526
107473946
560069375
422825428
597069828
212696109
228337436
670699492
859282944
442215701
180368746
713130634
52898279
907632763
338741432
696037949
606073251
393513874
913446337
841375477
885573190
755942345
64989355
849190755
823618521
695455007
169067571
394051789
120813233
95974384
891898645
113954141
353392538
965267047
275425426
149108280
223377500
593492133
352914023
392672705
78966007
210249562
612886957
191495854
428968724
935644253
933818839
546717831
511109637
872491905
495807420
673167330
947477897
719520893
156875838
263592724
903704945
997523467
906282853
245266471
545010142
979747813
371744676
619229116
486091366
64016145
134473166
130725415
283374542
253328044
782062644
839401383
649941069
892894382
531152646
674234915
235074395
594239068
299356276
555682031
666068676
843408258
417330438
776329577
236980688
624610695
260565838
620749973
467592060
49008098
22913524
84097781
431244561
947074025
466899173
660734976
769062382
736037990
906361497
709195684
794037
763823054
657400891
23636428
734399168
471774373
494015963
131510715
847798005
916399725
741232075
137533249
165081600
570348968
948653104
223955078
517481274
144677221
196071147
158813714
72819584
890754384
244925327
308118821
387905251
792048543
417710378
209338646
505376184
521584854
994912376
862141315
981198567
910004374
483003326
983737620
121714589
20174070
760424081
255084838
649891811
319956001
167963150
911112747
534334967
651498714
10369881
437434453
201292324
283026488
671396669
133494231
407001721
722277419
651137843
903155524
872339693
32951253
505961490
8356245
668763406
968005930
901890627
768079544
128640987
142506988
453396422
842951314
688146659
223445912
381398848
122432680
409234799
880754382
601489588
365460033
480475360
675139153
880461149
349064025
129996413
129400187
614236220
758145633
889680868
800802500
527553141
486588527
262011523
78050618
688607795
785415893
930195182
239016722
459202979
484089417
424242876
97509387
292226310
991144161
970955415
659149443
437434800
725212247
654294169
61086747
652310007
659450949
686796171
786799044
500537439
801857847
888609181
140623546
310424179
992908285
267355844
168456873
487733210
498766396
943726977
330834723
672992009
986509054
282823543
579950366
829357669
613402335
663932761
578064519
51270675
919602076
313589330
312509702
341342808
63120419
778654526
506962027
724865781
763866542
300081463
181224476
699742647
597989256
34746198
656384690
675668540
868443278
960524049
928675030
915426935
29149768
104304820
322643168
517005166
734145411
507908064
30099142
881457156
84207461
605054482
593913891
87250135
713793656
503659185
405468407
806548114
192143411
936746783
3064932
584398704
652000828
593977520
115620680
648917377
936953954
471487693
951479468
634521825
54622093
960021349
433420262
553837703
68954244
9392314
569843955
832077689
666735439
557747535
581842988
819548564
538421515
462799555
525249031
391539814
272173987
331350299
997674527
257856089
138265078
431736358
916490484
542171567
558265834
271183175
565163784
906412095
791392742
67896717
738753393
435056193
778305255
611197030
903703784
774419344
329649588
417654131
977126696
2233333
318828376
947522741
983066667
315217706
496548111
4161132
417094228
60995193
412147119
941430622
829488693
291706569
194015083
746833921
79045150
630212643
969056677
236731697
812135685
951196547
224164259
182675715
715110751
281915670
372425943
409355937
498740067
414296424
445450594
636946684
227520562
890548230
140820133
563479914
695238847
579998991
466822624
984903265
909196760
518808546
478523257
919816746
438435409
297546239
309113136
253921240
505191058
982359099
351641259
897393124
238442859
802782752
779751634
457287381
186975574
476958558
850464874
998143849
154322387
748542797
179999515
620782622
947792155
493073017
641463015
567340228
504212446
598779463
99576145
98476100
817388020
297529625
320647438
360189174
249698036
180428259
984024765
831951062
295504996
520243527
969690129
995518957
171921435
906704360
884518376
46349882
59335100
109589471
202648585
406942139
925578234
194967041
898428254
306669426
767096413
158857845
449808470
125893681
836488016
86439755
32246363
801957150
253363621
273969813
93045470
977445296
211157323
645423713
520685497
644405186
678255887
645899215
294227891
108859359
145876681
492858422
373552080
425614065
936269322
695911304
979613067
264136523
918846061
592316613
574161229
266255764
102522069
239520549
124950124
362690113
229093734
368468287
655500259
7083149
920024111
597624906
4561299
438289566
669580259
823803357
418686190
553279105
148580813
324193485
592274164
597234289
418112841
424348568
589671879
270399485
479102046
605688791
517793087
880769614
142466902
836075362
418900357
999880488
537452236
724745763
906611150
901798535
361609995
717736626
602862769
158934337
668321619
309559726
901806269
603706519
720407771
559904316
68198101
951818224
485235411
447756089
115558735
143270115
428721583
291268053
549347320
886933130
414908471
926925294
36316528
431650415
492248050
145195633
685837143
652696059
335628117
820997135
465591061
65197958
655975381
245862226
514869280
964798538
540935682
666198494
707063220
193337810
631836538
167944553
300215223
569383667
846052163
206952180
379717124
684402384
42524547
580927955
839237264
756580381
935317623
454746553
893513070
574931811
417354802
884999832
746061533
280842835
18657361
529112341
533051705
857286123
972368266
777295492
16636254
987063362
490601870
767385759
755054843
35157099
904311661
865053853
564208536
281965945
577013675
147831950
3680629
887855732
632739814
325462486
428007938
451660629
203264939
305393938
756926186
813223910
393896209
692883650
858706095
825851218
214418131
120855985
253945479
288608830
109179001
306548008
614768715
568514828
246665430
706334547
753896018
561927951
175897566
585566183
798123492
35020535
250411564
895436291
835844198
255032354
622578918
72304571
302559420
277332961
11011996
805350525
359862711
218925890
186354079
233501649
386364221
107273989
712589391
589172688
220850509
179359186
537401369
243861233
559499382
950173178
297400564
668773844
839017529
921291562
315870390
388716663
807085468
583540130
836906972
238292920
299441338
12127600
535160114
961747922
104497410
108345049
792486090
2401318
834925983
220153823
622972910
498685763
401766939
87717144
625210700
792518368
212674202
419738687
19790260
821962871
542333572
521689633
209668746
626083338
287244164
508209915
516038275
396511207
359837362
999402752
809590694
724170124
323554894
123982846
998596197
7630085
251862049
656528015
628048866
362204271
632474658
901052742
381111287
487487262
98076487
101841410
428695982
949500242
644452444
993548566
221614459
603570495
297850490
361491793
18449157
362685166
192303541
412340622
225057970
665508945
177663689
557990322
776098533
481828664
713045569
386963826
806258570
758603697
785478261
300841597
78479228
461912070
347569895
472386855
704340613
773832268
579435720
139421659
281216221
151684321
419786614
950812938
442438964
460999790
55045356
92370472
754286102
689652614
766539205
926368437
77524669
931894378
105541349
89143302
46766697
67577831
910669636
434445759
763911242
255816609
356788633
179660041
561384092
564195065
737288957
915450272
56262594
559657834
774394164
125002766
411790913
601330858
270257613
636224211
400245596
505216622
355789427
785474498
632228775
239513158
370538498
498700542
612841838
370693572
333981982
95705871
671848991
107496249
535748816
116566826
579994649
848882640
505854102
53573331
592341586
898712351
892663685
854215275
837075759
915395626
159820974
897228472
206561786
756764034
957422899
465953177
408498561
463046481
331853981
322598217
416032482
221850473
112603616
957386841
103562233
865412588
681575270
406819298
489758479
437712975
206825947
4953157
596147284
776656609
308501529
747347901
770866273
724630670
201037897
48437271
899236369
605342738
934044267
957281829
967687183
962172937
438464243
515862612
581578770
196067393
682578104
136089270
635699010
217433421
567526854
458104255
546262357
861468238
9054788
154991118
559052235
99736908
133995168
845161644
162757143
724236862
404323219
26150334
544782846
610619186
701139764
785167559
21298069
384978816
717429528
220368358
276635934
995258947
568877683
874573968
886657158
160882260
550774980
244301908
755443894
685876955
951031441
672453803
10860324
705667843
528455790
371636331
301722838
10881951
47976428
155130835
330689718
404370260
767744359
81944837
31345920
874072269
83881054
639505236
208331665
472476941
777373699
405345207
504353
216703118
898734277
888344331
912718773
816336631
476912337
649054482
342168796
360639785
965667310
434807690
383911028
5528097
287899783
573552759
930174172
697094081
839006757
770523396
143621099
663687216
301120652
685219061
720142234
219728514
622469325
119919188
5891632
307828675
653920403
281429343
425394994
775129389
806467153
852768386
47127918
584516252
825166639
419081475
238659577
916628958
166062644
244135747
912493105
773878205
257040429
724482675
457453890
650346096
435101999
307296019
737968898
702754104
362666034
122760206
408204588
633876008
852151837
84672739
722640122
287257186
735060393
387764498
751580531
654833208
871799100
35511369
646983712
584895081
893749586
344981732
498641507
489005289
717659031
699080856
451035676
90973280
313097434
912329833
844047518
79649440
595083465
914722943
58496901
526970299
86848969
292862139
946181792
893986956
807396713
741484712
755711569
322520024
551064794
496551251
305508872
511409799
664006765
723792829
578771445
939750273
834161137
376933324
626513753
298225808
891911282
30312583
973787925
401337373
671579676
424131081
615416916
454865476
743804114
801116119
992130668
186574825
477731282
100732865
466959849
340618068
815312366
802477858
672094481
55474363
173994914
138028390
285889828
36136951
30665484
668521534
418204214
739279163
890412497
940171915
76226713
461229914
865175021
532756040
344502021
250972327
922625385
794847644
226934289
356993016
37083332
728601235
998776328
469864440
251189973
870489755
198085463
825328507
877573686
90615836
469007391
908458874
67899012
306997185
8674127
21782791
458855417
775274428
124552480
401669633
418039468
432071469
935202209
47770434
224764740
980289469
841710171
971831455
165692439
887086365
54851837
297887583
375629160
867977326
86517284
370060161
146737377
256819388
868055169
700738505
444135264
379168884
67460779
491679091
211013487
212270131
48555889
566552201
206308335
809515827
161213495
225206736
95598792
513621348
48695310
653636666
63210640
524375523
838984889
941334423
678418575
783003291
106144673
111865303
196848201
520227226
153947903
10642055
826050610
780346279
88560567
562219958
853930042
992423916
516496350
614669588
152656760
115326234
157284837
926405566
64440824
749000725
431133056
256984765
526393653
522092848
571855858
134056345
195872212
890306776
747171621
5748683
77800416
379006356
797827476
812471831
496637680
608009894
753572225
85601805
427048792
529265725
202273956
916403401
880901572
517876613
326647943
857433126
389584609
576935161
629255816
159572589
667849367
30121234
186157157
95081192
661943806
642746466
30994692
599625280
54103980
273672034
551040404
900624720
241082537
186411277
971966191
567072472
634504178
185054672
689598922
838905850
189060674
26206545
72240346
461609341
731561305
98888438
808696362
983032135
573517580
901250137
924623811
388162054
651022188
947493711
401137253
19905807
38155673
995819775
947874570
590212899
627993573
710718085
593724547
533366628
578716102
325996266
642105603
704364221
346960190
876929572
691757205
465772398
285357368
581489396
561161171
510381993
849789198
854972680
574722157
96619633
735313552
253456107
662245702
254779175
364035539
914231552
881418271
812693378
431083498
828868324
652410130
30405705
390426048
947949771
272568493
199821803
857833344
165386137
946898280
883704946
662378578
475269978
922656852
416915590
852981994
194331774
822942720
564485727
45235261
126850600
241890100
421715345
231130514
677549504
75618001
309525169
43817392
423924188
838998184
390777063
499879941
801675746
663336210
881316594
261732976
604720605
96548361
237546807
947983099
879347872
436345363
894899284
240805273
937410982
666514449
540596015
977184001
958923878
974030335
458675337
862150266
115422821
61346093
887521094
76671226
277658472
490356956
12725517
902945470
535391652
35160684
413496803
602930637
784641494
378989296
476883215
177372782
660985078
496947819
73543030
3251335
448862880
795897273
240181526
34138768
546196166
18744002
575015990
20088827
681129332
858703720
409405689
585922564
951655728
517612115
678466723
157141623
42748323
620242945
835530422
135900600
925768104
560645210
167675228
839971078
763639954
181588125
361975672
996611
526176955
76507769
713609551
282491915
73239505
228633766
157172543
230531098
596772445
69183527
261241202
612531954
296557442
703715089
947434470
867444473
875125411
534986464
12627387
481103418
922185652
160948817
486058264
794634781
111193067
32830726
630690658
33577785
456372400
552797642
377689531
543928936
71814354
842078425
643046121
275403477
493465379
515157118
439236423
714412311
519714921
567701682
690471387
584085151
971984930
446361319
234683720
90610071
394979990
316599071
504357152
864922935
24571074
409204315
266159648
195575540
381682284
886131655
575439690
82124599
224229773
354879056
939443019
831204345
137309328
453807266
145360291
321703156
524658136
43165623
811846555
305893793
514606172
734604388
60784420
308677968
347098767
649835339
357846746
185422134
908900037
309117558
583113978
596114133
44824545
16873780
295843906
290403941
236270308
442974284
470048564
544874757
346653532
380146336
573199562
474700034
332072669
245883763
43057691
689213496
121173127
416459905
186440701
277069221
563251260
945659684
15537194
280705741
611820831
509962956
542468293
645944068
190091067
67588815
561410070
68849917
238259050
116202575
75326511
317786628
569450081
557484069
514216918
820311534
544111465
770440447
92326152
62766456
68641004
241630517
7845976
34731918
351125433
489566961
788049298
164671984
257018694
497374664
700145782
637349176
252397051
802559820
619693262
647310031
868124481
384744068
874990010
501270925
604542376
64009523
751689102
444889289
252840013
450207352
939104529
818525149
410409204
390675672
50488154
351526199
404218110
613493842
459944366
249231574
286438609
62273625
822608565
41648691
540643194
171983348
200020216
576777529
377336065
963647722
15051444
852079376
454504583
251151387
311881981
785294304
499293420
345296244
145863494
629852282
363460807
799884105
656340043
877995864
925081095
368725351
867060395
904162384
417586860
994585826
700021784
388372634
614326668
350213038
540323277
612722231
948842553
251884860
752660061
739565484
357380086
586387710
196564946
678100204
407075614
20047546
769702891
74290897
878811518
402162503
249999627
455708629
582972309
749425547
190675040
50713829
108096181
386255033
398943002
589754521
904682057
23015986
155834328
8518140
868177790
839592435
999295849
533072183
738255229
875025406
898794284
261726817
761667587
333199724
415507614
561227075
512858117
623938620
820786355
657301858
213264176
850987997
158182782
4473938
570607959
712776685
104316814
383057590
227236388
531898615
740939880
462060179
676039422
627662908
672381579
139523838
296750985
809057130
14938376
208889387
578716004
196417639
992895470
69517945
26177374
564891124
383358693
795445885
410177124
431128956
597080945
544374025
692713983
646725363
12628754
961334037
523606088
389190926
226454550
868684017
90063471
141398784
747252753
963910815
32270240
780436708
594507714
983178773
586767161
420962212
210282846
163054937
580703775
426612884
900645693
93074012
747954026
187089408
25904539
800295259
723769329
994697875
581179070
799941559
391685847
25044593
582685385
852373618
204849371
929085102
511969916
108167009
252414344
416426831
642624006
696417111
508363073
232798766
239017680
426997994
434655889
240640275
970548895
6293753
300641805
491604647
108799347
208369324
147673971
838877940
484840811
362645672
219954432
277129731
844440766
657748400
313652682
191524382
971686923
110890652
407976746
927052619
638175066
653327602
528134292
337885874
88533064
324690170
376433955
812098988
400972541
257058263
998896135
919079596
71582073
731651974
234113129
898663335
873558294
597113033
329099013
67084001
192832212
906883003
223950756
586370619
676809624
665393667
478939499
932488287
811683630
260391705
12900258
589422288
412861156
456382988
987661867
653919702
176930419
248258853
403197360
254822222
769084440
876113953
560498315
503295749
561800428
230412737
944537598
523619675
994043727
491919986
723200622
209269563
546398703
155747593
495083022
228870856
5564631
808125557
322436481
444134674
923898000
383946936
961149388
501766844
293077103
248834088
439954163
40251895
599294514
156281394
331477248
987729110
799941633
525997395
477053040
144500127
382471377
590959890
363406033
842154631
334317482
704255867
237469938
723505777
863730745
72322948
837129222
899404115
537629375
472670965
890353123
178004615
441016723
956004669
441734949
642908767
781080354
526735524
581836375
548947514
952623062
722945986
497219941
79419263
153785819
901086748
420739180
449873462
556794057
56073877
990064641
203828566
683864919
217950482
511728784
144460426
840614032
268901072
453552017
523207540
794126156
509491958
64529583
591574297
100423761
499733609
930592810
882965770
745921503
885092205
591416487
175675250
275420551
76580873
963102424
578657359
600834639
697747948
884592832
884358890
415600402
381218150
40743898
89633257
940948082
702559997
58401890
585350003
383135059
712444570
832758926
53859800
184968698
417128539
153479341
701073235
345793908
936204690
675679661
981185652
824383442
914025354
39933918
784038360
592673568
278578217
467310396
982945893
630543750
881164342
141595902
35314768
734671304
27578070
346116373
637185631
551948475
754193878
220012691
828415556
731662578
729328653
572188887
247169712
477374608
284206524
339678341
948916788
303589500
985008435
303659609
705286123
381216448
931633437
799206972
75557769
144352322
496334374
523280219
778673723
845780894
503518091
156310472
447022588
269766205
847286883
291196588
344513669
451110365
720123144
692817843
138952466
365047326
189695829
64386648
330652725
515948728
784486438
461871376
306332901
301815684
517544456
950378239
215558035
381578031
532543684
222330087
838133610
313701531
907975371
115709366
286990820
106366808
564299388
615171136
197814901
165718759
703822398
425845834
869182980
724838044
315328522
399013856
919464579
398797560
773841831
933182251
459470491
163434768
90380346
43564344
767906999
760260881
863895609
591925716
363692116
1642792
814559095
176921019
153800643
401827728
664454890
696112822
36556047
786452885
457431634
821620173
259560412
777788922
159729724
347439485
886723738
366341478
572841115
779403328
715868627
838569078
117043115
236511661
158547653
469508025
27492290
103362043
342839765
333397458
591450338
805753210
373513262
957457150
273910082
902720215
223664634
868575883
620784734
413566123
51325494
595869714
428368680
114667175
468477570
807510309
273331330
40754277
617105505
583768660
377010072
20735903
108955478
49723717
55235952
78718977
508741484
911564108
520796608
66812996
918553089
283804979
884700425
275154064
99029510
518976947
116246584
482979567
921275798
826919492
179237954
873113847
856766051
66657560
620200219
351951292
81224111
111484604
91690482
269495498
123245073
358785182
558946764
954520691
210290464
167627107
654254440
433492997
452303970
353468333
149461428
240562149
654873311
329143885
665860556
850369911
159267836
132072614
227149233
124526845
277800975
994230783
776743678
936667226
927608186
376386667
857856426
658925850
708904138
179750135
240875535
790366433
590617346
161612740
900467753
503177386
642826259
162420597
932450869
870407036
338505521
557849014
51136958
121847883
68303655
44721015
785341769
142333098
842227934
697970326
375842797
661079947
900501392
684083433
735442017
88389286
486741534
113155857
781811804
685584518
938402527
191713480
178074994
57156760
930488346
156122014
501823527
653495930
762061888
508601660
461810219
20607529
556921584
869614334
339957207
261254711
990368435
338736756
400752003
413283534
375443483
739423691
679641924
333832653
896526266
172111595
359057517
440716888
842014649
394064942
2826890
503889936
179931265
201787239
138559728
935297126
798319325
169302426
23429456
988969625
616493836
750593922
197876643
237168616
822406473
480994911
36282760
1111430
51395468
791323683
205498879
603585401
470387543
310995018
24876066
923343889
938691713
990281315
856955243
758361407
594683788
255142850
120356983
576019548
284030210
557064492
16012246
40942726
904262344
182495293
32436658
125295951
291523303
485854258
837639326
455748539
631200022
925118147
73074520
859391357
430808428
185933345
39369
329760170
179580724
494649506
831889329
185390495
632193603
655554921
503827585
383994642
131840663
517719483
295479219
733243936
977294657
274850844
980480508
667330162
44028011
527466971
24957951
543344319
240695893
244111512
903568859
613339689
149557447
998874735
692732306
684269613
337698030
877653115
227059707
323977782
145707528
864529808
93689942
598335643
885919468
399027640
527973320
405433270
878850675
815303766
600674175
95594785
930453192
181876353
191457339
471023401
315129636
801701040
285867229
469057220
629030457
842141963
461947149
162516350
198361455
959494819
320545853
30036507
354783186
698915647
293893265
66161752
123720593
552253671
790308370
137178742
977534110
123761582
168050904
712714411
701689653
932498013
950079049
703179621
865526367
701526190
623726603
937217148
371935521
531306815
691241969
506749973
235670020
128244279
872451902
167260588
675963204
733268623
372742486
445305085
372878810
265526161
851666507
229825048
486492237
520853516
453380760
102162371
373241524
921467444
517596379
366172473
143454813
456837295
556086578
21781981
284183040
637016914
648941016
791597089
30112880
700297594
820386621
13816536
170489241
717417299
166574056
108171841
842890530
136217165
106902668
838371460
26537522
588973464
374319907
928017047
666164771
187625560
581954589
874928171
329541392
272036187
728531877
518821121
879347823
367365010
187157933
92078965
514366003
901779580
241139161
79928303
137597002
872438557
370752706
849320515
175811899
293588821
157467823
937223130
106471928
920262796
158461403
647141791
593239589
36561833
942977015
148797074
172749165
864452317
393768548
365948405
267857705
290317294
424358609
911911924
238857553
574605400
430166545
232682032
665804177
159309157
915097099
291822487
386883296
703831447
130345689
628301169
425199054
727401334
67510114
10219150
816931549
842338590
98675530
77510827
633022844
806872975
485276877
693872109
416120731
444339438
167110946
587026637
965291620
535566128
143433920
155450261
788225856
218613619
382575112
662670711
845883948
440620962
858402348
514527008
762555848
483090055
676558676
652948007
465556410
199590952
138476941
83692633
927482094
653291906
946292558
789482677
391648527
345556179
877073125
554983277
305862417
505241895
787319311
817947488
418381950
36466796
899163401
246583983
183738142
827195126
728556329
611472869
793109306
762363916
210310374
53053401
203519292
113155118
908333872
602012157
990832539
21230494
621214446
628251602
371338232
308881657
860040427
616961549
594702500
230352085
63003379
509304702
596721493
132971897
675357389
469175077
301164694
841008162
66492852
553632643
447654093
737953727
964887454
440102747
144676588
443412849
513407118
998888574
736737699
901165366
18444175
720998591
648970703
890715862
590451725
632378332
279072712
155673891
725255549
597571470
133847470
681612070
386675456
972811465
947692418
289017509
391964513
929327148
72362536
499490189
615002243
748822546
109274361
54966232
105197232
603605479
526910396
546109888
50902138
767058471
98081494
747552994
461586481
51413549
657268203
102549972
16811882
996286861
551501191
669497505
627960131
172847009
505155270
912636723
652267036
984720012
199159400
913588810
803166162
688577858
151328069
946658234
382827231
233183797
208111739
432178828
330965858
578137104
986463153
11582602
302395267
154143201
312785756
812286390
402583973
177979909
462218374
166546807
581261156
210350661
267201218
989291460
860120845
163307758
330211892
504049468
616111995
115402650
118237678
951688281
702510116
271841767
178139790
587473351
886494623
954118365
292752593
603628243
425718041
661671114
650158593
730057932
926440961
17702220
891953748
904398442
32774134
575045682
910326392
623713558
610244254
514367018
959798401
427469400
442160061
431469257
136238630
646050678
658433835
218004931
24929636
105606594
666462980
62838553
614083321
489092911
769925600
502669600
7503311
246509280
57556359
218514868
859526031
707202669
667232864
221837942
395364086
217544031
66473316
513959263
97515504
564472682
301017457
542279340
232745022
814906474
173793471
666752722
36946023
25701554
69123341
158980835
691779586
569353969
524236977
138748836
730119028
144466037
519671954
650547195
277231866
921774315
637107184
637367664
70662555
815065538
888222817
308136137
682762120
791985331
302323864
409902234
711916559
141214430
683950526
664694818
927190043
86045109
34368730
520002616
615301625
756027699
601730652
581884831
462763863
656053349
908198458
849514366
186870730
346755099
903770965
124828176
856743218
480568069
516114934
651394125
114003646
297532500
146194095
579192145
653459826
750981032
823210495
114210966
205014898
341237978
396575748
526816403
471588757
190806744
976282628
970820685
96863236
782786334
653117889
773475413
984354986
25156045
324203017
719271610
741049083
510463693
252755786
594366918
232293985
614198671
558729253
641949505
742809790
195713508
375702657
746223249
733070234
247676599
455924923
910205125
788093924
601992800
706095627
532831489
391609070
47621513
505695617
812776764
958972527
738478872
835844646
268644809
565747925
358958302
152736408
510837003
27609563
329665835
548389015
559148821
486241436
253066549
928264510
824540534
151751165
833518063
686036643
568567069
263572088
58946847
143447941
278770015
157663389
729575900
184755599
630927419
934050018
463893952
326311162
474211187
936461526
693074626
794670527
751180957
722220900
52989476
179162004
873484073
276199611
851902107
128318801
390328841
767728235
858257928
154162525
122419459
693852185
535840090
40228433
214100535
784323653
208457280
962344974
963629990
576235910
529831226
434850495
397742656
481711679
768302634
767134316
962192641
693987902
199850820
143558049
38831244
916289342
803866304
42601253
988022921
513010400
739402267
9734729
618171353
671248940
387579538
382044243
323414340
440511147
666624280
757327818
548815259
708856752
344000327
318110649
266653331
607625234
442891471
709173943
894907768
404937228
292705636
836354630
914722749
945355855
767718477
309425129
959862402
485614648
882879656
352599249
30636691
434662766
989771586
305478117
295375298
958627034
809260547
713067919
883290741
906718511
133813253
997109285
197659001
150769383
87660777
601130062
186401167
540209052
987973096
982071337
670482824
799230145
103307191
811006554
759669628
68657333
260228685
7040934
812005051
684312527
743757252
56089706
16833578
793029836
485608305
768815569
653374098
163653538
438202887
923555578
603515331
697312373
852513092
469637291
646944541
375601886
248414164
178550318
667182966
934514854
364762239
688283475
196929847
938346436
521035871
554228198
194152771
618851536
477467604
401252592
715467631
544732809
722617939
310305274
508456957
149045451
487511836
685826000
355459763
876146511
417872936
376633312
279247270
54157669
744231428
150970549
812629493
222628471
498852433
339105758
690600574
307663123
989187307
317681061
994685043
87435687
422893794
616495873
780188367
694858566
807064177
133469945
722600267
19945943
445440942
541233369
111818211
408350519
214032873
291564119
487880571
765473216
740436018
63217183
283835386
710375343
552940733
159257136
630707535
829564404
122664561
75732792
345684172
784323027
265877702
393371781
119114693
737402488
258711148
439508936
74464754
293444546
56832417
666804794
517690886
406667274
750946477
661256669
531423576
896122771
283561680
129833901
491360503
873375795
591710711
477744777
826397959
602644038
599178112
802106792
262816477
291237745
943514454
493891266
49590169
565094807
63205224
138008101
950519909
36854959
902815226
866766085
943971766
688142317
470188632
213427717
570274565
224130701
224059230
218411502
164862523
984738713
299934515
753292788
125692964
955119237
680655766
340313197
256091589
537742173
710370965
195097481
5131468
5792542
129285019
643187428
88460811
926717041
459352153
531581970
597932536
223915548
746821544
704762362
215653471
379990094
120879364
954677782
286332738
761095249
641770251
9139540
385455907
944335390
791086565
420188231
642702581
414795526
178187830
520132545
137845082
807636584
954444650
404400288
932225908
788703545
960333078
375134339
583952383
530749926
124030998
294024928
630641265
75882060
416108269
529026869
165339461
317772645
847201899
203247040
139427662
240642130
374568768
147129526
708040675
123888858
145216916
367338332
423375198
615935172
943484620
676438774
42742416
131452988
466222392
247289199
614715127
511611054
850558657
510939433
535192077
94709310
263244892
826793011
414691309
780384846
895365592
764619355
915280012
437291039
305146760
976541155
40128000
299226397
774450554
359748085
534393786
55947966
902215697
965710270
446662351
766197432
736587538
515037180
564301304
993865604
757721124
889902005
224491340
7629404
511110516
69243185
70114540
949776689
56521559
740133340
43654649
577806168
602887807
528005284
181245849
617643148
91550014
188058872
931240706
688753907
773582564
164984797
936891425
934269859
873727838
840567477
217008558
584480545
302204239
8811871
825431113
76252594
235631981
308992958
308655220
416349772
767371537
251958104
344187382
111697411
384511060
455721906
798718204
386398662
358835496
773125654
797738663
266358421
163115733
378073807
215489743
114339632
647432853
650819418
285519835
171709164
519944703
456324573
961838909
115173888
323415847
930493736
107320099
372032091
32092355
671733206
222898042
158987956
786336680
672586434
766454920
789964979
857671375
228734958
614536497
141100157
784015991
712964422
476326053
963552631
443796069
515273782
489679166
826076295
330270330
264854462
952388348
695893871
93079328
911321865
259719029
861030742
779939773
941436236
743513752
13160551
257261064
310946740
511531690
835641671
767296658
113701867
21891623
920392356
558308824
111479976
80973197
247225724
494162382
280424613
776340172
588017217
812320831
676079295
851013129
885043429
655678622
104983463
712381786
700660960
178340741
267429715
462950367
604906968
250655862
808568484
411268608
187805305
618188978
281721846
488209488
970564882
755885777
10354923
883682332
742740644
50556604
938218304
27030884
319127712
51316519
159521046
312566903
108077291
953489891
184518800
162749233
242586352
928241991
334510655
516154827
718100092
142005591
334617677
886598692
76728082
452267661
589931087
41604822
146100569
979091524
57380117
956078213
655959881
848305728
7568929
356536025
523022311
714824867
83220414
792595253
117930324
655822279
435680122
659020784
87403542
427808079
417242423
781822511
20829047
671606692
691568446
591733646
214186358
107025952
963435209
115270400
589466891
863112739
592886015
101213779
641779152
189678628
31434799
810601932
381325952
986377126
262518756
82216926
177438090
180212387
409150369
443399749
188344457
507557070
52127784
861963072
326638625
431584330
835277978
998998079
356740420
391098665
826835796
423495999
999882424
350654113
355936737
195287574
868741985
524242445
72242281
63722342
767064090
927255972
489579196
623271207
221121508
894371432
542497849
280327528
866715063
72888829
87929189
701920214
303746868
68698664
669238016
773447057
687997282
376571953
403849343
450815870
886163157
784890446
302670328
949217761
291271077
873585073
698575057
819250991
978730713
443385395
829423586
40921763
447452676
751737971
301406484
838840214
334072231
124670316
960424947
149314807
420713997
756020831
155090331
164970656
259396378
401257975
625637383
868714446
660266215
351964933
993249662
658730099
233437492
859633596
719715038
458147524
975181889
342972759
406409337
815049718
814673052
752227646
796154781
561092564
828415876
30552326
826665991
961691758
982771487
237653791
358725951
948479423
746267828
328122547
696181351
665621837
596043775
371217726
976827417
301477704
572094917
824473427
898299034
747131027
994268472
846551451
240647747
445260655
644938148
548941696
259310778
823150269
725860599
614012609
120982869
868793648
667185248
314262300
438792622
662167265
782740455
289195115
290039001
955664097
279462075
277769833
549204733
898168827
698033174
56699034
558553865
394502791
806524901
513666805
768243090
768670763
256235802
76533263
670859559
571110312
744313029
387936062
780608656
197704319
74809286
339587073
445875549
62832983
66188690
234965959
982588621
73047205
862100229
548080756
946115935
221183800
22381139
622689927
594716260
884761891
346506875
137230623
487897840
512578704
29906045
299485597
306435361
838629087
167980719
948238012
382219164
718581324
419230796
336252535
13531172
136293225
754075073
704830111
936007331
105671433
932366544
355573755
349882014
4807461
128912989
963098147
709335184
910701634
969661985
193031565
849691054
892945593
703688793
407902711
199822833
936060082
488399233
933194028
874585249
152341319
941500708
422517626
690923580
721657067
957659962
57089730
229704511
601216569
667830334
692064113
31031300
151668015
213460432
668920777
857863904
838480536
464621710
135229741
127464959
173022620
800542979
642612096
43982304
839366226
207672661
574576849
402811715
938468862
113288253
342617685
117339861
898190037
883652010
926479115
668636663
463925830
117633810
1831521
705024887
67370152
309468343
564818728
806902885
6188863
494228092
350860705
562409474
5042678
764573969
551057480
10708307
873936018
636628922
357868293
823459031
523967477
925721693
881519941
256046770
604269369
888944801
897942331
361079397
399103123
164870716
349514036
566388465
324497653
400593214
612355598
519620806
199475992
338193910
403233124
483844421
941890960
657002579
154561864
463323305
754860480
53810929
254136535
555849934
756146613
337409603
410572998
931426999
339438777
338690596
131257734
143050036
394786504
247095660
773851909
376482442
24802728
273834794
492670128
784897581
917302352
821383438
701424130
574154887
707495559
546610559
514710809
650607904
165403392
639448684
262261104
278832528
601659637
385841546
731598109
147919704
841856845
157285886
379116893
283098349
740812491
979535521
723103224
571818511
296995421
868681409
740175942
124689049
688422755
672373727
300315007
79876355
79862658
573309398
648445113
346312043
89974105
854879155
480824240
20926203
960594456
274257431
28331143
717599556
325344417
20989418
554678918
333134288
331874315
543489657
240451122
319574601
682365248
597331316
415389047
457205381
821588271
747240302
219623534
388418856
860675354
538657148
165453924
497269794
439189301
30419390
536985205
404509533
607040316
90769144
917824128
902402191
7709048
479371921
82341526
326636689
300310393
764400957
257540023
373169984
650626418
809712003
745378822
603635839
437003729
284615020
680584424
180458971
151308387
753121988
107239957
503332816
242701890
920341907
453676756
86091786
239496279
459239805
105018619
211266753
906854706
455982655
464211784
136150115
623663461
563360769
793312991
605075066
421246649
538573683
949865169
496309188
249703258
624226454
78062872
347082140
784866155
101979533
759262758
703356901
728782163
775075055
350469080
831401914
561117797
249473763
559037943
744408372
67313428
457748395
694743176
374096782
81414423
730402765
954664886
596424374
254892095
829355985
978555369
715826887
286879521
108178777
296826048
367728352
827274178
725855067
184131760
862143145
597277260
936580248
292119157
728020742
223400930
191421443
269555834
757869027
162328885
167503210
617768308
51156109
411198659
430436762
755093213
491574435
174149743
196424316
953804391
992360957
41763911
545039812
414110029
790707940
390472519
210967152
40959444
884286381
452706208
909147200
797418556
218703871
917305456
779639625
400629049
14063876
258057690
793161407
897751473
592100705
571829113
250659703
285083955
373839839
354098181
661940386
815020591
438304265
361395962
795292846
530950857
138592350
8071239
997587098
9181331
924273147
223264234
989384707
908378256
26007658
990476675
557992583
681527682
535103499
97285745
638147593
546805739
977066479
220936644
418696838
395543988
93525442
256648301
508451072
866991127
249878352
690663473
633047370
618549902
672167811
400680696
825287264
788650259
897534461
500652321
811341271
165378516
645202626
270861736
901436665
766742995
406283265
419304934
724722919
927790002
747684314
378842753
677992286
190578517
390975814
782289691
405027316
230717861
475331581
560123948
697465053
427147805
53317481
981648383
839632221
942696040
953288082
252027573
394090899
107816433
214041805
64209118
401786300
736015031
666644114
767525856
797921015
180669036
899420572
782574792
853703934
16285250
131585781
247465807
971924078
862065340
435987060
884412425
18864059
801896544
107775978
153036479
201722453
680016756
498919844
37232838
675619274
190176183
90894990
595524096
731340813
701980233
276843854
994013349
960931727
798170593
669972587
534800134
761302797
347136363
168563070
195810036
716801027
95500613
429464018
435694047
879620197
414643463
10896363
91807286
637221699
848947659
23757426
180427593
955868577
787510073
459585098
357294944
71427468
135547752
274953397
589627589
389372195
592845234
684655565
687956418
799255696
605143079
14082410
265392600
48153548
142138518
850444597
52293792
38175712
957429929
168082607
3462606
239360864
148905373
983055261
62196273
6397138
119280725
852472819
974822672
32775523
89521586
657682270
220244891
977201970
949688828
818264386
604702613
864490470
758498262
991920697
138978286
196898301
350267206
720729837
987082850
417593844
261107295
623181736
272202356
709895881
437981571
854520883
670676294
839336071
451627416
148618910
755097869
222971019
326134533
584767973
826366715
908825349
186449440
334277906
150248539
537713790
612396188
387795224
794919342
327327412
36553047
687552362
873302434
983734058
238260714
102348390
328653112
74306706
220553538
29321488
956567379
331379165
603342696
716131254
36486213
357755760
927467225
714648076
266424856
66060690
118195145
951030475
918524713
176552842
293417704
707543117
608119607
926363484
889866954
935611778
848772546
32146457
756623755
184425183
596004814
396413121
814871780
35805642
61832211
442835533
936798247
242359121
908909441
235167328
584796497
29015397
616831877
974059792
673137962
473841833
603353483
485715680
148105971
132038885
95056327
760405195
350110880
836683422
148971877
310462128
517770226
861773565
906977676
904025357
132674192
983819779
137031459
191248315
797753403
974547472
132387632
84373389
269697419
320619432
44433631
616706047
937407231
966576289
341447762
618155831
371604746
313507389
141924261
740173945
23448027
794391915
519426833
536379100
217625197
905913604
332795867
909830968
195536520
681976489
884410947
987021471
58939448
178694160
174274962
39938235
537425072
468838540
151517890
453204592
901532831
760678664
252606567
729483048
256237663
734619603
603300912
463000338
113528197
108423577
803839912
554874025
531331581
887659504
928307960
646216174
921399427
347100312
971793743
948946802
340337794
905522250
84859418
812339985
203550823
446150755
593828490
477507670
891199813
700375018
297257183
689889268
647675079
539389000
249543890
931855185
224110033
954025030
655040359
901539153
993895880
270039033
12671523
42763301
514930029
12702175
318245659
525824817
495505354
419045338
642513054
548611596
530174849
701770189
337057854
209620209
301133240
409002832
864069882
724562929
222803030
872965463
994836025
402887057
580838166
702003516
541370061
65053030
626834137
397033166
478700339
459579873
64800399
203235872
968429599
741698461
351930181
755822868
20521181
260934378
549891962
619106340
298449132
110430632
545182957
178145748
722871310
304671738
41294092
471239541
472833938
63208614
682132050
270849091
734410760
554373181
550765670
912701566
757671278
175644637
444540370
946740548
593190694
430474386
233443215
610729250
443172785
723430679
939171917
752953792
838285152
82765703
547613121
492882291
434801191
263087717
295269923
407493669
591894274
946126586
437991430
281936806
531111291
466258605
242468994
569835636
202609104
258556106
318623123
614020538
171838875
667976739
262345617
31450390
255177506
762098698
145174180
760193686
325231063
166403903
646548121
838489089
679495276
524475102
635489726
388404366
997028087
582856906
201679305
588529414
440386016
570712650
103148424
741232615
737992975
385928278
921853081
530255210
414664518
706089861
417984002
73816234
666867221
994098011
44835165
998889675
859065812
795793954
345589171
360873293
760195863
181367350
161247704
447605530
663704355
550530473
880168442
185535294
158907936
196992125
852417648
154511242
823776511
785601969
71801495
565931532
129258377
186727058
888731502
50295840
603014194
21256044
564191929
880753851
680833507
665178511
284656570
35581906
114279628
484903679
938376297
168532890
572925733
514819056
876175747
287335347
379093453
704403162
421359437
555544780
365818236
179637565
546858590
211068152
554732552
302862828
251928278
871827835
730624390
948312505
33807771
240668123
577649533
905780719
268678639
384082304
282466837
131875050
59246317
6454376
230457747
367620240
237979591
629802758
757161554
585355649
299546858
366231415
768608838
968252263
685054101
264997749
229472644
716196883
183980635
361421991
616270497
306280649
843979976
314168312
408727353
576716833
342576291
584752315
120039
764282570
827900963
465992982
125518123
910107523
430251392
652498243
937862455
588602245
205529450
657696256
523971381
654750788
657376154
286480818
23094839
209789220
756231228
678910500
843285039
723172088
841923887
17010690
595637849
774516424
816651105
153088786
644765826
8100113
396998024
963326357
422981184
258668913
892081992
358323970
252956315
238979760
909033227
79527851
451288443
400416223
327205489
383192911
941596348
374929391
709081441
981561465
963394777
873239304
903860466
521072969
29681063
798137621
778424543
478334804
830782159
293129472
724342402
813985919
760437976
297904828
994109208
583061200
439155079
769066376
856310519
903782645
869606461
50464406
581897871
806300789
460049104
194810409
7696062
52986818
505993501
581999597
513636345
995894050
342100226
969382044
49255034
791184474
161088877
28844277
485385825
52786038
882436797
259058504
196259691
126816039
695647060
283170928
387503328
279093984
17106921
962498465
83469868
346922050
10550738
278912171
163783203
46807921
24427019
320501668
382749607
69806078
48409009
243197809
253069641
413478662
165478317
570495463
945017179
225017932
294853839
358925056
373571565
220152391
996016097
304096881
371536987
230233756
569911206
565954554
245231891
354311937
193784015
665624186
12675694
148888637
662511386
511053766
601027241
444475964
8516088
585392510
202810665
21321027
209867246
912521833
502056359
897199598
926521827
650962148
484581358
809053677
431142161
889826500
176644491
250968367
307793328
921592651
489755626
441065380
906084560
310912560
741241440
138709354
336271778
88003392
162673383
135376621
37072054
700659691
981465474
813384581
72325438
653265517
386297
313210258
470103599
685228670
150047526
769355355
711242807
303827032
958690473
718986015
429883468
254147358
42738408
295148336
613509939
587871890
559129593
163302069
977810128
410056355
698025689
279269642
763301677
144985541
844344026
458685458
963450508
112265205
634681454
535961521
766916377
433726997
101321727
579955241
178799023
601125020
472865539
421244594
722312474
804763885
132344739
68461297
689670475
761574801
352802999
706020017
703397419
255601851
715512770
847637337
72697725
691835038
740060003
618451912
288520382
20151483
752928155
284532284
91430436
447285949
661286650
566805654
827460989
789713040
475799192
921669690
575349589
475231595
284608614
798252257
40423837
108140497
23368565
963877552
527532786
264631049
282116436
632604502
694766559
451318449
922392546
772211123
826004336
94638416
449432192
198594799
82039735
829406349
949304103
864704162
272387795
10987296
950952733
188581318
473904457
47550482
361542875
668641263
473878988
396623295
796016731
680440209
636111669
533288582
990242167
600877118
184713973
504658435
609207005
442041712
537852074
135218041
435323665
531173279
830269827
281341090
996230632
735720151
583488323
805384197
686066857
627136120
816095705
842828690
934709113
519660953
864244582
66943871
48846323
515255252
837599371
150406010
812944385
908117365
946092418
138988975
106304800
539891158
656057015
785172520
506844486
682346552
957942105
415846690
452298434
38089304
888116331
985634755
712286098
392757791
172688769
822353012
831498000
916448910
712330105
415410032
801975249
592781859
452537194
322024713
823304994
141428264
45646225
702054369
736449319
544511808
610065285
294504447
533032024
516233326
797250344
281594937
233344997
865383487
498319851
66483744
848803653
867520459
74099768
376065717
901795712
978226534
606822817
115785944
28166896
195776757
168339034
665046775
355755037
361342801
13684520
743582046
774077782
221825475
158885516
480179907
863912102
130250757
590017744
381508332
544650310
582373704
334060796
767531839
528653088
315846786
170500415
606227
949050870
324057947
893125565
379235271
568436952
217261961
821141191
352007855
701814882
95459869
98864395
754481251
365072194
268082162
134906033
772709503
505507461
10533662
160114949
31894131
885123530
444562919
762482860
995355663
799551067
284622600
637374938
484159006
142867824
193364965
368317838
438412447
715512061
211758259
846788324
960018697
250205142
329506179
823001650
303803284
914042775
858874020
435562527
499035058
622850434
531621526
318758598
529963630
772188575
887612308
565441732
125453221
792876048
765309197
182591383
550263305
736691843
275615841
483562076
107366130
116906949
878141336
641503701
851060082
376006732
711568607
963996499
394217215
432659292
171445903
717284091
555395202
619835037
543800345
366153735
774323669
729497827
228505862
815235823
17606532
842968529
921573040
141769074
713643591
542549607
538637678
518410499
737846598
135498426
565893367
341388063
835715874
875874186
113861705
88439125
276438028
358855268
936346200
659772524
115580968
987399845
353064561
362075251
771462793
929759345
7662141
272813926
422371931
840710434
552927711
164350653
554732743
458070142
300722836
33570743
759145850
564124408
830679838
129590839
304457805
616768009
750612128
749753846
785835228
300083511
787216175
409039214
236451568
784852313
745175082
871209600
749319824
306138339
518684408
933154008
35813488
615698044
765784286
750768468
920900232
954741158
221204186
611736393
171453678
423781018
996010341
370688249
31742608
574821669
418031796
186561422
643358011
554683637
699223370
275112961
788695
417466247
103110990
275336932
967410352
166549137
818732657
263180446
3682195
224449232
336290414
907849048
742594139
490082485
502493490
873060626
288572245
564953186
988473296
355932155
381983594
493157487
637165491
826819090
762248052
661433637
668557083
247633477
100378053
923120907
793034961
600088270
735199220
777833492
137779504
730574226
198422946
738858729
547749662
367708649
902570836
893928993
109230354
54250157
841166641
236552423
37354163
31221941
820595522
32087975
567946100
645744671
888652338
283220997
203099184
689893537
643580275
799793495
607564423
163804327
200626775
145390669
273473731
248996353
684589683
332964517
624861082
160174980
126116068
440444706
476845222
852841052
375763098
505947058
276508635
79323502
603476613
121749796
943738824
725850943
879961126
118974054
813275780
125020580
233587601
265080729
611199288
391359235
767832394
904494939
164345869
634119516
20014447
340427334
311912816
305809596
152162498
209787028
481765317
399564874
336683089
249769248
512538060
51406327
770409971
610643574
619815054
703964043
119447943
534807422
213050075
40893426
316415351
236970986
775270612
734030786
231263976
489820781
633276613
584019706
636252386
854895731
404063922
261991685
365274227
111440357
153754138
23185441
365006407
608780422
313953399
622806648
978525474
508967691
448387061
54789005
669061175
483902386
182898508
858369866
61934195
335231705
100170200
242140616
379486949
252363845
73237060
850756094
841700619
86661748
644925239
500999413
550872587
71970310
616402123
505620318
595753986
627816854
936756284
631372051
248283995
935296104
946478106
876409193
728710548
891681636
422714522
233873203
403743902
850665217
880589934
248501019
937527792
422274773
14028802
153876337
580010464
232638212
786267153
605287202
610903434
451154514
673352546
708943026
58113625
169898168
536129978
812928042
171521131
300904
765595655
873473455
387901427
765135639
996312969
669799810
410509563
95733282
966431404
612350255
49484771
244224873
772002538
476030818
467683766
724482543
559300009
510654871
442648783
63124228
75619875
14944385
450571519
538258397
859088413
57880249
904136664
353029374
187781424
525436663
915365255
350822304
481270583
914994080
78934145
847745938
355566811
435398605
116624243
184890687
724817264
485056061
206359196
868078593
247288147
682656701
656008808
739447042
956777539
486244201
272963663
995649229
278646810
866933095
919480005
313356422
701389958
292408070
90792957
183674053
699521503
123678633
993105601
317045568
300590193
84296579
958601636
724915788
109178085
567106621
517898812
802183012
540910648
273077369
805441659
622453616
373298943
622776138
539722064
579395051
227725181
363554981
874886314
647918250
959522235
688968539
639331885
491387018
820151924
754644156
349714917
208020364
671313445
120792988
490035349
400355519
991268333
102448405
598404851
151809808
469279269
142548825
597847136
305827551
244898673
497211966
564221006
923804431
35830893
310285616
42397510
255052665
616267806
195277045
725562516
843982586
516172172
944502963
824736778
245935295
817380271
99816098
991675850
524639520
292541462
978616878
534085334
477581224
727545027
725496319
282470772
624134607
89489461
123657381
77532045
309359597
195734366
188750345
934109256
216773311
362445429
242424156
478009242
18622175
355807771
733112359
497636043
124452932
11591400
323344733
241261176
381136056
904708831
779735130
723141322
452238261
85704957
908219484
464685013
775977318
422303581
930658332
107971033
149815282
565499123
937976397
318396844
798545970
196476487
656936182
505236166
270709197
957647676
357907725
515190299
234750731
769228234
303823353
925304943
295662930
672164663
921615076
368213344
768095726
58467323
134502859
687835571
105990128
372767741
431561307
128330197
784766704
755066870
788216886
601825975
770857083
135502217
180002810
707109661
281496685
612766644
670787499
139126784
676382836
569247429
560205464
271849714
381331123
107511480
944013693
90423294
598432997
562200902
99269445
807284745
317121503
508080000
507846876
954445305
765488174
675664294
775502782
616870999
507179482
149608721
47544058
667158500
254247997
623742013
44922090
107893305
503505477
920183633
224330324
537585868
253967375
895536231
324383724
968970892
272611786
163011306
656069720
177658394
688225740
944790467
883179574
584537345
264901605
658190163
169399547
166652311
914047009
256929112
626722761
353689831
781442803
19683404
37302732
510414495
506680601
849278409
261612497
332814067
629130237
978537622
258281347
272896312
785774744
808419850
148875503
648115701
739687398
509295125
352004653
847425276
662738948
343322889
610833345
951194276
620180108
570207148
807797610
890166273
674050151
2684307
360453098
280663948
165406485
644615581
256192859
146589101
620802986
228441445
580595249
466878166
828788786
940359792
721730906
732516731
855497661
639810230
572670359
464292070
937883983
170593386
531949
698865745
333066094
201235281
398900914
645546491
104918909
275939085
436452959
374480067
140302712
521206790
538254008
749575485
449133703
219197119
513019334
306933737
454771912
791509406
461816671
233046646
897521004
892166631
381799731
603831067
818744313
621114207
464724330
116815204
954232128
658353057
451490755
9289290
161475492
93970167
795175126
428486142
308149031
461602319
952395497
618309831
390250350
810841750
39098316
296059870
582936433
702662469
336679921
791140050
768892829
635671603
4337908
441298141
256024802
397827061
637911134
623673211
901131309
276574037
891321224
752135817
908435776
693210150
774540487
373432710
775904238
88476397
238451529
226013607
985284226
777497674
453157296
280661394
87270490
427480408
502164038
187080504
625288001
935858410
349239640
102583073
227415645
927519667
124572575
345233498
804270670
8429085
613134764
672184198
824193854
679472181
913980692
830278834
37779889
215985801
92161857
138608815
873292830
885619957
952528764
646145942
322766513
902442793
567520839
139332245
585142913
612768979
830578744
754790142
104976900
29494420
87778517
331205648
618925596
774943265
136634241
816600274
362243622
709163679
966866279
909932900
337876276
182769238
125672382
527156087
255184348
623823619
404719291
913140692
814400877
814853460
838634959
132608072
319319989
574616393
911923506
980864474
192204324
162298675
655800963
656431329
340526349
657028277
334794314
475039981
638606134
999908099
198243712
415815891
275152889
617785051
287636216
224832571
9288264
306672940
752163477
683893168
992268107
686401237
141013724
474200622
677103692
102509177
895635802
878270234
186108369
408336492
168666733
434157824
679406045
513855720
966554188
604375440
414847582
832925901
594337833
868573583
596680842
804993727
869593617
78594655
773209487
489463541
483403795
631553931
492061580
518642655
59699208
578101835
648856847
548856396
561572727
433691391
595126932
279218272
914483427
880967872
395083234
465908593
143766001
616912868
318337662
282159596
103243194
770271295
802765733
905477132
252455090
644490116
503376954
948428299
902249898
503080573
375936479
610368729
575104556
527043497
21524170
56779718
725362983
213605727
925960740
296547637
907368931
893910496
30984038
998126756
537672843
165636843
812857149
557566600
55255752
563213822
892352090
139436123
165366572
315872693
544237990
390214184
148181480
845504826
641447601
782286129
323897774
564815537
551506434
712309563
596375298
621347831
730680008
169219783
124680507
264218596
862659065
46786587
155505601
206581594
809772733
688442294
510080826
619413595
415606011
766556108
658822008
970798047
399326794
884752118
269091035
515256693
762193601
402739593
767848087
634777293
452770633
280318843
537437521
492506720
966215700
684364358
542699018
37952240
144346341
962082235
970124962
249526185
197420789
566996896
982778030
339513388
532872122
907958439
817610047
877093769
726755399
358069532
436531738
790707791
654137134
387963184
361726124
898578437
663934845
820880866
383966535
135967892
688568313
587723452
945687780
937871965
555158629
520086309
650103616
936821121
470948664
783731482
918257121
320950970
232610585
269785127
773072729
66296907
73037641
439628608
742799712
46449655
64150742
873417542
402096893
68421394
527398256
157955472
922669244
39979210
949420256
956333309
141451910
474012143
545840346
727841190
883790652
39663606
894662408
11489480
733210815
890774108
612955418
937822834
288198486
245864621
556028222
914748295
556645807
712873764
66916687
629015401
354540170
210309450
780899442
621168787
750746483
763908452
343707925
849467914
612024271
173549794
323904113
241992563
410132111
81969062
424692653
449124535
851641642
970450274
187900252
675360432
429312201
59002155
436453687
594133397
703717294
77146852
567764205
473400412
406683177
399070359
697477424
129373950
279318861
199914807
416115141
875269526
51626098
38890044
712627523
512356005
712679050
963213061
186667686
981605671
378432657
86565388
304603190
857594739
759758227
82114300
536791867
176297998
22745080
521379420
563373501
556829547
502702076
509927476
227465203
836067636
28094935
136612863
829095467
7536652
646114111
558689715
924109914
915511055
967779316
523435392
76106027
6432357
248175820
89932192
978731042
51829003
380497289
427397585
848190293
675826696
810752127
640569165
804534775
838803161
648482578
591902734
873957270
970151754
400379715
465893606
930684092
725823490
550710973
256257523
279965715
618088754
74125066
958004532
807073680
924758789
694940665
276960879
161335842
526713959
970519242
288092052
552417171
863300816
102361443
192059977
386743113
602567107
236584331
550475094
340365026
588409271
758084389
75522464
974916248
787817808
192920129
328230218
692845499
379225460
953013322
399401414
19885829
302490549
405432542
573593002
721041053
17327800
828784691
537115847
735762611
574813703
456549628
747065501
185509845
34408053
461862912
402023392
251163878
765772463
861452716
325461918
242053772
562878021
637749088
844375061
535916176
433403542
978383445
893905509
43501763
915234558
971321116
880542877
727677993
579525075
292825516
389040050
655829026
78055308
180553245
623294423
428575782
679148127
47195564
524456871
354772691
710222560
924076861
465317047
16701776
255628640
701266147
453833338
270316135
590811316
608789048
389881603
973776443
786550868
587136674
597967637
628460659
402675880
126546568
540744233
584291456
591857430
556713840
1727095
929351503
216576609
852947009
662734013
472272259
133201328
315420206
36256293
857494532
432647195
375902212
498232810
125300240
549617732
387130505
956938823
959215408
45024714
145232936
494751491
407515933
295238084
640608073
313830617
132702787
997637486
118083603
745453974
21387137
849853904
913698071
695990459
306550882
379360256
518654654
407967147
839447126
973548637
500065470
883600939
234819544
534168430
997175134
751105416
851327127
794466778
77121570
39527335
559497814
194912387
892591308
566833826
494487707
804919312
629981976
870273890
488758656
657761842
919862684
295878183
502471916
381661174
643376594
769370809
103337237
248913094
254399094
244128301
208051909
905866258
115032577
621536749
40443624
918351204
772565158
13325293
278973908
310871842
88643233
964583810
914448818
339953476
980332690
888420334
806428058
808206278
347226854
576397493
380901201
840533043
710486486
615900771
930566387
776524425
848914788
215388805
548904653
5476041
342040040
467773582
709289312
147643416
371330082
453112710
594362354
960921495
313420864
183026494
822286580
776361114
728881229
460296363
870043930
508857828
96358740
48864373
370895267
288988696
71354275
690630629
570891730
9239565
483152326
39914977
813130415
219978596
579217786
196040273
598636606
34463264
162678018
208902568
433035038
239120627
710354467
470214006
278579879
479263141
958599853
309087466
819016736
589516074
698930542
4367593
637321026
183375987
321467018
53682745
153483770
253657407
807956597
171055066
112892682
497661986
734815572
944633669
833949322
439953526
982285142
13846836
339493509
713410988
951557119
689963291
360476489
878404268
168990640
949598560
578626916
999306238
580097609
925408454
810210242
818128125
893320508
569461582
61395127
919768626
744478290
881979742
226226840
659790473
512859326
391375535
997718540
744066123
438276922
253907696
230214482
645270084
294129959
859916174
933908698
156902121
895269093
43197488
679974680
723457463
68636470
434388626
803842996
381108303
480390460
465327798
341067303
925712475
182881762
618050468
711905375
723938779
904395884
538331038
592812862
789361832
663009788
957186244
173443962
597611976
749219414
659645790
966469576
121886393
417547250
793880072
893263731
621172878
384268492
315372833
139560121
634896369
492479708
122565997
550055564
148315283
7458189
20279292
329150351
466855582
973788393
636602451
501107778
658615602
629522679
594367883
634823584
765547920
831332503
548844624
350660772
431342
4687270
821202429
753523136
213982905
230749595
539613343
212332093
566514234
1886221
838841045
922560921
656965146
732024663
403199595
70824750
470367987
522240937
537494277
144152786
777412714
583999153
166938587
480171865
794695921
299181676
700123218
964910825
686305629
677428207
431714949
119810799
51553800
372747970
596156867
813975736
523884930
147638817
767239344
376208225
421314529
813532994
119512231
938146384
566412441
125880159
457247958
71826305
100793228
457970796
477088384
44956768
954348217
87413320
155707806
807329211
514061197
789997970
192025904
525485043
967666427
236691033
121485465
69733601
206534121
157309355
112133489
488569154
42043073
287186094
258424711
453868999
332768410
510947426
840397596
401086993
676001361
450010493
891903146
802776027
379413030
614777976
930179958
7769075
392412016
630129819
144399412
919469443
596539109
52068044
378988609
284109644
925986666
790234966
101254142
763624065
612897553
999582038
964646525
247646516
794312324
634480696
317438161
313973371
485505943
489166779
515447876
879238855
88104905
372091996
637872963
858078294
226983834
486692870
152974807
855680624
212679558
955497838
235438283
109695554
650634508
463154616
818288503
553549214
751491005
988957876
904626320
653993737
405008573
841381325
566054053
9427545
303651658
23832957
396476139
335123466
776466309
9489954
591914355
310017615
201989808
984303463
444390613
790404831
922057635
967135350
759747927
252468626
34045844
15999954
974805331
78747012
125555914
102075812
624563092
325876737
309624318
951479708
404866710
995604286
202294235
511954532
194661468
864227587
597760589
871521780
707219173
25675805
344727506
925118228
755900764
128364908
946720904
32033678
663088210
341854760
295078982
229070190
426851634
782421344
662514799
246788162
937987744
843616283
25257600
284991653
50122282
194939443
583100461
242282318
136647585
480923047
516289601
564928510
584966057
971343002
492869198
42879824
208321458
83097666
303291278
60986913
696127924
328374733
101194266
903151745
807108658
80870933
776213279
190252842
695698085
890694855
164372291
445810866
433749358
278180489
575827230
423332957
313970048
57758909
234047976
495746033
879899822
197724176
248035632
842601060
155572573
628175252
175042137
360275144
77681011
92365341
72740356
374513741
810166009
198749017
634533475
660930172
306800903
56881213
168976021
880950052
577124069
636204182
120058134
635250770
403997369
644783652
446302058
345609003
831306363
332481296
172632549
527514308
969052429
507052517
506996279
972250463
22070880
871905353
16480156
428392014
314523398
553871417
243011241
35248160
439853633
847152666
962592887
295613319
582128690
842009785
796183415
780400452
382669305
564926122
445042445
357511948
117518813
589643855
837046736
147672045
649584561
472056917
996348512
934224321
34199366
947060961
946838902
42792643
318709587
577306323
948665565
311193982
732982920
288808238
943136101
875760984
336329866
548768306
566144597
887388720
562487096
676511010
914515225
96191205
973713809
223409751
731781213
408333020
794982453
685944174
849769281
223033256
472023199
989077406
704040241
698200141
483962931
346202849
813334241
372344961
193850371
741779625
854678910
129002492
167865309
960261888
710599189
739210432
429034767
737797803
709576124
965361685
837822707
458241579
421621230
323052928
827661178
878939705
41377395
824233861
555707909
176048662
147355405
79294166
667717406
731325908
31412283
787394166
87906370
140635871
998380912
684147872
716612226
572697261
155700900
566638674
465499689
630404873
255095216
293657212
139766248
171071018
495550846
149154120
645091709
523559401
931455148
970851330
804326425
740439304
356672613
828690187
247960372
544838273
653619174
84597914
846392863
959358877
505125605
993849864
790192619
557118285
154964906
639756
337446762
936138530
187266237
146691107
938761362
258787305
229295128
817246698
449222735
765006587
352053355
685410474
512430888
712386818
574424786
515990850
471022920
209274529
159068594
361974230
53295427
965084282
985914086
276110746
15118894
955779148
202498481
369072521
823133196
491972150
893481986
669153260
199168555
443410021
100322110
357811175
407695727
695254599
237917676
675343007
921822669
472402167
634397845
420948577
699279151
903052621
134238564
803128621
417327918
22256886
144363711
562335306
812826694
145471877
509153959
334112281
962991644
685122897
657047803
284795509
867169186
13759579
275059337
664352042
759458
916755778
155884601
937587457
35658369
894664083
910383353
286991030
824039582
832401348
936115071
993727177
850599789
38568355
796919793
716313781
325693486
988369756
514836466
618895496
861645721
161239851
448780746
703189724
592485997
115264821
102117060
24445373
130287333
598356762
213711285
998257204
285824299
726963610
354624750
695098123
797779939
132198004
283515180
211403348
76552738
933058141
64472655
983066811
766095876
38711457
138037186
813650573
447247654
874434642
549935665
283860845
954551802
391460899
795418463
402951764
53020498
435193129
436999194
354257136
34143251
647725107
464818934
939104410
7038529
468388463
131186832
528942552
856754589
117404432
308792634
852597949
764448151
391123453
711451638
289247498
363543097
265720123
638636645
488689190
624187314
998976903
595542947
731671536
252534669
958461487
321089987
942763655
183819775
727764190
598498270
326223060
42689917
128258134
309088434
625082818
470017987
304647879
791617278
738687876
237949729
713146150
775272438
956067884
87634433
652024368
691499292
994731565
45420922
651786534
460545786
242264004
114976625
98222456
69137927
728124576
971363541
329308347
698751946
780422854
146291475
357039660
779881721
251473928
529404348
791119252
354181457
657964135
785166548
14613684
36409355
529445361
801050424
636475229
612430200
708484437
677922519
706515726
973970578
837878917
434234895
830546652
829280339
924887151
204786410
857397478
925440044
561071504
788631869
699620824
359466728
597120515
262134432
630685822
849524049
837353839
719331351
347080350
494425635
757596478
997218531
775831094
10311613
339264304
913638530
113650893
16990253
529888859
640503352
135609665
268155895
933658163
121622024
663414449
775828037
186764827
827953424
688932705
305135338
727837011
125162464
262841291
725420835
516546831
83787227
568363066
3520462
268357037
193310805
985599246
912430879
385028270
667839215
81488367
376692555
855517847
483601990
948469865
578100816
214079288
818850414
356661155
413509583
651198562
551844681
976099494
704895072
995080895
327144742
545076043
454429190
538693052
352816904
547617414
245685457
366508236
192715840
33727776
932013138
698123933
849990994
45960406
644638907
604727165
783895581
988695081
839383066
557821960
992085298
549071169
141721856
280185883
235866716
389945566
657958949
617014396
799713434
485387993
512827029
398153767
979089274
834708282
318980503
250810113
661349111
380870034
284888345
797301418
282971780
317469634
449925391
957217185
587342158
864874809
130247266
53868686
322913112
197097231
784244667
971864308
415921434
862612318
572925375
773085356
828537931
641639573
505073507
496195264
241273345
468371230
780353593
111803349
793501649
679746368
92377267
196958090
558450602
260637636
410994630
12560290
748327867
889590297
802292475
649464921
418411492
675351924
875252554
696559063
213793184
557190887
785153203
456685361
761620460
361706566
688044206
365511461
710861077
995390746
923430757
416007548
826879819
835263596
803144912
183164878
884945441
598713481
648477388
337524730
589252702
177456020
400696361
389272484
302920224
782348488
373442568
26808918
869549355
68111581
156872668
864397977
99678350
860035084
227395435
912922242
575997568
512074601
410572735
772402205
468321515
560608266
19654870
876592739
191000058
200788018
796725236
566264758
801035562
935968278
336950773
345327244
517853979
840040150
708430306
357899770
418841621
348127183
706830429
962979020
148538178
846410281
192929464
515765977
172055802
655513555
315016394
152912886
594456616
839233332
679317662
511505440
364196334
387575895
850063964
703775754
479895193
958382268
878034616
360159453
977320093
977550180
659925008
317973072
770581653
674401327
487284855
92415945
195511604
300202128
185181382
639504228
844138413
366753436
409325481
709981772
467455002
97658087
60785555
276189354
181471458
644930217
829025188
225553487
542261012
492631872
134651039
825229150
351140123
430908091
262834871
697195545
407137444
554663841
477517053
539059895
971150095
774879794
300770787
353738549
375950380
876126919
884950127
621830541
658039173
780351684
716777714
987154042
864821075
106336043
790067736
215398329
843617692
906774919
675588000
502461980
888869050
748669406
706111188
807394964
39566071
956228075
303863822
246458535
953701627
38521369
923865457
533632770
345585409
515212574
84665311
26874170
560623146
48203164
188276060
591225078
938019827
557002253
755109625
470287488
335703029
602368828
648512556
4029126
21972883
159444527
536083481
547710244
688823738
242156803
246432826
237651298
686080086
472188392
301819586
634517085
28399113
702554476
641087949
521850575
148486992
503474188
501480001
589795640
608676819
946205322
392893921
33992982
481726176
4807092
834725927
567221620
702450966
451286207
41748832
370408164
929856779
599971889
722299816
761704686
229308311
113201208
159315661
417762878
978870917
605506040
335433720
322506364
830447299
424471465
528470627
772003143
876430165
302353569
718733397
550494838
603674361
694191265
564430592
447540301
520672554
546217205
139860179
481291418
738245704
83692003
771819152
282407764
898710773
103746762
31480068
298296144
776254999
778641807
816858375
581974705
204409511
53617857
952888310
853100222
177144816
925727948
613076194
825155051
410574383
863647534
95718955
636389910
963592007
52166652
777055276
983689864
115269959
681505492
40293150
285552714
756391299
857788641
145507908
323753677
917192050
815024825
51492256
355569541
118752963
118755388
113998334
134514891
982257045
238012874
137168966
66747467
686213103
715407685
205844457
518047059
62786555
350279972
535150350
557604675
478902373
316302594
203603190
39250056
36967993
523279931
333424640
137528105
192051715
528872750
890364900
701212096
232910689
943670739
497882957
232221769
781411926
954516006
35286299
433453331
292045590
215810723
484524753
838941931
12038174
955055420
917486430
226878553
318440943
490484510
227939005
67690415
990025798
740263548
237262749
210065890
928471381
424027268
223984602
446082384
853571092
136608515
284518013
334317848
841431814
38524010
636982354
390532516
751719162
6258585
420636879
359586775
431434287
592979658
552087844
642661708
185907489
960073229
861747557
656316691
112684438
256043374
706483647
21465163
46903866
944180750
480268983
583604697
607216481
788982694
573650828
246610865
403979964
147308512
851681054
472392559
150786638
747905240
771786655
872408357
117711386
242114555
901305299
978736766
601434256
880067559
936617630
499345031
774479561
95247439
825224298
576337227
955745286
613696126
486181229
928085988
532549010
431500056
187298036
921504078
611575398
689245482
747099601
508905499
992627419
598464466
830607180
407210534
572289152
718563272
984844880
88112327
116994286
517101220
439960564
989432789
887894178
429277853
311781513
985382142
573792679
697411292
954920237
899683800
473485284
656187450
107565308
560533469
51566481
228998474
890032476
306366441
146924630
174778073
222423325
446283385
126158142
617161957
48969322
380081171
509516547
708281003
147048779
160185019
673806897
388764712
459126474
547160737
896296468
414688008
158849867
114753826
725032028
871795656
303118880
552021908
533175522
855482877
4382876
129079159
693615341
92734524
315232416
787046444
996988241
229763360
793031513
244152907
483459360
175868636
917476736
889541670
911929138
983621796
534629082
664366927
332956993
297681787
13659696
290228939
853804022
900700165
255931313
388674103
15733616
237769000
81584311
67344426
435247024
516000765
111754583
534650251
775937915
666800803
920074087
36316975
380349320
153428051
730535954
568064460
357579576
216469266
347527330
708406120
561637483
727867816
282288178
914590041
828271490
720421452
626358174
660642113
942424456
961205961
311213573
444694972
235004473
711016198
348696131
353251076
210166158
585704988
41457755
799659523
497554211
911988279
920898712
438082088
178891955
783080445
65280788
7109786
85260542
660181909
201863819
598479862
447673740
138479977
427295071
201217881
433225951
367020213
860158003
554935920
50445271
335347615
461387060
183246304
458901115
295782636
69598534
233662851
679088766
533266257
647558229
355453854
15767728
943436901
597673849
598997042
378688934
738650909
366098304
519908083
850148640
428493448
773185499
450543663
967627841
540892393
311944480
423893313
199548440
353430716
550962832
246868350
523187679
543857050
511321285
381206637
375181808
885472506
864098155
381392908
824403043
362869918
666476714
521391365
321423232
592375941
50577791
765408844
764587573
817694577
261114782
674035785
206362114
344155245
368878605
586909788
219543551
168021096
114779574
334503924
82554590
221189007
615102677
57258363
962085931
609307460
483582875
706030754
71787314
452496521
105775909
293552138
157621956
87338696
59563157
17570672
983257560
483965256
805141794
532745986
766520689
959653197
951615361
50994478
196006984
456682089
608802178
77536009
66660927
799207074
585158329
822988589
146511971
400381555
530462221
593387642
483628292
53706135
251985494
379210436
656052802
177569173
278676001
299870290
877778557
832482755
382378403
108073537
155891009
977174929
892645737
522594440
441801686
862932513
852403405
826317330
29805820
704985943
159336433
800430483
606209475
887025496
853083240
917195096
675074850
671105770
917190178
93341157
126837422
273679361
476325655
770866308
287109220
479606789
362139684
143610614
243279051
889731373
380075871
13924664
335575693
264224814
378971199
435660378
89116443
16534232
880062823
342489880
717781937
188921086
450011050
850117967
845426787
202798092
986080584
834925970
633299935
637710994
327244222
162965305
130811027
735462893
184567378
295834268
679324940
299893336
958389623
353429266
672469526
687967583
104696404
545196242
2209114
965752649
185736813
541925113
661362014
405137740
161115348
744686726
620924986
126539621
344400584
618954626
405688226
237774420
973859717
490835650
926309497
496506028
620731617
479216081
897955617
604548272
339026125
827535835
573555129
926979921
19760597
105509414
734568499
135594958
199432790
963146816
989092720
918673649
345446503
92980032
30953804
149314253
655098737
545908518
17059174
756333718
630588281
902681086
328503843
594269653
258546168
256699346
300860818
598797570
544291131
502533177
374586344
224516587
805312689
323746339
204050689
796723375
872209249
228792213
560052349
286570901
801500922
648912085
450764545
922913733
510620011
631023896
694507469
567246764
471239289
128832954
639766952
861508524
248216153
141019063
492981800
725225415
967789838
553982890
557505109
838995579
1204571
790561927
689700489
732239124
862043729
381028904
334172767
51062945
555612312
983302759
642444915
382962733
650067044
65694555
787681756
872042860
804405270
804080231
959220405
997834842
409803092
568153763
634156797
909349654
774106515
803870577
883147066
806832642
527342758
790425371
871539233
25051648
754800314
801510723
413946048
563551243
473744968
716881115
528787724
409721919
415701669
552250289
110513997
216170424
132012945
705909028
700689927
96165670
540333966
340546787
897222613
664151810
888405761
17752979
80285536
905716132
631080550
940503638
150303046
540347886
286502834
461093257
517162033
494013622
622291119
609068940
446531589
78231545
572673105
294435335
720227
31236654
238840906
693710978
697286864
759790004
923697567
409068919
332385589
381839017
590890297
472885773
357128082
843342330
868709715
236919935
750522063
147212867
291432460
810268035
387924647
665052498
574344138
618872557
414961067
551444957
947517174
968622846
855757857
204644994
994708182
884961387
118963443
593990741
29297251
132890339
539301331
276951723
10913844
48789115
959130056
200703211
944574254
776548061
134190738
649780610
319196395
460352065
292895793
293908674
547287103
536014689
170654781
823519431
369913593
747484418
928082358
49781694
162419152
875898710
538311058
397886469
135069684
704365267
579550506
447078958
162889492
583495970
837135084
123801206
512256431
789918838
