478533982
297526533
769335933
945136221
503272389
223381710
989559675
62179969
585281065
589130209
913696832
814430933
98467616
706524952
880469351
104471532
400834679
236627054
584920428
795234526
497623390
904499399
414512902
299833622
134517184
89701060
992152865
574760738
177514433
854753210
292354187
244189444
518276696
945478372
972598576
719868867
173509685
178382375
628154523
116576453
390482824
37168920
392235846
25070159
420852019
165588763
242567514
935431934
460873597
559831279
95573413
764475731
750928004
486290449
137176708
872207327
54157037
245915151
111770942
883617862
232363439
424420216
10423430
255390258
924378197
953832554
328262234
668677311
59705328
192950217
933438778
225237354
124748285
593658355
462381363
125257382
828736123
940060453
19970838
333357
100880462
789584790
378335899
729718769
86642
741688268
706655241
721523402
396771637
452446520
862970811
661042094
242651993
254214629
7237308
627664294
715515026
923549091
233714218
108518573
230855219
84363078
46509151
224369255
368483658
998278229
451413288
639686216
415740108
298092528
179696890
577390939
690784403
49703113
623663834
355918221
868894981
644098609
99158159
215918997
269247709
387410758
323299106
621799958
78994940
192328409
760701182
364744944
227296289
535461033
69428079
885356857
346067033
205184974
419815465
641863609
776549131
422634025
403216666
952466452
75538656
747662956
255309590
394535962
535192200
825370927
328072261
786472887
657402449
70524096
605352461
177326078
855025937
636836504
80288665
149056212
462071218
529063232
299206931
111849810
395096666
728755960
759763686
654360079
338950417
559727344
988605533
660535429
679901006
557421123
888696750
200235628
509795853
276284770
929433199
907126225
251115267
766120225
373063742
36749572
462879577
346937649
714235692
103532201
942899689
203149971
914094965
477040672
679462155
963569305
621237286
386973822
215548006
164809721
848411754
455892041
817795330
465511934
650644546
269213735
689034805
908903383
289527074
711341727
432744975
622578644
462522166
632279675
941099834
337023296
620900512
138477387
504425778
172387377
179587861
537906500
465645145
724095625
450899589
473976321
890175004
452526664
617372662
373112762
647294840
440052971
374114878
189993252
526647048
421959723
93662064
331908222
722848460
780391692
560548409
816885240
458090618
812066346
963647702
196321379
956612211
589030543
518997776
717023139
142100412
515176318
913479789
103369589
187104315
42080829
931205413
665267523
751475632
666879568
924684698
272305436
186110594
351832550
882947324
336143475
520072325
45219446
636661414
774784273
986330329
495507792
570400387
403525261
442268789
617727629
731154875
791185554
331105744
964596876
49248104
535480274
138497517
368828705
430164815
217658147
750058778
311827451
533455692
724659600
429078374
653615741
885065484
397807826
582517919
191780826
634238944
67372013
321750343
440051163
444937693
196322088
319191051
283597999
749970497
335147907
469702771
203433216
879768068
712007397
710153882
955793587
49835615
873041512
763521549
121190112
399996182
230846298
592952685
162741842
862080761
984642275
201839170
778084171
842031497
860090243
492256898
633163451
17810429
583808129
931898020
121177203
906533047
804030117
515456392
114817621
430727926
804736294
475482185
964004836
511214162
44107334
554550415
502370245
567556838
94024068
162750514
292185387
480954838
907672853
431117260
314612306
40338036
36943877
640296476
469700569
441612537
515531763
759640795
974838350
456384531
251200201
755901460
524262306
14330735
393617898
431727555
20056229
118921486
750055365
827006663
565889571
348324666
547000564
770682727
14861479
413315379
136746937
919777891
665183991
795418850
944883173
400677070
712540531
715877559
329999547
416527815
683610998
401737605
428764445
785891484
848625689
497506066
347677891
562247700
740854987
116788269
681738128
571215770
740104567
833055183
983081847
243667890
860818073
949212472
159072558
804912775
765255267
573915786
386118417
166951459
232140364
626620465
726783425
5307537
825790428
593342190
479000414
804076678
453739541
876152113
384240773
895799971
853938660
622655288
430115422
471446863
655476199
916399039
457332796
960917846
59285410
274230560
401788498
975395473
670760873
248832112
481261497
65608129
166729138
262912590
467204042
597248753
37806078
365185279
176523972
237280591
102728077
207621816
447150317
85568999
727912474
926625578
899045732
904392371
486569274
676462057
135150667
187236107
316599158
799445603
524466999
119082315
376610226
90018559
972530060
121827405
839560537
61772841
687537187
4683851
538482469
879578841
72195690
188239954
436325411
366576960
416506159
453277279
930575346
250042915
881513366
151642342
350507751
553462992
165295811
444943685
200856107
779633810
366198585
751622835
403540548
480530077
417616462
29423117
438428151
360537260
479522359
453943979
927406895
651088566
509691318
551534416
225178734
326009013
17643419
348898762
880185384
530270922
416926836
685594712
523613198
667499505
825954293
292134424
157015103
57118546
464874391
484985501
531663529
163660771
683956049
939158552
780090613
654903628
758064604
632820489
486907679
37598097
295468623
626922403
467841449
508677982
133310305
539022831
49604842
489475678
378654699
554199977
11688088
784686563
155558742
270158510
699932355
293999932
146564532
989839343
605420354
338717381
216719299
499311481
497723050
716532048
470347744
54854984
198679317
261122469
265345525
497660644
520646159
842973969
858216687
834736876
745710177
411282621
830103262
772920488
954699990
757299540
314970309
345234350
179312862
676172846
410350859
608897468
625350109
765444228
977882473
512143427
585878499
784483204
211325801
173824985
611189845
295107540
537543452
514598697
192439671
789895703
390356429
165044028
353008420
556912242
684320648
916592801
517438573
828104252
665490762
919617057
336637625
579815382
583130600
392200656
220228704
689437355
144133858
317440302
975106417
147232212
18680076
207366788
196427569
94748573
56426258
54461140
949895460
239396489
463151272
447951561
856114200
892872786
148217734
544359009
641104795
313250896
260490888
106857858
627319730
242595085
311959415
691966949
395959714
58586471
686746892
833592212
955384983
124342724
993686437
597781872
414276769
963117271
773532613
490401553
650153224
773190302
95169271
443306126
218835277
156298391
56761519
931747045
264260336
655577597
176536892
961767824
48257716
833527374
121389734
164340327
385123577
409061743
84052009
374916157
15941487
614219233
798492546
124522079
711314715
515816445
835157828
982764318
906638543
57619835
515554305
858893069
329424621
725423555
522762354
630312565
404089342
503419055
776274332
427353798
756382422
95587432
506924869
588784976
328169559
266745908
380908982
789779000
839484525
145127551
340173856
8337352
677684807
418595879
796802640
487046888
622822932
82472102
826705211
239095160
637834329
996865393
116796822
149021926
478741200
641386478
293366570
164863253
735237010
638655186
302911892
666002830
774705774
415815666
342642113
313594457
95300406
146888188
259046104
384973336
880004974
982277005
455435827
952641239
937892093
590897553
962290889
147507423
18043958
86718979
239213736
555359501
657406074
92650615
608715376
433741844
908801287
723231698
75539592
801738970
459363668
555392293
42608162
881136622
212833063
441738435
757610661
795694533
523927625
928746152
752357027
75662419
313725109
289709039
129555058
40369880
127095757
154934618
488233970
257087235
558955673
444460041
294380621
452377088
603474921
871099757
912033308
377648914
570906597
626474955
196259231
106390590
754955778
101057462
281233547
672918962
101090177
533330611
72248379
435486594
118347973
404029946
242364599
456288298
212006875
169504644
744357332
227412142
684600268
629759499
280121124
50822968
390831101
54290004
754433749
102110808
767220339
783371059
5875548
150720486
401823857
982064723
825606243
224255819
158110709
700561747
362204143
36979807
329575689
703260087
238850064
861855166
737716419
723547056
891913120
956677820
504456763
848753461
744317705
323686460
802560477
524670448
610964249
804338231
835425479
13335484
181721035
976781055
823556467
144888420
953071756
718835345
816127079
34980039
512653032
834917687
139853181
646936878
100547629
851891705
791326359
727988174
304795057
429852516
353516571
232026274
774558701
126688936
601650717
273119471
109125346
533676323
199862611
788114231
169110342
812477014
657183968
642511790
889130804
105001910
558069359
706923583
248210658
417946542
185186853
329913487
367911193
64441887
388572907
681422008
734245664
243538023
188495322
69023615
540417715
406497426
956725069
213173169
532494856
471274391
801311993
97404525
570905681
717127496
866398109
744474716
821779959
30582134
569519778
138484604
543397126
323525141
955786787
60105739
651401999
144738927
971533294
690659870
604764360
704977055
867078247
782902038
236913163
324727656
367482715
616040550
762471487
540606714
904001353
710779474
97286269
102135043
287372912
956651817
830432693
122785533
731941802
886053795
889202505
386429380
261657171
776015276
778322773
318712042
305705840
289839323
996737353
850492646
741248894
621724083
485197521
91217435
375750421
938025549
108921715
680107459
131934678
517542444
32848256
247147993
85236012
564734157
893831180
138667324
632930433
504096557
106763492
825910435
556443854
116051372
795869423
709309712
831901813
697057115
133799819
542045443
852208004
178123043
603031611
849962823
203044731
722340593
538759535
445451883
475770319
301215416
664671097
44511451
74131366
373650335
121856050
941282419
397477348
609364822
761148237
567451624
286623612
974999309
30532285
618022714
90858596
40804251
341354057
920565202
211643629
503744999
174847615
703917436
417189676
191347221
227426020
898835599
458703906
649847249
734955704
774964199
256248517
615799058
59722584
109404324
496034215
514312376
601741260
730720185
165053014
861323834
325273006
389078302
836200096
270264923
282019219
717159961
936780998
642962080
876467564
917313878
712321394
304110016
816131113
95944243
120552081
814658206
920159285
118176706
382010693
639077827
86637443
840433362
298825643
931652465
215920494
342815756
179251376
456541333
814150896
123108538
437282546
824330132
899984000
137889514
797250845
920674553
540372368
969748567
499210057
465486813
64511278
573255525
903580173
693876189
960868919
265169948
566738794
490109701
349000860
889143211
767501010
689248773
670404670
798673850
244401334
260930241
422629664
643311596
709481708
895528712
945082480
590055742
703067529
527203754
33211939
129014234
728153241
89445778
335630756
569022412
950685407
482415325
325698854
654041273
691487944
300995871
389602986
239998673
305099623
510463800
33277205
184483376
290938952
69937913
183830859
780295948
24178960
642472042
690016398
212205174
942694538
763325025
913495586
44889326
783849147
368449893
532721555
987542575
264015861
977287482
88421749
756618952
821841103
962649367
622461314
105528886
16765366
654241871
591883355
217302012
954589809
327838334
373895446
212583842
101702193
337557675
901143712
354742197
62958215
254128498
465724660
700125093
241247386
601792901
240288631
168267383
815190063
654575974
614944879
189077937
664366540
790560231
817274521
66410545
239991355
503999086
974644008
689298806
201062638
601419658
697697583
513423451
498675150
291757320
975905843
715988499
831835173
53586834
59911576
526817821
589984079
156901245
676647579
152322183
514685988
807858937
74822301
139504749
817076353
925238112
969574855
510009914
793866061
125187088
411858692
460224200
121684725
606562247
145638340
526253410
130896628
827057447
24049533
782453041
443512518
271077158
752410398
147042633
226258728
163633213
577513561
789699415
399621518
663348567
164650172
555696887
150141722
817467087
37759231
964453421
479185824
279978434
68458060
300701741
526413653
222691379
428768756
245674455
389648719
603036142
221784439
244642732
741689967
881768514
360046644
872156323
238410465
991680970
191154269
221078167
658615711
735889550
21222927
790755137
259129384
751449583
472337038
463925471
667394698
846086270
628168863
379738489
894036567
788617498
638037075
243464266
881105251
720137755
105764260
86393550
561019973
183875767
844238202
1451852
204976443
105271767
330120369
422088707
209389171
481359462
142700898
258353893
119924394
243745382
390759064
115780412
610294176
302634286
738266102
821832059
582744807
428330798
863669191
343128577
88788731
275029912
172123716
141920719
763115292
99558330
372941066
20186081
288168998
209074014
614168839
695007324
703781776
521500865
637819478
761786115
893429285
263801034
576590387
312587819
800875700
810298024
870620754
624420909
664874858
243467280
631013361
330199364
306576236
778619761
868172774
113144365
909048865
271260303
860110946
670084598
71597885
863256959
936480978
65317340
357285485
134452963
17147469
832611285
983056085
474048243
389857083
159659682
634058532
123484520
307376894
467479406
756094785
781481316
591384035
75248932
442618161
441728475
927683791
350353980
278968939
94624394
690725576
163195697
354392999
391070676
903346428
458151449
52976252
748901992
283364923
625731379
169335876
908221560
324826290
476721643
489136263
497307905
264226602
712486215
896968762
810642749
774225594
593966681
955707415
355517041
123148477
585613872
602725222
832471147
659661566
543947472
524993164
351787494
890253982
545772310
548120751
602139437
306270717
63639409
763066309
379589782
933960605
740212030
583025006
192480498
523429994
189834732
334039363
631484156
399857943
326378561
62376199
844098148
453864724
547869730
75477536
11039470
102160280
751555275
966660458
724983645
584287134
136443101
197921467
95651303
45239122
862253759
758167112
187572619
655071884
732141649
381386314
880849422
857950354
102298219
941913862
110627765
747962981
494511222
237042428
318682379
595349101
999043880
688806820
810123132
134357697
49834505
968999761
828048664
925859435
157838304
993730908
359106387
147719329
186489861
671606191
714677846
680645090
729604300
542650450
14755561
118411164
87832691
303952172
256814122
772011640
293358920
273082578
135764366
134083046
311942576
874857316
57665809
289156696
824836947
970390640
455938794
376848892
378530023
204923236
811756434
485703016
931395497
783956581
804338548
116608932
165695882
798770351
408910004
947253760
859874012
628543332
946439693
576090778
134900324
641099246
810584477
49760086
582795930
993674621
842124877
963124028
644667946
11512872
803563336
257960404
335331281
728677088
110487253
805798431
89130060
843445163
77906968
221754167
584910116
408267944
495276587
84049497
777132892
768097248
689194854
559114140
705798689
688956305
284563000
994381785
298004499
151833990
28756763
474261805
937546184
633268273
50640848
191376041
500148956
365032957
367801556
160656569
784777609
894439972
575306235
517500078
721372585
623877966
475839460
474944248
448358623
439043749
797052454
908857670
650674607
680262861
103890908
733647930
832058201
8600844
209824997
641542666
800576118
584962645
17446813
368918318
540377425
358351085
869452384
441846518
706656661
737985267
370582562
298991345
368594724
919592413
334795142
732360379
189087520
621793934
973040448
727067500
593581753
521563466
849098320
905040932
337058806
450181253
506397059
102269594
11047050
237542268
759729687
143994738
892599936
712534612
6908185
315413367
297378120
770186419
880604943
571415451
98792648
30818018
492615598
974931727
549159342
450698260
164886097
545638284
945235075
314983798
403122643
269504964
352817871
634891933
34257198
707327728
270758866
187678430
85898803
855135505
978319955
571636381
305385743
658165391
571821345
994088464
841100122
947988954
745615275
563482682
491333680
520591159
728776785
542473386
503465102
470100613
454960502
188062286
372767643
85672429
724826081
268638963
412755561
472840849
381677939
164539249
177723179
252285102
175847913
480009685
45811372
252034518
327328872
590614005
417414865
781662128
738743929
552889718
30425549
832920074
972891406
285675866
752397180
30278930
355868085
174330040
61212158
87322970
844236038
588149288
518590969
448106233
38730979
401480351
300042450
910671360
691380961
387219192
134562527
449759549
350714754
919551751
881137424
605233354
316877535
895486455
368164326
446371884
299436115
908738846
969001815
933209258
509963543
676506686
478583502
200140355
769860982
756995964
31876566
572542583
664702319
102135911
521920444
350224257
93211036
112363365
435776718
564388526
959652374
476910172
972238266
280709691
541807797
128940446
440295557
616242761
873467168
518051019
323198008
450879374
882719666
193924033
907384748
930022632
761015578
87398672
847329643
687042376
112654098
357486260
40583154
116607269
431073276
351417722
424685122
763569708
728012414
509705953
61176027
814452562
133398756
99439889
185742617
218733906
99452924
356227037
685485662
634808046
407199106
895338781
54552076
130283013
737405549
557608112
21266808
159650802
877420189
703875815
696756035
223335249
139138365
241745935
587273513
728080672
953954187
453428329
765959206
466559694
559190790
38906561
112679664
883419146
113943823
687498407
922536372
464986692
711399538
84754602
11197188
407949613
698356892
301262453
902939148
510080473
661521707
822510917
238808053
88163623
390858372
338657931
558452187
809450654
461991664
297611412
310145574
906971923
922111975
633858148
577356583
197211893
555800151
624446037
782429986
666117888
879208739
367462362
347997580
658516109
131535813
934951366
182487824
597643588
493940050
749292794
10365640
799835051
384137139
647113190
542225497
79229869
422742791
461002512
100665263
988012451
312276737
604893891
259290150
904350577
51938847
405789164
150442577
158748187
793396794
428198987
420630921
879455420
803969831
827850559
296433229
932480588
343326460
127440634
700067329
43296789
176048341
80587090
510481349
315733201
706526713
468754217
309265855
126610755
434626010
712767596
806015152
294980910
902283538
598660331
578940872
892223085
822810988
138663481
278103931
533003463
360345916
610517392
218929218
850787941
59337531
826725664
673905562
889391801
851813804
46855073
623487810
38554739
310923284
522407052
578321363
754358960
237176766
627643334
769151290
832988454
758384418
713529125
754333507
213975050
214471152
270416757
809951644
690179610
929782936
178561303
301432985
567756504
658822132
301314476
735242596
931228006
82516354
352676000
684237111
512807593
788004303
403860319
44705836
197142332
152768713
698583671
501628884
322682958
528385736
808235927
987918499
391533508
476483518
355139619
750984103
783641459
357891595
16395171
629592271
848816153
271500779
270551732
356340052
868038594
132092396
527880375
179967937
689381562
254736480
448255482
807347667
135131791
984680894
948968645
102257902
276236867
948254517
314304302
59677742
850164625
678962767
976405757
732134224
677709413
537118725
675283034
627491040
412954032
725076480
758901532
857342004
631299332
200143489
832387821
360760752
251951860
761032118
779176870
890551553
951522967
125396252
117692388
425038675
208006126
986608459
594749683
875961308
769651564
515217743
120223404
652989047
790045336
655140815
693519208
995438467
29959390
563182978
493071809
232833541
747666743
942190696
315321531
474965704
748791905
170116422
132332990
485438613
783883250
266166698
125790380
284378108
766346433
661527385
331256040
560445872
343860540
516754830
527879454
709365210
489295527
616094663
20494341
496289547
588696476
615859018
518433072
118557574
690984243
728267518
278953571
945872022
853088486
567892903
551284069
183377888
538926844
766705987
791582516
162880828
713310793
389780001
821392192
551057816
167923312
581976793
352900147
267277728
456246327
136998210
939453355
423526527
970392293
487637901
500080513
822454867
189992434
787314120
304148209
255574185
586412776
14269448
359777489
981753680
369229081
993797195
562631795
108708633
692692794
156343887
394754993
854192943
138456228
684547399
694374147
696351879
788578777
83687391
155410785
246803221
287858387
220378459
551524801
955487791
154174421
515284608
35588139
818242237
384772607
818742589
958997078
645456413
407717789
9436300
236601098
235116834
879191400
47679077
601171100
915771811
933206646
352995977
869653568
654595975
737609630
136146054
330749886
189354890
356582399
982599907
798465516
241951419
20865735
16289759
703752822
577742612
754430636
998996726
923130953
395841889
207571397
580980688
97260392
40843106
989873273
463625692
747332133
522158261
188358866
231522749
880250335
371593334
224990166
964040079
391574095
336381152
17164662
367631934
872230137
659900784
505769846
77569253
398885512
518553925
528225666
856619381
902999501
898552276
936933897
958469480
69943611
186795423
71285638
355309965
744630800
913683572
390563869
343400346
454346491
161793387
891864868
662667873
503694863
989915711
205938835
309728707
591419734
953711146
383371348
723502793
580480246
559417230
476464620
64122201
983048634
735175850
835691625
97829489
295070878
288850722
720655357
794246058
422643289
118983635
270316822
90422369
989910302
754101657
918777321
364838178
405707056
492286852
266359973
794753025
937304273
900192789
6699439
575828071
212454040
514599232
413861772
855948025
164215215
880007795
62131488
898275585
907065368
197381455
385904481
611424585
770908592
606004160
486081016
217073475
735141101
880835473
69969391
599640453
508163892
420772816
56106798
653116108
912676262
159222131
778481208
91041804
95742595
357391005
987601054
510129731
57571335
12311740
861963731
259335033
104948115
248360395
135842860
723482749
491854797
333122169
874896971
789412005
222679712
557585156
139140418
207579012
880656613
671884968
247584145
751310785
334240363
317648201
251097336
730686917
781205506
975992979
691558224
975151495
47371265
641053723
741665635
591676087
631033023
633588852
52861597
81341643
991456491
737095935
391123874
408127798
544836684
627572270
666871415
828515182
738409545
985979566
864796045
238908451
695358597
714648818
872605100
96044755
537216594
243255979
12237309
466081920
897261539
874639828
623765208
512280650
262868074
868731840
413963563
390584884
502440742
858602703
9954094
578184713
278913338
491778340
571887466
391871308
404322873
322929616
337725102
466495372
542928973
451284403
606385530
218678619
215629217
351899017
321692093
426774030
873918578
962912501
88520724
868335426
848891321
822664710
161102543
623841208
567826146
356243404
741437267
79696533
512784682
929094955
737336367
760246128
522977970
662538461
703244151
498248745
47975611
707607214
25877090
748486149
408327115
519285183
79033074
697186108
323132376
480422436
887054502
564958695
226132182
114041081
847803603
449441724
234197747
521312145
885452734
256109502
929254686
700293291
863222072
792184067
265548942
130538030
635134968
846515503
286666316
517474666
341833692
244710671
465852649
707229510
911361722
521424603
753030913
568237595
882118768
611447825
722406242
552198657
87693381
495619064
413769059
120470108
961965231
265958888
412864216
123245926
460735580
644654505
670622089
279097531
403094797
743400018
180870256
636225005
211222665
528851195
336432206
949208941
486799907
781567702
110287954
53955299
426313760
925212579
993585708
394838409
579618359
29148181
610671684
920574375
832530017
462455793
100719705
919308173
882955285
594763748
211528434
349830861
769370410
481515894
201451192
985348581
34105397
56617761
848603139
297657493
501922886
688436184
678443983
210465731
87219173
432320303
564107911
962154054
586985677
128425136
263079608
192545064
572537152
6819402
348223079
564722207
290253137
394301322
421212069
480884421
439451664
407755066
385740425
117735063
334461176
25181729
256496106
113106976
716081401
135849479
267011169
206624214
925997033
66919540
946946858
219790879
119951508
394294211
371047970
467565901
908911454
693227083
641392800
966078531
976223294
518067356
711572688
488023860
546393669
838212782
275013984
560763105
227991485
645735625
321473238
709082045
232140500
757975339
348306088
174576548
606773706
370485106
772339590
16230841
792055975
284683939
775922526
759778831
2037283
726766690
573371328
270974741
142384955
385762342
353128529
596975298
918700888
248591161
175933279
864466284
491847818
803710442
477677909
732564028
403938196
667273566
691328270
420473494
564093170
202896089
929298975
793433595
792198195
103021505
561762157
253311044
15121600
416196030
856728028
616669428
650078959
965539437
100140813
453891416
216077860
70988395
177843116
307871968
626645771
835704641
470516568
793488628
844826252
268361447
522160964
662062090
643920755
623412834
955375895
835107042
344676312
245290573
967853903
19151717
188055383
48291399
446368689
526226430
415691143
780021452
169664819
441279917
888458161
790325521
374347189
560100981
955370934
901768049
900516158
610696166
653420700
795354392
732390512
390217306
409985767
189841624
909032913
178085163
20909090
833456349
330392163
205434355
292715895
742232600
675784922
156876856
13300524
318950708
542560220
13110854
203928725
61983246
861210575
81495487
618260587
529420744
403508395
299992496
694302964
909580981
363557861
260070552
662673096
662112905
947616568
723640031
367549046
426285537
89079219
142069885
323392165
460047234
401858171
675264541
277639623
204993954
557562809
926283634
913425613
556862957
332437556
737231336
848544099
511312996
636218815
46340212
352790748
146861896
284333208
858833338
495047038
824209824
919076437
227140050
177050769
277616382
966021621
862094167
612970178
169848378
242540721
118852623
648750338
639395972
722717148
900166907
207673705
965266644
447376436
163299134
499876796
683089910
172537808
83742612
520505615
444639604
305956187
58674273
2863629
461630348
257589210
863647043
94173934
629161554
515163678
819338432
316029184
379903284
843416711
978227546
159742140
277549259
992982036
479499790
337219292
149463420
669784020
379334242
443798809
697516924
687406972
38254320
74275123
520573303
453522896
30392085
224077522
189650098
777088361
882127301
488450294
502244847
529880726
15648838
751680964
797789055
25194415
697067520
575489515
189497399
701807681
894405009
295446507
588191189
883624522
883281450
974730373
912367668
710057529
801886117
972580918
134755743
903454242
475439549
564180248
810658214
165813772
508306912
354335167
601697111
231119745
549152702
269380032
314669460
78843311
580891088
897863165
253316637
894899081
534864005
2480950
242997897
190809887
230954091
938064259
348792797
561821663
7704606
268854584
968836134
468232101
62250390
451464519
282769045
724287183
522246543
697307437
227295331
856347725
149037245
430340816
705917629
697748041
259935838
25553294
683621107
820481345
197468178
720689924
536802209
5087279
484670732
122564319
395486426
556898332
867573519
146873074
148152852
951996830
464201806
17922480
198702954
127168757
848623656
40515977
552749062
958078563
517447661
419292874
310460853
831606703
290578510
895162753
337122583
347121072
487811011
601332065
453656173
123015104
426564915
958675576
5959199
763216449
101187164
203009440
106311461
163588001
865420258
272110811
747132258
302904467
978183421
880371679
24222393
566292359
302420986
454513021
542910502
232560810
952172239
325063154
655260128
427985188
38873240
902719754
411396450
675058761
221413945
768284099
441634569
723821195
527785067
795165605
142855345
365092063
493684200
710556172
717404220
634764693
328231025
14391867
348786370
60317562
223512589
139367530
173026523
583561879
891249162
87336231
171171839
478637197
797251471
136792723
99329877
975263567
340371721
664318395
411869656
567452133
214411096
21203948
302527846
978578400
791086571
656582283
605363144
679573998
854974534
57110959
426627543
228337971
432606699
310809748
553190600
287428936
597409721
577777380
738450121
320295689
637273519
445193498
431499416
257292848
919625026
927674709
984233913
716626689
460952081
339304611
698299649
405119341
296875027
525129135
175498296
683106538
36738132
879668606
197975880
727274395
523946561
805956885
502365242
962716663
881097020
79720886
628998873
21709448
559683620
558978778
243838626
218080904
179985228
255288773
619764490
105215025
874629166
749954982
275576422
827296337
612165548
648770488
278931034
293387464
829004333
644314649
339094029
617180912
5556426
736709617
894033235
850501707
598434191
96008274
377530805
147725790
751441199
353669563
69896823
539343866
988300670
177424770
211502337
610761226
863679473
366094663
686696662
486001185
471009527
345243459
998472190
980650219
135709346
362474177
627814730
891039748
39501026
560711777
221665708
539717666
873278646
611678831
553272869
858969657
956634774
51338631
252872056
49085985
552224741
224606758
902768267
546977976
537093114
105450026
328757966
104965571
13730744
221770691
318381378
611732048
827551971
764890821
297999244
370251730
820917142
407709012
941901150
255287999
757306841
686459478
844140570
77495878
651151502
51180214
372742466
772680127
665634920
36775533
699302001
992032283
686279825
520290770
448877905
581631817
660038011
259175998
605808686
935798475
872414580
871557889
679376753
904881533
474237841
125460200
920141751
477828564
151295301
281767436
500333254
920061121
926105274
522610243
656581202
19405573
625588188
81009170
365776466
140497502
428788409
861287385
240347614
65957539
409866083
795170372
101922607
730792377
245594737
74580728
986694849
992910172
17705179
652717037
3537782
463716705
696183738
936412025
371920054
703485898
910942965
267536596
266763466
299562084
583152355
793957714
612503748
609206135
619103023
707229755
104709074
455526004
448045822
79599188
231925416
131283329
319211763
934416087
830869066
644489863
389973367
989815666
515745253
636398005
242533821
924553379
886150943
125118127
11406355
387750246
622782749
852077577
534920467
297392071
376723168
525822830
797480643
730409715
489115406
58302414
211420876
720965025
189908282
566163848
337473232
605654109
698730051
764285378
721852743
277467621
43097303
174884537
773616601
15134463
814842630
551227287
993089464
25546816
15955226
286524431
763667294
163888137
439415351
433775958
561028082
785117019
714985377
982549493
95316643
622875896
665770199
812328654
755238008
393106347
863731917
540956819
520022715
776365886
200679669
298496677
773880068
604830658
777429123
505601248
911018174
885613885
36835903
906512036
503649194
491046914
890051768
301186732
553253209
134994399
97579097
295627477
398508249
640709459
600282915
515284242
9529634
555857579
317272613
776546468
88286014
40295564
759282451
622230419
865545823
858862035
402298316
161527186
887314358
227326220
515905038
986097882
764105402
913701012
371969742
256903658
70689273
594824057
400610625
944328909
735001368
678776969
448341784
863393776
114743229
20001658
600625038
562337999
365499330
99689361
511285032
635475927
337088495
6507874
88479585
679143529
621548860
402061505
760194006
121285918
746661178
208289107
408576406
756516532
915724352
409614410
269825118
83845085
758235116
22066843
881716935
554138276
817533829
888464018
371863451
984207987
709656819
253389935
785868305
497855023
310487965
263816262
891483554
150636975
828502426
739020470
597156199
348505632
906456708
825442535
313469755
491726785
817932530
49038215
223050871
347832247
230429167
838494148
684325860
254317049
481065405
519546123
844364070
518358846
512867044
504956314
177883530
156705591
447225656
326386606
845174869
361324330
220937352
73825924
391391944
701539973
433895179
23443284
126617131
940667040
178811705
957819160
622462641
768259962
96599615
883948633
881529343
11837110
649533764
307394875
122914682
412327584
676780820
642315932
891721491
989051195
499180284
621997183
526643797
634024760
271708599
581545965
476042928
829543732
733717880
810814464
387892838
929885379
79397290
634098288
118809760
428974989
380414119
997981067
831019401
357202354
349940830
634402837
237994319
975179254
484070142
364128619
402013389
129706546
682955319
584790366
474239255
452799078
958003119
55220187
971563219
852107351
394138039
802830076
194152926
521128441
980113845
48264267
648876005
200918209
94636897
589241981
499028418
764053127
891338237
730015021
637882295
335788202
788739862
986091999
841204616
548629825
541591295
939684933
703571496
376718463
676342632
789477391
572473797
445872534
179981199
621170809
126181732
308894684
288129271
789918432
609245665
556314380
421846178
131503467
451320762
511463767
520952992
296357030
830613593
159909785
112206757
277906431
529242067
420446027
452202475
407197493
15884782
829538791
248111865
161618874
133347238
274454721
634832162
853381991
187365033
243592398
109007025
924265440
726204966
466084298
575748023
253733472
623163971
161216015
741310485
831388333
420100805
146152890
36623373
874123057
586398085
966401272
167955337
946997198
25377797
783549564
191639357
222901519
16066651
393255709
567673052
281570951
405045316
978755063
539225762
141806820
22615507
912098644
739795145
925535520
729166841
939323840
817362338
665955765
580733621
701397016
436077296
954343570
869548129
853759045
868302840
844827053
996238543
672614044
900741350
810605878
425670361
16450776
329463446
270525759
338057018
282959038
246674710
2313220
320219090
592405377
86826943
485964530
639454583
738566595
528005749
247326965
396197348
916054356
728424278
862905280
788446424
705967820
287637630
467417937
383646987
142605605
552339963
561481246
347969601
914488628
112956658
483298841
662414930
602153823
587628890
960675273
575556962
569164065
22342553
957511801
202087612
862682257
668428318
989774730
172145991
938992019
490419917
819822320
715208218
373402875
768946836
338917034
317834756
640990977
246931919
457751906
295312772
973994156
602448581
992495101
760490502
822446087
239151159
22778650
719376938
418923536
680225537
51924974
35771153
826173551
774031739
826879151
800826262
223034279
633945517
45080454
35498948
923557311
560142939
313930860
820961148
107558193
166227829
707520469
99266846
424092008
996187624
64572245
409737180
648844613
417731915
77938715
398850508
652713994
388723630
285440300
153438272
513666622
706687232
811301175
513838682
563734197
363788815
32916624
340330980
436874467
958429929
674845859
858207613
484669977
406309000
785932749
151615300
764503439
843567418
592063973
696874595
500332392
344650148
233829420
987027659
331204901
936616106
978354497
805603219
102377029
400640438
222731069
461019288
590390051
29622287
797029022
233316329
352642710
901063272
612473456
968101253
909241267
644336420
292882852
453142425
438818074
387617892
196569141
782358688
690451150
903482730
214952132
189168026
596077194
157799657
273215524
12925633
491089927
247932328
283663974
971774902
345626488
380273724
256112127
635905848
274882596
548164115
734849317
127005141
753179817
984600172
600557175
975580593
160062573
124487095
687348672
348357424
60582305
691541312
991919995
239070968
694067945
583148678
418651645
994494940
76272186
777369725
64318542
79839926
662176710
332480242
779224123
670171094
762366679
167513409
682777071
848650497
770324960
245222199
772729957
601707060
586942202
557237177
730304027
852833001
234891250
568417409
727081386
649386688
577477632
463133343
815607812
40797196
564055573
900312383
613123906
269919099
860451254
759077225
288303321
595516552
239399482
119092152
249694352
450919170
843248168
649174772
700545058
414649197
540808384
400127828
111843326
645982194
111991770
852519959
914513456
205706497
807674187
841450304
265808726
602527591
797767286
941626402
445422216
205364425
999115926
385099853
550090626
724530917
830951332
101595373
458617770
161707800
959638004
715373165
587355882
167040078
849015840
959475236
417243409
474468989
444301354
16878640
826761842
50387561
139990772
811623580
809539853
832389912
812095382
703693390
127979635
638576309
457155391
59182988
484627972
507380546
624208896
379748167
895686542
892024891
821491027
918765751
446957320
792810438
500858399
268860629
753757719
911491884
35855452
621092935
851223655
684272255
494238394
53392164
387550135
428275645
297524001
766707019
110081375
965254343
999525404
465805050
19175270
388456421
609689700
161287941
819818566
665738412
695141157
69987974
921429222
402672616
927784346
538808895
499614006
485519265
420375475
363927685
261218207
146601695
300339334
399932919
517269099
949580544
282955015
836448458
172450789
349120283
959605164
137594254
476777738
614889574
184481904
312118147
524689124
61701962
393880526
721493841
208175446
581772203
232516657
693007657
541544297
352728148
179893590
38979676
334390546
230082227
163998947
287195230
340629860
402742624
862557269
905499582
419838193
759186322
540694605
403581385
39856888
672590154
159085487
219103427
194423331
219022906
153709126
323822639
894875898
92144743
512232261
237532609
506178706
589802637
942634518
14360797
718695347
616193881
90322143
916778857
240386869
972476686
897045642
328640401
409498434
791407317
171040439
667280709
312307545
361895836
519639140
41807805
445252318
415900331
259443899
452889491
296619040
399703716
341355816
103978754
9542089
890209638
736053065
859871171
585188274
158471124
697408838
994808128
358814200
258476881
836632947
302845956
314606769
804998686
158871407
738626233
577421601
268201945
4999927
568032360
716543567
793345440
386399924
368044281
195647487
962024262
565918052
518139714
698824067
289871146
365548342
307156062
520428994
403491226
806245518
806149816
131639989
229840437
802844398
95880313
19228282
115257312
842367343
443779414
144506384
141757509
600266108
503242984
379211927
703890931
517538170
176043060
786979157
709731562
427466312
430873552
91707094
606182978
212293658
24197742
772484326
374883408
770798481
904154636
297774685
92582596
989064503
647060298
96096881
833220824
554611531
709786619
119770834
584119409
698733790
862628147
645964470
446056129
715767091
760747679
61499594
742454250
924102911
842656922
723684620
396149067
599234357
181215441
988552548
910700388
255497734
968235386
335306222
102144797
137543029
95827350
298535446
280960096
508528710
261030363
922693626
648779704
66679982
53504278
976067991
493430633
931657101
202145750
66457645
857152187
532415028
898666830
209380279
757009470
529806819
121788728
580770407
894372277
320259586
174525703
360416327
883963432
191049829
571721040
644337454
222699605
51356040
341620445
524933321
851240632
712836479
78885670
238681048
946885445
197466830
738775564
921027004
289037145
867364565
756236508
993974891
301980151
321083917
412391277
940729166
728866931
835551524
271436006
553480491
202386968
359967825
321350166
365755483
35934585
487728274
966713276
734518998
79747503
428797744
742953015
676639074
301334504
750565430
834773
458243640
327511618
652280621
785116248
576761081
309768203
446484954
886468657
903992223
778530786
837466025
417120797
233823396
801255558
605470298
91795413
897918433
632604052
7785696
450149615
154591421
193265528
557284028
947917248
699260125
234900843
894652187
486815261
725068970
332727510
73166738
703915917
75314021
968346196
440480420
62555939
718505574
811433410
502232905
686584354
569705810
221766060
184455449
937380037
470565742
693066823
960854483
48232604
568234941
185579618
248285615
972534151
592417516
198279150
644765421
311948684
640102317
719463827
367359453
797277809
766251590
682032586
206286062
762381745
54616280
266379734
48480374
962204040
42412394
616601935
56290818
912685247
325061306
843159974
659891065
873845726
944222731
544714448
294635914
853220060
677880938
128399140
755530673
178377218
989841865
785830996
104055326
97180173
52153126
626922383
422630488
757474030
426247826
345475018
765418567
695710015
332706215
353080094
709754221
545745283
295336379
190325140
250709245
444780150
236468571
998992857
459969598
966788274
895934475
471928230
307655592
578386665
667557572
82855440
466165440
35811716
825273392
121920128
848535655
83779523
640802926
943474332
66227521
789540723
777841282
563513378
424320548
524454967
145539713
78286046
721312116
429005373
424240398
234588810
680637181
564832489
508370620
783532101
232407737
58999846
134803767
738103927
288414237
986277016
18308895
935447908
564403438
277192147
20130984
455557478
734386352
679821769
580098012
517511824
617773968
970546281
94528945
193896079
594105657
24512340
96207345
395309185
372694906
314981027
545467454
741680041
990873812
945578546
914464419
595372163
439747765
92138019
391698310
679881956
375371324
470791008
159319896
792157704
375913063
35355660
999035133
12963457
971895217
423487753
108786040
690710146
604684320
572104167
989896574
184069977
464475893
972006429
732201690
536701409
723780928
549739848
16948515
468187
569777118
684819084
321492103
9438536
491456900
803074746
117206837
853507034
458286238
658711702
686964640
862304075
816254637
263229844
393110863
613871658
938697923
585989894
523554442
856924482
357181263
180614856
552485072
84792376
831617689
538273743
273790182
647067246
670675296
381348629
468938569
982415234
385157905
129241132
171144581
585476437
515309416
747476647
747945686
336299708
798227309
258293341
4341018
383903949
117138416
131579779
992128415
681681733
456116036
130010344
122196009
859250814
391596188
832952807
107716920
196950137
855999795
687634037
696172767
765424371
214817976
336367633
360311833
315353054
193444880
568212811
947192470
974191360
510137969
350952835
327535174
950502306
666962702
92794678
256765140
755479230
599159426
421789193
220386574
609829617
195043740
369726937
903331694
990212043
763299979
271419601
545903877
910686674
251794390
970586060
443588791
539480248
485964135
827205284
55261796
840211172
389585466
711524033
438373899
248646625
715846389
103846528
768690930
926521900
141793682
304846596
951138197
335245121
408732963
299756330
901209280
413442034
882353446
122943396
500745953
353737633
216782079
203152512
868179127
160082078
724480526
309432876
140427604
768623556
168390573
2926012
843309899
13505450
79602962
480592798
147378403
654588673
15240205
548752440
122348924
750235845
665676080
561802884
942823223
957376515
213969567
543696575
593888102
749146110
158307335
503492988
203806503
420932010
858209790
857030465
231632810
78422982
822451198
811814033
401645988
447691597
356766618
286674641
428083449
943353604
560030347
967208729
770625414
950992178
402060904
675167156
734672684
977626195
118254233
515349140
289894112
306493293
25035550
779699104
58203606
155490259
501285816
165038137
1300834
830156141
670962844
440352322
267513246
84031161
534088179
584538526
496066610
210609871
170769225
418190604
778412919
718367106
916575121
294905856
181871339
112255662
4037224
509216428
176576167
295534681
965367592
456257824
145519234
979855592
259339807
344507292
437118022
2419300
310843238
963910595
358887474
808605740
248211327
592376767
418335599
721333580
738344683
153165810
68972637
601988585
797680339
219359564
245639573
923691292
955039025
624065691
125545328
346989235
849197410
156347275
472398394
477140384
925004645
806765738
702473203
357848237
582885272
344284628
885538312
130041575
303723687
546324593
512375756
327094833
635169793
787986627
583236691
96607261
471796173
309609947
631675353
460877384
342382079
69949452
880026328
685889027
949601051
721164300
724163189
535034302
143261206
957964192
40380726
77201247
679351904
809739383
196824027
415041859
976892895
168371161
438237760
658905459
34625877
630223619
635282569
447385146
112188046
721950292
839862558
664351791
282720311
662260529
641517093
497675074
965968828
19610109
420474315
831370874
238394868
876692362
29992987
63290072
570312538
674949072
652195689
481962476
546660511
428259731
268302830
256850761
296079832
182318855
559286865
138925659
581927427
855680078
156502288
612257472
205998303
913418338
923781573
994893760
328185770
338226186
744329907
920188262
467958090
67189742
2746081
178438653
65237389
547959008
990089778
582410959
163182373
580213810
969193128
866516740
381539013
453436502
540849606
131710558
388827603
546265901
463708928
422962958
683204727
573384386
230100403
529862791
916907763
7472940
516383128
916263828
163301986
567633468
677565990
90185163
759944835
647230377
969988455
802777765
302145830
429149169
95156841
532029398
858849342
770686577
638046435
947017379
169956580
840028954
697810872
714853153
209761288
110305036
709299307
676733578
184972221
706130240
846900979
991806270
630971173
787754385
967244979
476182383
762512800
851226415
504179929
435838830
156416463
98647158
70368792
598809387
403429028
550851773
320071126
913041523
428651262
532655640
457966570
918916491
979094418
463025605
568759830
907715470
912847831
651904923
385017528
837064613
256272233
973373095
271494183
309794776
704299978
951762693
322303781
937642172
225079883
610031405
529981540
412148938
425293535
384549532
117558463
762815309
166959854
106447765
301108536
299153073
2540662
205874171
739987969
593437133
911988559
970339155
717117344
207452352
507835823
671619973
885452121
615703650
144228166
464653380
337706490
29209026
102053600
328689799
590069871
580237871
570340469
664196755
61841848
437146043
660158584
256015848
672497550
269218244
293943001
28882251
736717145
529675097
45450374
626143024
345551813
601359568
620132064
268438292
704317764
941631101
324943953
3067569
960155458
378355070
766342167
636739294
502292223
106832285
217305008
112102525
394540595
277587893
904534732
517895792
609463322
175063776
241679729
788201902
326433339
402820643
217341312
879026955
512958671
319651967
544266179
424102230
443035158
241405616
499660734
526623765
800597245
244344290
871348594
947147174
785360852
289490530
658822400
779725399
705114927
564510629
111511954
879092834
810508358
481318558
290012284
136141799
888504846
944187158
376680357
634851577
756472165
208721961
152815424
839738972
499882185
233248111
41919963
700520551
854080660
764252305
402583702
534194621
165209340
657772725
229183963
924838433
87253874
822660655
543074749
639815038
843760563
921876166
805464046
129661073
839111341
807540160
286292410
534592624
109107484
588979834
46266612
915597063
853313596
149229836
26087687
611846913
334730455
468535082
362131402
763819991
157059469
725919586
615779286
418172819
413076827
459619945
308794942
92284914
412570459
921865318
6710094
506554363
537813933
292430088
37265411
68165751
846236851
888293874
739650562
178136041
110487221
28305573
294419568
38578932
122967696
551374289
570445148
735290810
916951807
677405491
408550941
521939293
882081678
401951171
288485545
241525137
245951498
428898331
433488047
911677457
467125059
792093334
8367822
229681864
981412301
521317657
622441345
136279238
592875294
613702354
232872366
638203973
655730285
223623191
237273544
113357545
789298253
865084239
87213733
944344927
391219655
253809009
338602594
866660864
641756121
763679496
629769401
362378491
516067925
85618332
926264612
27908686
278310694
115346500
916129717
33117118
29095079
517637410
769901657
333457177
153017061
524945105
127691724
614528878
462730660
317450137
534518449
90521897
344335279
954186862
861407734
661020619
73266790
678511350
973407409
85169834
51145604
457870196
222116154
148274205
652988889
603167556
521020289
7112034
925453543
917537552
538047835
226072239
677626364
828660187
555138172
936814430
84860152
960340179
25154628
524023119
34944382
297771105
848017215
756791874
951178397
103621652
409126787
457758640
103804902
345515553
256635842
301600288
764353898
677177146
594386155
906106822
58460372
729783090
708394206
368906730
182355823
481137764
788736197
726325569
170364831
97290520
271690252
50314347
860180394
790461139
411292982
38991360
737968592
346059409
42394599
85864680
80068936
215190778
21420832
719719470
547455938
645248775
917269753
729154070
555610998
437627510
370593629
909749609
499169574
272463456
13483646
136980485
31799715
46129287
441178671
554342976
974863147
286603040
514266908
68698469
584987069
876920256
612752892
191317792
925331696
791762729
437711663
756370808
825755424
859716929
722145944
394890182
684218629
473805171
32577337
627568846
103934174
346390422
54199335
359395532
339266883
470026469
17316263
998900814
701450964
124301629
789272491
468109735
454135598
858499495
780284550
107125384
771825361
383477208
936199077
645329889
225714896
747512955
158442416
401764412
73773621
641898663
693272757
321819653
228232128
237295692
976912341
288929259
974635872
690372343
257879718
324633208
249881438
615747397
248999165
930805660
218044300
140025414
236616680
855933935
124576690
445521993
500064139
82279696
711658732
303604565
751673473
248122403
44306845
309550983
519372989
481331235
907855666
623785299
670698373
232071964
108443964
980813703
532106605
980006142
665295406
601616502
390136230
826852978
913721169
302468151
881674913
192709795
169787923
422015010
685394904
650053808
9032587
229551695
716705522
169186261
624937835
80447785
127524619
50279496
79220468
198483515
138055621
800696899
271381821
284614277
257082467
194437738
472534057
82283102
931677630
877375877
851431367
83902558
386283843
355225589
928038494
543874508
578835987
67835870
731443241
240236202
477172734
251101946
719751534
995328438
141703201
241237805
910607844
644208813
923530533
425713650
253749813
965806522
791980587
501802220
234599861
209899530
851213737
702140637
170032706
919218580
719057738
225574529
356941951
158838168
441694400
814425586
688975076
118604691
159153575
17524698
274924762
495344414
54678862
819592319
203027491
182347244
29177542
700344789
225106039
106043655
295582835
366048883
573371044
575350706
225245537
830987622
617367584
371055136
619038847
852043651
139248868
309844059
348824182
221511413
985133557
883244021
661862327
880766626
416238414
123078178
267313715
971177193
616697654
432196859
316125451
581034098
230321131
954332120
909768064
706901643
192132214
239074112
672321787
143051284
604624206
856620240
418134908
428548760
483021979
856541657
973633023
654646489
345111603
983872894
327329012
951954540
580603641
110261741
173287235
389420319
467216670
392825071
532210463
657165091
315538099
296164157
992826044
318034790
801860468
668822688
96343185
150550380
785500193
187648392
220787977
840891271
256287919
114925648
259865099
722079198
167385699
329402559
379585609
793493663
217776049
354334779
322254849
929402999
831580856
445174883
911960736
153742434
851004207
362857192
612984637
697026364
498847297
522422328
801427836
490216735
443701556
932100612
947215316
293987161
843599523
717695682
297822414
976524555
605171474
73601782
411759337
326536614
609957490
246960200
932702629
401432979
371427545
696689233
123727794
640822320
375879053
519095477
345904398
730384990
659928437
470954853
422120148
530198312
377592676
923807128
287264077
915307613
103243414
579392681
558691557
231491105
236194089
882246971
274448702
954585294
195713641
53952280
551544664
107179096
186429313
541974656
816606853
365010851
775943653
205773010
381919086
577072741
753574258
357424303
238807945
100984875
874489505
943671067
133095439
576910007
376727243
799906448
648614273
109239756
865716308
669937337
518683245
19148339
204921792
452521395
907945620
43870454
294866616
349485264
366512802
317117111
161406091
672865956
936345192
860425777
79176135
447186201
870200995
325558235
32070152
625197176
667783564
488239867
2292456
905478557
79972005
83562590
14081128
281830128
228119501
672000972
658910881
877093357
461009100
693034161
738124831
880563019
10640980
490105671
484918302
831818290
481184634
124856084
461570978
443631293
933119586
380698268
802177229
443000102
63541155
969444490
444256113
486424380
586838066
649485118
184619222
413849711
912766573
697277806
901645437
199962625
566085269
964459111
48444122
973071918
493660997
181073294
452409318
652260714
860103294
934353657
194634265
79310159
403437921
104355255
742540723
118025328
979531715
789996815
241105632
454089794
812704687
224566925
73870410
348177142
687132094
815645037
994102241
302642536
913322943
2251575
370296054
726905952
298057962
747132053
163935452
68062500
864810548
910822595
230844465
260403168
903656689
16163545
635456762
78858143
193041974
99819951
793194509
698393798
82708673
235316395
735731271
216818546
84025870
944766615
736080657
479584607
824086481
255318104
266415316
205415033
321047605
321269628
154569063
580338959
431485700
794638227
215686867
43582127
140371423
731302761
656108336
73302871
882055472
566045106
526836541
97783136
435754951
568229976
717704702
406185961
835861875
488424290
480741431
674594911
20706355
219549860
730607571
959462536
558565581
693434879
949346147
640814724
994547870
615456623
156832888
173521905
773102824
607397634
556844670
534949787
948539407
596330428
904410822
282069061
588818955
285638249
132463485
939161019
857622169
15590362
660890332
256577183
755841638
618854212
14828418
154697732
973134847
139747912
353566970
618889723
938555429
929702456
751391409
462406575
962244416
53941406
834812036
379384207
944821373
520775322
3699823
310503923
614823003
900998269
680684837
450923280
709839790
967189246
881454198
735283697
519698352
669406983
464837599
77534488
927989512
36112695
328719507
319705818
193807208
828713340
783561512
694901046
189893723
441622413
218341221
213500091
60369834
50759689
131081816
126160962
51346175
481410436
999618316
258542810
454882860
684598200
498784085
597548917
645083892
565532864
118621947
919654648
130890473
276064110
325813133
585420404
226076813
647012706
494989447
109770249
520091503
597763714
174917378
609724234
771491437
634902171
537749079
866644419
176272510
19867396
117185385
524173489
338633082
14462055
644534962
100219451
438796901
569284848
86244930
945962254
49673615
34551069
239823791
36178193
934265510
541902692
68667490
202881912
747532791
621496218
696365346
899700239
54833032
238189659
112972264
484074384
984495755
386578152
925810169
58176388
417009970
602727811
109340293
587331300
122715905
292734505
198954576
367032670
614735043
206675668
774856825
690479533
154327486
790638553
706399184
751488460
492541489
411112864
140783723
437455327
531836039
906647406
859912712
177527567
59391097
189599707
275496470
786880278
174645866
259559535
892728315
945305922
622903332
771234088
62827206
790502606
38001282
321162138
123031650
285447016
525422339
534373007
220733109
405941670
192788848
809476794
497505312
179830522
870719376
371887452
935136714
216791740
315839932
943836462
200542675
52955790
61648475
449975973
161609282
655875670
593185709
295517832
971503696
281270347
210132534
563389295
574294907
185884335
116803665
107050962
189174356
693353198
317349103
11174203
901543426
434217985
20223042
851822878
259497865
276427564
149627235
758048126
176819024
172855194
710034458
660418717
230226737
555231824
445907468
100791375
239420912
994999469
956816312
510806642
418220994
43055521
957856007
140435676
922737008
171287434
753081458
464464498
136012708
810596097
772774895
38206309
237836299
420345241
47533828
315709373
373569451
719340672
923935024
99484798
909948824
526373681
780399724
492661469
320084157
869399522
901668236
271195318
914708523
609236287
707865432
890695710
928543837
477011454
68654496
99779832
150452144
424144341
274640677
491358069
701166456
772520211
436143235
621677351
744803988
722097176
838499999
892255848
563596586
244846611
942518602
861807070
388555453
997617008
89968762
56929164
436999031
708552991
720738580
718982835
206646797
929382401
951286543
937699979
450699080
944184574
497899035
995325021
476021157
251053392
885142823
298679183
285155449
56355941
758713358
591498866
123748286
339486825
847835690
447082257
514213338
872606624
3564397
726268689
560337157
416139659
904809653
379674893
945820682
172651735
986310909
88693374
947404068
954470115
976294093
189497652
854649070
396724316
238376442
941431600
563875390
914958731
284324209
421045031
116294054
245921769
198654816
415627807
192394571
724506442
355831327
874979531
596373315
113787329
281425508
612399355
999604034
888155651
439436027
891835827
865708152
371546153
575420470
641096196
334498583
164476659
409379298
986444883
241069215
190511737
612517643
823503442
599302557
779599276
107438113
894320845
615200574
142481102
471964588
433747079
695198182
411907977
532319783
99416796
941389287
505909099
566866765
412460629
951718068
739728909
335604006
422613683
796852746
684155878
768143428
581980169
690870213
228079830
599017852
765467632
305468024
61181245
563264637
667264454
767253928
929887091
245889360
275225149
81093769
815268244
233741251
439116570
96342570
799472896
637123269
184447866
945952874
416746784
966318418
106342493
408149221
200228745
265299400
54936095
689686911
709293233
682054476
289319089
247936757
517256462
719650677
910498713
298718644
288218108
572933441
393448264
531130132
656839214
400897149
687301284
568021924
37163842
275415789
987756340
389551567
964675476
743360477
469614575
516488829
464268371
14629320
390287282
331102655
479567721
405501213
810591140
287181884
811406295
344837860
319832908
236122050
126397560
382688447
654557054
426826170
551242048
950331547
741352337
700108435
845638282
186595481
196151919
81629244
479728116
89539827
385865153
265471904
985029018
371738871
844739099
47700012
230068861
161399465
674750407
135152754
143521092
452746752
152431671
766297982
625832378
962227898
306925352
703028179
776581875
104848660
764388782
930733458
399304067
679133735
911328028
752851950
41694124
407434626
868299456
785161317
287793393
818197822
836561706
960220056
347955100
691157414
799117930
67434973
815447597
341641151
565248570
774032944
351130570
850119102
789408938
194755994
599340117
941028292
324824118
222919970
331781805
324387245
842461074
323520575
379717446
981652434
839064496
857524762
507467295
703241053
50727676
323390838
800803251
894889846
905835961
100423804
546705649
990943584
451515637
721266629
386292322
754043771
196602458
669739682
935709094
460450552
485534516
183402860
581283732
726636403
431149703
459794419
63929872
233354322
933258339
193688953
573677717
499456576
936250813
55103052
689358741
719591696
948102524
178838552
637511584
170234606
560159667
877565194
225929428
213171722
514857840
3958294
607707912
492970411
304368795
56573413
51743961
230374378
204948329
315014516
400439830
847259925
709803048
442639590
548626640
840518150
252646336
403809032
748288043
54864265
509037926
647338890
993471408
259446847
21204720
284425771
19029649
488261073
240557159
929463076
896295390
49454729
838006461
571398186
835480777
288508313
328935876
726997071
774885742
515769417
909487414
134033080
917383433
961202446
964823568
211756190
337792832
796610731
922789449
37090943
900702329
872887821
545379369
681958728
861765998
191016546
732853912
634323452
731950189
448405272
813088084
972367006
298279453
57484486
153188547
985358802
403202302
147217118
919127439
922009892
342924170
633978944
934452661
684213840
75466820
62942519
478104333
41936014
450460937
567932120
510807163
675959510
479624986
112573289
641935807
495949250
797651139
611151325
586888321
800569543
376351995
914061944
883972212
502811158
329734084
457223552
820640539
668255436
14833788
381829874
621134854
861252503
712612225
36015112
746807418
470843345
623697105
542563997
638414418
618888677
461323131
882858285
457582096
87475645
10330745
202094367
171856318
352635468
308409907
793160393
514183874
342114330
764518521
752753052
387629147
76107453
738625406
132131870
663927724
864515415
350076580
397210313
528547610
677025807
29331148
274259131
31291025
165968354
447679486
874869449
977763076
446254387
730435632
806124705
655657839
483136890
586699804
296314424
784310588
717779171
351645173
765808463
629419642
652096146
932308644
869747901
53183636
919486574
133516256
419371561
384208457
496994529
622247737
142813592
646239255
599572263
189895050
74343608
328532461
870132231
813165652
856910978
275356716
873056377
324340778
377814524
620490773
686663042
362956121
669379613
273336550
320839186
558225566
198034218
869394281
535393451
495577280
817067818
215779315
800266120
724123045
952808184
796133536
800382584
818092694
403364371
390714138
628195515
167756698
348677508
188543274
534854635
240405931
887844845
338107036
71282663
750167132
305176829
873346523
980623777
494278757
710234311
889688672
727355040
424455074
670240935
215297182
819164801
201849458
716157733
551087263
687819789
350092478
27785788
356605245
771659441
897928974
699958560
218557339
842071759
446098412
137113930
230164047
981550668
804150153
685091730
198361728
46315473
520554401
81255851
365184471
541514321
630746088
796788982
826189666
987577542
425840486
730221019
590608432
337737676
581790840
917927770
60801095
692301158
309565520
738238409
398215431
829385168
59500245
853881070
319433370
375679996
34380799
987117890
938496092
635557520
564438782
230847606
638459038
728009277
237470045
374240332
263016744
150827768
578914069
539499739
446680935
465752180
218409468
391097770
214478719
49051232
40062963
855592594
75486653
190606765
983339014
605911725
442396135
630771438
450357511
90751340
623905498
222159507
380300964
408401159
621177037
872389068
246679566
532247946
733732951
822184791
762410596
380287182
331545593
593147540
377068756
233979682
361126322
764417577
105418573
716985185
975043939
637241713
302054364
650493643
324448093
646264555
207748340
756244692
255867324
468049587
391888937
975876186
307982467
797022325
88970560
719398556
589790847
36061261
82496356
250876742
397898491
510399963
801550415
301930404
450531121
442328566
765488801
171879198
625203574
179886682
912505607
990466227
519322017
485240541
438288334
626854178
126792140
962722767
356211138
247144033
481731693
164250311
816870393
737409786
388934237
791196842
8510721
805766200
587953126
687170872
635399754
560954729
260228397
27719719
365299721
574025886
755894629
205856600
748913077
146819453
559078636
353361978
914448664
394714123
796693090
900812027
432206308
803301260
707841729
396241642
873563615
637016086
164033312
217112670
829668889
753340809
553547246
57530653
277213011
833215461
276192401
763870052
689980663
704435979
447135402
549905318
235949176
835674287
381861546
870864883
681144592
368593193
251129413
679878210
643489348
491898202
28391787
999837457
472911664
119499640
922321044
678691198
167035794
586809422
138290819
822702608
119913448
947600382
462831279
824457514
659568377
226125889
931897006
873227654
373258392
763680641
713091176
842730834
143825519
70093147
124178852
102592517
889171433
278123347
123317180
331538878
544386146
295389402
124126221
981961270
773755934
298002640
735177225
3499972
827306874
347862910
205563352
258349367
850717526
70303955
165627533
346119663
824332972
742971938
629627000
365541751
831878170
194969462
760701926
211112583
963028085
623812421
315543722
459592695
937599491
147379238
760117051
767965127
650183374
579527
313570773
585451556
798959231
907767425
655299249
320833581
675339871
936165512
636367637
975859318
608745402
240664782
731792362
33189007
335078016
642775027
419417932
862924891
285110755
805928298
251062924
607436991
751146331
417740234
75927206
188287230
654931329
976739608
997363199
422046701
247577942
214699422
420777883
658206633
314544372
797716886
216238641
67921264
874513394
657398606
920362040
852687158
426982776
730770078
46834761
938187861
911360570
237699608
377259332
474375107
207836499
158917730
492684280
992174942
864578801
558305329
860228555
608895192
928109974
913857162
917836104
620952862
719231454
708452078
327524471
95643462
777572990
985272221
50201270
626361117
404701420
25265693
921689880
910551600
361866046
80230214
659852641
652590072
225240229
555942532
161943447
291824455
355584679
943236560
46758422
481027864
290825218
239848580
8315345
54183721
899089525
558731343
792076213
72249682
16712177
551817065
165130954
933006086
174290268
103618343
712025475
760154605
64865907
583337918
79183200
693620863
309962828
558132164
152705582
326031943
258947409
101934121
495844693
746961961
158514116
872095916
381818817
620332408
652684738
44635301
556190670
844652036
481139978
879047522
524458376
202969482
157090633
415813410
865994038
119225660
250865607
985212266
662118298
213628016
558964074
805660643
785125630
449415859
90665360
748705563
458477223
103654824
641654642
901946070
536528783
458754125
702782316
351759362
935176610
653995052
928252359
579084536
121108952
480331422
24569025
507630937
321146899
207304671
173758527
441214272
978689969
17900470
587081656
521644138
853799987
294313510
265436956
912391603
936788513
942693592
915089147
734698733
92253293
632780658
269823188
662777923
787937560
183700241
896078749
574184771
440280661
72670813
272042691
70139705
535471848
429688557
156538540
98424024
684320307
521188873
618256442
726248268
558636479
189864709
784144573
735763004
179546552
94346009
869031383
730584620
478607044
13229064
66589631
463690748
793354001
567753885
270377847
59927006
751265207
835434283
419436318
982790537
793844803
905110246
171845144
369597835
59777744
158851589
76626110
235123389
540404740
429395517
577525689
969707215
471005189
531757640
668242774
748990532
656209362
975953719
999468387
719456132
870279627
725063908
713064064
653727620
941813671
717724954
316803953
130008032
674813331
801990351
755446015
273915106
201235894
390174472
736430370
779832460
371487908
813514027
7048721
378052328
604609873
277744318
465946834
283280336
733496634
76216677
285480855
134699108
541306411
779606791
396803444
295460899
230648846
941385283
301312816
194066488
143126974
207952723
405382708
587068639
75960497
686345710
38633382
412960808
102065345
105995346
263041643
152321859
391828971
509801338
882550782
219683068
728655759
562347115
866668772
937000008
933939705
416038851
734609858
859867467
294297663
356409629
579744515
112809538
43503435
383702704
216343953
704332897
520419527
755981748
927659427
159519728
875062651
462769725
533780267
102177341
13101657
592114679
807341103
458791379
934349856
747620542
98383846
610226875
850130761
884883319
81466639
892714560
436469764
911029982
452332199
975902943
357396644
213188986
766765472
659556929
371653386
26950749
25640087
708923161
613170465
607943425
64672600
286356485
221758890
210939334
465843444
930049282
7036290
350247528
456044128
406668510
3045409
247005088
649185799
723122538
864819455
831111670
501155324
359061039
557659513
17842380
720701389
950534050
406145586
683246763
683942903
592823384
639010196
680514991
245515781
19593687
616783413
909621902
578944729
589077260
172371010
896151129
218200972
565089153
395265909
344777695
271633245
990772005
313758424
975200605
425446679
26373345
227502229
703787012
433126636
505931400
311552352
850378514
495931852
255132670
839598169
740052496
71000362
995315684
869039000
45372297
894375826
426493070
215886731
394650954
161611661
759083272
366762634
428003848
28399728
540878889
490544511
584374587
328133024
194671239
722321260
33415637
800133310
558943895
389556023
668819095
150069075
23074062
725269148
93554444
381185411
734831479
183872310
399126617
981208579
152029708
325971110
244199994
16897419
925498372
498722188
640657309
999056512
78419430
167469730
938662452
816894671
933782480
365812728
243435302
860877584
327863505
154356119
950545393
800934416
998383267
90560698
382796970
512740627
127937901
423132790
205147447
452327759
761696411
795624391
331980936
540265327
182892043
668076225
38020356
217087789
700799529
373669805
452410101
673098029
96253622
478660157
653396611
118036545
720869095
63734455
243311174
68084253
857316057
166332004
172566065
551749940
771981291
415931863
140088439
292747752
944245006
877107991
711522567
564430680
15104072
731874307
361108075
260131701
380288679
616209231
903003443
404012965
660269428
646341287
953840767
406925512
441729922
541607411
353083036
609880897
984142409
377511416
578449904
925090422
897029572
582387539
240570025
925492238
187392705
431807950
795593525
296725986
278280848
189329417
210047740
181269986
191172790
866101530
792947324
275417429
2141075
547525302
110920312
487939594
322004802
679158134
741092958
5280576
799262078
656081233
249814417
531638296
651504276
696856244
394680016
437723000
143498189
759646945
827638268
748033576
893405257
433513630
776413565
220761138
885871975
998074128
485263076
102499867
968964111
701149979
8942445
302759408
925868809
234154125
118891220
484993722
574836118
499426722
642853468
752848740
683723537
131282000
721660204
741313943
203045133
768364875
471765383
548681192
589508077
940879241
269865479
532505537
79411124
948750636
485378058
68638949
963714397
399868697
317398334
326980732
486879299
81477592
611224527
21067305
452283832
635274553
456056012
458958247
882744488
843532502
697201414
335407243
853022138
911150348
743413908
633029576
568696248
267179311
205555508
369961657
189814555
509271867
169620922
554988894
260519265
206877933
909901771
358463355
422180056
862937121
501635395
844582040
598243945
923310771
878326189
363939045
35697062
729009208
161787344
381889655
548552907
739626125
724921161
345194305
940441704
606641487
598943760
106275757
943810284
618607638
398169392
851274817
445745465
949981666
281951997
986450173
408622887
625871800
429858982
519047151
167746300
392428031
256597102
367890197
135224428
153971430
987493184
396641359
104294817
751297156
270756028
766895313
676337920
971395629
854689961
291364625
58679244
338545235
550558728
649598444
663058340
196151677
208745209
31999
377983040
851639301
518689638
964085351
507809662
632385119
915633963
790376266
837798754
94950805
3373609
666588228
404547941
478273550
210280052
513883945
206155982
228664257
925170906
859452038
967868972
568567651
396726402
555598974
528120455
141233673
181826802
993027773
430174824
29441363
280751418
861791807
452641008
134675656
519947653
681060192
43492741
955491193
64302177
300029969
198304487
298533759
381923863
200981580
858847233
649251790
908570107
918081027
376126656
500009818
272797747
159057052
214718657
169912707
115837366
272663168
970765487
671733987
9987385
812667802
268714050
330480434
962760470
334041342
278817627
64307085
207765391
951879441
858042339
335920803
735373383
357982297
203498587
268506327
254300774
661916961
487943151
397684537
723314655
941038381
15364992
415823028
799025453
364724819
982288039
649225739
689602124
212139660
264357235
870761113
789861431
926552695
597938713
875690804
924547842
941241261
372224615
134325513
713588488
691654704
682435560
210577529
165450300
252242864
910636665
164899494
413864574
395548854
731465731
80914581
382266607
465362141
171726876
738598903
780741009
898445886
445308863
927587623
204791275
129471728
940998361
785795219
58421001
427604411
94539187
236953247
221768839
976207323
587242768
309017350
77562285
49127830
790121854
200362169
300712679
464663413
923849434
57037173
247927847
846889747
591077584
970015356
34541437
275929133
656211990
777238048
360936835
999840104
966264369
579898869
909056687
959073630
520431806
473866985
721616319
533778487
557531336
864438656
56206909
484719768
458987287
646602094
526146660
467242733
279537264
666494698
316807614
835158414
387388069
310798347
531936207
94096513
494408323
34798891
938881394
612398470
111123474
677973950
279123050
614718201
497231383
600642199
471720026
995497196
679431028
367499830
507721574
978752639
982513514
636863386
774115849
708657941
378916872
596111866
989535652
821114133
82694699
950211322
287822211
749610674
537623776
738271098
617250954
523636869
179340934
714725916
427358985
810713764
256626
286786824
242533747
912406276
385849165
165846542
419311693
350163933
429407741
115778500
265992496
391120487
729968454
31557189
95491343
997924801
596226466
365041450
915620997
261911663
800881925
287429011
401636059
159182495
162195672
556074461
445550249
404800444
56175797
67159856
893134262
592092133
955402408
750106338
542561495
692131016
551767326
547851666
221395469
388985877
906227596
930436470
147752663
219138064
346798728
362352334
910356673
95374679
536487655
345111123
992747760
802983266
988961191
795605548
725379904
300751477
144184162
796202568
437045371
746562866
450198114
625316803
961482433
902845264
899270800
657884096
420108363
746990631
843978412
508316683
854648013
524696904
184468801
597479191
584721328
997339846
531728249
697715252
236980897
891506305
967825768
365563864
989492371
899636177
67556359
717592459
726135061
243373758
537801948
100569828
907430997
457861209
556715847
347582933
256464460
198143710
436151946
508179174
309392269
427485594
504655319
973706410
212189449
94310837
263189122
149105179
752999488
768613296
843689055
292384748
840279520
199535862
730067660
306888305
252954125
851781572
482019445
417593739
163031338
701818139
292366818
514542630
872117635
25788397
191076042
111267263
691772867
9137575
278477115
269166173
35138314
151738611
408269796
715241859
683464275
458846103
211997595
832845072
719707517
33641302
892648031
226183853
128381224
274766414
916697263
220788726
113782334
450873621
170100239
751246371
448556771
309246324
788681516
107566369
425922588
186036189
966083036
411993304
708139199
290221740
343311908
678172782
186300804
861622415
519889142
549752834
267017810
382539928
632179585
464398259
264041001
906916393
708586891
839999671
174682333
862004488
456343862
402081120
602199012
671332776
958667332
835304248
980972301
672382726
575132274
217765841
903687519
410980416
287397703
523868973
232217432
170411073
745528505
88066484
976794380
240250365
423640221
594702281
343060753
499225271
908246670
838814512
295936578
720070816
86342835
302653130
450405242
296165714
809641018
154142619
623079381
614606565
728353336
539461512
630701056
903232609
41928939
625011178
783954512
789766068
179311609
935632748
768649645
333391303
738185572
942805593
606635113
936348431
789360476
869115041
935159680
585393900
631049416
436910461
455554284
531389566
946513960
822076634
219866979
463895489
112400186
488360925
840655993
111495201
679872680
270465711
707516992
970248315
452941964
858869595
722704668
796245834
884451051
468866971
929754313
929351911
861632956
961316653
904619068
921307085
357510641
688398153
610770258
346685437
310558571
134303816
704365194
777927031
777455366
375497987
375300977
884587783
210651714
156831305
870483304
483741589
714757064
851321324
833396833
766115815
595416313
149412717
141735558
57491213
897023069
281174480
412292721
216436105
376749150
870157004
13934078
343498312
457717124
415548196
376559802
848607033
878944742
902996832
36304149
404648335
832250640
670842701
444338189
996332055
700740606
920967143
494039964
349348548
286563183
504261146
108525545
981916285
233116090
649099017
500703497
705116179
320461108
876715748
811506997
848508231
580099584
535579712
417454106
314789933
120205479
53084203
597566357
832750582
648615332
795734878
816193207
883767271
493153394
659593279
747504193
552916920
778534382
943364860
185192154
945667314
218430752
122077290
340551758
770526518
693027078
500969126
907260993
658684151
355191123
505908335
344477447
304931754
674907061
292693048
278880325
258390163
972782868
423414266
189749103
866368708
47037614
510518885
142572554
189622872
483673288
596368517
670108417
146315317
969594714
879414291
892441791
576785266
966191651
224693265
36547968
777866270
676015352
673137340
744679415
387650791
426810487
254328924
136913375
670674534
813324456
527295397
252375217
652940030
697508353
300895420
516663638
893343822
425693798
141686802
400834312
643847064
696053651
939832204
627904213
733258006
178504969
359944778
176378403
420578684
32839334
924898039
591603845
852179611
82663883
472620087
826288430
6754825
100733009
561072154
996783241
932357285
703253365
750121069
450104513
920077796
780130440
657612456
195519600
236675418
354238972
253132294
26095255
127702156
430596017
272523543
200338348
302166011
73540834
535147006
123328985
419095115
566464917
67934964
206903351
637608840
505040959
359533057
259793549
474655454
479566920
310969178
925078485
742869431
866644072
437285309
213454227
928750231
118083272
990023607
568621083
851045793
800516658
970622191
395009400
408138481
757909695
121692386
108204725
751570539
574452809
172790957
148259744
870686814
163645126
847673574
804936100
779453387
593039961
746266762
113193922
498048887
571294615
198045414
229020651
480775382
352449221
72827509
475995002
670676767
469740906
285591292
234412302
348845343
798862719
864370825
710598264
763664041
692465595
570433101
501299834
489388458
665537066
43789534
453933836
925747263
381584806
538846871
636479037
118696706
324609944
177097858
163399375
499737046
815309698
115583083
142727989
588469536
390172569
261508807
879628326
738201886
199510360
179904002
74692748
235178013
957320880
949600673
831808784
175163738
983741072
590340833
339203403
504481342
430042858
828410504
934822820
313662700
104926313
836852812
871918571
401314115
888833542
644179070
781062804
200688153
207960154
300809700
843445513
578093142
491727602
910591870
50486930
473420294
178024301
49317625
774959058
525180649
87746260
99510104
327466276
495704569
618764579
59913420
780894431
366979
884344855
669940408
350923714
907188089
525753145
15237759
769870407
574646047
743477944
726733921
523732122
534057320
870801728
223056432
994474620
306524624
201142863
261562991
418804569
375966930
651948260
22314558
728012378
701114589
190054123
697573493
748566180
29957155
488369679
97550520
875482016
53760445
317659542
98175507
17692154
81276131
307284219
574072341
479399532
457250114
828485091
340763026
61460773
24555901
187287758
798376015
128539101
272088053
507360958
622452444
132103117
784603892
761869704
383852081
462297083
105287995
459021979
722104982
286835283
554338787
890289330
888658466
363142377
687715185
893253540
894537327
170931762
886049866
946397906
428734233
88267068
60586892
157402978
420790433
448879700
509363910
668737441
494409493
812118689
850925118
956568700
656113120
674093013
291636800
113720344
925105340
731367804
903482292
644970715
709898539
751110715
971236027
366358071
410760419
99959262
843658547
665119853
698377620
602776086
453023937
92973560
763137826
570802502
937679224
492171511
871542208
896696084
552380363
872996480
647401390
818744725
867294613
173145302
599227653
424978500
891490231
523335009
322831205
878466997
908309512
445293460
73189808
989998619
236898884
922865919
558785047
575657584
113216186
283649686
481696723
5836460
770404159
657098962
886084645
691913656
225305368
72778117
611403763
519318440
664749609
753140344
106962055
336511612
311959121
550962077
597857643
809706213
501556903
645247709
607571231
322324349
863518451
266970912
533482632
528341997
26671412
380985341
209534388
316621339
468655624
987915383
75325334
768703008
411223077
813349149
988257781
827203678
938244977
361647419
175135398
312726699
693710190
907458532
615624660
965125745
576023228
638817141
339686013
28605296
613680126
916543251
475143977
262691764
721153307
535802134
596807996
266051321
922736945
367971725
507496617
358911083
296433810
708551470
14047821
743714094
530108495
929118407
315014725
156149267
650070923
987255002
222009571
83596126
293870415
718064736
128854962
155720408
150805984
484092809
571713425
286589040
256338003
742082163
837097662
600835901
980419265
168583156
37920222
668535764
720149996
551242277
78867838
837367765
847984601
873652359
374639548
403872815
31435372
289248408
884577829
689557045
313888496
119724994
355523512
487361629
881029867
167190193
836208238
518805368
723554298
709841891
926180921
196608132
158883635
509369840
541698569
808166364
740434153
782019782
675594895
702872196
167321867
584894744
163939859
606452856
499690775
638153604
237768497
813373278
4732108
799883984
238013505
797146150
37957388
959106441
55579405
764979338
719441813
814189158
394998741
98131217
899604329
403846553
475164512
79634462
341386094
325213252
594425355
586237740
620095080
645096021
75043813
954573833
43564491
692296337
557830768
850037821
620884147
798039222
796931613
913116618
352724171
625409352
4926020
940973730
442751232
972906813
66794751
484082530
615255757
496845362
369590659
238583203
966077759
549702688
652572210
561855492
274802546
643436474
370083093
223973514
180923887
978090530
111384056
967458432
340231621
241738839
225226358
186800316
761870389
390414793
760504274
936655170
478072041
423072925
317280423
853388266
362281296
455324423
673237601
865326590
309178003
173254933
88511619
285393846
303240528
661639026
85471301
778692306
586615218
19974940
196312477
677346010
653162031
959806097
583058626
363067845
887392044
467028719
53840723
562594745
280788039
515545657
961717222
619326965
950323150
28829137
19692421
718415112
32011961
949538065
50439867
925040412
938261561
799651268
197519530
191159390
85982906
342715970
285534107
146475548
259957823
269611955
489965523
845875950
834232980
509365777
197100158
141993506
796395802
361767210
41008692
123113574
894699705
800471452
783234746
885762492
257788839
11526832
811921358
159192024
46341470
885572360
416291644
633008744
71044009
892663847
626461321
301070921
834101984
344016819
581790974
769466972
867326203
214652519
457522039
57526455
327060946
789222453
709052129
325986970
834372086
222386190
472981320
469315016
408317906
309278894
132229159
997846275
84102090
839180527
785901965
356471796
542511429
707821318
713050424
14214642
443330684
517676594
201621741
738025578
405572744
482901641
428234985
641092263
766583043
132548444
874592933
616934840
303841430
635866251
638252492
417466196
717975273
570391534
401304296
804866817
128231196
895190580
25498360
602492989
944063149
94163662
883595645
422065902
328516442
413913360
615997352
53166980
7027772
65880501
7963799
905178867
41853632
748406332
454722096
295777475
886031309
304434512
543847425
788156973
104822990
149870383
220492961
229717527
589271943
405989789
52560151
550677064
396242905
710308510
641026080
111175483
327808936
664586675
540230244
320827841
804146331
691914957
85895710
128110946
391197389
986843071
40695667
510433712
871465992
222956438
95941825
815421620
868674172
550998931
789851833
689651983
470106860
955136171
44729663
219898647
17337148
119707890
633985230
538356266
837037370
277475288
320205249
439894323
473650944
919146996
828356275
26046438
986653849
43862096
45835631
677594614
560432526
655706568
114830647
343196248
625303646
309542187
747894071
60694548
411679810
243372055
743082413
290933677
58977556
393050322
874150925
943134164
31212847
789186979
654236626
373510090
737453327
781663623
43940691
327603072
162838237
894346887
180712338
357226193
388630539
592550666
666017226
435681239
243197721
880696050
863433765
458765624
521505047
496560499
681395884
566135084
696485442
650927587
641320300
95663741
705800708
904441784
55504464
577134619
996714495
639166065
837196515
455374976
459364952
349981633
314781313
793615206
318210278
499368011
607417340
225864643
515638204
388708618
438157246
67014401
434765584
505292670
455593733
632473115
107869136
561505753
371472325
764406572
222844701
973693373
124913454
515406547
104648955
844588452
695911884
222993444
153031043
581862284
358438563
601885157
224019805
94124897
365107199
661774406
493283373
484787230
737141904
17809066
255482769
821306543
791177418
389863521
612016597
515967783
723559251
445703874
600732664
806520359
603914821
85539566
85788637
622237431
625259364
610940941
431378092
711913458
207134705
929217850
425595268
503655711
344794975
713858932
583516340
237996618
870965341
679795430
131680356
282505462
875450754
395929097
860352796
613846776
684122958
295598485
733259757
293826627
116885037
75515164
728413964
89651546
43078162
31344228
723631116
243679640
550729845
507559652
471912574
543263541
720002368
111158526
408854744
665036080
43540878
431956155
751709744
669609754
953728057
367684952
944968670
173528052
443306827
169230234
115346405
422905347
423467058
920053287
995293173
174381390
269023933
844922426
155827032
906015178
511872861
87077680
899269466
686274965
720319976
561997027
916835026
580329457
303565024
628030566
945405922
139486120
30194808
535432055
137124330
994991820
40851268
748703930
89378858
160026846
413531915
439268972
263155265
578612583
681955056
566767822
795301574
565707952
146216323
458145055
256770746
636806939
810688456
590407497
160452300
522332030
11696916
236660357
264499434
259848191
38611718
348410541
644718618
474861081
628588189
966093698
310898097
412637620
815852208
740389081
449173584
142313543
888942228
234707892
104204835
769530483
356909078
93070544
272996610
303273853
472362363
524807007
209177030
401646276
856285428
369416895
917726489
436455401
903983163
690702808
430951169
138921329
8078545
690830846
973358784
753806092
192106078
917873587
256709369
786813857
420838024
258057677
204777146
211555230
102878149
801856674
73443183
930286093
480715736
141876922
183500927
349667387
362260707
162300680
380686960
444358982
667639379
884206977
119460743
423345184
100345461
398314982
966609787
708967068
808796122
32441116
412942005
104984065
888388266
19892304
804640643
76285310
373089193
189230805
617841414
260678952
558439730
211225219
495985908
32507123
677388217
643360553
364535818
404965497
63254431
183224019
884720509
413821482
218300994
353951444
101766095
328623606
739683416
774100463
975798321
45766498
483378466
557230350
132458691
521077239
263994386
92229033
513815038
675198777
59428795
921545736
90962985
739047513
901305057
495739702
310329190
346230088
185113951
572607130
815030326
532800653
868659107
564170879
85132996
211614735
195050847
596873385
421759049
377249026
479657813
717134011
625410128
174868554
757821972
898774150
343205858
319511401
141865261
956144032
700846788
122552669
517626574
80413716
991933401
391266080
448809127
342346658
364825591
926162264
576544287
914748067
824727676
855861127
483846400
635172056
332438185
480144726
698180092
248539640
527548005
961416587
430919435
858804984
945535865
475545491
668951093
938213416
679013880
589897502
103202531
705946451
160844120
48758351
782334364
906226349
133120061
645602634
365244611
487902376
704556749
63094738
999364672
956460437
752965661
657328687
487216763
289496705
223001207
468720781
273066841
923247863
294226440
592065746
128037995
963071981
225122191
345773555
128143448
709981320
172336018
277815674
479564808
480442539
416121133
200605711
695747154
692549608
725961264
330301805
66704237
198568209
892799052
675463226
757046429
519863348
107234608
963101426
963656602
970189570
793872998
344077078
999335821
601184621
331455385
333446545
546344852
991553467
164217095
555017553
339646022
709535247
168372511
404738271
807595498
805756704
51543912
175442054
106570936
166310871
802092970
885029863
305913001
438349815
864522553
819295110
846084360
75955755
707925981
460125014
705569448
266262372
806361698
289308360
589197419
676495994
660334136
398317245
40151684
175243563
238050902
976330696
405492606
74162059
903842274
844640263
16405093
396094596
302523928
565540833
893714434
990155776
36498486
126423015
198310994
406864030
198484324
619060851
912421164
733535817
744671219
587803882
95366709
815077399
711565632
361023394
713296264
602990210
716019646
637866716
317346119
393124227
998205766
928627788
995225671
388154944
466429378
69769975
58280342
502414238
601602495
987934601
846699380
775841252
868526360
251490123
508296576
129753213
823332900
404788376
259718012
956101283
288734328
358314500
219344964
65103309
406376163
502705345
616477955
951527710
189689178
634862233
508393644
539216687
855032163
184092509
417651727
603219651
731163348
574028826
795051445
560800647
616115428
101623580
367792954
528203060
728481334
121475121
194803623
338403377
632864787
501513473
337179992
934232562
43558813
801874603
229798897
410889317
779444654
454829897
906897022
950023475
107610459
771594917
785594799
445838360
194235713
371984697
829826815
587666028
387275416
511672189
337748303
562315892
556564779
820927834
638626446
610025262
702228380
78062879
214325500
882081314
234720320
925543646
19678780
336247641
266247267
712802099
742548583
71471033
418444397
740884441
340599163
266627562
914758997
119587024
107089423
714505914
564652584
614214339
820611627
873078208
897783823
372524197
142046977
978340178
588992973
446190963
421933925
214765242
845827247
185988637
906985699
693772858
540896347
520782214
210940658
989452458
848970095
44757556
202419657
534572463
381200737
669837600
712200883
664548759
679018766
777085223
937884929
195556219
825795866
585207115
502922292
42705414
502885274
528398275
920345191
639230331
267112228
626135546
776604922
841524820
587599254
1039216
488413157
805989032
781487902
28761835
397793924
983755493
375591339
354460570
320923012
17635519
689729084
346338906
708737375
81907623
895818702
204457286
311345082
210277906
112202259
363490700
289908045
840804594
139082816
3156792
690082674
756857504
434264434
757804620
980391565
574147452
25916260
437320119
635481957
779380363
392274110
159508628
539240707
790905076
515019832
481011543
69244317
458339322
749354927
959601370
43372838
436545371
525417522
12669882
965114932
314249254
826628168
77205890
724173657
118524025
292640333
925459407
884857966
527028773
255205060
726076616
135453755
228145672
158975058
345019343
754446379
104771821
399801611
238517665
660956982
102596165
219811006
64183015
991228741
302703445
578557957
931540140
246196262
155799975
353628716
807579856
907941752
900510167
133670552
32998566
32432936
433472577
654175372
139953435
580833746
769724850
462307433
264035534
225823615
869888635
877499278
190201944
939727481
170713298
90386299
739586959
878660869
466923201
726451126
99990294
622993056
679563814
541591987
904472389
461860317
602754992
261370526
698720588
665990363
283662050
760669203
497358447
650242426
120862210
39947537
11918381
189662700
847276064
885163632
301119591
89083305
585659639
139575667
268160751
203158402
954065065
164450342
714032242
519670496
434303446
487963046
972728470
513140944
599461066
187624020
925682566
790211351
113346746
421822040
559939241
427441138
990289642
438050235
962089731
794163730
731225853
818524979
442961624
618666397
966437410
71072712
876595173
792389900
214984416
789726752
4763056
708074596
416198564
76084278
868846790
859923128
947716996
362601599
27907207
809941559
774910686
843336849
940945538
634299928
272056624
508507503
886963645
157842770
734223172
213234636
33197909
216367405
612171795
926740200
185550223
604441496
845308351
564162272
444391189
287494063
612427947
987101639
929193285
992788367
378207577
58863555
508086767
429710141
914508409
294039782
504969399
58448660
690078199
80947223
918623579
754802206
360336050
9071734
285889485
50227558
678156490
491444133
951994950
708210462
889800021
996497180
716618607
603020391
749530666
527562408
499121518
67461970
494063183
179148532
816621978
377926671
620724639
155438609
859843286
224760548
875985250
335867450
153957852
22392126
122680789
555982545
612782732
60913905
252632685
962546303
995900516
634920010
773149185
620718907
986520205
57069707
46293583
431532479
250648952
797054649
474822349
138813950
749421056
647717510
618023379
662914344
234241887
426005333
985370196
879710957
389760385
732119052
105858338
212663627
302208288
791843716
626643671
341389912
779472594
621321611
695744454
951310904
566697002
105023708
553603452
220545517
599650990
153228968
372208125
791520565
521590653
27027460
487935424
101600577
620269371
920904701
46574405
601533311
644238403
661962282
931768465
943441691
185471084
985594421
876224902
778158980
58324010
735892442
715653187
199009921
292746797
647556076
172134374
719212733
184693981
411401517
192882680
585421645
47345136
45514781
182423728
880372090
948256051
73848662
452910855
786511138
148462640
990503361
347135562
587627878
839337431
763292399
528777091
670809664
475917443
513088602
966402484
966993321
300500141
498074150
812228156
438114121
941132204
437889462
386250931
140730100
391716557
457612608
997285766
790693941
554385332
565964087
820058643
101269700
483119740
502932823
912080564
858052593
786372498
943080925
128448519
720880279
470348451
104155017
536277854
645570843
402316284
887394324
464520475
645586381
513571489
190719219
486594451
142779611
427918979
936741272
774958682
558500058
778378273
149883472
231584332
461123996
386177148
23296755
462958197
850514063
641190414
592955990
901127542
785298843
882620215
981972105
765138606
501592079
169753751
900075162
463490729
456477326
76381856
713831579
883124340
431103029
702872462
992342021
431053774
443446
465517629
170335874
80075128
972835534
247914157
790927180
670147927
169065576
827622264
2554887
31803845
178145402
104695821
982933213
813820969
789737057
157394335
111656731
249832022
372115848
792724081
43933383
797283306
843627583
667839725
202368166
349025081
454587402
917663292
109381246
114159852
643275654
77784912
278780441
330331591
854107269
810536825
282318721
760356590
185801268
275772909
7943167
118726350
196667298
455935145
626332844
43466097
632164030
105503236
347993521
49372463
617047887
290292985
74933570
467439000
833425069
253277521
372950504
978528182
386120672
643956536
687722635
12641181
200207924
361702687
652505978
979249224
567638528
907193575
468033969
246260025
770528713
425802308
368587930
312776697
104193879
163535016
21718899
661308817
261717668
768308006
840254780
143269686
503111014
847839866
456834255
585194526
649189907
412327037
797557900
85775858
511868656
645138200
712631684
664593327
526440697
114669446
589656945
79703876
311731573
580251368
104639703
607269644
467004367
998140568
795945598
56095837
328816553
664596263
160724439
522177544
723015760
364238022
411571513
898348135
747146479
142840899
663728780
654071944
618459464
461743766
90691164
104380106
922140252
835878305
877467658
343460115
285428057
95735060
703898987
448576825
834681409
602415050
812397981
135324256
949702435
623920587
63859590
124325367
160558928
26386576
395001164
669381927
551839601
777814416
49581649
524187303
487042662
544531193
872487205
864833428
2007708
877208390
197973651
863324569
752499311
875259575
362724925
488616095
21701886
577631608
577556010
667194653
115147604
996648422
569337148
906418584
658484618
327294385
707307997
263254272
727582639
665134415
328577211
863307633
613624289
460524535
42196767
402975153
272363058
872071752
542537643
6952896
799604395
137672523
266823416
390399874
358733360
256425910
966641002
816907750
563960808
362385883
19581548
930150785
802092881
743225543
715040343
929658799
244253349
26350456
147043028
905468923
119919553
30644059
567115470
178577329
538225569
110295928
968539837
917471260
983353828
286679713
494277603
315389353
957459551
184473554
375304656
347366784
120476160
4021805
569622974
341068089
480715572
584889444
196564405
866531356
160409145
448833090
499118507
678919164
481975523
823731368
675848678
444985024
122304545
193701372
340761234
112126534
190013576
563688928
906634409
921791319
244212743
746679466
635457761
337159787
359967725
933242423
906934552
130800465
524889908
11347277
398636797
723664281
22609456
67099206
785114281
440255469
852514809
792282391
326205679
400599431
852477003
675247723
923670401
407480916
276682325
283624476
377996391
313265176
244804046
963770165
429931308
538986487
90991293
483688786
86756307
952033864
536468491
168625439
86898637
185160681
711436592
339782639
443943434
333135160
16792954
721023225
997639329
537413715
374911244
461064790
202653534
672404871
972493245
56555063
866362034
445449284
844850075
423075551
895491914
128421815
813425963
653777642
646098129
603846725
643974334
74307669
550226282
963263308
985924417
528269607
74209306
645040986
386663847
689620301
920707024
791296022
529157395
883897524
83952208
895920626
510039287
983588573
314847392
817568454
934892700
303327907
252755238
646281441
514853725
41728863
568227617
201048321
991553063
548072221
299580512
15741226
240313736
333360656
489648736
852056657
465304248
967878046
393076105
857439104
573820167
500890550
448060006
124128338
289074883
506408862
153585267
171717884
836362611
47146678
510628489
150070670
359427163
178234912
956459025
485431649
336267757
225602148
848741866
943082669
400152597
656732526
531096547
956987226
124462958
626335097
251482496
324042937
241524021
957747759
280249181
301159576
916728628
110674067
428987660
375505895
327983592
439785764
388965508
614798169
218995619
352342867
413410587
276626441
476279461
509934951
505442446
547339354
306994550
955937838
350981560
13470062
12144738
216979647
288496640
899896522
381592546
923960112
706895315
169496391
723290055
195660168
30871971
990910323
617471315
890245185
121826166
128377384
619791839
991625431
832834633
230932530
314421289
301231914
867837922
389555785
650926301
133107698
916342988
725348923
458287018
127807111
934798233
744839812
86819070
18733292
671085108
770268711
785425763
366812066
858279768
801923953
574238857
174291887
964903863
55765614
546199279
588125509
844326559
170506006
26293844
133904027
808630239
323075101
249996278
888614261
690628435
802627232
540648198
987802159
596352191
625878993
153378972
400243200
193004808
938073367
184000318
533193130
797799008
357576925
33230407
114874239
810039597
719162803
832784584
29879622
178531632
467765196
51271026
496675322
319761919
613984413
565391156
163785036
906370405
305082929
132419559
22938354
49327526
416029358
833439603
835490738
790046908
909678441
688942466
712700095
643393090
885963622
147921274
687106272
79899579
370795602
763079335
640543024
775706741
219401717
463472932
470617384
581196759
676534046
279502198
99063663
175400911
10731797
775506693
924361760
875830074
403733706
29104283
408946315
792913817
565252984
18689428
593531185
880070266
685465922
991039502
592740962
284039353
90058043
695812754
435757339
381885546
107066838
970787952
799121524
250264829
662425942
11037914
321433622
65231179
191954652
347155288
147974976
224756698
413081924
46985678
224527176
879710945
695753477
670800221
371387417
497128171
618050830
190531725
348620068
152749582
13778541
616575039
141904848
408347743
53959013
111599782
979632124
908209864
325826122
745329667
139705792
529824505
824788302
932353293
909208109
270428423
413295510
163512044
857594607
755658790
132550969
685316702
93004227
198123003
375919270
244204393
922475867
777960353
835667605
331745830
884408488
381661488
130263563
367539399
503924372
362574890
769287518
588994150
791091052
705497937
317504641
330959859
842021588
620832097
618113978
180520968
929587047
344916595
765255518
887090423
931491777
995764703
609190604
331988371
585256519
114562857
581613009
76434688
52474970
944459065
438261501
355168296
931548598
517676593
443864953
62487620
939571162
751535232
316223584
259342240
531319762
871943573
668968239
686948758
776695191
571583493
235116115
556597054
423735879
989496580
550795086
213302471
208952116
520175611
170699406
660180333
564463789
802407181
139525345
141648847
481356795
757359366
693799760
993202473
951376164
119807914
63711243
679427049
593501283
840167842
556341539
156308198
528812372
770828673
974567638
195436561
220650512
734524203
210929563
692973974
298856887
371709805
665429924
785253448
710577290
718193499
703697089
290977027
826846535
306884539
265134661
193423602
579683524
780176331
466870705
942375026
682436600
286451057
282662733
254413940
91794113
216340048
167155588
139816694
414531703
536621051
834760594
181998990
493458317
731247709
619937088
21304479
329112508
100111316
924965300
