460591998
491635808
154619114
609276489
671662911
833757768
88735176
754916411
95351905
662853775
40390123
449363621
904981989
422660352
213376188
116986422
967997097
213990113
515782713
225881517
704962982
776232287
678560062
603222212
314044402
752197610
410826371
363136783
709074983
508854233
206385120
187807660
430460254
792536157
221842072
258357836
751979085
58009103
876935801
779684590
436600490
350524127
697227700
75564932
308090063
29792266
257403668
670030344
529200374
605532626
373394589
775285326
578318344
855427427
871947717
296038696
52293842
274901045
192894317
98312509
625539838
500495169
103843564
505086479
348747642
866199508
910616351
645423840
489777937
659471795
522375634
84720028
189260275
85199263
956063930
515232028
191790479
790139001
907018562
426642632
545571685
425848032
418044686
725711930
798161446
287972189
912490377
474352574
999646636
905644807
246783814
914326013
195636781
378305577
283140052
387225653
366516431
724397502
632379798
573422643
67468672
783868621
309110411
575403585
230893654
53077617
849371673
487092537
797252368
747842605
425327595
151674456
494336894
156027756
214034896
519020511
497893553
290485381
567568255
709883720
937881681
288082039
826508663
516916989
859030226
115636851
760053013
639957264
950387267
748123803
253206873
508378192
702115068
246397388
224325286
836703610
325395610
840381
907755121
613225949
150789178
333274213
431617220
889911656
181016440
389531522
108637338
360293197
52688693
992687932
502288031
985590485
837804491
581457483
956470639
247658029
12807296
123692652
428437156
109220458
985367798
729101669
348750676
823257807
814845394
820848544
433213157
254588912
528210505
70701525
44976292
123234137
947346196
72030329
217436507
277117115
388685085
802897891
532910770
692497155
141668092
366374377
933685223
600422018
316804685
806669156
739217801
240789932
583356220
369270189
227617073
919855190
901840481
779224324
774670196
837001548
141084619
754451690
961977895
2265751
317265231
831234111
178563626
68717493
289099125
682966604
238134427
760867036
18697093
427499117
777407551
89086308
937213039
171468579
780732867
883516112
825997800
406325179
36331700
760464357
53633901
228351222
663506375
384291658
4979295
820568798
658385023
854010735
891498316
14392233
553366117
786318186
507496907
975068676
86451336
934309281
543997971
760822405
885893636
301096893
678473073
587328273
640677287
11218835
417800028
820975620
3853717
815707631
447569959
879287597
223214448
780590020
326051556
315140898
876837588
458550450
711068159
182272185
655962282
27389334
351056601
300322224
446204068
297127480
166406764
813960200
996332830
211799003
832231290
318812108
77691932
564142810
777114926
443298381
757281194
316198258
343656946
360814329
988112195
593005538
647567470
470626777
592942818
407018007
983726400
900531379
378036934
32859650
453207456
736720731
604798980
432357881
947344901
531978525
814869977
102287034
855840830
830615259
635841010
513139814
731154484
70575445
424763627
855862109
735149423
731215701
796312652
222530815
587445628
653022901
738417246
447985154
932223254
566535174
381812469
316738125
750948705
664462715
883771833
643042845
669429956
298165608
140560771
813440548
44728457
185037
815655204
996922383
381791247
772121117
350077801
273940933
892844310
256649520
552984634
324495085
389116666
215614559
397123002
882784428
853968374
609882474
365039261
585306567
464730393
386628271
683800047
597857607
641706817
104821840
123572127
446694501
907667754
878924867
454328724
55683995
449314755
528874380
648403287
277512241
978581952
166566057
965532810
572500084
995967197
894399756
51524471
335863402
64309045
489072835
123716117
118769175
518731189
667880583
830326741
774801696
159749876
518161681
281328713
389792827
54198063
838886953
953654162
603602034
510846534
352532051
400135127
904326899
703953641
523457065
347218939
832357263
992254906
423654280
365237371
802946373
406785090
306640505
716721343
510941400
150520994
953381098
821440211
556631245
687078605
928637328
484116361
624823923
920697010
294888677
796757163
291671560
978966266
676211261
297968091
647070251
668107856
646797189
551518950
46453434
144318691
102569850
25971145
167242140
899768923
840120093
710206625
445543900
339788832
697142178
994612421
944114587
584232510
93907572
749092304
585569626
326270382
751669498
137443858
276260246
730120474
739120386
592313092
305932737
874619068
225404102
948711242
710941709
865810700
316879395
335319417
110254141
522484654
124982974
2352842
481016383
814764410
481501475
949144847
239765383
232233478
194294627
632298221
146979393
513333353
274619792
172974458
549805173
889034731
450014274
936146423
953773427
981415653
423335256
310167781
250134448
884505657
5145266
468181954
236574004
76515240
564423230
925396449
548829930
724336222
975468201
170253210
395452100
818841619
361563136
869246188
716787042
188215390
632064085
636435914
256331929
541910845
110869287
214744634
227632048
189796037
206248369
876987766
413935560
387102533
620598230
45081661
969065214
809795667
255298125
213260442
374435561
886633625
257794608
476523945
833018843
89303909
610950056
31952267
922280080
725111018
94253982
501056556
102842255
49180372
170501525
376842546
370262467
304859090
102741438
975210861
651834395
803311648
784786493
150332414
230854830
407635817
296520710
247432091
688442850
828402535
555402274
257414225
733885400
119478698
69074653
147348157
501576362
934493085
276566651
515829391
366337460
276171296
696381648
315587955
194527333
88992585
980110872
890731145
131495664
887515617
566575067
199560607
204561654
46852650
344947852
595815377
698056031
478306991
944054865
285679125
564092011
909161483
876051121
562299333
217966016
278990743
118550076
459019468
886940565
315828923
544172234
337579878
405078202
235405867
840392453
899779657
939922005
509552561
794746224
648548212
627975019
813794158
891235564
2937613
354638557
142915683
945429460
145553222
207323861
364220444
871965301
131676863
917425808
460142295
588593543
451979580
994806757
760552507
75333090
864539987
232145358
129604120
362908944
726035733
749405482
45524088
473928241
346341592
948791908
914681619
377703796
929605624
836087421
688434808
675958181
191825025
710989905
911551906
539147677
163103406
809246866
792483788
218851918
101310020
716807609
835272770
73849208
631660798
20498279
526625992
154277285
329680307
916767995
774240694
641766183
988695834
231878161
412233721
513710096
896562659
569162042
902738988
999253769
280014953
245798151
564962053
778403043
992165666
833750098
588337952
927958698
97864517
764019463
518845298
813495155
542225342
608484686
857649465
907950395
248775333
676499032
275165585
430023923
947277541
182611796
886796594
163016110
877529790
12298143
916242356
632481364
810719119
233662596
513288531
117425284
107787504
916777481
100697467
419197896
962599204
840555183
248094433
677546910
410454887
137211072
186491103
47510606
861867306
152308916
534994333
572576968
600117676
396300684
500222321
695522317
831820999
88363504
883247690
385885403
534868507
65308386
802988943
163692655
776450866
485457890
574288964
932500444
127586238
987307801
670121300
330296662
354790213
665242859
249784993
407155509
164302733
145621107
428524212
599770650
99551860
70301356
961838557
447326791
522044299
945100944
101466406
869575267
882352915
549391183
474228040
176708252
770809467
152373926
942278029
40182342
106276380
977480306
602149051
184698228
289902090
740918656
187163337
411585256
920074202
241732178
208272528
182603343
609534429
598349123
453636629
685166835
863808242
514160791
781136845
968900382
150210241
295883208
566304672
463804783
807031822
91854526
971400972
430386041
272751203
64057694
49509930
540280375
53064957
721213952
603312892
182347890
485584164
321945754
78116634
33716777
359236159
491561823
732280060
913641786
917837036
168991318
95788423
1031288
288506264
528324946
434127878
992823201
176826118
298509982
760947687
53201722
525669935
231053503
295968212
716793367
598586049
672206447
20927694
185437197
979861972
696298528
122013465
815037880
639286646
441190392
561656745
206246052
201686860
185415335
27357891
911329296
110904625
814911024
853848454
471149548
65288598
134942754
220112141
62356053
130677948
734989640
725208178
93944111
449290597
148103043
107977885
577032257
993345930
689402739
95683697
581969641
104483790
799098911
276779314
79929206
453721479
941681655
10493046
738804107
87925455
359216607
757631589
753794340
550170706
113587625
846639838
137914542
991836407
936845075
721556132
209649046
692894022
392806366
886598910
834597130
909257903
109122874
594705020
472887539
55853239
110109448
144879456
49766269
875984073
901113655
831178287
914294412
245903216
194959602
527424853
919294615
965272045
64097255
241659887
630284960
678301968
807476669
56307177
285444340
257650904
275819829
956428898
171795433
969625441
473164491
863120028
637187394
217056806
228833724
971513379
807785941
153844296
217543562
959130855
107415221
135725400
448073023
531870842
286500615
33820289
315473378
900655028
927918303
787981903
824902402
416116853
511406630
136356104
737982348
929602983
159737867
208679019
649323990
99087481
519112744
19938475
474736187
49161674
367418024
794598813
299931338
18081176
624669456
63710116
118509488
306852554
885082882
202368391
675966883
883895471
406071780
853500937
427856442
151560858
320467131
71596231
720001014
91269976
820504892
468258867
98451801
765421231
967096983
567530446
460841590
251405299
90582777
717067364
376694356
858554548
221757085
964762498
740612535
772026355
587438772
89315044
82905017
125981946
755756841
310882770
953624368
484727484
423454755
673280393
950999662
932226220
710571667
404017995
225610462
306130967
981050694
800331702
49295227
256097331
291446286
155636303
1345866
638668662
128940159
912524673
528979460
259745590
783548240
929564469
109702874
900900638
259070525
730824792
362632533
933733272
379001164
984646033
722845634
202342174
159088475
996409280
345176583
586581023
722407945
535395524
495262509
836569253
852139382
550608010
38206057
262937387
502779897
665594930
6904435
67006164
60537151
500437677
570424362
273784635
825787067
278562050
873082323
301459192
72482889
959234101
911675078
556700604
386955626
966792672
782608838
143333921
110406978
904878742
33648125
387577752
400749003
634747216
112392859
679039776
123364037
682450589
469848333
655513597
547302694
849633191
62766521
49089310
393046967
714229476
80312363
917967014
651721228
777912893
877588262
419546781
201626172
937090778
10792391
560284448
563663412
572031636
500687833
518535639
969050876
541463607
686360016
822636681
986788564
453716422
664903412
665971645
667412138
748414286
180500474
912450955
255414432
347804184
118349406
313046059
178641336
100946815
806868192
545489685
24522309
226142548
245880105
564703649
864312347
790358690
837434827
518702517
5974252
753207304
744088845
122935122
547376058
377949827
357397294
539412036
810533779
137213758
362878114
257724278
943895404
759348043
889480320
755953672
590277747
483250997
814219819
137662435
888544215
852997568
582026188
26629171
716656554
563744259
817859767
64775145
659031329
945074556
244383234
892562613
319106087
270603497
392726752
457821180
312218815
191721264
260882170
103088042
724292741
350106118
149897667
580706951
342941082
248000337
233267211
310449360
821571392
150404724
5635852
308403084
9503696
916040071
494102377
157098195
55937431
515768793
466710923
390605918
73113589
286778219
1847614
867872405
157364992
961733899
369910248
947881519
111030574
295118131
590970618
916927583
339317665
551773932
361502380
444170828
381105946
666307967
84352593
36690784
108853176
59770184
984286903
153286693
355196308
502754826
918870268
385798404
123313196
248895339
449511464
158450526
37029743
989884455
878079933
425018278
182321597
89129714
79401560
650989049
756466159
144616462
294229299
47194568
706467623
147676348
682123157
145528349
885999702
113250674
619088404
940268949
135268476
179990364
991885832
133985089
75305131
411235890
249107781
424351990
865918197
372081332
241604427
923360846
480413479
667961744
498601038
807472910
754442918
918385531
67386117
597092007
550235637
36522382
30833742
902513845
166209110
360213318
931917811
942225681
646380305
580072057
172121060
705844395
860223964
455074736
63237547
69775227
401675205
789484379
789503759
83517486
739808848
551379292
778665888
656532401
96995963
884243271
66380001
768416699
682992682
517238290
697561582
312879930
310205985
561203492
515514030
528931786
7923233
504443495
160157464
412016800
894707020
345909553
117949319
38232177
506817086
530999793
545527669
699642975
699843275
82175062
993404949
141017521
388325041
457989405
224298136
588520523
617916051
655007336
914735935
777091736
578388318
681486642
327941635
939715908
249456915
264667174
203593265
537792952
298351942
684312015
765736505
107038574
774847509
921647180
286562071
423710692
929267765
392472313
700846075
819479945
469011188
318141272
805168533
429238936
801634005
859063822
498403660
684198036
263188796
331905556
93299299
15775189
48808298
240682815
944902599
152602369
728169839
567794687
342044700
990559433
135644541
125414094
488572837
999855542
436709534
951668376
980802841
635268088
401591633
112661422
158140728
799025248
542930812
216806544
375588626
629517283
484040203
619734994
49261168
309420666
540918857
479871278
527178799
816047791
385355691
257232142
208653219
328002819
961613793
891077699
965048075
988999819
739499251
443685341
358013247
899366370
11592053
385561510
549479450
610968170
62266712
917793419
852888870
517510301
951255011
55560695
753501234
31816381
293392004
354319268
901351528
988712939
558301201
261654431
443580191
911529114
231855323
478125379
756732817
196474844
379703640
790815323
348122101
232234831
4551904
333478744
346118693
864023214
860002430
558011756
281361773
731848335
940558211
535803086
574012589
283173766
309938360
309699760
828701949
543486692
720426684
555283099
35990109
753030038
853814984
93420065
458028640
314625634
665650704
750763340
471528607
943243909
954666622
776528940
514142237
513389285
178304713
942184730
260778313
114875619
745872812
445536626
4227158
900983977
697408306
942785096
657330308
669782994
771443114
404287169
595626683
749675200
181181475
593568323
312692555
871111319
989402790
867663762
428988228
973208884
822274493
950813866
108330716
804710697
923572124
713563179
880441445
689972173
225510445
228292736
190356608
375058187
675974454
476003125
500162270
241175364
184325958
994744741
13123334
443649571
340996660
955940376
585394351
990459707
540791063
45156350
359042314
777839848
866502274
839864878
438302000
133525897
999240637
684511241
251196446
684908695
255866666
29779269
809433691
678990900
281524814
863182530
925766750
896646686
393065044
441698289
193644239
549440924
469429994
142532292
228249251
221681359
972495222
436163827
667945398
832274706
400517175
206600760
915501912
354446154
697427074
261905238
839081763
858622039
355426066
752966812
580679456
794187028
641753170
416366427
691399004
979070325
261946459
539204708
491907901
127975097
282092893
571623308
16412800
867878140
154310024
244689023
848243518
518710343
555467695
357404391
978780050
397776898
418844914
711458888
841493095
107165600
228276869
658475463
909271821
184105046
321716351
361759143
862727708
45381923
531954264
998347910
239162245
56517102
524518647
775746863
286044219
180328558
716152883
177718499
506844394
475613132
262104589
220839600
414556834
201865374
135907583
462566854
216681225
154884359
933999618
611012202
434533849
118327571
987440089
591466472
146726556
976657584
167916690
220107692
466537977
11444014
789761467
349893233
101494801
306324782
95272020
766329757
908261641
971977649
525553841
887506538
992339090
228142272
798496425
148041224
316539038
522599574
904979652
975905724
233249516
444858675
76096165
912313337
621487596
211400294
686895648
4458722
695826106
728778626
33037405
455943022
125497350
141168211
657247065
288509779
283300064
205377356
141277627
721678357
352990839
688491168
550684102
383983335
539339815
638569353
894511593
240527611
279683850
129645866
899674995
956730528
722150031
855199137
67625456
864532986
873827729
411453400
294088208
985512499
543914733
221652014
591248516
961165836
297118365
511823019
774393772
926072395
273515640
798893349
218853025
542048209
138346605
632163300
207122185
520731451
976165197
323170796
219478320
633477016
395720039
275914000
748590339
942586484
366650510
557842761
598678910
40077409
761603197
290334948
385714825
88917141
400073441
70893293
647316354
176417644
116625699
120064419
849091172
259207690
978524326
448408865
244272940
909476161
834727879
103708449
655647113
95479442
621271610
909326585
519192226
239871772
130903509
789417508
137892229
499430129
565827560
951349334
673040658
230006916
528799230
991178342
808302537
802751779
287464040
532348587
996594875
96535530
639044548
749862438
155624175
891109487
287573510
379163640
646746617
655447438
365969449
462403893
779401521
116520686
867276502
565775648
680234274
431346559
127455
905414523
523400792
681489444
689840942
424933486
738959890
668934137
631916615
232630900
418805639
207964683
935342133
728566985
43306405
12462985
566696154
901208974
794804045
481640979
74110282
471009924
840330499
144061006
629999036
39149292
880629408
597220255
220905685
15155277
871372725
520576358
435822030
939173177
114778207
326394622
312150629
826326719
409913434
730453346
402780426
266414339
638135068
35975743
251531203
275425861
90493371
717265386
478579324
711839170
253066152
238915936
683284638
421416839
888009685
640707996
202533493
668993973
943292887
989093725
582685365
211061110
337593187
436235200
454675468
204892994
322156426
809997562
303545469
986583159
144736523
505417872
343294738
625371964
550423753
762657880
256798499
398900039
633440578
158909847
279806977
174262897
929069971
344649773
290394463
534008836
529387731
561028694
699811054
771723207
541958391
751628104
166933286
235347460
405937000
148004494
745620080
334003744
360221522
739100070
843455123
999729085
696005028
985136751
485413497
207519554
866984810
300847493
783617839
686716646
772159274
737239726
940507520
211294979
602824505
801799534
945101953
30787330
516630019
436493294
41840250
266436823
803963398
407637008
425372111
50971343
239552325
450786313
936421669
662274432
256313361
226311360
137603111
172202764
68467759
411940255
982338151
853190636
61984528
235616022
67348665
547216216
133762078
619292821
910740214
737499507
926484436
336653753
679686831
692990575
14645019
918062616
806882921
502948429
387031993
663554873
251876562
959511977
18901570
57772048
448153193
302803758
40756130
93537271
194126082
927303084
529173650
801637955
445422752
578234868
89376775
819194916
98182046
314839430
486300056
111616900
445928680
777297830
870549206
594823212
77096143
546148918
613479249
942560881
931299935
698658530
121477966
649980279
620384153
61652968
590680348
448149363
879923993
701428446
221240540
187243331
296978894
375779240
432506614
775994505
93195842
126375397
63286085
823774858
884288171
84754470
988233822
861089173
198127005
99407947
510314329
989121474
300082685
918201173
671517151
720282732
50431214
837763247
711929066
579659229
500026192
433475547
970049263
454893542
156740375
449512229
220990943
656554440
724478077
88515556
619414984
509289336
869647875
72886460
802285630
530343166
965569271
513756675
973735072
34508051
405669652
100468702
82331644
260635183
364815057
391178993
835907347
230941461
483238878
791202221
431153286
917578505
665351670
118824727
578233972
696858486
816683613
894606679
177928926
383183994
407109500
132515945
105774387
676017809
285363235
796628939
215778440
459398186
979717428
308425445
582409280
260438518
357287288
513890885
676807963
395580520
282666681
823275502
815054389
660949582
260682954
855860861
155834677
735723863
115093958
694036971
284121510
100257523
215968303
465497866
396263211
544085608
120167218
845085263
872979645
711035898
179859135
879793562
5944799
660774413
537414897
18682119
548659267
83814053
862916749
854575924
242793164
410422870
371176145
266607250
784250922
155891382
179011798
182429296
285802833
794549003
993439247
725444093
338353042
54108048
239829241
56152492
510805344
987423148
527155538
140090359
914050345
143240766
84555024
300428794
644415490
583854946
911747442
949629461
842739952
554684393
851927948
415756560
136698267
879680861
290469766
399093810
964075119
759225442
734718558
364489470
336758437
430273386
415865717
73317653
648657985
987328203
654721109
125427325
920765862
622279528
816462174
618358480
94671116
223002125
772429873
164481545
456405419
792910102
763980700
375741764
365688064
603443295
145098430
362809684
585841461
803140560
928650890
78261853
478983580
93825440
817023275
695790950
610271038
509809721
314010420
864298173
555509622
461472687
78969586
809626279
384734095
267363474
690717882
159659105
758436892
968259407
717982430
603543824
901700971
873103144
671699621
521862124
171686612
127483014
986877012
880448294
83235752
516322043
868365067
365455118
57927902
689588109
647711384
286203978
102872578
470931691
931400164
499728098
978741763
852794861
311873478
66110041
614468366
495495466
960591406
281365781
349939502
495182236
26717052
8915070
745621960
46122011
653151954
353357412
595906672
808295435
116248438
837917773
693667543
608473871
176344181
4004734
795040776
601976247
7819627
812722819
168083301
592816868
710145352
630617879
965580977
80503896
248673723
199120814
396780482
671368160
862031018
65108169
751835434
587540071
685568609
921188571
818965059
351757100
702957113
620935555
498751899
767199142
547794547
135631067
183748128
952100191
134563927
106677725
191446066
187648266
158106884
799760997
840258930
111268920
129693163
113595178
573592997
383394262
58936947
977298958
181734032
471302646
546897406
957477695
918575719
991322767
324831984
56690378
16725021
654016157
921040213
349002981
717011169
249646789
699890642
178127585
478635708
880746994
893689377
250609944
656826017
267907556
710836253
142349122
370076411
766074547
497987857
266619678
678332596
483981142
174418047
398971426
399752445
73215819
701008341
219873392
57241793
214266598
524192020
373587704
592999604
787585111
497919832
710581457
32001735
499693541
408018450
319420397
71075467
19841931
187016053
621975826
757494508
666783786
940156702
768233195
34504593
900392471
415549175
669609651
589167232
670714148
583323714
978321651
816360363
919854669
987314397
380296048
198157911
959039567
600091920
424782413
261173942
103822842
842378658
735751320
106996148
597726659
823132064
591660928
311652177
16484805
476089819
934032190
379653254
461534880
20352404
614399528
355371009
681193312
530159556
263497295
94243071
905177271
94892479
209334106
331159181
316587884
654367510
639136215
881387721
768335382
661465755
408929926
367042292
850102507
497372543
262994682
797972512
789893895
918705206
4743147
800103025
838236877
786993404
903431270
374532626
26615106
88025073
943396005
192329659
387793964
876175152
760601579
866419411
480456910
530666953
556356531
165237131
89460467
989380858
20638328
440207614
368349575
412997469
567350426
533735618
959002632
833795790
867035996
384034547
802615251
939976638
173794684
102891070
935342928
739672209
501851945
878503167
631822367
883135183
663175587
98683207
746745725
527628055
448867179
45294799
679287277
99121354
951525173
981079272
470612417
530727995
439204713
935843891
277795689
56131467
4887577
479319649
626935115
353464459
90291849
176243692
917417263
987634721
81062282
286496652
361041510
794924911
26433814
424849335
2619571
261549939
538448602
441198884
996477612
338138166
103967715
822391804
495626141
387492539
233518882
10130510
869858692
272067096
477288433
623712501
170162075
38433596
388814031
989283778
73596644
850313716
256535000
385331562
875077545
102382617
56985116
556979089
898233721
617487886
670855662
129528502
982747846
43925656
594959924
984531846
270456467
750575519
663888067
154761984
581708558
333856117
809277247
639254368
954181852
432511619
90575245
142199868
717917866
133477323
84059423
811322085
203654466
795150229
134876760
278017360
931787939
910186258
629926230
53659670
276605158
331382499
772216134
82397699
377771377
564041623
433505705
941669216
424045634
229010553
720841446
208298557
760384325
120333779
883298280
543119637
787162066
267277720
764894352
209664427
766100742
3547102
69617110
341911510
691412722
728119821
415995116
420987390
30891622
43204750
641591023
854020467
456619239
178005647
837753093
572175748
93803310
804252770
198977071
739931645
503777938
754944268
791165425
553076894
640934658
8080058
129537988
103678525
792748997
845931311
583282938
754839540
518284476
900069005
237743484
160890570
450927973
706633679
478431773
832369680
43166002
418484002
834843950
211324061
207796296
484573320
408853862
932642001
60486737
740221369
698434254
494036086
671664673
616391057
867156672
233860722
417468463
734835219
338860609
460344365
501838611
617408829
218351801
744605910
121677198
553870914
248219701
680612090
52491341
67752223
933509346
843533597
788693433
260667880
2787982
499784145
69012640
867933804
121137474
506482722
484526937
272035564
809372893
180067884
840895425
524453690
146360477
606006917
473396245
640433298
575097416
463825792
196021475
443258841
969719487
718299967
81921880
85010941
851655865
34292328
582848554
989090048
51648262
300520004
607668533
738923536
245396132
299535607
562300385
549406168
545631169
177600719
859572888
596901985
798481607
95353
270338012
301906013
310976898
922910543
752196162
643855782
311794544
433685718
522894807
978229329
977310005
952170122
751358936
837298181
527933253
697115085
401523930
401788841
322239679
848759288
30715603
972212877
539463369
93826849
303218763
182728079
393916964
477842776
136686691
929572071
554607242
842874186
991104996
608696033
732851065
72537166
644214742
994797263
400093248
896670407
351197335
253637981
603087871
363155837
467714810
877184443
96412089
139524664
586631353
379849664
276939437
887318309
478620487
918294144
23589127
755038431
276149286
498848385
146075817
154280259
125708075
78124099
711581026
887851582
118773346
52392021
513933905
224967777
74197277
254503550
840888315
750550918
803509627
936394393
388522892
121964313
199275651
824153085
491843118
911935096
474604531
252215575
774814985
186189657
408819676
931624918
935689839
557666052
494160260
915354591
858578512
480640127
485597335
780619094
457347578
824535606
108955843
649443205
927201401
633290255
337300470
867739973
11627384
256151036
418080702
602399805
589626263
182516343
195630645
95669578
845565232
532653106
342641384
489171222
647592629
416557202
56155655
715423265
590863788
462649846
564280490
313784420
121279663
666759647
371256696
194828829
118212304
141042238
429872715
324950132
552040227
396418259
688150676
290717353
803390810
836630871
203283216
507308660
833917359
669371226
49317658
402434247
465477172
96776904
473347847
787039699
777763428
262677635
40665923
135913673
955703228
207139540
794931367
813076143
311555721
319034071
190376985
194038077
980612663
37919331
314793430
789668552
44070928
714978093
457472745
961878420
752150927
574649150
488041211
586708234
322985275
230413749
976280042
924431507
290816945
860164700
848088698
502337459
711050011
319903457
476938266
881946717
457202594
43297738
865753028
976767799
4234383
298965751
570029316
784503339
175115602
282057544
58536454
328035789
723698263
185263720
263719563
836128178
991772394
857468978
587916607
236536641
223932320
492149894
386026912
353335726
336086752
217525723
508491836
413761573
756700192
524763534
161138687
258396923
929318032
351902508
490585490
827533933
256147762
529798114
65114520
159216353
387898286
978600431
226906113
552842070
723720770
564443013
85764294
582193410
959211494
546840954
74540244
4760427
985399360
346587379
762418714
256248536
716735621
895604758
248527184
600810852
887816292
492370369
133439612
896417001
90710830
8211093
379733070
196341625
353584817
541581230
744864558
68362623
256150707
253625285
777398662
90515924
8230283
984632406
597712513
256166802
868975183
516241900
701318207
992240528
96967094
489719650
805514371
378773749
647229356
516705477
178533309
796624014
940110958
986040019
690130758
254878016
812201096
640947623
773419497
898989345
484212316
250969183
83573566
95432495
988860573
95298101
864187366
908242382
251720647
277122763
775056962
71321229
334187804
173699191
318853876
685855842
182901844
703038146
912210086
55334310
566572268
899775438
746961614
576107166
116209047
596669692
596747149
383915439
626380882
86812283
676249702
285311819
776694989
960867474
565044132
677528715
121160666
600055852
692995924
340150302
657219647
415231519
26713537
188475168
163069184
369496371
793576429
681776560
871603386
709294724
990458635
669503077
960727883
440124957
430931782
331243084
142220092
465934453
43681482
876307997
868991774
290173838
208890651
93090799
197121587
679478931
251390145
511677575
794927226
855878728
842902334
49298271
591020553
378933393
149553744
398590495
51505334
211633346
545954233
714329899
13613351
517545353
11339408
981062305
69024470
10531726
824974764
204322509
484863052
451474400
56528224
282668848
560626298
921488174
797628360
838430314
347618366
487630707
524449131
819099247
584858219
556512860
522318123
232616973
570409746
101123078
603854774
804490305
616513650
71299932
859872458
190848279
500151476
352124894
56652885
389283160
211162116
953730456
965954653
385673113
939873807
747991295
902509539
10052948
120999544
842512845
820220812
308292895
238280866
317591949
307545742
412932464
827449960
928923769
323664117
138516145
22172549
832867776
661745767
582024296
721936418
196433826
910890406
231307575
474381894
401601716
327938269
66014131
376501749
796494701
107862665
231864747
434683445
46815063
697426261
74901692
91078009
948785207
574490332
180838689
472626832
701620192
774433593
405698772
375327648
813761682
701673708
332994126
605103803
146637755
994020447
407156021
769457137
482844898
52322927
187778191
31549852
612345516
376276678
808261056
27316703
904931812
336329441
919255468
359298469
496422745
520665446
676654579
6712917
929559095
196326680
966727566
709518943
492386043
139540098
297047049
79723424
451664072
841015148
169157707
338321148
756575692
873578186
625922285
610131786
895014848
250134807
72831606
454958386
684628517
304845134
680240056
115468178
21935789
377802933
967988780
880249234
273135650
672667870
487244663
525764360
917924257
497773707
868114232
195966183
248278716
93985399
809667566
441166169
351256904
709441692
151700569
926644596
454065424
506948823
156216794
750242236
839408561
286651223
457337704
254481938
911890751
778454384
217696906
805286059
14793252
373925567
573190931
65350016
698646782
660662566
618513367
306761691
805200574
597247896
288653743
316411802
544743150
991712461
994606720
476728419
779777956
858907674
330218024
304676766
96030121
298255893
630824005
486125157
2471811
327013850
215790424
354685979
675141628
521374989
705393308
465380481
998369114
534334521
19924852
397135147
127489956
635234245
114515423
529380739
449515365
603092034
886867791
217841924
723874811
30145061
445039204
49143616
376721104
4696431
26425348
601735070
968974917
29708440
574127465
65546143
842955916
66184664
737809667
24427408
261963475
32017653
507258116
808646055
834342193
708561108
382708254
334213275
462501463
142003932
94028974
13259881
3737810
2370057
276724235
591068149
306441963
424984355
388904980
996436610
174922280
620476790
977587705
696144160
583032732
75854617
537969066
8510537
393627055
107944729
548829591
266682664
812562841
170527084
180808328
637607603
681402576
343584760
709105432
762226316
593465600
582231465
208127573
656228078
209942016
539970321
320732229
397360935
329647585
806138964
358789087
208076372
491433982
844198990
289853610
883106485
939582735
183247129
767180011
186660733
789081557
875535597
792961320
619507160
689240168
386511890
315072340
750977262
102814372
158698912
311711360
377287390
2093889
859843160
518784924
744247816
728133397
737666898
142752040
330528645
756310895
986413662
158596710
452142961
484228249
594842633
884498381
496139548
294703971
584729201
150442686
971284590
271038237
767362228
78708804
117344791
742718110
679771066
913082845
954602347
357945239
181079020
112253596
771595214
518944382
313726192
952352549
6168995
867052052
283952370
626454773
29145341
3285778
998478092
36049060
627994782
123904505
66321144
198965101
526052957
879010335
810094001
1444297
995508013
249086112
908449720
64061038
614314268
41994457
619628535
486713970
587001571
938372312
146177879
168540597
133547355
199541047
852491565
538343002
952517208
990937780
423125669
381227552
612790311
479340444
516748656
210882810
19326132
446102837
770474662
982041216
603102434
902048116
248960229
960905833
111151423
387642053
681391771
752186281
350511370
606664972
976469464
460026670
429871606
789606049
300879523
292382238
345279072
33732615
15821981
584673836
81307477
649195902
665397001
353599897
817516649
100626611
594394976
147821575
891752374
885301396
564351950
730645652
139036262
866372623
85767401
804206475
340428797
572879668
955345485
517212820
683947587
750321994
145856380
119463525
226344108
67313204
840680269
69095607
846085434
101999442
472003297
405129301
399305636
162626115
838682414
980934831
104889170
510623920
328187565
834994869
166153516
590342772
548941134
691693520
292493944
871523849
152391241
393124171
844707373
324694380
223673924
544721048
412637253
1436639
183063893
416754242
169280804
984630820
498490313
112534618
76440648
913928933
226403024
195264690
671464956
352555602
946088862
470744842
906371486
16703219
543270862
655823738
485844603
74372993
678048737
482780388
897968003
224775841
948818975
803175564
242063792
841520671
831362419
18698735
31326403
528603852
132977372
809913952
27199329
755279237
805176844
518193434
111569137
880276660
360376727
153819579
318495367
59093055
841393569
269997588
978055812
884554051
292785748
643861988
576900142
329414943
124789039
384471247
483218099
549091746
886802316
738196410
300995451
444917682
390253552
225270684
873490949
823991031
70654480
661406582
728622591
121953889
428877684
346449988
350862265
697000451
100158160
789812184
399905436
808817359
767626413
895281298
647033530
451928107
96778222
93730041
375539297
708214579
636451620
152444489
578928827
415672763
540052706
989117523
359667912
349721318
476838272
164832044
661849216
934974656
563149560
531205228
505213531
856952442
560112302
295312876
79179835
55408518
910308058
682351293
694388117
930274225
187986249
713710691
849732061
974351282
799922108
416208108
628531060
98712022
800062371
998714109
785640554
281141314
521083564
400412590
953513885
208362461
330125470
106408643
152194312
373558877
813181036
998703952
799310894
808013149
613457001
983410248
478388369
974547072
337684870
709503280
432276355
328215140
9417096
729962507
499800222
443483536
984378428
320183611
537769344
293611801
738028537
469286235
927256225
226674692
847371406
51730632
265490605
46789378
844137711
219915400
297530725
959754031
334330232
996482807
466551106
645338963
368218404
423338990
762152911
320184684
921500967
463545788
165481872
254175721
708383067
364852828
362445573
391632497
433500870
826531833
756262141
456651266
768056011
760421521
424446511
305772830
634806941
785618202
363736346
456427064
933832185
379308864
674127006
988329488
883623893
423846700
739404908
738326433
879316860
435259704
377523387
950446516
669531538
972162388
5236142
700450266
672372164
308411857
896518851
342153416
973925301
854317416
24053561
160918496
32053016
479746660
773509622
521554536
462806435
636550149
339485272
651927959
310787252
520054817
695671238
428578428
11419581
956225173
416804874
203301628
488986448
132114327
908191399
346523940
292733683
769984077
27290467
593645894
994420217
422027902
113667410
991464100
954017180
44121783
383648201
887891460
702610052
300465789
532927442
43841635
354863090
75980850
17067966
246876001
966366528
367306702
473740624
347470568
200247264
917823521
586168924
150509893
558952925
856810303
670230695
526508576
110236220
801315465
31865345
249464155
551884917
914461864
257888435
225114077
830041626
907858219
633880554
687162720
759910827
345265274
392259339
26831510
895376157
27228246
271758024
938543679
46194174
255774751
265563411
854357745
494658357
710591029
320328064
122426297
30020991
695622840
569168771
987211254
885314948
401480430
231920652
890961420
997370332
421378979
675263330
368652533
86250127
577233337
672803178
996423855
285676760
673561
222623650
260995350
413822299
61382705
383540089
495675309
987618743
979688868
232820977
855263789
836044832
607284979
940675648
55444521
784408003
328257615
580643933
830025694
287340971
132612980
346333011
90329099
443249919
791826209
141335279
207609686
817442586
716384365
218529586
921900670
969005476
667070042
440126641
444698117
228057077
164344815
337865485
67514102
527375877
173172368
745624988
702246156
319286131
596489163
35918656
811914867
899658278
930729800
103627936
39265398
910810251
505442737
774993583
403375790
862820888
799298785
111256204
898452665
763200155
216842307
168840809
679244865
405666561
756731748
262969109
442360442
778929821
664502598
33255927
616791517
522588908
919986143
361175754
169819641
616828067
283552912
608364819
653147051
769598897
141544002
105256313
870408356
571740743
889339906
370792872
80277317
614432348
160344404
493158027
459381032
993066354
704902383
757714785
85578107
870585344
754611383
53480108
307250189
279140882
918516017
260778605
140414641
636084778
569281218
885089580
948674003
981152889
57120673
254080119
912113407
753579036
683189653
530780052
356324070
880689600
299267863
665422198
195442161
4853091
864005649
646615769
3260183
49118045
970101842
280576358
590473868
124391652
562196737
894081591
101786695
464801560
661477916
513129976
671237602
803501596
124079245
480932823
561512736
962302431
564145503
254629711
897003722
349090291
62620624
952964444
109086291
64311816
94987646
382369995
329711219
178481548
397457537
147461983
65566533
378438638
873224879
744717232
180157737
856496139
213176855
604424039
166539677
179914601
936383281
968688432
448224298
577376344
855726806
180582240
809774393
673598641
99683239
333534988
587749061
215457023
124980787
308870701
15656876
90334569
566781806
561924427
318230290
805161237
103981516
48695371
115339521
63358140
232034481
524596224
821736173
344377911
854148979
692418389
655085387
514708285
485715711
86097990
950241690
876451074
609200160
126466171
486338789
800799463
557285790
820096462
179707224
701713036
202037948
402413680
714574569
987797305
961435474
108983241
96353394
551419859
626566801
574757555
400885126
293489668
365193216
680311349
303677566
812857137
99986581
398808118
179109612
963748219
90610276
971939848
984270927
714594698
759350006
878914576
679167283
14862070
705648383
722362398
801924767
573577457
974800945
119628723
91444398
665235743
810660299
10694471
659105734
910723262
578388564
935563696
733874054
665629054
963970558
897452680
564431050
22294038
455637577
451433788
406753751
832800820
168153382
220427255
284374462
775540491
799154118
622275465
303931873
206244385
541307013
657108355
606678577
188344070
55706489
621587406
485226114
541849060
664346912
175177665
761039847
278696241
852083668
828409572
874597930
907951293
457595840
679699968
993863834
713875980
105767871
558970470
296880946
234438518
526124215
482408477
673244059
791845557
481962004
523013266
317555636
978831929
964424325
178126658
498984602
22635437
598945794
65640062
709979201
117629325
843786118
324069613
552906228
986201480
225852395
652930209
136937820
886844035
438065401
848478059
770738446
409543819
304577029
605809469
28162967
947297082
353799776
800860803
337047339
860769825
177537224
404546085
553172177
1583166
450305874
952679287
937844773
392760631
412129866
199314772
814555330
375029174
391380236
116454677
162099830
373352668
441233790
877270164
957347697
447867410
786562436
277601166
368087193
935381379
977780244
505974919
510158843
147176003
751353148
50876846
722284353
730587289
931457841
533513640
280130897
242441942
423849335
427590876
820974298
579455711
90297759
971792383
79794511
528576509
124823289
722250229
227526389
25465496
50181492
910153108
287513707
384370790
672962714
160562229
672579773
394080153
182285767
783815870
782040134
229956583
120326291
110111931
355338146
602938819
633979173
563474061
50063660
836910193
70314477
260761707
173530845
961550628
991517212
848289432
712251477
226320121
179840735
514741766
935242644
749470707
526947822
600576865
596586387
956142844
952160876
348907602
828644820
152273924
843685847
329898036
320057300
2085854
299323278
577523334
568480799
225641875
264626991
807228942
941051442
450828602
117954110
649332935
134648580
568430650
359140820
246169027
630314056
486753675
258755381
70765880
681820746
542976661
149521888
101466799
189315570
142233931
985304078
839935915
22784417
232766244
939049562
631222985
493828223
817084036
61282944
88264872
262285686
388612512
74469992
910705979
322280513
268378824
879979715
825816988
647793206
905914427
325046169
44422441
466065526
515207047
972381412
479252632
800964773
679741520
874768031
239688085
863365555
527954049
174784384
650025812
545360983
948329057
927709599
993472529
857587144
537195500
227186294
126610456
793616207
407451833
537439941
165409966
560694382
853603192
227582142
445080326
780834122
325291188
612298887
94894793
827010426
139931723
772074456
714577118
937390825
631871085
186092256
394919122
548479852
500388614
669978191
846779293
94125854
430889175
633291066
893238148
520163370
501890436
552954401
127114934
16263678
573480281
851754671
153079755
210995606
977989923
564146900
906134184
131906558
848481841
83352688
527374185
801820661
767714059
249196760
537664206
156627013
954924333
46113678
859448740
564281397
134849849
136342627
342324549
729075037
6576835
689268731
348662596
545840258
352526421
983450514
519800647
779615292
639419099
497150043
279503081
270297269
408775086
145020798
59227173
503064441
105292702
498376600
258989889
736964731
975771568
725057867
452750335
642545391
424110827
811016739
834334653
371033399
912473312
830238418
228944985
975287193
938151737
450068334
585278127
297125443
613962435
425094664
404344200
105150125
809567118
599317918
623630053
101410643
727339289
620123810
808142574
838025136
786314975
191177048
392034520
400072226
161906060
672077358
95226480
540540522
542190933
680936538
875768889
457410098
996933164
764480084
538120883
896144055
427172530
294414002
262652214
969186263
720804757
869782062
770860727
604320430
123264858
148927728
447620028
976964458
713154037
358177081
849151577
335938848
995238738
131612871
984082464
783480821
69542808
643739480
93380244
666425774
362013887
930927935
285116521
667269399
412775878
27013530
413541670
721297916
64648414
433822582
736508628
778057341
829766037
641649927
191681629
908585257
288956140
396397698
849873783
749085713
481864028
576100896
528663579
552160036
458422732
402620956
930337202
153060854
825274863
697704625
965435887
172567535
76138560
746543733
957654022
141320816
502363398
23521594
728726623
186750814
997703496
39655540
796954472
190095763
280297200
935851080
876249396
141960119
817531081
961991385
150014875
391807980
565711810
412553316
352923211
732460999
457762485
341789919
52371903
970089381
79927775
38668733
19490875
774241046
774716854
530100353
547162045
469288726
545049700
431680891
737608696
519492210
997087897
678766387
352547101
980128509
938552523
571157435
123817191
80110662
683921253
917835377
609726747
811312745
236234623
499815088
169378567
316699056
627969093
777139998
400316005
166127344
8954929
241332048
674444644
817547372
262825055
529202024
931700637
713425274
143068087
504057357
146955277
318266472
511973265
411288174
997425923
409679766
408331055
699113734
310416149
633962384
167614585
371205221
636604591
167941484
182120417
789865840
550242154
111915822
313191133
519379855
679690808
553085130
356219552
521861707
693887588
549798742
388218027
166875269
498433625
516940031
643329638
226135163
251344559
756246778
82541
610308311
182641524
31348726
50232812
773003475
241457755
976027839
744147534
13599173
502391362
925764317
7352823
346143903
221586746
341908795
279694324
674153798
415103893
289965854
697469898
860526643
582601836
306016959
402511148
995861177
883615530
669972486
930664078
680962661
175918590
946716063
74856993
742377390
896353253
423341535
770123679
989567083
818403607
4990036
909290651
565791997
52369585
455012630
864917033
551179640
853787952
333998986
89914669
50210460
453763017
725335523
29685706
296333940
193658418
605903283
62647072
654229141
746121574
352293651
532965382
103295989
581178089
702464193
929297777
208271325
382074189
492279388
241300706
667386766
487787208
315071454
386976195
141774970
529279008
176218676
808889208
498435824
144561324
445333764
604220540
97708517
695189324
113853823
559589423
892744764
383462136
562567835
297416056
467489148
252927831
709175267
297720563
8473096
478402574
689155492
239108714
169393411
252883475
677128078
251760674
501720860
133117139
568202387
515600538
669081898
934065640
423412413
756576282
768594192
467874110
624043410
720697996
189242048
593542625
158937839
131773966
433632463
586636047
15124759
814684949
967456410
660696228
154132403
99480856
11033174
996641710
910144023
203443895
7961768
683828819
760894983
427349450
896049948
461773605
521294214
649629105
735941853
603410955
346071463
443071188
79818457
501848262
595600235
747989469
966291877
998571956
276447727
409726255
142449522
333468924
895004530
592561541
292117003
680604987
137128026
644210025
856805368
196709483
603777758
935741396
546156781
801397712
961447840
598209846
499066644
467408020
897185119
780746936
392489217
737936596
200797276
285882269
871258869
666550808
819198033
642918483
709847867
552070031
128863272
903982217
972300943
674591068
759266718
323757978
2184725
796629135
756008914
515078369
77078583
86424962
314964042
215132122
670840907
1783296
722860768
906973363
21589989
747966717
880606960
375614935
611441699
778876251
76616474
993251582
574502659
275152943
94574344
890561984
783769818
841268418
765791036
141666404
721184844
778067404
469704409
198789775
78593902
254306498
756361583
352159827
78520642
129990549
613247039
600378392
979303356
344685694
30030962
727439551
110981794
343892386
670020853
586023769
961229585
908856022
332684866
486599296
432133212
464735317
214411457
626596291
815131247
232147680
408933443
193980450
665804026
3287859
304106772
586647542
925672393
324863345
47667281
673990908
464321765
592743343
622089073
89721793
718893731
256458293
54608117
606243905
945288111
40519206
237963816
700961702
865748033
45585895
667156813
343103481
662425154
187367473
688021736
616376546
805128835
444614563
923673478
515061594
730854249
963826109
260395424
673342329
370987125
990367351
207795655
669580558
412085223
71339947
783993183
101264039
46629811
575623933
970694524
784214717
408398116
269270217
221148680
871388350
165189820
94547820
229680439
895625744
645627849
869110226
521929356
764135629
644113948
721452787
25820089
461917065
932656246
138549074
746845547
139894771
4379151
871412832
937985025
62572074
81274833
187122154
172553184
699848210
433815986
804281988
973111832
96129486
341994679
268321287
380969026
13730063
954304743
702194714
833815120
603150864
957564250
736164311
35636977
306698365
309190941
407968037
828125206
74124370
8579985
953747731
338643666
575466997
39236467
313307200
544090103
619242311
916953318
708196396
844188916
911825914
79486267
429352717
667436491
81034444
549941806
957780552
188187208
221914399
212410257
36954045
381724451
962390545
881705056
91197073
558913604
852912642
184554658
839082525
505025847
795175067
606154147
87440475
717398050
886702381
174307178
427431257
37189947
915818980
820882878
617478697
874994427
143324055
77260392
96698552
992062547
273493351
997600164
940777610
851425310
590959559
167272248
45305202
565025044
873686125
913284070
668121696
838726339
578124534
997685465
760273230
528334719
200830075
492947651
677091112
468677002
774069346
480462304
527064366
464219195
793226173
189675971
37946297
322212659
526627061
655920236
925455656
878250239
332165814
256855080
880366561
477203124
628759319
226357528
638328121
360173378
81485463
741986843
962343940
326929873
687449091
680362131
547854023
152031850
668447851
247508236
743763179
412526813
877802015
107490764
595287000
460685183
550545822
265462658
963328775
923085781
876619401
256864483
958289467
639147800
787796678
952477833
816259431
970544256
423483219
413370579
681893037
91817170
823094117
540671803
176256730
774976874
632452415
73312434
913333278
884170309
379247138
595113986
424858487
432614907
297744222
934123857
985645950
947313305
119583239
162518708
701825363
215754243
399898274
841434106
366453876
837804495
832266419
113478977
830479569
643229950
100154383
807736738
70583050
591428119
964051990
692473543
186868529
563915114
910256482
885074653
347610974
531536194
443405542
777523525
251717975
520853839
892543585
366770025
223930542
839601485
982797370
274351292
675706284
206898587
244655446
485045710
160357477
849658274
722203889
975251459
13817036
43144122
293559791
70372661
721782749
287318635
293255972
494109489
961890898
754080597
506087665
462182777
643647401
822822548
900909647
340031392
985021140
753424306
42569744
428617014
56813951
292802160
723722926
215682820
16057399
898295237
265385897
184622915
327923825
747658338
782282584
384529937
343763442
751248784
275825889
673010731
158646024
561255202
766617964
408651153
849874772
631835664
446669421
510061129
942531063
306429253
612064056
109893743
475735681
2089114
820227604
208824806
478590726
299930081
719816266
159969266
347892100
945468064
123213923
521125265
98878042
930106777
365677035
69395884
967192630
422544138
913192730
840857066
405973364
911455679
855214363
827341808
747217468
107226534
107800722
395652470
89146884
2103428
899407279
104660450
621954047
582613897
486638891
402495648
286726381
671316394
383570388
916209257
894096521
963713938
965724550
378904919
319425637
980784222
478090796
954733248
540996973
956552151
594403698
687353530
338266589
789294727
520045281
585667798
522499099
877500671
443703205
646893898
791551652
653504710
126709859
235548644
933362144
461131026
262844346
567044163
550672748
751122641
712787000
610566844
656907480
653880326
400869002
83607384
651935538
272244325
768745130
645073289
162853991
631791310
7812105
664176776
373383614
989442512
268893612
762603362
588687738
351929619
999337353
134922733
378300849
418701969
811171127
608590140
741217866
432620832
128474583
866672921
613636217
683906897
64553673
863813195
631279261
133068447
489708389
879261421
815231315
382299455
757811326
520960174
465317920
652405918
119253727
476545535
686656315
506769136
328824548
113285170
514772969
176620854
564035610
569104445
452277920
993772617
731578395
947294819
956848608
772891853
985557087
174452444
231915847
27687864
299903297
841525035
809293973
874250335
923213842
240937584
272158775
340766058
738272920
212723135
946071552
732343191
891799977
70343995
367412362
606581053
689496792
582987988
905603084
244656786
655763509
416350817
234265013
448847635
392323235
356286107
6611039
493252027
221366470
367762211
947308044
409533595
43880601
451112066
947437819
915409173
330021656
521679909
291208710
300019068
843114073
519512049
356657866
545348315
296264946
236826933
959832536
522644434
682227005
183205430
375704148
552469054
5216641
537923732
300575592
299072816
993411808
401491289
927852906
507108803
789566566
717548254
432487198
556116809
81811977
715019610
757906431
839980969
229327679
669942807
287648892
692428407
724096654
693528261
748294073
241700488
419644846
629745703
832646972
278824456
607356217
642720555
189653878
684113795
245653847
923253549
976651840
116085583
65763795
619344675
762740249
23009239
675245103
556760960
759640935
730365946
614134715
887791399
112861121
2725830
348837324
940165772
369092479
377013532
859330259
234218420
683779109
535457462
270151822
301050447
678496955
751257721
404547157
627160754
51286070
144546409
305839620
408182667
738462731
500618587
313828363
404787250
263861014
267714483
828183265
648377562
895695461
48416932
782029580
827526964
396186473
458584275
538268564
151191827
454234839
465117057
599757847
605444990
140105372
905318979
293441219
274255878
180505382
645055892
23931518
88668960
345230677
543556913
86595890
383132189
475665985
533939974
891351125
451378054
464698588
865751462
908873782
590940453
885185405
773951346
122799991
99879143
363792584
431134685
868437620
151053939
915427611
662053724
583839042
188217702
503914534
57325978
622082561
987445821
578807061
938576377
73948839
588038916
414288053
161329942
683331034
228166337
476184184
385814086
667598390
762105965
628257202
391959266
985544677
273817653
285601792
684042865
646953891
846687312
415806246
291422753
732200330
973386196
508706680
535180057
47094538
164961016
613830114
676831960
726015517
578039638
229196495
583991528
5475940
858139476
219806256
682099580
256115551
428810767
403606410
571354733
925218206
220766288
897434114
141513531
247353756
128892713
182613719
486191155
360433163
961558958
236405581
31409721
765352727
143960977
74837447
984554400
232074863
483602399
132661993
474963331
228024748
502738400
542866113
251317972
435748836
225749052
259249477
790175718
917124136
421643033
912772612
353152714
785031728
690652194
155128875
312916184
925440838
561513242
966925951
253803050
457898155
470088187
297403942
282083182
757808717
361482751
288452970
275710680
760520726
205373144
718518929
626368606
187146660
717250063
973199320
15066688
785733993
654792627
902794689
315963196
531568479
961105147
168811445
769581523
809729038
35504677
210697968
425972241
370249147
463189758
905766234
210472633
863058285
930750371
176236672
780802992
742600537
269953225
368924116
259368913
315522890
935720598
936377196
168701750
156335834
550477720
528847508
110343874
920133062
133491781
621536097
147341463
591553372
194314095
604595317
994479473
557881867
512129788
683150929
931983585
660199555
744741930
826342522
528841548
978042615
32471837
170285874
304035519
324253661
127117313
9366664
716470349
302756238
965204347
468758267
878380810
900158699
947178642
137436950
722477380
484743974
668197907
956644528
285512141
457565697
476709913
781981857
803964382
898053480
94859398
573190114
734753271
301868858
415847460
312143459
32396784
495067968
994005713
932679580
49072137
909095939
35864606
66527447
550578769
550831196
493888230
87613924
358179355
503408249
218710693
177589440
275075256
818790531
308489656
342213334
110764775
588916608
903139413
278911602
679181485
813435479
204790335
808296452
822099541
287667767
955958441
248372474
842847459
66094607
308793103
449396885
47437745
812254136
983038656
708878802
693875453
958390199
737157077
392847768
513933142
160340097
324971089
75267323
769018982
459912627
252363493
745124533
51843475
87965104
336255633
712974679
915099391
912545926
150146595
97639052
526935670
619019066
60179914
633969062
337380410
250154774
245379915
536034850
409308751
27461171
844117981
310311736
293117063
160867805
904432886
136224334
327216613
56491045
2328777
938279142
712105997
566215589
707623110
121647425
450862763
103893660
562097406
33538412
940015267
659206876
674310737
814404997
420896567
759796664
898026957
100477019
797994863
402006379
655193213
696513929
469466620
295045545
583944225
86269954
456331377
911401600
356249960
250279301
65107269
65427839
22995801
937939157
150929000
369198458
560598702
221900961
465472455
280222714
819125351
105274173
857052998
850158804
407983719
735980880
990592597
971918248
382761700
841604217
187763574
635728348
711467080
731560788
515365933
689989868
854350556
98652586
795131679
40612953
23765203
746803319
969146082
533386364
852636390
529642853
243316292
27989505
362747174
588816664
889440019
540971934
71359540
700715850
939893371
562494326
965076451
581748609
689809410
320488540
932851326
536165216
379204643
174878818
805538790
544711883
633926218
140931740
516689535
128996378
135536161
326335268
472746401
760423842
643780940
780923342
544949955
405346721
176782734
368830476
516975774
803475926
970454172
299138564
58302866
601986297
480894758
316393690
562557286
719301195
437283823
83456244
323673222
608232158
731194103
398345101
832050766
329155772
67170184
138369108
23897467
989309530
518690890
726314578
106592287
378497684
355294110
775629281
796819213
43085630
722354394
867861949
400706747
931894736
268624565
221950946
183091080
349538111
572108978
866797308
446458683
612561489
649600692
673493621
1216251
244803864
206503984
708336495
890509806
851388845
317559069
388757725
10120264
58433496
425480172
97529669
400228712
191457499
567236457
793863437
718993343
714294334
651986671
959374067
133603987
702552018
354639245
324771953
183115752
326475920
439305939
732900796
264936381
831031303
530834123
30045190
925737844
928508290
845470141
893032485
189190224
684406398
462783448
998925685
923478441
792377990
636136166
786381840
624199973
940279684
698359789
929479377
382843554
334611866
230130764
548125067
309587670
741734704
626321547
566918695
182452851
503796047
100270980
433745540
220115174
470831491
789272342
288077809
105209478
909293157
33095833
387049076
727182219
866257862
395221303
578566681
573497574
176216340
550001363
880340629
663223977
530842776
442994143
632492569
211964210
301354937
516861859
890030328
809585562
346532120
697992726
765491238
944690541
116222600
191758182
823954905
397085253
370666833
767271971
553460937
638635449
670346581
40675182
407791074
387971547
453456769
852399365
217302828
388400059
57484211
73826029
753171284
624913536
738814598
757266075
687066616
351025724
893090124
803250624
215985168
698566470
871459617
301239945
733984063
949245358
86681670
704712296
578284810
508230103
482833607
347694740
418336860
802084882
524585387
389140227
906097424
529220658
632668300
693203024
443296493
158432445
380261753
929406968
699856151
147853903
761660879
6677264
85460563
238591007
750400387
26042499
39047864
155151770
353238229
616673804
262968958
388372442
717494858
131695753
833710705
877438310
196699277
281636540
880509802
770481731
521119439
6737238
15096852
521484878
27874479
269856386
650775070
513229780
447066611
592083717
360498773
827329952
550897866
192811129
886427179
157942390
229283790
526551339
658008362
345191570
618719688
916960138
831892894
28978789
601856098
525260712
757219166
589390832
717222244
587509767
989001116
867450398
325580729
149117472
644922545
477657054
128068326
930226208
216773267
103798295
912777450
588750598
497182343
200710186
28587152
435242760
731280526
120106860
609461368
375021144
390192356
718025141
307914288
347252183
306010794
36307636
951793044
500578162
697367648
974450224
847865404
950396944
600253355
774849862
881578236
804998489
938830986
995724293
95966667
35380369
867806314
412254001
837200593
141374744
28783232
83688461
112351090
544153768
704492189
207294150
951330394
606671046
249959717
527218380
782526413
340671454
528568792
673130987
302015778
469853818
319160311
671109161
418806553
668668262
670582525
291278685
387984825
923577268
369615774
8665133
115903720
500198811
961130777
756415957
493809094
930435710
346756255
165997307
994967431
199534378
924137778
543090356
363042718
794804182
81638743
939773237
681410719
212358003
189523601
535941508
354018653
674834571
235890812
614659917
200397145
141108253
141293949
502575302
729796332
260800017
550290262
77567095
267937297
33761534
891614326
182668252
99519223
957870678
339532491
599643327
979978684
89582674
625933133
927273071
755074009
385291916
857988543
144042797
316642379
165591632
291161628
796592012
309704508
16051883
165785393
214797024
237538969
248315682
422489187
672129098
432382332
899537655
768361152
131779034
619540575
788989458
77523190
925645776
933727920
879460843
790724781
825652712
97195523
270054226
906130142
482065334
564339988
460217758
569698709
372056551
1689930
7821348
113281466
31041034
485768109
656410604
289811181
343112421
978372095
524792488
834146539
758143532
218053478
246795855
694848659
414811282
931991481
902471148
980427107
649102222
177734159
310817171
246477536
352071127
574444056
948089537
539014805
395374771
571297954
678984102
449951823
773284999
280664786
544112337
125473069
523601396
976456657
303535106
757439786
993444326
21702910
220329110
109795021
517343883
348402932
557118408
798860010
409135595
427634516
713277177
91965623
86029010
974435026
655227352
689167670
372691636
309295855
73334733
12173011
275369718
308903328
80820826
179132490
96365783
200023408
805432288
305957592
431417998
290650957
345980409
387177882
979605220
2760834
575113194
139056311
684866148
399310180
917779624
295049045
148196556
612679213
667495253
340207181
765902747
123895139
995322854
252359459
671190728
299224051
637995008
370472926
224958971
464270992
306980393
514803778
492679616
225658121
747947125
294040026
529768719
315130263
77191272
87855688
739645032
808251792
593785425
786294410
50125127
808076413
499335278
645114699
834807059
895536873
603999098
217966857
171874762
125343325
145280480
396601932
292321821
449725439
498083518
894512941
170760592
837423117
930460547
951573668
687798201
665956803
36725283
374427464
799754910
516590682
568734822
312014598
115223507
355748728
917262778
489389798
604066969
542857032
225955901
773474479
22545749
896778604
345143485
78864895
190781762
826282765
750952077
485587606
713816958
843622205
666580376
399306911
4395596
359468336
930835549
626611541
362296548
153506811
227916435
49922334
532298547
164370194
806190791
17644881
314074754
40944586
323898558
452074824
622684997
763990599
491999839
780400638
981729216
518094958
782172483
378908180
940197514
858452326
463092397
383524549
129254613
572810187
934311970
205878595
425120837
928121984
461363816
2406944
273129364
795612675
319300934
996757960
664095684
449353875
356417561
759399385
521589660
571024622
802266904
551995580
101214246
519391864
491933079
9290957
381765754
987011756
220313301
14086080
941093081
818233097
95729770
45679639
385955603
979114433
402654270
513588373
322216410
891346420
325114816
80372498
422728180
517599103
832472975
707537123
386031672
902966451
538842880
513040113
28662156
535668642
369419637
671668518
439506132
18637538
552189092
83150842
351483775
845857381
389888038
552852698
358934179
948600618
194474530
276368793
70142033
964693093
661303526
549421335
712272314
76647028
58589016
559678282
344025955
491065696
982438369
131119921
143035252
944154868
734226394
322503383
85477108
764224878
408168340
495310103
590621973
513776534
779812822
367785889
674374214
146295374
820735321
718069405
590331146
563927429
190577987
396944380
756551523
899433004
958125570
543008688
478885297
798710836
35001355
915314558
997902743
462716284
134236580
250232730
471928506
135077333
296638353
189139152
644339751
764194500
420834232
777953751
85041355
616817848
579080430
295026328
781755000
329939039
452179949
331955454
141525319
480136051
857142631
318386429
243301722
395453810
254410067
746973588
822654849
997075609
967890282
590501298
520370410
312943589
291520991
198926684
461098976
2068116
999733803
147100074
901164861
571799796
247123992
950657905
264135207
793927042
126601724
454664289
325715608
375299163
964542281
237142386
405641446
95129944
746510406
955562163
603623151
558009543
376881273
228680985
514089056
950308466
542158037
263790776
944057030
99830579
272394597
977681173
690289814
814452753
678550400
947559097
568272184
793617816
214664801
61684227
133500604
30375966
679025065
365689961
465929855
929583643
619475328
949472811
287919824
754201581
683380919
199979783
679575586
87321780
168953664
272436969
891029024
630227172
591356971
299372650
823481275
553456968
393381420
106270644
386539712
493577899
499996574
114732380
724927921
301080251
662135527
605999343
187477679
791095533
451556407
397480307
866726561
541476360
378690284
295680598
976880644
987525018
676147209
592652684
618630367
579837420
40994259
421031178
898746828
504613177
392106865
848484866
853371030
986746406
598845041
927512533
357661126
54318087
408551425
605544334
284100541
815065184
961958611
795485374
873339372
631268767
339007411
224614016
237374467
886426810
299557445
795380825
170394633
518698753
260704287
365435724
211965726
86969248
229342212
851701623
196226439
655407341
422204330
833107793
341187359
630356475
365632864
993115722
268598926
127214809
118798078
429025679
642516641
456044308
184121737
919558042
953860357
813542697
172567431
490653754
476049787
26715513
458306352
609918774
681824644
225072097
626642512
384811890
643046533
282673457
424056762
543226090
656338669
369682866
658410585
943745986
7841547
642678062
443081227
331925703
972749812
948253210
689698732
56921118
246204596
360741112
727798022
617757146
632819527
189709343
998006232
749990322
629940291
386471843
534709907
28665563
240694839
799168465
830768222
768697010
449934099
389307012
174972499
86913631
542824540
438982031
518974096
912391767
289435160
515454140
48733255
954749141
141460935
821211791
77654076
374738079
114631699
62382421
204500404
903971183
223634405
500159593
934386866
745983635
684041963
730262736
117625657
623233756
818980113
38741935
998022768
366029109
107127906
832223792
725203049
377403259
436251645
887557467
844723799
644777047
576763528
766090422
838138117
423980865
12296159
686762508
128642111
127199702
570129720
490125992
951156813
122486493
857415771
684807421
211880018
501771401
722060991
286761200
994354979
751068458
431825275
523248873
212374420
409477667
961541981
10131523
625158559
922094116
213890356
597002515
8524767
754772085
329433637
197076545
452156526
189308900
948852839
789109846
295383796
981402613
916688479
456455317
910663169
201975050
66782945
903820527
767106138
403210498
71447406
226384042
749113927
151639901
735240433
751330794
678553113
908443717
329491472
493287903
267922306
235876232
961495417
67214087
678349807
454796754
617027128
169313025
78930495
884400620
61499759
477739231
832922270
789948807
942008602
237955832
771654767
396983277
737483301
475326294
392758316
760929444
279659154
206697512
965526092
221646840
44097825
751192045
978156782
607910342
945744073
417587028
953217088
936740672
779930658
972986371
27681506
641563480
220167438
248063059
275813150
452703697
489512326
414737294
767061517
112891461
549649414
659056415
133379148
645274939
941765657
290159823
620975158
687830297
924585093
620009750
574797141
775844370
749996590
253551838
630758619
173580496
516243857
921217562
723592879
799296471
120690752
881739171
311007155
393305680
276734792
513540071
959505479
917070418
990705608
78955047
878970734
939692753
263202544
10196183
221005049
860563593
876243274
512852622
631480571
956984718
335553361
79065111
131650760
227405952
437097784
408755258
278129801
70697902
80996501
404518014
545343174
345654143
329214870
772741625
3407727
352387028
540151592
968705360
484097755
133617712
29059878
24537298
575385530
820862261
144899341
584762437
184057967
318770580
516159324
261981429
299980914
37152524
978677180
823001380
947043858
430878025
631492103
188903860
582053714
502700976
421804766
799966797
21398498
638425785
246157939
730597582
852669469
56905286
72799810
850502857
521761804
152937854
753395416
973623682
347405284
138087410
157614845
560228953
947762938
951212270
917299227
61330054
744756992
118451072
361621804
220241561
49696582
586988125
663244953
200829599
836279962
509375685
331681504
975776353
26526004
884700492
479635145
107295031
57001292
28136709
29081876
578322847
153049854
140424266
450076045
317548001
886670980
272995153
449609031
265609814
985539753
961549456
481135865
416550973
650612170
98942150
580221222
23248139
358683054
750461988
686497610
466243063
140058582
873282888
985183868
78742397
308064147
267108437
804949564
863560494
326288522
581822852
791887985
643736229
105552133
164695067
468375236
36145542
293938756
665377487
738973813
472875661
244930406
297542844
699672935
655865136
449175615
190692276
811113477
122241451
353511153
629768598
632127738
912584580
622742111
691397630
975887679
143265132
521380236
767500611
927017624
531788102
384265233
420996787
917558534
485028353
412302537
46358689
178674368
267648016
251965588
919207479
788598163
190128532
348632377
870670932
764920669
251525559
846573225
350234649
556499966
972118506
571245241
952311327
837355725
749592113
430527909
605119474
579558606
833935363
738355441
498842549
602541616
23909697
438273357
882499114
575791536
972090162
788317268
268994946
737900674
573969157
518890355
302858980
336506405
955033028
305820785
902856276
459781218
905680941
338216350
374406138
298134146
307314267
9873019
3610026
688851447
881614963
609134708
671231538
306641498
214345861
547011677
583385957
615738375
756304987
42612753
341598225
183025859
583709567
106730107
58529750
655921846
800974303
951310780
681297977
637947661
571063773
734641164
635410575
16015716
570300401
545820693
178076733
507663067
559600543
700837809
85736557
907524904
410498370
515030541
172614421
842299026
334280830
289013768
674825473
652540485
283802127
707117961
188659381
893323782
123462547
564253711
913084178
995051546
112585877
720056315
292566078
38327383
324906447
10447786
229596837
786922804
757423242
415828173
102950587
557861388
583679136
930096796
294600703
384796266
30448481
853955264
840268691
617404884
232601524
632789725
766821022
525496437
699392093
120874499
137366843
259761653
666758334
973021947
464322896
807058376
462863121
120466714
189783664
94386202
326207947
332807286
130735328
498042591
389150587
842605392
256993400
889844362
650403822
858404847
828329704
54768166
459153892
552757403
797597610
910283804
325967605
692918019
824979472
457164605
715479923
352541967
785677862
171009443
224860948
733392441
844017616
29501059
867998898
878100109
214778983
838055011
426897769
796990830
776372429
729419881
757063239
903647335
678798491
730549283
815921106
290277592
181626907
982895090
675753115
344880963
435977007
632987982
699044453
719702497
420549859
630967292
492004065
889891924
736851685
552276500
957430303
921523150
198004287
331830490
652554106
916769856
401213114
73306001
939091612
33043757
738634044
597872226
489731519
31498199
738131911
201616951
834028574
389023815
758072495
298331607
832100851
46833825
487245620
645922241
434880847
475045221
451512195
372967302
87772254
739066017
88632690
149613650
832473454
372107201
216737356
937964377
412526564
516338442
375042285
701075770
977514332
518839169
822546608
590755644
656615437
261145264
997261766
413938737
954110200
607844021
55714884
377996727
684444531
8356955
605404349
966179181
34184363
217788931
846335672
265783389
952107672
388113941
312767607
214311053
987710055
748264120
147809876
130544746
689756949
608718257
487809584
375119973
326525176
65770192
553424776
787882085
353505883
326564488
166400828
91248092
705057915
791872746
287732591
934818184
654804430
379610070
550044751
698268125
593084379
210904107
421698303
604668449
253236727
886773353
154723003
549541085
903336230
748051051
500853478
318219687
700501058
19929147
443020831
145452223
827438421
387151373
365799072
763771593
202836284
159529142
389184062
552146842
665409330
501844214
66740755
857375365
955794214
4254290
939135343
934151178
975387637
990619406
882071674
395677143
373222571
659215092
362805687
488047356
397014917
383125532
681751855
507308972
320451185
790954968
500390774
323836050
388326987
87444428
848397377
69724745
984748646
676074715
624603758
375341101
237528858
62580935
108244474
772755224
296184738
749184675
899337243
737909490
371922688
661284510
952190407
529567202
305248620
491288320
485158063
952905147
330072983
605723821
154392993
525755854
75862351
525398727
871050167
362522198
166147439
809356190
916289827
218663475
365759231
801872927
499589089
336727957
271017623
299435302
732494547
472685118
231236189
219659693
873232433
64877679
316496046
206176568
285518326
322254139
915445002
614711371
84711571
284083076
156990270
461500804
862530591
987323940
543310864
985659321
460032090
285081540
97839507
261346949
300814324
306280792
259790391
88007718
9772590
921843990
862687722
35101726
910428589
373551526
247700321
394866276
788957422
905255070
429772231
810339204
173477842
765570582
869986749
609759997
366612114
405705105
789644528
453314279
700526787
580733281
526115992
188400114
304619722
442328850
222802107
78724333
516426534
539702326
93411986
625397747
686888950
630783868
126619287
669680923
774802350
968640646
677394549
832834910
222725753
461262828
27945576
956640014
91149630
832272968
148321706
836015895
484126676
743433988
224216514
451938739
386844291
970750965
810633871
94144052
521216162
753197935
582298064
55600566
75047831
515872096
922653537
383492991
262385608
157727739
170632598
440871819
326814421
344762911
130035790
923368256
1240615
92537930
686736980
167709240
867458360
863846748
269712171
64342557
428817977
69809022
32714197
699137287
924245651
865895489
159564337
790542918
377439707
21639074
511693842
213628171
719178019
582050554
403785047
873108284
58942921
149515372
409381506
881385346
415166400
473348487
953892047
907250221
692916292
162302422
111054527
148475754
929432785
224798351
814662442
301713882
232142144
922669879
336564660
393751387
273588163
123585677
703702842
348065350
142657054
141616641
485698067
343942587
929926305
508912236
223059257
543359534
664230041
322739274
128167712
116389597
535361954
662665507
505326061
787904475
48481359
668250332
747586532
330649044
960227316
632875980
220979322
660034680
130765425
551146127
228799803
347841920
123193606
477368447
93835782
65440854
857571383
775659805
818740217
622327068
877749711
325099835
776749480
994521640
836911052
996637647
735136137
152934309
683333334
632383132
999853251
862409901
590398534
502607472
268273850
616667129
606197019
437125525
386923781
985369784
21984101
252421221
498228727
674191728
889998954
240786768
79124900
753664889
670491896
14503953
615789125
594453121
395030125
904781793
607454782
583999421
767024459
17206027
177732856
656297405
763378213
948976983
44569624
495207737
48130573
468710606
444118641
682960012
559232853
302109520
141322137
859380521
422462399
391854058
446192737
561950167
907071858
351014560
415275975
527162439
810733684
668921686
503448144
471429128
87913477
109078306
688181293
692528659
902794391
121365598
841721127
149485909
161147533
882038969
779380681
235929738
93488894
111142442
895312077
132928316
511707863
776590860
183739811
944245464
324833082
335456001
608704857
19558480
927514174
796479235
587041719
294053561
624388263
49789137
831576309
630000256
852171888
154218716
33569337
427297628
651539886
678483720
664397324
92856695
869272238
641662827
247818998
421232315
290823020
410882349
151299544
309383022
98524913
340080269
514551834
739882408
464613120
467463215
560919022
411534593
543778288
923516533
569569751
146908336
578889834
424577734
328164515
906656524
770892980
234205280
928275927
171537193
212246904
310084835
985475887
586018958
350462481
550132112
231399594
68650540
403132168
324718664
877244496
324878624
642228583
968422
773521945
120187299
773395192
644692029
442141353
648637425
191324380
444037453
730235308
956021159
16608365
638250356
653703831
376758453
618229222
290059279
331409870
430196602
778764547
292455426
981987377
846815273
352402194
726891278
477123476
875450208
160434757
759843319
99398276
463630585
224085577
180706424
937098650
879092401
190064590
229034933
450719172
448036860
230953939
249754551
209739552
358066757
588777003
697230788
976160584
881520384
538980903
294893436
401208826
738558968
7281207
211001218
507827317
460309209
204718797
401729487
199230664
816064092
862272522
555442791
243409763
592834814
127126238
256705896
279051051
764333025
708590097
913987477
876943684
596351410
773719292
74527616
470034132
310715954
821654085
741156389
322932170
160539668
288585986
423602861
747322892
451547404
999781828
643099265
879569366
780791196
330957931
183242990
850548365
190629325
177154360
872337874
401299237
507378893
277407262
302131806
555717243
843428295
957976059
80873917
97073955
257978841
592051826
367758140
83001827
249479281
123313667
4865012
861994736
526582283
362759082
880983786
237418573
23931620
5185935
930556748
16174552
524647490
381351318
583200799
384654401
208953522
430028917
17669063
38764398
434347051
284781585
68979727
75968762
582869485
408262475
232063679
942077880
103965628
256753905
616602622
421042351
901971343
206110068
640906801
755474499
98075474
359534532
111260595
919890380
444812102
672921843
550978817
558554902
90139836
949445734
586362229
441344616
725715922
56734276
218556892
775107926
575117572
257544069
569394346
863187468
524563701
223873337
132929051
931957187
128821455
251236991
995395994
173500609
520399904
559009634
550209827
274382774
813554928
290172618
329644225
567822776
116156883
130110308
309875339
21791057
986078864
456633556
336335565
697888620
382357389
698215227
521682713
756193656
672674208
862291961
521132933
580228976
296661235
954779873
715307115
828337633
686187294
818680802
407840724
721172144
973498592
675844170
801577285
36520745
601697388
189003030
267664507
336337715
224126691
405324380
565841032
660441619
414445762
368632403
452609574
176092433
496103132
497565895
603648287
639782429
984129337
256606289
269829524
131210640
609765888
289045915
538849568
229049542
454017365
725711836
416082404
42963883
37342230
205243816
135536509
993451314
880490703
944494844
159251950
149721883
823589042
710756208
470364658
722864716
683425591
118535135
529972624
189296050
134246264
6592178
509039679
929893751
573690033
916272068
101542307
482480770
722976262
474377847
65254245
254161965
270676695
89921699
208901116
412685153
107232170
975074716
567621308
671192493
353878994
120085138
185463965
322792832
341421181
349532549
463511689
413471638
207583688
831144068
401345848
907014423
303766063
775077044
890415803
607587047
607062416
487667634
899841502
56089895
453622309
947553471
235348102
597972787
722055772
441180571
268430242
234404287
749858646
747667754
192271559
420102626
302743774
323854640
924080438
204710062
38436137
743436462
285219941
242389962
511457927
567869379
754386993
532126844
705403745
286241932
696466982
912836894
242748265
338496524
767654414
922608153
40762907
271239087
936723445
769019843
792841200
970435116
265118722
750828967
173538554
782056340
733408715
604679789
201702247
494159623
334184886
372119049
227539748
751454751
536612034
181479876
52728301
421771786
220174052
456730581
849340587
597612931
405991044
38796238
476577307
665139825
826108468
864198785
676087633
658048026
626162300
242573533
910425326
672697855
871373412
505442441
889071339
684666630
794229097
183781964
788942875
967978743
401474510
692238498
342003647
10526603
692721103
644103299
474383637
139468033
756583713
745050222
226974058
124778723
320214111
539427309
258954708
778341240
191379679
159753926
267820312
706737822
703156410
973385600
744073288
183573016
928816219
202537185
533061970
14454703
242293608
712038714
978518521
369453721
807272863
126674683
956413658
235199592
975406506
246441306
214778670
106490789
456780997
666856698
742348124
935786152
530781444
902959511
642700058
449707004
797298703
259677029
26529988
52504083
569033822
339099055
127362956
223333260
223640678
568416898
297013402
813095703
88588391
687193102
232696742
68109706
628442401
479743911
289826085
127559875
160472691
73466760
103874540
830598490
380048076
491156657
436540722
683140751
282386170
619329402
569470780
256610329
823250949
977054252
549311025
457033874
714560817
888304091
280252897
163803752
434622434
275363410
74587328
946596666
125349120
658640627
854982869
853334339
399826889
633149202
460571471
770559693
239588271
840602767
120331798
509120808
877560709
786406352
903964657
255434373
252803027
326676237
672616761
748246651
583709205
25374022
246375326
788130303
156337001
69880707
557618217
626890207
773891819
965238377
320341803
398651178
553089093
241084924
810464202
858809867
95529703
575721481
281171528
968374113
842095168
539761196
618069123
556588754
727649221
70957768
484963991
881893743
305693686
246418804
47363526
992747578
918175795
699182183
78570986
138254992
251583537
247496018
995201392
425990721
709509598
652220690
889270385
477823619
298873506
326802916
916743097
919398853
730799320
336264550
158480969
443910031
370127957
183339765
1921568
370816982
180961926
951551886
911519412
108998120
998789830
913610436
799850699
315805751
289474284
173947416
474271741
171121687
448701372
857042023
395363065
682472619
451191574
868962939
894108031
392906453
788459260
196393553
773032692
256506106
68568647
786921638
875074290
462366904
468947123
694813334
96002067
943179210
319984809
459511034
6916089
754542381
442019549
365153909
357603108
697427543
164077784
502520714
464418646
96231363
661762853
104155977
165512596
265406045
463223483
867053301
614769027
875077445
930610007
276103078
344226807
746542834
64033413
263446913
551067007
169433118
614220452
349615622
620327192
315176968
468271610
329613914
770881209
627053582
184870536
318782899
241797671
989509187
736024976
853176801
15996402
548166181
611688048
832450269
728867038
669997340
759501225
463659943
88753374
73212315
881308463
402364182
21023368
887684099
702879311
1259786
980183740
214728344
654858569
725185978
306883077
865137208
234038724
86173752
699527731
969472755
312609486
211016893
465753475
752810287
853174659
237471400
47760821
245144761
341639641
398097443
681978599
23441431
742928001
514850375
872748171
476118986
966232076
175284822
770112111
535372964
234625642
653056107
990504422
649394041
158101519
906997450
42394341
920559737
299621023
420938585
564851046
408795914
354115922
285152360
19509861
449722177
677428005
188367082
484393796
956496181
915053092
966405888
726554467
496059427
107029072
323950539
645310896
482815851
511474261
92223634
810883335
665326890
25818734
190410335
410107647
594800448
886171450
194615528
747918285
830613688
129275558
310653639
898589153
143928547
849886481
123243081
141738728
503403003
882963948
456135919
925296820
738589967
853273319
217321876
515593012
659096812
25114162
548124924
802234233
427240806
802478488
633427280
682080119
269089397
512385770
812734551
585222598
604476534
688966864
792190142
988554371
144036297
849801594
858374991
767882276
897697879
344804821
551081564
501993082
130728836
102082025
547048770
239830210
482339628
474940316
694449298
243068528
253090530
530394954
455494396
146392345
398497220
652269888
390902539
124064141
626194500
429694871
292368354
423832426
892999472
546556685
149173279
384913694
966403764
172584817
790277203
660647518
757347641
171594964
717992877
830931877
683139619
841682229
259532694
627507532
660937816
231705419
167350150
734487180
714667224
351719492
596102155
593234297
616715420
755854517
181107113
323788391
412534502
739341910
615689720
291524608
396191433
815168039
316777681
931816383
201916214
204790428
544715331
2063754
67461121
864536664
323666690
256133666
392801254
616977719
687899485
860635660
718468733
615710356
470315219
407353209
91592387
787671817
756218154
215477093
834245780
638790651
985055040
353841555
640244708
869207843
468307449
353479286
618359040
872824258
406933295
776099452
917568602
729480788
805325791
448272853
198157837
321816076
935962403
555772290
22956745
408484904
31623233
952319710
520293835
429089495
549617841
404841275
421796932
546404501
704620518
549627712
660485860
880828188
201415998
333981642
742875943
27389898
493663106
455885811
242361261
817640729
152256759
407940227
310912984
884669081
954631767
509076848
733406534
800808790
324926650
94629120
361754436
155455420
909963317
72969300
159935425
959604313
927983192
139671000
572484811
46076658
757319471
731070718
398980311
643490029
526827504
232880278
209359720
833070493
673204225
429465137
960995492
503541014
481349024
299065088
569334503
729509736
42990524
232962891
72219725
837994146
966793043
833296400
979435774
432922644
809794243
681089990
444488485
628162888
231547061
825966007
8661152
605689099
778505624
962305801
715244172
129643524
424629484
412207576
360364287
794471935
925585699
26686687
188816168
230667447
441301159
666166243
788054569
142649744
394871399
312172282
68279463
218049716
648667155
655701848
307685618
914305310
141534949
858974819
427713344
703932067
715536593
149122722
132693574
955158342
103667835
166734570
242540174
201273339
349567492
320235008
280634113
908361794
369505484
213595557
306637206
844219571
313670073
188930690
828660339
395129745
650408158
696879870
280878231
370356359
967291026
505778547
89763861
531838550
350395869
990380452
300361402
631474192
987572770
400899907
71382705
165521463
400515513
801222073
302370403
470197361
161388689
752745003
811722761
619973224
728912695
484741477
944709645
556900573
800574323
865150603
382975423
369933088
13618955
381758915
597604959
503358090
239772733
742098055
132113728
236548872
18572403
675649016
217426203
483366569
818121852
97385593
341133618
412837669
80951473
442901181
833922327
158091931
164070762
553494198
241241776
363264673
453524569
479129763
485872433
796777213
896777816
617521811
401817858
605004667
519911508
947254091
676133991
817375719
577826239
788226386
855451159
561987585
257805821
978716526
192973181
48809772
465109173
886471274
442169019
857945004
304128422
631340664
400156534
590505486
338750722
558887655
619439617
641616918
926813375
328144114
833811008
938727850
675931449
207761470
549225480
644135934
798632048
465663808
142877962
914720414
419592155
376536996
609202367
296383159
536682183
395640946
416987512
193520536
736105552
143453491
473647591
920598671
976592010
537610888
806153979
516819465
109118301
646789495
473523943
395462002
550237597
948725331
72793189
272911122
124885474
163837367
298690473
266274975
297899052
257853898
548775196
112466308
215898714
640722850
439334405
502255190
41524540
988494372
68809018
446066457
84552332
403034455
755147431
216042402
953677118
735110899
946153015
254313615
114900151
746433255
466655797
259316946
513604877
649644498
634433293
435927561
710367302
771631742
443341359
544924588
147490081
815522690
68412338
722690888
331554501
783607034
470788217
436240607
932438384
959552431
47177085
191502835
472863811
36176531
987182914
794412225
343545406
236391828
484642821
334829646
528455885
832317028
809324826
173984297
560671583
545140679
532216638
644601583
532392700
240483835
516469312
228612879
286087033
276310631
455463502
699540773
358163970
290335088
7302138
155823046
337571713
94003342
226958611
675218604
517967057
164088946
42251967
358849316
310145970
508457683
624015763
984169401
776961601
576126530
964314258
638252330
328022775
654746920
545838506
813239466
584931757
850360841
134566225
561136274
671586329
399045557
645943377
670937234
141265051
151186674
566206695
931958290
130838602
191648794
281458770
245195848
216625481
860201025
363384286
624811139
253651512
572157410
673108591
658452886
702065749
327301733
71836205
637570237
927583133
105222455
844642544
565068558
922978640
571977286
236386679
414725921
487196006
35360062
189936554
164545526
241171195
845462967
728573778
780875912
524187811
70292872
408208003
777486738
210152376
536510847
537340244
626553008
804023202
746368094
904303618
185120386
37145002
188259500
243070652
185127828
119927565
862556539
696140783
69244175
65112194
595372117
760495163
215733275
455837039
288033658
150669287
751170299
400769827
144397032
299989035
547321806
199687671
183108150
182614300
677675046
757856165
603967614
921349529
277936809
233702486
357446047
396092089
611991879
667901157
402342195
28881843
972499302
816004113
755864260
868823285
97828682
844625999
678028700
796689704
192919467
741145830
221200227
446783062
595371649
994698672
104306917
448873175
666877305
501566026
820481222
81354354
20612017
538490088
515751960
439574452
857118571
465936859
992112039
207892511
380713
49573056
447152630
80863191
644357592
19905944
724484793
196495297
734105457
401021056
156563157
353588908
872380806
766402976
293118685
434315879
38836879
878422756
966022222
216063438
170719271
50749862
700199295
284743316
475424865
71440252
290405638
947359616
140293303
695936104
68968404
853076167
244544142
471541218
939317096
464952380
88910299
393611696
972613373
475713477
719847048
832071923
169611387
263390550
247054844
176788877
366582333
300064299
950461489
323028241
893198114
910588159
728734753
284429714
126916272
487211276
983071267
682132488
654366568
594212618
866106941
324607551
373724483
147948557
516638481
376440688
723731476
97045921
385145528
871754925
123738580
318713983
168929316
520210342
314702205
829626877
776462452
523435319
388734704
356138545
650329264
96739488
573200404
125218981
513860600
948607404
405652006
208794953
620871595
958670838
124409873
887067263
623072598
993567457
487999981
679973597
678745161
963877158
606120306
663620895
698055347
273457833
917230357
989654735
203996698
863631555
893837570
212366559
277641527
767123086
479137627
505975066
814256037
172967421
671870571
971559770
779242356
954034168
641251117
718363942
1699632
441506192
622736207
812325033
827648849
704026263
629596620
869507087
909126595
484909231
648299269
946802163
588039066
853426389
580349074
929056670
406765535
233845111
399716055
442850540
80976193
791452119
970029348
9527175
554728597
352375577
821351460
711984377
310642701
938561963
983098029
365999150
797934811
376593140
677786254
821035473
766455824
900848092
750385089
838098472
141138047
387281597
700357622
479937176
611276050
982775049
727187541
533020072
953345538
437554339
717861974
97349040
441092138
720621660
67151172
608786942
157682590
879937012
357431676
817391506
842117592
358586749
46023997
694749705
36685385
700153637
69601371
339326694
947016548
684372325
319723800
729675853
363242382
406003649
303335393
396544976
504949677
281629311
78701765
501148096
545027558
307844237
948311941
185245139
987791338
779586720
582005212
471297397
82277874
342989090
855031391
914573644
792029264
87705449
208356526
609160983
494824198
799992669
541767334
128543863
618284767
488099029
11313105
9695814
356848242
366168231
400790938
132968709
801613607
895703144
818898611
502332609
110995943
882158848
235546408
77534390
303589273
422768707
59046231
320080126
749253926
991977571
597439610
517994596
940246217
597105704
38242294
851673341
207688558
127027140
604405260
378766630
19964573
650541444
457158932
355192282
514986860
260293520
279219797
538075968
666985676
455743811
105778722
203221546
538358653
875741517
221948294
90975483
560166516
188236209
420706223
489099789
457681493
195176960
741457752
701993166
74009378
805534940
103997670
614699751
293424075
920866927
251203525
458630939
794055216
804210235
692492043
970225218
629737374
475943050
266095962
140320171
299021143
6247835
931802785
652540764
247544496
912837573
325657685
668374049
395762920
502296204
766596390
249978410
28949410
453126172
591968317
498523305
843817612
893322548
957681614
31495149
172119210
997403692
980616549
48899279
977177983
287869789
561312823
564085406
735805623
144580640
721797624
374577507
773756331
490779938
13344756
136785700
345967362
279902685
848191682
708360366
755565415
63460568
914099484
312669007
880268011
407482545
770291380
108752429
238249775
545260963
790185192
255052640
494473651
363759975
776753029
600202287
925922893
281921074
274848343
937908943
561899962
614612182
25260276
686808533
992589368
328247765
956995410
412492294
370571385
588837563
133650790
505134320
759769556
588345878
486018905
602544669
794011719
990701835
645731449
86567958
509984181
516263626
178508379
298805927
885273364
188321805
144819579
282741904
654361368
647986262
875568654
548591884
897841819
667770149
101390858
813133883
933873920
523373398
860074390
23401681
964168233
334963628
52362326
260559328
591394221
363770027
464431000
824937834
146786634
272549167
202683407
369664566
802770485
184950045
303570346
635822695
385017520
521757883
232123211
922134910
337734138
413827927
344608119
581749106
598625974
413045612
34534131
717355770
991592715
628136800
844418128
77626652
704442636
785697436
15119276
985348196
175235188
859004850
878020905
822653244
678095243
898030480
189647613
106012062
492115936
982809151
544177982
629406881
169242761
311137642
248120026
448751880
786793003
448754593
136000556
601940945
223918991
786732841
521407361
608396378
215370875
964832437
160527219
331695339
680584794
314229936
413538573
699258351
311457467
547420208
337244498
502617306
454740481
165573949
810116186
934586125
159800011
878390023
253173795
186200469
408358622
226340934
560613649
102228159
994611005
991907533
310100407
744498933
952157896
399217095
244994673
554406225
125524900
625209516
490368683
533751553
220315611
311053161
32398497
127899493
196469229
290947716
700373316
875870850
436479982
200431650
410528370
208781755
923571560
867199768
296473287
808243843
613009972
479001190
464574708
58789422
805667265
419790281
880878127
129388984
307291084
130259481
858260426
932995533
151292501
397494796
35784729
763882261
605258370
289289180
98975023
656371015
952664440
63129827
406703917
367278742
729112261
623845195
550686739
353872004
255555019
322020275
422180551
946512438
369398005
539448417
332663803
804508151
323616438
843562225
954075476
262309112
217459734
130774945
521982800
525713175
777737990
386981687
573937601
419766239
508090317
558724219
893078306
621254606
173951247
156115611
848336582
13821191
605400420
302311963
22326253
412413203
241387348
459427475
462169892
834343408
344428576
264969491
20578851
648298147
393209656
649641358
502763912
807025062
819151189
914997732
331028640
193800395
535171587
972266165
36071219
362841211
692294465
730514297
560026604
304433379
624264350
784230373
849946996
17567924
380354492
479907058
771781389
959377471
15444843
306297612
986011543
516073128
614235394
999269161
171124412
376453662
936868501
923164414
268645867
113335548
474227075
681140120
996962052
451101959
902271314
302912313
735300475
28140714
324545742
548352197
914902243
591243479
583914856
660144336
844402351
696606543
473497417
754625503
503519449
628068431
441466312
441165173
207054586
368933973
507107081
247516822
754897049
604535776
159440314
390224977
699884998
708053278
754571180
392693593
915729126
463200673
175093238
394667582
42855881
152108172
44112354
385698921
744426153
204327469
622017895
454273671
243825465
807570204
718537512
494237508
215775546
993051504
4471214
881586040
930025715
558314059
354405283
968381779
586655247
261487543
351537236
122972718
819418384
927264605
106624206
528201727
571853848
542244809
342404170
75575188
427600878
222395107
255123592
22779443
40750457
357158140
247307807
452910190
630827360
54215352
504105870
941088407
567172374
256132710
248079234
948568161
437485606
124259225
33775593
600057826
136798335
959694735
947137220
431766389
167008804
816633830
914879888
888311405
487959262
519781498
844457726
500234102
444338185
956822554
663610782
677235151
438368367
9350879
271877747
104733870
717218200
592919236
421387928
408748514
515286163
731488848
368167685
674567468
159077793
391610369
813527584
258114977
112569117
12366075
840998475
966939535
26702440
349914671
425021763
533806340
426211712
302854774
619430861
442308152
450110023
964302716
920076905
527607468
307030752
274541481
794482008
921570820
828444624
482257338
71245732
320643651
30900116
870440425
563242656
146143034
201156270
293220109
808672470
711586087
810872313
313134684
354444287
134559150
427993208
559712852
730063931
764524833
774981206
66121763
639749621
327261287
307374885
218873012
187141052
151714294
573575960
291422445
961574643
690202526
198972646
402854927
599626105
201443144
573770801
950872786
701712566
723707032
452676190
561957102
633252297
798676407
517016930
398716166
67937835
457656333
400623808
314857100
766275574
469958422
362014962
227420188
677979298
675200602
482302216
999295857
545868687
168223271
114130597
522268893
719693467
783689790
837216911
656763498
615778116
880654455
659377618
831236241
423569144
883137215
916773211
363246666
162787965
544181188
760180412
994450348
836906263
568339801
102640560
737795771
345000957
411648383
489460540
549636126
18218284
535580689
456308422
119560730
715374182
867266544
259558464
287163137
367625296
84234320
653310204
134150759
82116012
464332270
58626997
462565866
98588827
282587819
526259025
629415690
235049668
141446644
126003023
121925091
380619457
419448593
663493719
553726726
756899818
549678248
633357649
677465071
312934113
338432109
581541655
563243281
576796760
840237801
768584976
618172470
442028464
643245435
366207488
409766967
142802926
332383824
682162713
249565978
893444034
869791362
545511728
796875835
977523051
918587230
890097517
253452431
735905135
319566933
846785770
152307973
710142676
181717900
842813496
370183401
199289235
54548648
309499976
68465072
249656381
300002530
703171477
645915758
14220939
8275876
259747412
129958170
117870146
772071310
895203886
620613470
820390859
32932102
575862563
399580170
659900494
297167022
181694156
620899739
389219819
756881700
100468446
672462340
913008782
711183173
19683307
433932461
683308650
483715256
794665939
153947060
238640978
402655365
261241107
243115270
852373146
528382335
541146700
578510260
65385683
787913967
411633474
590439243
517488032
464771988
873753664
891811513
493471919
925044769
982633482
179223266
83035044
72328133
799793310
637637916
88369722
874959346
820823951
593954502
159313933
804387956
290361017
761400084
806723774
26861346
722739831
990070073
475612209
337143475
714645295
676961153
576522231
465308923
149178489
947482418
787592510
920203329
788956177
165414100
681947736
837746991
448561339
10265470
107422652
810116688
687682301
627288381
128453025
550127098
359867823
661787548
737680872
224198403
432210063
4050868
887759551
34702761
73514096
285451021
75987975
985839331
676879694
464760456
442821292
73644200
706488403
406510712
521010078
832200757
976411649
481901404
943226385
129306052
832253301
877515817
107385407
446328723
814260552
547247607
560947098
811017440
748630825
916522315
148721374
122913427
999599985
951189727
254116226
891117312
409598829
875957427
142433540
187995252
810858260
787553131
881935749
469064521
219929129
936499189
578454382
756676518
366190522
332098252
666113297
808124230
778459650
238455342
57387176
439024462
754630101
539843230
502882035
116858783
544435407
261105554
174839409
841025831
477266421
381337392
10329267
841957544
197154966
945690022
326175466
755206177
620447667
926119352
276324343
100913875
237232299
47781656
663025434
832738043
919298894
248234681
13920441
411209452
42641939
628116664
185834710
925927334
566789012
311064130
554245633
176137833
595144603
620538836
307274399
