388290803
690072665
991854527
293636382
595418244
897200106
198981961
500763823
802545685
104327540
406109402
707891264
9673119
311454981
613236843
915018705
216800560
518582422
820364284
122146139
423928001
725709863
27491718
329273580
631055442
932837304
234619159
536401021
838182883
139964738
441746600
743528462
45310317
347092179
648874041
950655903
252437758
554219620
856001482
157783337
459565199
761347061
63128916
364910778
666692640
968474502
270256357
572038219
873820081
175601936
477383798
779165660
80947515
382729377
684511239
986293101
288074956
589856818
891638680
193420535
495202397
796984259
98766114
400547976
702329838
4111693
305893555
607675417
909457279
211239134
513020996
814802858
116584713
418366575
720148437
21930292
323712154
625494016
927275878
229057733
530839595
832621457
134403312
436185174
737967036
39748891
341530753
643312615
945094477
246876332
548658194
850440056
152221911
454003773
755785635
57567490
359349352
661131214
962913076
264694931
566476793
868258655
170040510
471822372
773604234
75386089
377167951
678949813
980731675
282513530
584295392
886077254
187859109
489640971
791422833
93204688
394986550
696768412
998550274
300332129
602113991
903895853
205677708
507459570
809241432
111023287
412805149
714587011
16368866
318150728
619932590
921714452
223496307
525278169
827060031
128841886
430623748
732405610
34187465
335969327
637751189
939533051
241314906
543096768
844878630
146660485
448442347
750224209
52006064
353787926
655569788
957351650
259133505
560915367
862697229
164479084
466260946
768042808
69824663
371606525
673388387
975170249
276952104
578733966
880515828
182297683
484079545
785861407
87643262
389425124
691206986
992988848
294770703
596552565
898334427
200116282
501898144
803680006
105461861
407243723
709025585
10807440
312589302
614371164
916153026
217934881
519716743
821498605
123280460
425062322
726844184
28626039
330407901
632189763
933971625
235753480
537535342
839317204
141099059
442880921
744662783
46444638
348226500
650008362
951790224
253572079
555353941
857135803
158917658
460699520
762481382
64263237
366045099
667826961
969608823
271390678
573172540
874954402
176736257
478518119
780299981
82081836
383863698
685645560
987427422
289209277
590991139
892773001
194554856
496336718
798118580
99900435
401682297
703464159
5246014
307027876
608809738
910591600
212373455
514155317
815937179
117719034
419500896
721282758
23064613
324846475
626628337
928410199
230192054
531973916
833755778
135537633
437319495
739101357
40883212
342665074
644446936
946228798
248010653
549792515
851574377
153356232
455138094
756919956
58701811
360483673
662265535
964047397
265829252
567611114
869392976
171174831
472956693
774738555
76520410
378302272
680084134
981865996
283647851
585429713
887211575
188993430
490775292
792557154
94339009
396120871
697902733
999684595
301466450
603248312
905030174
206812029
508593891
810375753
112157608
413939470
715721332
17503187
319285049
621066911
922848773
224630628
526412490
828194352
129976207
431758069
4600200
306382062
608163924
909945786
211727641
513509503
815291365
117073220
418855082
720636944
22418799
324200661
625982523
927764385
229546240
531328102
833109964
134891819
436673681
738455543
40237398
342019260
643801122
945582984
247364839
549146701
850928563
152710418
454492280
756274142
58055997
359837859
661619721
963401583
265183438
566965300
868747162
170529017
472310879
774092741
75874596
377656458
679438320
981220182
283002037
584783899
886565761
188347616
490129478
791911340
93693195
395475057
697256919
999038781
300820636
602602498
904384360
206166215
507948077
809729939
111511794
413293656
715075518
16857373
318639235
620421097
922202959
223984814
525766676
827548538
129330393
431112255
732894117
34675972
336457834
638239696
940021558
241803413
543585275
845367137
147148992
448930854
750712716
52494571
354276433
656058295
957840157
259622012
561403874
863185736
164967591
466749453
768531315
70313170
372095032
673876894
975658756
277440611
579222473
881004335
182786190
484568052
786349914
88131769
389913631
691695493
993477355
295259210
597041072
898822934
200604789
502386651
804168513
105950368
407732230
709514092
11295947
313077809
614859671
916641533
218423388
520205250
821987112
123768967
425550829
727332691
29114546
330896408
632678270
934460132
236241987
538023849
839805711
141587566
443369428
745151290
46933145
348715007
650496869
952278731
254060586
555842448
857624310
159406165
461188027
762969889
64751744
366533606
668315468
970097330
271879185
573661047
875442909
177224764
479006626
780788488
82570343
384352205
686134067
987915929
289697784
591479646
893261508
195043363
496825225
798607087
100388942
402170804
703952666
5734521
307516383
609298245
911080107
212861962
514643824
816425686
118207541
419989403
721771265
23553120
325334982
627116844
928898706
230680561
532462423
834244285
136026140
437808002
739589864
41371719
343153581
644935443
946717305
248499160
550281022
852062884
153844739
455626601
757408463
59190318
360972180
662754042
964535904
266317759
568099621
869881483
171663338
473445200
775227062
77008917
378790779
680572641
982354503
284136358
585918220
887700082
189481937
491263799
793045661
94827516
396609378
698391240
173095
301954957
603736819
905518681
207300536
509082398
810864260
112646115
414427977
716209839
17991694
319773556
621555418
923337280
225119135
526900997
828682859
130464714
432246576
734028438
35810293
337592155
639374017
941155879
242937734
544719596
846501458
148283313
450065175
751847037
53628892
355410754
657192616
958974478
260756333
562538195
864320057
166101912
467883774
769665636
71447491
373229353
675011215
976793077
278574932
580356794
882138656
183920511
485702373
787484235
89266090
391047952
692829814
994611676
296393531
598175393
899957255
201739110
503520972
805302834
107084689
408866551
710648413
12430268
314212130
615993992
917775854
219557709
521339571
823121433
124903288
426685150
728467012
30248867
332030729
633812591
935594453
237376308
539158170
840940032
142721887
444503749
746285611
48067466
349849328
651631190
953413052
255194907
556976769
858758631
160540486
462322348
764104210
65886065
367667927
669449789
971231651
273013506
574795368
876577230
178359085
480140947
781922809
83704664
385486526
687268388
989050250
290832105
592613967
894395829
196177684
497959546
799741408
101523263
403305125
705086987
6868842
308650704
610432566
912214428
213996283
515778145
817560007
119341862
421123724
722905586
24687441
326469303
628251165
930033027
231814882
533596744
835378606
137160461
438942323
740724185
42506040
344287902
646069764
947851626
249633481
551415343
853197205
154979060
456760922
758542784
60324639
362106501
663888363
965670225
267452080
569233942
871015804
172797659
474579521
776361383
78143238
379925100
681706962
983488824
285270679
587052541
888834403
190616258
492398120
794179982
95961837
397743699
699525561
1307416
303089278
604871140
906653002
208434857
510216719
811998581
113780436
415562298
717344160
19126015
320907877
622689739
924471601
226253456
528035318
829817180
131599035
433380897
735162759
36944614
338726476
640508338
942290200
244072055
545853917
847635779
149417634
451199496
752981358
54763213
356545075
658326937
960108799
261890654
563672516
865454378
167236233
469018095
770799957
72581812
374363674
676145536
977927398
279709253
581491115
883272977
185054832
486836694
788618556
90400411
392182273
693964135
995745997
297527852
599309714
901091576
202873431
504655293
806437155
108219010
410000872
711782734
13564589
315346451
617128313
918910175
220692030
522473892
824255754
126037609
427819471
729601333
31383188
333165050
634946912
936728774
238510629
540292491
842074353
143856208
445638070
747419932
49201787
350983649
652765511
954547373
256329228
558111090
859892952
161674807
463456669
765238531
67020386
368802248
670584110
972365972
274147827
575929689
877711551
179493406
481275268
783057130
84838985
386620847
688402709
990184571
291966426
593748288
895530150
197312005
499093867
800875729
102657584
404439446
706221308
8003163
309785025
611566887
913348749
215130604
516912466
818694328
120476183
422258045
724039907
25821762
327603624
629385486
931167348
232949203
534731065
836512927
138294782
440076644
741858506
43640361
345422223
647204085
948985947
250767802
552549664
854331526
156113381
457895243
759677105
61458960
363240822
665022684
966804546
268586401
570368263
872150125
173931980
475713842
777495704
79277559
381059421
682841283
984623145
286405000
588186862
889968724
191750579
493532441
795314303
97096158
398878020
700659882
2441737
304223599
606005461
907787323
209569178
511351040
813132902
114914757
416696619
718478481
20260336
322042198
623824060
925605922
227387777
529169639
830951501
132733356
434515218
736297080
38078935
339860797
641642659
943424521
245206376
546988238
848770100
150551955
452333817
754115679
55897534
357679396
659461258
961243120
263024975
564806837
866588699
168370554
470152416
771934278
73716133
375497995
677279857
979061719
280843574
582625436
884407298
186189153
487971015
789752877
91534732
393316594
695098456
996880318
298662173
600444035
902225897
204007752
505789614
807571476
109353331
411135193
712917055
14698910
316480772
618262634
920044496
221826351
523608213
825390075
127171930
428953792
730735654
32517509
334299371
636081233
937863095
239644950
541426812
843208674
144990529
446772391
748554253
50336108
352117970
653899832
955681694
257463549
559245411
861027273
162809128
464590990
766372852
68154707
369936569
671718431
973500293
275282148
577064010
878845872
180627727
482409589
784191451
85973306
387755168
689537030
991318892
293100747
594882609
896664471
198446326
500228188
802010050
103791905
405573767
707355629
9137484
310919346
612701208
914483070
216264925
518046787
819828649
121610504
423392366
725174228
26956083
328737945
630519807
932301669
234083524
535865386
837647248
139429103
441210965
742992827
44774682
346556544
648338406
950120268
251902123
553683985
855465847
157247702
459029564
760811426
62593281
364375143
666157005
967938867
269720722
571502584
873284446
175066301
476848163
778630025
80411880
382193742
683975604
985757466
287539321
589321183
891103045
192884900
494666762
796448624
98230479
400012341
701794203
3576058
305357920
607139782
908921644
210703499
512485361
814267223
116049078
417830940
719612802
21394657
323176519
624958381
926740243
228522098
530303960
832085822
133867677
435649539
737431401
39213256
340995118
642776980
944558842
246340697
548122559
849904421
151686276
453468138
755250000
57031855
358813717
660595579
962377441
264159296
565941158
867723020
169504875
471286737
773068599
74850454
376632316
678414178
980196040
281977895
583759757
885541619
187323474
489105336
790887198
92669053
394450915
696232777
998014639
299796494
601578356
903360218
205142073
506923935
808705797
110487652
412269514
714051376
15833231
317615093
619396955
921178817
620909604
922691466
224473321
526255183
828037045
129818900
431600762
733382624
35164479
336946341
638728203
940510065
242291920
544073782
845855644
147637499
449419361
751201223
52983078
354764940
656546802
958328664
260110519
561892381
863674243
165456098
467237960
769019822
70801677
372583539
674365401
976147263
277929118
579710980
881492842
183274697
485056559
786838421
88620276
390402138
692184000
993965862
295747717
597529579
899311441
201093296
502875158
804657020
106438875
408220737
710002599
11784454
313566316
615348178
917130040
218911895
520693757
822475619
124257474
426039336
727821198
29603053
331384915
633166777
934948639
236730494
538512356
840294218
142076073
443857935
745639797
47421652
349203514
650985376
952767238
254549093
556330955
858112817
159894672
461676534
763458396
65240251
367022113
668803975
970585837
272367692
574149554
875931416
177713271
479495133
781276995
83058850
384840712
686622574
988404436
290186291
591968153
893750015
195531870
497313732
799095594
100877449
402659311
704441173
6223028
308004890
609786752
911568614
213350469
515132331
816914193
118696048
420477910
722259772
24041627
325823489
627605351
929387213
231169068
532950930
834732792
136514647
438296509
740078371
41860226
343642088
645423950
947205812
248987667
550769529
852551391
154333246
456115108
757896970
59678825
361460687
663242549
965024411
266806266
568588128
870369990
172151845
473933707
775715569
77497424
379279286
681061148
982843010
284624865
586406727
888188589
189970444
491752306
793534168
95316023
397097885
698879747
661602
302443464
604225326
906007188
207789043
509570905
811352767
113134622
414916484
716698346
18480201
320262063
622043925
923825787
225607642
527389504
829171366
130953221
432735083
734516945
36298800
338080662
639862524
941644386
243426241
545208103
846989965
148771820
450553682
752335544
54117399
355899261
657681123
959462985
261244840
563026702
864808564
166590419
468372281
770154143
71935998
373717860
675499722
977281584
279063439
580845301
882627163
184409018
486190880
787972742
89754597
391536459
693318321
995100183
296882038
598663900
900445762
202227617
504009479
805791341
107573196
409355058
711136920
12918775
314700637
616482499
918264361
220046216
521828078
823609940
125391795
427173657
728955519
30737374
332519236
634301098
936082960
237864815
539646677
841428539
143210394
444992256
746774118
48555973
350337835
652119697
953901559
255683414
557465276
859247138
161028993
462810855
764592717
66374572
368156434
669938296
971720158
273502013
575283875
877065737
178847592
480629454
782411316
84193171
385975033
687756895
989538757
291320612
593102474
894884336
196666191
498448053
800229915
102011770
403793632
705575494
7357349
309139211
610921073
912702935
214484790
516266652
818048514
119830369
421612231
723394093
25175948
326957810
628739672
930521534
232303389
534085251
835867113
137648968
439430830
741212692
42994547
344776409
646558271
948340133
250121988
551903850
853685712
155467567
457249429
759031291
60813146
362595008
664376870
966158732
267940587
569722449
871504311
173286166
475068028
776849890
78631745
380413607
682195469
983977331
285759186
587541048
889322910
191104765
492886627
794668489
96450344
398232206
700014068
1795923
303577785
605359647
907141509
208923364
510705226
812487088
114268943
416050805
717832667
19614522
321396384
623178246
924960108
226741963
528523825
830305687
132087542
433869404
735651266
37433121
339214983
640996845
942778707
244560562
546342424
848124286
149906141
451688003
753469865
55251720
357033582
658815444
960597306
262379161
564161023
865942885
167724740
469506602
771288464
73070319
374852181
676634043
978415905
280197760
581979622
883761484
185543339
487325201
789107063
90888918
392670780
694452642
996234504
298016359
599798221
901580083
203361938
505143800
806925662
108707517
410489379
712271241
14053096
315834958
617616820
919398682
221180537
522962399
824744261
126526116
428307978
730089840
31871695
333653557
635435419
937217281
238999136
540780998
842562860
144344715
446126577
747908439
49690294
351472156
653254018
955035880
256817735
558599597
860381459
162163314
463945176
765727038
67508893
369290755
671072617
972854479
274636334
576418196
878200058
179981913
481763775
783545637
85327492
387109354
688891216
990673078
292454933
594236795
896018657
197800512
499582374
801364236
103146091
404927953
706709815
8491670
310273532
612055394
913837256
215619111
517400973
819182835
120964690
422746552
724528414
26310269
328092131
629873993
931655855
233437710
535219572
837001434
138783289
440565151
742347013
44128868
345910730
647692592
949474454
251256309
553038171
854820033
156601888
458383750
760165612
61947467
363729329
665511191
967293053
269074908
570856770
872638632
174420487
476202349
777984211
79766066
381547928
683329790
985111652
286893507
588675369
890457231
192239086
494020948
795802810
97584665
399366527
701148389
2930244
304712106
606493968
908275830
210057685
511839547
813621409
115403264
417185126
718966988
20748843
322530705
624312567
926094429
227876284
529658146
831440008
133221863
435003725
736785587
38567442
340349304
642131166
943913028
245694883
547476745
849258607
151040462
452822324
754604186
56386041
358167903
659949765
961731627
263513482
565295344
867077206
168859061
470640923
772422785
74204640
375986502
677768364
979550226
281332081
583113943
884895805
186677660
488459522
790241384
92023239
393805101
695586963
997368825
299150680
600932542
902714404
204496259
506278121
808059983
109841838
411623700
713405562
15187417
316969279
618751141
920533003
222314858
524096720
825878582
127660437
429442299
731224161
33006016
334787878
636569740
938351602
240133457
541915319
843697181
145479036
447260898
749042760
50824615
352606477
654388339
956170201
257952056
559733918
861515780
163297635
465079497
766861359
68643214
370425076
672206938
973988800
275770655
577552517
879334379
181116234
482898096
784679958
86461813
388243675
690025537
991807399
293589254
595371116
897152978
198934833
500716695
802498557
104280412
406062274
707844136
9625991
311407853
613189715
914971577
216753432
518535294
820317156
122099011
423880873
725662735
27444590
329226452
631008314
932790176
234572031
536353893
838135755
139917610
441699472
743481334
45263189
347045051
648826913
950608775
252390630
554172492
855954354
157736209
459518071
761299933
63081788
364863650
666645512
968427374
270209229
571991091
873772953
175554808
477336670
779118532
80900387
382682249
684464111
986245973
288027828
589809690
891591552
193373407
495155269
796937131
98718986
400500848
702282710
4064565
305846427
607628289
909410151
211192006
512973868
814755730
116537585
418319447
720101309
21883164
323665026
625446888
927228750
229010605
530792467
832574329
134356184
436138046
737919908
39701763
341483625
643265487
945047349
246829204
548611066
850392928
152174783
453956645
755738507
57520362
359302224
661084086
962865948
264647803
566429665
868211527
169993382
471775244
773557106
75338961
377120823
678902685
980684547
282466402
584248264
886030126
187811981
489593843
791375705
93157560
394939422
696721284
998503146
300285001
602066863
903848725
205630580
507412442
809194304
110976159
412758021
714539883
16321738
318103600
619885462
921667324
223449179
525231041
827012903
128794758
430576620
732358482
34140337
335922199
637704061
939485923
241267778
543049640
844831502
146613357
448395219
750177081
51958936
353740798
655522660
957304522
259086377
560868239
862650101
164431956
466213818
767995680
69777535
371559397
673341259
975123121
276904976
578686838
880468700
182250555
484032417
785814279
87596134
389377996
691159858
992941720
294723575
596505437
898287299
200069154
501851016
803632878
105414733
407196595
708978457
10760312
312542174
614324036
916105898
217887753
519669615
821451477
123233332
425015194
726797056
28578911
330360773
632142635
933924497
235706352
537488214
839270076
141051931
442833793
744615655
46397510
348179372
649961234
951743096
253524951
555306813
857088675
158870530
460652392
762434254
64216109
365997971
667779833
969561695
271343550
573125412
874907274
176689129
478470991
780252853
82034708
383816570
685598432
987380294
289162149
590944011
892725873
194507728
496289590
798071452
99853307
401635169
703417031
5198886
306980748
608762610
910544472
212326327
514108189
815890051
117671906
419453768
721235630
23017485
324799347
626581209
928363071
230144926
531926788
833708650
135490505
437272367
739054229
40836084
342617946
644399808
946181670
247963525
549745387
851527249
153309104
455090966
756872828
58654683
360436545
662218407
964000269
265782124
567563986
869345848
171127703
472909565
774691427
76473282
378255144
680037006
981818868
283600723
585382585
887164447
188946302
490728164
792510026
94291881
396073743
697855605
999637467
301419322
603201184
904983046
206764901
508546763
810328625
112110480
413892342
715674204
17456059
319237921
621019783
922801645
224583500
526365362
828147224
129929079
431710941
733492803
35274658
337056520
638838382
940620244
242402099
544183961
845965823
147747678
449529540
751311402
53093257
354875119
656656981
958438843
539000863
840782725
142564580
444346442
746128304
47910159
349692021
651473883
953255745
255037600
556819462
858601324
160383179
462165041
763946903
65728758
367510620
669292482
971074344
272856199
574638061
876419923
178201778
479983640
781765502
83547357
385329219
687111081
988892943
290674798
592456660
894238522
196020377
497802239
799584101
101365956
403147818
704929680
6711535
308493397
610275259
912057121
213838976
515620838
817402700
119184555
420966417
722748279
24530134
326311996
628093858
929875720
231657575
533439437
835221299
137003154
438785016
740566878
42348733
344130595
645912457
947694319
249476174
551258036
853039898
154821753
456603615
758385477
60167332
361949194
663731056
965512918
267294773
569076635
870858497
172640352
474422214
776204076
77985931
379767793
681549655
983331517
285113372
586895234
888677096
190458951
492240813
794022675
95804530
397586392
699368254
1150109
302931971
604713833
906495695
208277550
510059412
811841274
113623129
415404991
717186853
18968708
320750570
622532432
924314294
226096149
527878011
829659873
131441728
433223590
735005452
36787307
338569169
640351031
942132893
243914748
545696610
847478472
149260327
451042189
752824051
54605906
356387768
658169630
959951492
261733347
563515209
865297071
167078926
468860788
770642650
72424505
374206367
675988229
977770091
279551946
581333808
883115670
184897525
486679387
788461249
90243104
392024966
693806828
995588690
297370545
599152407
900934269
202716124
504497986
806279848
108061703
409843565
711625427
13407282
315189144
616971006
918752868
220534723
522316585
824098447
125880302
427662164
729444026
31225881
333007743
634789605
936571467
238353322
540135184
841917046
143698901
445480763
747262625
49044480
350826342
652608204
954390066
256171921
557953783
859735645
161517500
463299362
765081224
66863079
368644941
670426803
972208665
273990520
575772382
877554244
179336099
481117961
782899823
84681678
386463540
688245402
990027264
291809119
593590981
895372843
197154698
498936560
800718422
102500277
404282139
706064001
7845856
309627718
611409580
913191442
214973297
516755159
818537021
120318876
422100738
723882600
25664455
327446317
629228179
931010041
232791896
534573758
836355620
138137475
439919337
741701199
43483054
345264916
647046778
948828640
250610495
552392357
854174219
155956074
457737936
759519798
61301653
363083515
664865377
966647239
268429094
570210956
871992818
173774673
475556535
777338397
79120252
380902114
682683976
984465838
286247693
588029555
889811417
191593272
493375134
795156996
96938851
398720713
700502575
2284430
304066292
605848154
907630016
209411871
511193733
812975595
114757450
416539312
718321174
20103029
321884891
623666753
925448615
227230470
529012332
830794194
132576049
434357911
736139773
37921628
339703490
641485352
943267214
245049069
546830931
848612793
150394648
452176510
753958372
55740227
357522089
659303951
961085813
262867668
564649530
866431392
168213247
469995109
771776971
73558826
375340688
677122550
978904412
280686267
582468129
884249991
186031846
487813708
789595570
91377425
393159287
694941149
996723011
298504866
600286728
902068590
203850445
505632307
807414169
109196024
410977886
712759748
14541603
316323465
618105327
919887189
221669044
523450906
825232768
127014623
428796485
730578347
32360202
334142064
635923926
937705788
239487643
541269505
843051367
144833222
446615084
748396946
50178801
351960663
653742525
955524387
257306242
559088104
860869966
162651821
464433683
766215545
67997400
369779262
671561124
973342986
275124841
576906703
878688565
180470420
482252282
784034144
85815999
387597861
689379723
991161585
292943440
594725302
896507164
198289019
500070881
801852743
103634598
405416460
707198322
8980177
310762039
612543901
914325763
216107618
517889480
819671342
121453197
423235059
725016921
26798776
328580638
630362500
932144362
233926217
535708079
837489941
139271796
441053658
742835520
44617375
346399237
648181099
949962961
251744816
553526678
855308540
157090395
458872257
760654119
62435974
364217836
665999698
967781560
269563415
571345277
873127139
174908994
476690856
778472718
80254573
382036435
683818297
985600159
287382014
589163876
890945738
192727593
494509455
796291317
98073172
399855034
701636896
3418751
305200613
606982475
908764337
210546192
512328054
814109916
115891771
417673633
719455495
21237350
323019212
624801074
926582936
228364791
530146653
831928515
133710370
435492232
737274094
39055949
340837811
642619673
944401535
246183390
547965252
849747114
151528969
453310831
755092693
56874548
358656410
660438272
962220134
264001989
565783851
867565713
169347568
471129430
772911292
74693147
376475009
678256871
980038733
281820588
583602450
885384312
187166167
488948029
790729891
92511746
394293608
696075470
997857332
299639187
601421049
903202911
204984766
506766628
808548490
110330345
412112207
713894069
15675924
317457786
619239648
921021510
222803365
524585227
826367089
128148944
429930806
731712668
33494523
335276385
637058247
938840109
240621964
542403826
844185688
145967543
447749405
749531267
51313122
353094984
654876846
956658708
258440563
560222425
862004287
163786142
465568004
767349866
69131721
370913583
672695445
974477307
276259162
578041024
879822886
181604741
483386603
785168465
86950320
388732182
690514044
992295906
294077761
595859623
897641485
199423340
501205202
802987064
104768919
406550781
708332643
10114498
311896360
613678222
915460084
217241939
519023801
820805663
122587518
424369380
726151242
27933097
329714959
631496821
933278683
235060538
536842400
838624262
140406117
442187979
743969841
45751696
347533558
649315420
951097282
252879137
554660999
856442861
158224716
460006578
761788440
63570295
365352157
667134019
968915881
270697736
572479598
874261460
176043315
477825177
779607039
81388894
383170756
684952618
986734480
288516335
590298197
892080059
193861914
495643776
797425638
99207493
400989355
702771217
4553072
306334934
608116796
909898658
211680513
513462375
815244237
117026092
418807954
720589816
22371671
324153533
625935395
927717257
229499112
531280974
833062836
134844691
436626553
738408415
40190270
341972132
643753994
945535856
247317711
549099573
850881435
152663290
454445152
756227014
58008869
359790731
661572593
963354455
265136310
566918172
868700034
170481889
472263751
774045613
75827468
377609330
679391192
981173054
282954909
584736771
886518633
188300488
490082350
791864212
93646067
395427929
697209791
998991653
300773508
602555370
904337232
206119087
507900949
809682811
111464666
413246528
715028390
16810245
318592107
620373969
922155831
223937686
525719548
827501410
129283265
431065127
732846989
34628844
336410706
638192568
939974430
241756285
543538147
845320009
147101864
448883726
750665588
52447443
354229305
656011167
957793029
259574884
561356746
863138608
164920463
466702325
768484187
70266042
372047904
673829766
975611628
277393483
579175345
880957207
182739062
484520924
786302786
88084641
389866503
691648365
993430227
295212082
596993944
898775806
200557661
502339523
804121385
105903240
407685102
709466964
11248819
313030681
614812543
916594405
218376260
520158122
821939984
123721839
425503701
727285563
29067418
330849280
632631142
934413004
236194859
537976721
839758583
141540438
443322300
745104162
46886017
348667879
650449741
952231603
254013458
555795320
857577182
159359037
461140899
762922761
64704616
366486478
668268340
970050202
271832057
573613919
875395781
177177636
478959498
780741360
82523215
384305077
686086939
987868801
289650656
591432518
893214380
194996235
496778097
798559959
100341814
402123676
703905538
5687393
307469255
609251117
911032979
212814834
514596696
816378558
118160413
419942275
721724137
23505992
325287854
627069716
928851578
230633433
532415295
834197157
135979012
437760874
739542736
41324591
343106453
644888315
946670177
248452032
550233894
852015756
153797611
455579473
757361335
59143190
360925052
662706914
964488776
266270631
568052493
869834355
171616210
473398072
775179934
76961789
378743651
680525513
982307375
284089230
585871092
887652954
189434809
491216671
792998533
94780388
396562250
698344112
125967
301907829
603689691
905471553
207253408
509035270
810817132
112598987
414380849
716162711
17944566
319726428
621508290
923290152
225072007
526853869
828635731
130417586
432199448
733981310
35763165
337545027
639326889
941108751
242890606
544672468
846454330
148236185
450018047
751799909
53581764
355363626
657145488
958927350
260709205
562491067
864272929
166054784
467836646
769618508
71400363
373182225
674964087
976745949
278527804
580309666
882091528
183873383
485655245
787437107
89218962
391000824
692782686
994564548
296346403
598128265
899910127
201691982
503473844
805255706
107037561
408819423
710601285
12383140
314165002
615946864
917728726
219510581
521292443
823074305
124856160
426638022
728419884
30201739
331983601
633765463
935547325
237329180
539111042
840892904
142674759
444456621
746238483
48020338
349802200
651584062
953365924
255147779
556929641
858711503
160493358
462275220
764057082
65838937
367620799
669402661
971184523
272966378
574748240
876530102
178311957
480093819
781875681
83657536
385439398
687221260
989003122
290784977
592566839
894348701
196130556
497912418
799694280
101476135
403257997
705039859
6821714
308603576
610385438
912167300
213949155
515731017
817512879
119294734
421076596
722858458
24640313
326422175
628204037
929985899
231767754
533549616
835331478
137113333
438895195
740677057
42458912
344240774
646022636
947804498
249586353
551368215
853150077
154931932
456713794
758495656
60277511
362059373
663841235
965623097
267404952
155310260
457092122
758873984
60655839
362437701
664219563
966001425
267783280
569565142
871347004
173128859
474910721
776692583
78474438
380256300
682038162
983820024
285601879
587383741
889165603
190947458
492729320
794511182
96293037
398074899
699856761
1638616
303420478
605202340
906984202
208766057
510547919
812329781
114111636
415893498
717675360
19457215
321239077
623020939
924802801
226584656
528366518
830148380
131930235
433712097
735493959
37275814
339057676
640839538
942621400
244403255
546185117
847966979
149748834
451530696
753312558
55094413
356876275
658658137
960439999
262221854
564003716
865785578
167567433
469349295
771131157
72913012
374694874
676476736
978258598
280040453
581822315
883604177
185386032
487167894
788949756
90731611
392513473
694295335
996077197
297859052
599640914
901422776
203204631
504986493
806768355
108550210
410332072
712113934
13895789
315677651
617459513
919241375
221023230
771619664
73401519
375183381
676965243
978747105
280528960
582310822
884092684
185874539
487656401
789438263
91220118
393001980
694783842
996565704
298347559
600129421
901911283
203693138
505475000
807256862
109038717
410820579
712602441
14384296
316166158
617948020
919729882
221511737
523293599
825075461
126857316
428639178
730421040
32202895
333984757
635766619
937548481
239330336
541112198
842894060
144675915
446457777
748239639
50021494
351803356
653585218
955367080
257148935
558930797
860712659
162494514
464276376
766058238
67840093
369621955
671403817
973185679
274967534
576749396
878531258
180313113
482094975
783876837
85658692
387440554
689222416
991004278
292786133
594567995
896349857
198131712
499913574
801695436
103477291
405259153
707041015
8822870
310604732
612386594
914168456
215950311
517732173
819514035
121295890
423077752
724859614
26641469
328423331
630205193
931987055
233768910
535550772
837332634
139114489
440896351
742678213
44460068
346241930
648023792
949805654
251587509
553369371
855151233
156933088
458714950
760496812
62278667
364060529
665842391
967624253
269406108
571187970
872969832
174751687
476533549
778315411
80097266
381879128
683660990
985442852
287224707
589006569
890788431
192570286
494352148
796134010
97915865
399697727
701479589
3261444
305043306
606825168
908607030
210388885
512170747
813952609
115734464
417516326
719298188
21080043
322861905
624643767
926425629
228207484
529989346
831771208
133553063
435334925
737116787
38898642
340680504
642462366
944244228
246026083
547807945
849589807
151371662
453153524
754935386
56717241
358499103
660280965
962062827
263844682
565626544
867408406
169190261
470972123
772753985
74535840
376317702
678099564
979881426
281663281
583445143
885227005
187008860
488790722
790572584
92354439
394136301
695918163
997700025
299481880
601263742
903045604
204827459
506609321
808391183
110173038
411954900
713736762
15518617
317300479
619082341
920864203
222646058
524427920
826209782
127991637
429773499
731555361
33337216
335119078
636900940
938682802
240464657
542246519
844028381
145810236
447592098
749373960
51155815
352937677
654719539
956501401
258283256
560065118
861846980
163628835
465410697
767192559
68974414
370756276
672538138
974320000
276101855
577883717
879665579
181447434
483229296
785011158
86793013
388574875
690356737
992138599
293920454
595702316
897484178
199266033
501047895
802829757
104611612
406393474
708175336
9957191
311739053
613520915
915302777
217084632
518866494
820648356
122430211
424212073
725993935
27775790
329557652
631339514
933121376
234903231
536685093
838466955
140248810
442030672
743812534
45594389
347376251
649158113
950939975
252721830
554503692
856285554
158067409
459849271
761631133
63412988
365194850
666976712
968758574
270540429
572322291
874104153
175886008
477667870
779449732
81231587
383013449
684795311
986577173
288359028
590140890
891922752
193704607
495486469
797268331
99050186
400832048
702613910
4395765
306177627
607959489
909741351
211523206
513305068
815086930
116868785
418650647
720432509
22214364
323996226
625778088
927559950
229341805
531123667
832905529
134687384
436469246
387929061
689710923
991492785
293274640
595056502
896838364
198620219
500402081
802183943
103965798
405747660
707529522
9311377
311093239
612875101
914656963
216438818
518220680
820002542
121784397
423566259
725348121
27129976
328911838
630693700
932475562
234257417
536039279
837821141
139602996
441384858
743166720
44948575
346730437
648512299
950294161
252076016
553857878
855639740
157421595
459203457
760985319
62767174
364549036
666330898
968112760
269894615
571676477
873458339
175240194
477022056
778803918
80585773
382367635
684149497
985931359
287713214
589495076
891276938
193058793
494840655
796622517
98404372
400186234
701968096
3749951
305531813
607313675
909095537
210877392
512659254
814441116
116222971
418004833
719786695
21568550
323350412
625132274
926914136
228695991
530477853
832259715
134041570
435823432
737605294
39387149
341169011
642950873
944732735
246514590
548296452
850078314
151860169
453642031
755423893
57205748
358987610
660769472
962551334
264333189
566115051
867896913
169678768
471460630
773242492
75024347
376806209
678588071
980369933
282151788
583933650
885715512
187497367
489279229
791061091
92842946
394624808
696406670
998188532
299970387
601752249
903534111
205315966
507097828
808879690
110661545
412443407
714225269
16007124
317788986
619570848
921352710
223134565
524916427
826698289
128480144
430262006
732043868
33825723
335607585
637389447
939171309
240953164
542735026
844516888
146298743
448080605
749862467
51644322
353426184
655208046
956989908
258771763
560553625
862335487
164117342
465899204
767681066
69462921
371244783
673026645
974808507
276590362
578372224
880154086
181935941
483717803
785499665
87281520
389063382
690845244
992627106
294408961
596190823
897972685
199754540
501536402
803318264
105100119
406881981
708663843
10445698
312227560
614009422
915791284
217573139
519355001
821136863
122918718
424700580
726482442
28264297
330046159
631828021
933609883
235391738
537173600
838955462
140737317
442519179
744301041
46082896
347864758
649646620
951428482
253210337
554992199
856774061
158555916
460337778
762119640
63901495
365683357
667465219
969247081
271028936
572810798
874592660
176374515
478156377
779938239
81720094
383501956
685283818
987065680
288847535
590629397
892411259
194193114
495974976
797756838
99538693
401320555
703102417
4884272
306666134
608447996
910229858
212011713
513793575
815575437
117357292
419139154
720921016
22702871
324484733
626266595
928048457
229830312
531612174
833394036
135175891
436957753
738739615
40521470
342303332
644085194
945867056
247648911
549430773
851212635
152994490
454776352
756558214
58340069
360121931
661903793
963685655
265467510
567249372
869031234
170813089
472594951
774376813
76158668
377940530
679722392
981504254
283286109
585067971
886849833
188631688
490413550
792195412
93977267
395759129
697540991
999322853
301104708
602886570
904668432
206450287
508232149
810014011
111795866
413577728
715359590
17141445
318923307
620705169
922487031
224268886
526050748
827832610
129614465
431396327
733178189
34960044
336741906
638523768
940305630
242087485
543869347
845651209
147433064
449214926
750996788
52778643
354560505
656342367
958124229
259906084
561687946
863469808
165251663
467033525
768815387
70597242
372379104
674160966
975942828
277724683
579506545
881288407
183070262
484852124
786633986
88415841
390197703
691979565
993761427
295543282
597325144
899107006
200888861
502670723
804452585
106234440
408016302
709798164
11580019
313361881
615143743
916925605
218707460
520489322
822271184
124053039
425834901
727616763
29398618
331180480
632962342
934744204
236526059
538307921
840089783
141871638
443653500
745435362
47217217
348999079
650780941
952562803
254344658
556126520
857908382
159690237
461472099
763253961
65035816
366817678
668599540
970381402
272163257
573945119
875726981
177508836
479290698
781072560
82854415
384636277
686418139
988200001
289981856
591763718
893545580
195327435
497109297
798891159
100673014
402454876
704236738
6018593
307800455
609582317
911364179
213146034
514927896
816709758
118491613
420273475
722055337
23837192
325619054
627400916
929182778
230964633
532746495
834528357
136310212
438092074
739873936
41655791
343437653
645219515
947001377
248783232
550565094
852346956
154128811
455910673
757692535
59474390
361256252
663038114
964819976
266601831
568383693
870165555
171947410
473729272
775511134
77292989
379074851
680856713
982638575
284420430
586202292
887984154
189766009
491547871
793329733
95111588
396893450
698675312
457167
302239029
604020891
905802753
207584608
509366470
811148332
112930187
414712049
716493911
18275766
320057628
621839490
923621352
225403207
527185069
828966931
130748786
432530648
734312510
36094365
337876227
639658089
941439951
243221806
545003668
846785530
148567385
450349247
752131109
53912964
355694826
657476688
959258550
261040405
562822267
864604129
166385984
468167846
769949708
71731563
373513425
675295287
977077149
278859004
580640866
882422728
184204583
485986445
787768307
89550162
391332024
693113886
994895748
296677603
598459465
900241327
202023182
503805044
805586906
107368761
409150623
710932485
12714340
314496202
616278064
918059926
219841781
521623643
823405505
125187360
426969222
728751084
30532939
332314801
634096663
935878525
237660380
539442242
841224104
143005959
444787821
746569683
48351538
350133400
651915262
953697124
255478979
557260841
859042703
160824558
462606420
764388282
66170137
367951999
669733861
971515723
273297578
575079440
876861302
178643157
480425019
782206881
83988736
385770598
687552460
989334322
291116177
592898039
894679901
196461756
498243618
800025480
101807335
403589197
705371059
7152914
308934776
610716638
912498500
214280355
516062217
817844079
119625934
421407796
723189658
24971513
326753375
628535237
930317099
232098954
533880816
835662678
137444533
439226395
741008257
42790112
344571974
646353836
948135698
249917553
551699415
853481277
155263132
457044994
758826856
60608711
362390573
664172435
965954297
267736152
569518014
871299876
173081731
474863593
776645455
78427310
380209172
681991034
983772896
285554751
587336613
889118475
190900330
492682192
794464054
96245909
398027771
699809633
1591488
303373350
605155212
906937074
208718929
510500791
812282653
114064508
415846370
717628232
19410087
321191949
622973811
924755673
226537528
528319390
830101252
131883107
433664969
735446831
37228686
339010548
640792410
942574272
244356127
546137989
847919851
149701706
451483568
753265430
55047285
356829147
658611009
960392871
262174726
563956588
865738450
167520305
469302167
771084029
72865884
374647746
676429608
978211470
279993325
581775187
883557049
185338904
487120766
788902628
90684483
392466345
694248207
996030069
297811924
599593786
901375648
203157503
504939365
806721227
108503082
410284944
712066806
13848661
315630523
617412385
919194247
220976102
522757964
824539826
126321681
428103543
729885405
31667260
333449122
635230984
937012846
238794701
540576563
842358425
144140280
445922142
747704004
49485859
351267721
653049583
954831445
256613300
558395162
860177024
161958879
463740741
765522603
67304458
369086320
670868182
972650044
274431899
576213761
877995623
179777478
481559340
783341202
85123057
386904919
688686781
990468643
292250498
594032360
895814222
197596077
499377939
801159801
102941656
404723518
706505380
8287235
310069097
611850959
913632821
215414676
517196538
818978400
120760255
422542117
724323979
26105834
327887696
629669558
931451420
233233275
535015137
836796999
138578854
440360716
742142578
43924433
345706295
647488157
949270019
251051874
552833736
854615598
156397453
458179315
759961177
61743032
363524894
665306756
967088618
268870473
570652335
872434197
174216052
475997914
777779776
79561631
381343493
683125355
984907217
286689072
588470934
890252796
192034651
493816513
795598375
97380230
399162092
700943954
2725809
304507671
606289533
908071395
209853250
511635112
813416974
115198829
416980691
718762553
20544408
322326270
624108132
925889994
227671849
529453711
831235573
133017428
434799290
736581152
38363007
340144869
641926731
943708593
245490448
547272310
849054172
150836027
452617889
754399751
56181606
357963468
659745330
961527192
263309047
565090909
866872771
168654626
470436488
772218350
74000205
375782067
677563929
979345791
281127646
582909508
884691370
186473225
488255087
790036949
91818804
393600666
695382528
997164390
298946245
600728107
902509969
204291824
506073686
807855548
109637403
411419265
713201127
14982982
316764844
618546706
920328568
222110423
523892285
825674147
127456002
429237864
731019726
32801581
334583443
636365305
938147167
239929022
541710884
843492746
145274601
447056463
748838325
50620180
352402042
654183904
955965766
257747621
559529483
861311345
163093200
464875062
766656924
68438779
370220641
672002503
973784365
275566220
577348082
879129944
180911799
482693661
784475523
86257378
388039240
689821102
991602964
293384819
595166681
896948543
198730398
500512260
802294122
104075977
405857839
707639701
9421556
311203418
612985280
914767142
216548997
518330859
820112721
121894576
423676438
725458300
27240155
329022017
630803879
932585741
234367596
536149458
837931320
139713175
441495037
743276899
45058754
346840616
648622478
950404340
252186195
553968057
855749919
157531774
459313636
761095498
62877353
364659215
666441077
968222939
270004794
571786656
873568518
175350373
477132235
778914097
80695952
382477814
684259676
986041538
287823393
589605255
891387117
193168972
494950834
796732696
98514551
400296413
702078275
3860130
305641992
607423854
909205716
210987571
512769433
814551295
116333150
418115012
719896874
21678729
323460591
625242453
927024315
228806170
530588032
832369894
134151749
435933611
306020320
607802182
909584044
211365899
513147761
814929623
116711478
418493340
720275202
22057057
323838919
625620781
927402643
229184498
530966360
832748222
134530077
436311939
738093801
39875656
341657518
643439380
945221242
247003097
548784959
850566821
152348676
454130538
755912400
57694255
359476117
661257979
963039841
264821696
566603558
868385420
170167275
471949137
773730999
75512854
377294716
679076578
980858440
282640295
584422157
886204019
187985874
489767736
791549598
93331453
395113315
696895177
998677039
300458894
602240756
904022618
205804473
507586335
809368197
111150052
412931914
714713776
16495631
318277493
620059355
921841217
223623072
525404934
827186796
128968651
430750513
732532375
34314230
336096092
637877954
939659816
241441671
543223533
845005395
146787250
448569112
750350974
52132829
353914691
655696553
957478415
259260270
561042132
862823994
164605849
466387711
768169573
69951428
371733290
673515152
975297014
277078869
578860731
880642593
182424448
484206310
785988172
87770027
389551889
691333751
993115613
294897468
596679330
898461192
200243047
502024909
803806771
105588626
407370488
709152350
10934205
312716067
614497929
916279791
218061646
519843508
821625370
123407225
425189087
726970949
28752804
330534666
632316528
934098390
235880245
537662107
839443969
141225824
443007686
744789548
46571403
348353265
650135127
951916989
253698844
555480706
857262568
159044423
460826285
762608147
64390002
366171864
667953726
969735588
271517443
573299305
875081167
176863022
478644884
780426746
82208601
383990463
685772325
987554187
289336042
591117904
892899766
194681621
496463483
798245345
100027200
401809062
703590924
5372779
307154641
608936503
910718365
212500220
514282082
816063944
117845799
419627661
721409523
23191378
324973240
626755102
928536964
230318819
532100681
833882543
135664398
437446260
739228122
41009977
342791839
644573701
946355563
248137418
549919280
851701142
153482997
455264859
757046721
58828576
360610438
662392300
964174162
265956017
567737879
869519741
171301596
473083458
774865320
76647175
378429037
680210899
981992761
283774616
585556478
887338340
189120195
490902057
792683919
94465774
396247636
698029498
999811360
301593215
603375077
905156939
206938794
508720656
810502518
112284373
414066235
715848097
17629952
319411814
621193676
922975538
224757393
526539255
828321117
130102972
431884834
733666696
35448551
337230413
639012275
940794137
242575992
544357854
846139716
147921571
449703433
751485295
53267150
355049012
656830874
958612736
260394591
562176453
863958315
165740170
467522032
769303894
71085749
372867611
674649473
976431335
278213190
579995052
881776914
183558769
485340631
787122493
88904348
390686210
692468072
994249934
296031789
597813651
899595513
201377368
503159230
804941092
106722947
408504809
710286671
12068526
313850388
615632250
917414112
219195967
520977829
822759691
124541546
426323408
728105270
29887125
331668987
633450849
935232711
237014566
538796428
840578290
142360145
444142007
745923869
47705724
349487586
651269448
953051310
254833165
556615027
858396889
160178744
461960606
763742468
65524323
367306185
669088047
970869909
272651764
574433626
876215488
177997343
479779205
781561067
83342922
385124784
686906646
988688508
290470363
592252225
894034087
195815942
497597804
799379666
101161521
402943383
704725245
6507100
308288962
610070824
911852686
213634541
515416403
817198265
118980120
420761982
722543844
24325699
326107561
627889423
929671285
231453140
533235002
835016864
136798719
438580581
740362443
42144298
343926160
645708022
947489884
249271739
551053601
852835463
154617318
456399180
758181042
59962897
361744759
663526621
965308483
267090338
568872200
870654062
172435917
474217779
775999641
77781496
379563358
681345220
983127082
284908937
586690799
888472661
190254516
492036378
793818240
95600095
397381957
699163819
945674
302727536
604509398
906291260
208073115
509854977
811636839
113418694
415200556
716982418
18764273
320546135
622327997
924109859
225891714
527673576
829455438
131237293
433019155
734801017
36582872
338364734
640146596
941928458
243710313
545492175
847274037
149055892
450837754
752619616
54401471
356183333
657965195
959747057
261528912
563310774
865092636
166874491
468656353
770438215
72220070
374001932
675783794
977565656
279347511
581129373
882911235
184693090
486474952
788256814
90038669
391820531
693602393
995384255
297166110
598947972
900729834
202511689
504293551
806075413
107857268
409639130
711420992
13202847
314984709
616766571
918548433
220330288
522112150
823894012
125675867
427457729
729239591
31021446
332803308
634585170
936367032
238148887
539930749
841712611
143494466
445276328
747058190
48840045
350621907
652403769
954185631
255967486
557749348
859531210
161313065
463094927
764876789
66658644
368440506
670222368
972004230
273786085
575567947
877349809
179131664
480913526
782695388
84477243
386259105
688040967
989822829
291604684
593386546
895168408
196950263
498732125
800513987
102295842
404077704
705859566
7641421
309423283
611205145
912987007
214768862
516550724
818332586
120114441
421896303
723678165
25460020
327241882
629023744
930805606
232587461
534369323
836151185
137933040
439714902
741496764
43278619
345060481
646842343
948624205
250406060
552187922
853969784
155751639
457533501
759315363
61097218
362879080
664660942
966442804
268224659
570006521
871788383
173570238
475352100
777133962
78915817
380697679
682479541
984261403
286043258
587825120
889606982
191388837
493170699
794952561
96734416
398516278
700298140
2079995
303861857
605643719
907425581
209207436
510989298
812771160
114553015
416334877
718116739
19898594
321680456
623462318
925244180
227026035
528807897
830589759
132371614
434153476
735935338
37717193
339499055
641280917
943062779
244844634
546626496
848408358
150190213
451972075
753753937
55535792
357317654
659099516
960881378
262663233
564445095
866226957
168008812
469790674
771572536
73354391
375136253
676918115
978699977
280481832
582263694
884045556
185827411
487609273
789391135
91172990
392954852
694736714
996518576
298300431
600082293
901864155
203646010
505427872
807209734
108991589
410773451
712555313
14337168
316119030
617900892
919682754
221464609
523246471
825028333
126810188
428592050
730373912
32155767
333937629
635719491
937501353
239283208
541065070
842846932
144628787
446410649
748192511
49974366
351756228
653538090
955319952
257101807
558883669
860665531
162447386
464229248
766011110
67792965
369574827
671356689
973138551
274920406
576702268
878484130
180265985
482047847
783829709
85611564
387393426
689175288
990957150
292739005
594520867
896302729
198084584
499866446
801648308
103430163
405212025
706993887
8775742
310557604
612339466
914121328
215903183
517685045
819466907
121248762
423030624
724812486
26594341
328376203
630158065
931939927
233721782
535503644
837285506
139067361
440849223
742631085
44412940
346194802
647976664
949758526
251540381
553322243
855104105
156885960
458667822
760449684
62231539
364013401
665795263
967577125
269358980
571140842
872922704
174704559
476486421
778268283
80050138
381832000
683613862
985395724
287177579
588959441
890741303
192523158
494305020
796086882
97868737
399650599
701432461
3214316
304996178
606778040
908559902
210341757
512123619
813905481
115687336
417469198
719251060
21032915
322814777
624596639
926378501
228160356
529942218
831724080
133505935
435287797
737069659
38851514
340633376
642415238
944197100
245978955
547760817
849542679
151324534
453106396
754888258
56670113
358451975
660233837
962015699
263797554
565579416
867361278
169143133
470924995
772706857
74488712
376270574
678052436
979834298
281616153
583398015
885179877
186961732
488743594
790525456
92307311
394089173
695871035
997652897
299434752
601216614
902998476
204780331
506562193
808344055
110125910
411907772
713689634
15471489
317253351
619035213
920817075
222598930
524380792
826162654
127944509
429726371
731508233
33290088
335071950
636853812
938635674
240417529
542199391
843981253
145763108
447544970
749326832
51108687
352890549
654672411
956454273
258236128
560017990
861799852
163581707
465363569
767145431
68927286
370709148
672491010
974272872
276054727
577836589
879618451
181400306
483182168
784964030
86745885
388527747
690309609
992091471
293873326
595655188
897437050
199218905
501000767
802782629
104564484
406346346
708128208
9910063
311691925
613473787
915255649
217037504
518819366
820601228
122383083
424164945
725946807
27728662
329510524
631292386
933074248
234856103
536637965
838419827
140201682
441983544
743765406
45547261
347329123
649110985
950892847
252674702
554456564
856238426
158020281
459802143
761584005
63365860
365147722
666929584
968711446
270493301
572275163
874057025
175838880
477620742
779402604
81184459
382966321
684748183
986530045
288311900
590093762
891875624
193657479
495439341
797221203
99003058
400784920
702566782
4348637
306130499
607912361
909694223
211476078
513257940
815039802
116821657
418603519
720385381
22167236
323949098
625730960
927512822
229294677
531076539
832858401
134640256
436422118
738203980
39985835
341767697
643549559
922329724
224111579
525893441
827675303
129457158
431239020
733020882
34802737
336584599
638366461
940148323
241930178
543712040
845493902
147275757
449057619
750839481
52621336
354403198
656185060
957966922
259748777
561530639
863312501
165094356
466876218
768658080
70439935
372221797
674003659
975785521
277567376
579349238
881131100
182912955
484694817
786476679
88258534
390040396
691822258
993604120
295385975
597167837
898949699
200731554
502513416
804295278
106077133
407858995
709640857
11422712
313204574
614986436
916768298
218550153
520332015
822113877
123895732
425677594
727459456
29241311
331023173
632805035
934586897
236368752
538150614
839932476
141714331
443496193
745278055
47059910
348841772
650623634
952405496
254187351
555969213
857751075
159532930
461314792
763096654
64878509
366660371
668442233
970224095
272005950
573787812
875569674
177351529
479133391
780915253
82697108
384478970
686260832
988042694
289824549
591606411
893388273
195170128
496951990
798733852
100515707
402297569
704079431
5861286
307643148
609425010
911206872
212988727
514770589
816552451
118334306
420116168
721898030
23679885
325461747
627243609
929025471
230807326
532589188
834371050
136152905
437934767
739716629
41498484
343280346
645062208
946844070
248625925
550407787
852189649
153971504
455753366
757535228
59317083
361098945
662880807
964662669
266444524
568226386
870008248
171790103
473571965
775353827
77135682
378917544
680699406
982481268
284263123
586044985
887826847
189608702
491390564
793172426
94954281
396736143
698518005
299860
302081722
603863584
905645446
207427301
509209163
810991025
112772880
414554742
716336604
18118459
319900321
621682183
923464045
225245900
527027762
828809624
130591479
432373341
734155203
35937058
337718920
639500782
941282644
243064499
544846361
846628223
148410078
450191940
751973802
53755657
355537519
657319381
959101243
260883098
562664960
864446822
166228677
468010539
769792401
71574256
373356118
675137980
976919842
278701697
580483559
882265421
184047276
485829138
787611000
89392855
391174717
692956579
994738441
296520296
598302158
900084020
201865875
503647737
805429599
107211454
408993316
710775178
12557033
314338895
616120757
917902619
219684474
521466336
823248198
125030053
426811915
728593777
30375632
332157494
633939356
935721218
237503073
539284935
841066797
142848652
444630514
746412376
48194231
349976093
651757955
953539817
255321672
557103534
858885396
160667251
462449113
764230975
66012830
367794692
669576554
971358416
273140271
574922133
876703995
178485850
480267712
782049574
83831429
385613291
687395153
989177015
290958870
592740732
894522594
196304449
498086311
799868173
101650028
403431890
705213752
6995607
308777469
610559331
912341193
214123048
515904910
817686772
119468627
421250489
723032351
24814206
326596068
628377930
930159792
231941647
533723509
835505371
137287226
439069088
740850950
42632805
344414667
646196529
947978391
249760246
551542108
853323970
155105825
456887687
758669549
60451404
362233266
664015128
965796990
267578845
569360707
871142569
172924424
474706286
776488148
78270003
380051865
681833727
983615589
285397444
587179306
888961168
190743023
492524885
794306747
96088602
397870464
699652326
1434181
303216043
604997905
906779767
208561622
510343484
812125346
113907201
415689063
717470925
19252780
321034642
622816504
924598366
226380221
528162083
829943945
131725800
433507662
735289524
37071379
338853241
640635103
942416965
244198820
545980682
847762544
149544399
451326261
753108123
54889978
356671840
658453702
960235564
262017419
563799281
865581143
167362998
469144860
770926722
72708577
374490439
676272301
978054163
279836018
581617880
883399742
185181597
486963459
788745321
90527176
392309038
694090900
995872762
297654617
599436479
901218341
203000196
504782058
806563920
108345775
410127637
711909499
13691354
315473216
617255078
919036940
220818795
522600657
824382519
126164374
427946236
729728098
31509953
333291815
635073677
936855539
238637394
540419256
842201118
143982973
445764835
747546697
49328552
351110414
652892276
954674138
256455993
558237855
860019717
161801572
463583434
765365296
67147151
368929013
670710875
972492737
274274592
576056454
877838316
179620171
481402033
783183895
84965750
386747612
688529474
990311336
292093191
593875053
895656915
197438770
499220632
801002494
102784349
404566211
706348073
8129928
309911790
611693652
913475514
215257369
517039231
818821093
120602948
422384810
724166672
25948527
327730389
629512251
931294113
233075968
534857830
836639692
138421547
440203409
741985271
43767126
345548988
647330850
949112712
250894567
552676429
854458291
156240146
458022008
759803870
61585725
363367587
665149449
966931311
268713166
570495028
872276890
174058745
475840607
777622469
79404324
381186186
682968048
984749910
286531765
588313627
890095489
191877344
493659206
795441068
97222923
399004785
700786647
2568502
304350364
606132226
907914088
209695943
511477805
813259667
115041522
416823384
718605246
20387101
322168963
623950825
925732687
227514542
529296404
831078266
132860121
434641983
736423845
38205700
339987562
641769424
943551286
245333141
547115003
848896865
150678720
452460582
754242444
56024299
357806161
659588023
961369885
263151740
564933602
866715464
168497319
470279181
772061043
73842898
375624760
677406622
979188484
280970339
582752201
884534063
186315918
488097780
789879642
91661497
393443359
695225221
997007083
298788938
600570800
902352662
204134517
505916379
807698241
109480096
411261958
713043820
14825675
316607537
618389399
920171261
221953116
523734978
825516840
127298695
429080557
730862419
32644274
334426136
636207998
937989860
239771715
541553577
843335439
145117294
446899156
748681018
50462873
352244735
654026597
955808459
257590314
559372176
861154038
162935893
464717755
766499617
68281472
370063334
671845196
973627058
275408913
577190775
878972637
180754492
482536354
784318216
86100071
387881933
689663795
991445657
293227512
595009374
896791236
198573091
500354953
802136815
103918670
405700532
707482394
9264249
311046111
612827973
914609835
216391690
518173552
819955414
121737269
423519131
725300993
27082848
328864710
630646572
932428434
234210289
535992151
837774013
139555868
441337730
743119592
44901447
346683309
648465171
950247033
252028888
553810750
855592612
157374467
459156329
760938191
62720046
364501908
666283770
968065632
269847487
571629349
873411211
175193066
476974928
778756790
80538645
382320507
684102369
985884231
287666086
589447948
891229810
193011665
494793527
796575389
98357244
400139106
701920968
3702823
305484685
607266547
909048409
210830264
512612126
814393988
116175843
417957705
719739567
21521422
323303284
625085146
926867008
228648863
530430725
832212587
133994442
435776304
737558166
39340021
341121883
642903745
944685607
246467462
548249324
850031186
151813041
453594903
755376765
57158620
358940482
660722344
962504206
264286061
566067923
867849785
169631640
471413502
773195364
74977219
376759081
678540943
980322805
282104660
583886522
885668384
187450239
489232101
791013963
92795818
394577680
696359542
998141404
299923259
601705121
903486983
205268838
507050700
808832562
110614417
412396279
714178141
15959996
317741858
619523720
921305582
223087437
524869299
826651161
128433016
430214878
731996740
33778595
335560457
637342319
939124181
240906036
542687898
844469760
146251615
448033477
749815339
51597194
353379056
655160918
956942780
258724635
560506497
862288359
164070214
465852076
767633938
69415793
371197655
672979517
974761379
276543234
578325096
880106958
181888813
483670675
785452537
87234392
389016254
690798116
992579978
294361833
596143695
897925557
199707412
501489274
803271136
105052991
406834853
708616715
10398570
312180432
613962294
915744156
217526011
519307873
821089735
122871590
424653452
726435314
28217169
329999031
631780893
933562755
235344610
537126472
838908334
140690189
442472051
744253913
46035768
347817630
649599492
951381354
253163209
554945071
856726933
158508788
460290650
762072512
63854367
365636229
667418091
969199953
270981808
572763670
874545532
176327387
478109249
779891111
81672966
383454828
685236690
987018552
288800407
590582269
892364131
194145986
495927848
797709710
99491565
401273427
703055289
4837144
306619006
608400868
910182730
211964585
513746447
815528309
117310164
419092026
720873888
22655743
324437605
626219467
928001329
229783184
531565046
833346908
135128763
436910625
738692487
40474342
342256204
644038066
945819928
247601783
549383645
851165507
152947362
454729224
756511086
58292941
360074803
661856665
963638527
265420382
567202244
868984106
170765961
472547823
774329685
76111540
377893402
679675264
981457126
283238981
585020843
886802705
188584560
490366422
792148284
93930139
395712001
697493863
999275725
301057580
602839442
904621304
206403159
508185021
809966883
111748738
413530600
715312462
17094317
318876179
620658041
922439903
538639121
840420983
142202838
443984700
745766562
47548417
349330279
651112141
952894003
254675858
556457720
858239582
160021437
461803299
763585161
65367016
367148878
668930740
970712602
272494457
574276319
876058181
177840036
479621898
781403760
83185615
384967477
686749339
988531201
290313056
592094918
893876780
195658635
497440497
799222359
101004214
402786076
704567938
6349793
308131655
609913517
911695379
213477234
515259096
817040958
118822813
420604675
722386537
24168392
325950254
627732116
929513978
231295833
533077695
834859557
136641412
438423274
740205136
41986991
343768853
645550715
947332577
249114432
550896294
852678156
154460011
456241873
758023735
59805590
361587452
663369314
965151176
266933031
568714893
870496755
172278610
474060472
775842334
77624189
379406051
681187913
982969775
284751630
586533492
888315354
190097209
491879071
793660933
95442788
397224650
699006512
788367
302570229
604352091
906133953
207915808
509697670
811479532
113261387
415043249
716825111
18606966
320388828
622170690
923952552
225734407
527516269
829298131
131079986
432861848
734643710
36425565
338207427
639989289
941771151
243553006
545334868
847116730
148898585
450680447
752462309
54244164
356026026
657807888
959589750
261371605
563153467
864935329
166717184
468499046
770280908
72062763
373844625
675626487
977408349
279190204
580972066
882753928
184535783
486317645
788099507
89881362
391663224
693445086
995226948
297008803
598790665
900572527
202354382
504136244
805918106
107699961
409481823
711263685
13045540
314827402
616609264
918391126
220172981
521954843
823736705
125518560
427300422
729082284
30864139
332646001
634427863
936209725
237991580
539773442
841555304
143337159
445119021
746900883
48682738
350464600
652246462
954028324
255810179
557592041
859373903
161155758
462937620
764719482
66501337
368283199
670065061
971846923
273628778
575410640
877192502
178974357
480756219
782538081
84319936
386101798
687883660
989665522
291447377
593229239
895011101
196792956
498574818
800356680
102138535
403920397
705702259
7484114
309265976
611047838
912829700
214611555
516393417
818175279
119957134
421738996
723520858
25302713
327084575
628866437
930648299
232430154
534212016
835993878
137775733
439557595
741339457
43121312
344903174
646685036
948466898
250248753
552030615
853812477
155594332
457376194
759158056
60939911
362721773
664503635
966285497
268067352
569849214
871631076
173412931
475194793
776976655
78758510
380540372
682322234
984104096
285885951
587667813
889449675
191231530
493013392
794795254
96577109
398358971
700140833
1922688
303704550
605486412
907268274
209050129
510831991
812613853
114395708
416177570
717959432
19741287
321523149
623305011
925086873
226868728
528650590
830432452
132214307
433996169
735778031
37559886
339341748
641123610
942905472
244687327
546469189
848251051
150032906
451814768
753596630
55378485
357160347
658942209
960724071
262505926
564287788
866069650
167851505
469633367
771415229
73197084
374978946
676760808
978542670
280324525
582106387
883888249
185670104
487451966
789233828
91015683
392797545
694579407
996361269
298143124
599924986
901706848
203488703
505270565
807052427
108834282
410616144
712398006
14179861
315961723
617743585
919525447
221307302
523089164
824871026
126652881
428434743
730216605
31998460
333780322
635562184
937344046
239125901
540907763
842689625
144471480
446253342
748035204
49817059
351598921
653380783
955162645
256944500
558726362
860508224
162290079
464071941
765853803
67635658
369417520
671199382
972981244
274763099
576544961
878326823
180108678
481890540
783672402
85454257
387236119
689017981
990799843
292581698
594363560
896145422
197927277
499709139
801491001
103272856
405054718
706836580
8618435
310400297
612182159
913964021
215745876
517527738
819309600
121091455
422873317
724655179
26437034
328218896
630000758
931782620
233564475
535346337
837128199
138910054
440691916
742473778
44255633
346037495
647819357
949601219
251383074
553164936
854946798
156728653
458510515
760292377
62074232
363856094
665637956
967419818
269201673
570983535
872765397
174547252
476329114
778110976
79892831
381674693
683456555
985238417
287020272
588802134
890583996
192365851
494147713
795929575
97711430
399493292
701275154
3057009
304838871
606620733
908402595
210184450
511966312
813748174
115530029
417311891
719093753
20875608
322657470
624439332
926221194
228003049
529784911
831566773
133348628
435130490
736912352
38694207
340476069
642257931
944039793
245821648
547603510
849385372
151167227
452949089
754730951
56512806
358294668
660076530
961858392
263640247
565422109
867203971
168985826
470767688
772549550
74331405
376113267
677895129
979676991
281458846
583240708
885022570
186804425
488586287
790368149
92150004
393931866
695713728
997495590
299277445
601059307
902841169
204623024
506404886
808186748
109968603
411750465
713532327
15314182
317096044
618877906
920659768
222441623
524223485
826005347
127787202
429569064
731350926
33132781
334914643
636696505
938478367
240260222
542042084
843823946
145605801
447387663
749169525
50951380
352733242
654515104
956296966
258078821
559860683
861642545
163424400
465206262
766988124
68769979
370551841
672333703
974115565
275897420
577679282
879461144
181242999
483024861
784806723
86588578
388370440
690152302
991934164
293716019
595497881
897279743
199061598
500843460
802625322
104407177
406189039
707970901
9752756
311534618
613316480
915098342
216880197
518662059
820443921
122225776
424007638
725789500
27571355
329353217
631135079
932916941
234698796
536480658
838262520
140044375
441826237
743608099
45389954
347171816
648953678
950735540
252517395
554299257
856081119
157862974
459644836
761426698
63208553
364990415
666772277
968554139
270335994
572117856
873899718
175681573
477463435
779245297
81027152
382809014
684590876
986372738
288154593
589936455
891718317
193500172
495282034
797063896
98845751
400627613
702409475
4191330
305973192
607755054
909536916
211318771
513100633
814882495
116664350
418446212
720228074
22009929
323791791
625573653
927355515
229137370
530919232
832701094
134482949
436264811
738046673
39828528
341610390
643392252
945174114
246955969
548737831
850519693
152301548
454083410
755865272
57647127
359428989
661210851
962992713
264774568
566556430
868338292
170120147
471902009
773683871
75465726
377247588
679029450
980811312
282593167
584375029
886156891
187938746
489720608
791502470
93284325
395066187
696848049
998629911
300411766
602193628
903975490
205757345
507539207
809321069
111102924
412884786
714666648
16448503
318230365
620012227
921794089
223575944
525357806
827139668
128921523
430703385
732485247
34267102
336048964
637830826
939612688
241394543
543176405
844958267
146740122
448521984
750303846
52085701
353867563
655649425
957431287
259213142
560995004
862776866
164558721
466340583
768122445
69904300
371686162
673468024
975249886
277031741
578813603
880595465
182377320
484159182
785941044
87722899
389504761
691286623
993068485
294850340
596632202
898414064
200195919
501977781
803759643
105541498
407323360
709105222
10887077
312668939
614450801
916232663
218014518
519796380
821578242
123360097
425141959
726923821
28705676
330487538
632269400
934051262
235833117
537614979
839396841
141178696
442960558
744742420
46524275
348306137
650087999
951869861
253651716
555433578
857215440
158997295
460779157
762561019
64342874
366124736
667906598
969688460
271470315
573252177
875034039
176815894
478597756
780379618
82161473
383943335
685725197
987507059
289288914
591070776
892852638
194634493
496416355
798198217
99980072
401761934
703543796
5325651
307107513
608889375
910671237
212453092
514234954
816016816
117798671
419580533
721362395
23144250
324926112
626707974
928489836
230271691
532053553
833835415
135617270
437399132
739180994
40962849
342744711
644526573
946308435
248090290
549872152
851654014
153435869
455217731
756999593
58781448
360563310
662345172
964127034
265908889
567690751
869472613
171254468
473036330
774818192
76600047
378381909
680163771
981945633
283727488
585509350
887291212
189073067
490854929
792636791
94418646
396200508
697982370
999764232
154948518
456730380
758512242
60294097
362075959
663857821
965639683
267421538
569203400
870985262
172767117
474548979
776330841
78112696
379894558
681676420
983458282
285240137
587021999
888803861
190585716
492367578
794149440
95931295
397713157
699495019
1276874
303058736
604840598
906622460
208404315
510186177
811968039
113749894
415531756
717313618
19095473
320877335
622659197
924441059
226222914
528004776
829786638
131568493
433350355
735132217
36914072
338695934
640477796
942259658
244041513
545823375
847605237
149387092
451168954
752950816
54732671
356514533
658296395
960078257
261860112
563641974
865423836
167205691
468987553
770769415
72551270
374333132
676114994
977896856
279678711
581460573
883242435
185024290
486806152
788588014
90369869
392151731
693933593
995715455
297497310
599279172
901061034
202842889
504624751
806406613
108188468
409970330
711752192
13534047
315315909
617097771
918879633
220661488
522443350
824225212
126007067
427788929
729570791
31352646
333134508
634916370
936698232
238480087
540261949
842043811
143825666
445607528
747389390
49171245
350953107
652734969
954516831
256298686
558080548
859862410
161644265
463426127
765207989
66989844
368771706
670553568
972335430
274117285
575899147
877681009
179462864
481244726
783026588
84808443
386590305
688372167
990154029
291935884
593717746
895499608
197281463
499063325
800845187
102627042
404408904
706190766
7972621
309754483
611536345
913318207
215100062
516881924
818663786
120445641
422227503
724009365
25791220
327573082
629354944
931136806
232918661
534700523
836482385
138264240
440046102
741827964
43609819
345391681
647173543
948955405
250737260
552519122
854300984
156082839
457864701
759646563
61428418
363210280
664992142
966774004
268555859
570337721
872119583
173901438
475683300
777465162
79247017
381028879
682810741
984592603
286374458
588156320
889938182
191720037
493501899
795283761
97065616
398847478
700629340
2411195
304193057
605974919
907756781
209538636
511320498
813102360
114884215
416666077
718447939
20229794
322011656
623793518
925575380
227357235
529139097
830920959
132702814
434484676
736266538
38048393
339830255
641612117
943393979
245175834
546957696
848739558
150521413
452303275
754085137
55866992
357648854
659430716
961212578
262994433
564776295
866558157
168340012
470121874
771903736
73685591
375467453
677249315
979031177
280813032
582594894
884376756
186158611
487940473
789722335
91504190
393286052
695067914
996849776
298631631
600413493
902195355
203977210
505759072
807540934
109322789
411104651
712886513
14668368
316450230
618232092
920013954
221795809
523577671
825359533
127141388
428923250
730705112
32486967
334268829
636050691
937832553
239614408
541396270
843178132
144959987
446741849
748523711
50305566
352087428
653869290
955651152
257433007
559214869
860996731
162778586
464560448
766342310
68124165
369906027
671687889
973469751
275251606
577033468
878815330
180597185
482379047
784160909
85942764
387724626
689506488
991288350
293070205
594852067
896633929
198415784
500197646
801979508
103761363
405543225
707325087
9106942
310888804
612670666
914452528
216234383
518016245
819798107
121579962
423361824
725143686
26925541
328707403
630489265
932271127
234052982
535834844
837616706
139398561
441180423
742962285
44744140
346526002
648307864
950089726
251871581
553653443
855435305
157217160
458999022
760780884
62562739
364344601
666126463
967908325
269690180
571472042
873253904
175035759
476817621
778599483
80381338
382163200
683945062
985726924
287508779
589290641
891072503
192854358
494636220
796418082
98199937
399981799
701763661
3545516
305327378
607109240
908891102
210672957
512454819
814236681
116018536
417800398
719582260
21364115
323145977
624927839
926709701
228491556
530273418
832055280
133837135
435618997
737400859
39182714
340964576
642746438
944528300
246310155
548092017
849873879
151655734
453437596
755219458
57001313
358783175
660565037
962346899
264128754
565910616
867692478
169474333
471256195
773038057
74819912
376601774
678383636
980165498
281947353
583729215
885511077
187292932
489074794
790856656
92638511
394420373
696202235
997984097
299765952
601547814
903329676
205111531
506893393
808675255
110457110
412238972
714020834
15802689
317584551
619366413
921148275
222930130
524711992
826493854
128275709
430057571
731839433
33621288
335403150
637185012
938966874
240748729
542530591
844312453
146094308
447876170
749658032
51439887
353221749
655003611
956785473
258567328
560349190
862131052
163912907
465694769
767476631
69258486
371040348
672822210
974604072
276385927
578167789
879949651
181731506
483513368
785295230
87077085
388858947
690640809
992422671
294204526
595986388
897768250
199550105
501331967
803113829
104895684
406677546
708459408
10241263
312023125
613804987
915586849
217368704
519150566
820932428
122714283
424496145
726278007
28059862
329841724
631623586
933405448
235187303
536969165
838751027
140532882
442314744
744096606
45878461
347660323
649442185
951224047
253005902
554787764
856569626
158351481
460133343
761915205
63697060
365478922
667260784
969042646
270824501
572606363
874388225
176170080
477951942
779733804
81515659
383297521
685079383
986861245
288643100
590424962
892206824
193988679
495770541
797552403
99334258
401116120
702897982
4679837
306461699
608243561
910025423
211807278
513589140
815371002
117152857
418934719
720716581
22498436
324280298
626062160
927844022
229625877
531407739
833189601
134971456
436753318
738535180
40317035
342098897
643880759
945662621
247444476
549226338
851008200
152790055
454571917
756353779
58135634
359917496
661699358
963481220
265263075
567044937
868826799
170608654
472390516
774172378
75954233
377736095
679517957
981299819
283081674
584863536
886645398
188427253
490209115
791990977
93772832
395554694
697336556
999118418
300900273
602682135
904463997
206245852
508027714
809809576
111591431
413373293
715155155
16937010
318718872
620500734
922282596
224064451
525846313
827628175
129410030
431191892
732973754
34755609
336537471
638319333
940101195
241883050
543664912
845446774
147228629
449010491
750792353
52574208
354356070
656137932
957919794
259701649
561483511
863265373
165047228
466829090
768610952
70392807
372174669
673956531
975738393
277520248
579302110
881083972
182865827
484647689
786429551
88211406
389993268
691775130
993556992
295338847
597120709
898902571
200684426
502466288
804248150
106030005
407811867
709593729
11375584
313157446
614939308
916721170
218503025
520284887
822066749
123848604
425630466
727412328
29194183
330976045
632757907
934539769
236321624
538103486
839885348
141667203
443449065
745230927
47012782
348794644
650576506
952358368
254140223
555922085
857703947
159485802
461267664
763049526
64831381
366613243
668395105
970176967
271958822
573740684
875522546
177304401
479086263
780868125
82649980
384431842
686213704
987995566
289777421
591559283
893341145
195123000
496904862
798686724
100468579
402250441
704032303
5814158
307596020
609377882
911159744
212941599
514723461
816505323
118287178
420069040
721850902
23632757
325414619
627196481
928978343
230760198
532542060
834323922
136105777
437887639
739669501
41451356
343233218
645015080
946796942
248578797
550360659
852142521
153924376
455706238
757488100
59269955
361051817
662833679
964615541
266397396
568179258
869961120
171742975
473524837
775306699
77088554
378870416
680652278
982434140
284215995
585997857
887779719
189561574
491343436
793125298
94907153
396689015
698470877
252732
302034594
603816456
905598318
207380173
509162035
810943897
112725752
414507614
716289476
18071331
319853193
621635055
923416917
225198772
526980634
828762496
130544351
432326213
734108075
35889930
337671792
639453654
941235516
243017371
544799233
846581095
148362950
450144812
751926674
53708529
355490391
657272253
959054115
260835970
562617832
864399694
166181549
467963411
769745273
71527128
373308990
675090852
976872714
278654569
580436431
882218293
184000148
485782010
787563872
89345727
391127589
692909451
994691313
296473168
598255030
900036892
201818747
503600609
805382471
107164326
408946188
710728050
12509905
314291767
616073629
917855491
219637346
521419208
823201070
124982925
426764787
728546649
30328504
332110366
633892228
935674090
237455945
539237807
841019669
142801524
444583386
746365248
48147103
349928965
651710827
953492689
255274544
557056406
858838268
160620123
462401985
764183847
65965702
367747564
669529426
971311288
273093143
574875005
876656867
178438722
480220584
782002446
83784301
385566163
687348025
989129887
290911742
592693604
894475466
196257321
498039183
799821045
101602900
403384762
705166624
6948479
308730341
610512203
912294065
214075920
515857782
817639644
119421499
421203361
722985223
24767078
326548940
628330802
930112664
231894519
533676381
835458243
137240098
439021960
740803822
42585677
344367539
646149401
947931263
249713118
551494980
853276842
155058697
456840559
758622421
60404276
362186138
663968000
965749862
267531717
569313579
871095441
172877296
474659158
776441020
78222875
380004737
681786599
983568461
285350316
587132178
888914040
190695895
492477757
794259619
96041474
397823336
699605198
1387053
303168915
604950777
906732639
208514494
510296356
812078218
113860073
415641935
717423797
19205652
320987514
622769376
924551238
226333093
528114955
829896817
131678672
433460534
735242396
37024251
338806113
640587975
942369837
244151692
545933554
847715416
149497271
451279133
753060995
54842850
356624712
658406574
960188436
261970291
563752153
865534015
167315870
469097732
770879594
72661449
374443311
676225173
978007035
279788890
581570752
883352614
185134469
486916331
788698193
90480048
392261910
694043772
995825634
297607489
599389351
901171213
202953068
504734930
806516792
108298647
410080509
711862371
13644226
315426088
617207950
73039777
374821639
676603501
978385363
280167218
581949080
883730942
185512797
487294659
789076521
90858376
392640238
694422100
996203962
297985817
599767679
901549541
203331396
505113258
806895120
108676975
410458837
712240699
14022554
315804416
617586278
919368140
221149995
522931857
824713719
126495574
428277436
730059298
31841153
333623015
635404877
937186739
238968594
540750456
842532318
144314173
446096035
747877897
49659752
351441614
653223476
955005338
256787193
558569055
860350917
162132772
463914634
765696496
67478351
369260213
671042075
972823937
274605792
576387654
878169516
179951371
481733233
783515095
85296950
387078812
688860674
990642536
292424391
594206253
895988115
197769970
499551832
801333694
103115549
404897411
706679273
8461128
310242990
612024852
913806714
215588569
517370431
819152293
120934148
422716010
724497872
26279727
328061589
629843451
931625313
233407168
535189030
836970892
138752747
440534609
742316471
44098326
345880188
647662050
949443912
251225767
553007629
854789491
156571346
458353208
760135070
61916925
363698787
665480649
967262511
269044366
570826228
872608090
174389945
476171807
777953669
79735524
381517386
683299248
985081110
286862965
588644827
890426689
192208544
493990406
795772268
97554123
399335985
701117847
2899702
304681564
606463426
908245288
210027143
511809005
813590867
115372722
417154584
718936446
20718301
322500163
624282025
926063887
227845742
529627604
831409466
133191321
434973183
736755045
38536900
340318762
642100624
943882486
245664341
547446203
849228065
151009920
452791782
754573644
56355499
358137361
659919223
961701085
263482940
565264802
867046664
168828519
470610381
772392243
74174098
375955960
677737822
979519684
281301539
583083401
884865263
186647118
488428980
790210842
91992697
393774559
695556421
997338283
299120138
600902000
902683862
204465717
506247579
808029441
109811296
411593158
713375020
15156875
316938737
618720599
920502461
222284316
524066178
825848040
127629895
429411757
731193619
32975474
334757336
636539198
938321060
240102915
541884777
843666639
145448494
447230356
749012218
50794073
352575935
654357797
956139659
257921514
559703376
861485238
163267093
465048955
766830817
68612672
370394534
672176396
973958258
275740113
577521975
879303837
181085692
482867554
784649416
86431271
388213133
689994995
991776857
293558712
595340574
897122436
198904291
500686153
802468015
104249870
406031732
707813594
9595449
311377311
613159173
914941035
216722890
518504752
820286614
122068469
423850331
725632193
27414048
329195910
630977772
932759634
234541489
536323351
838105213
139887068
441668930
743450792
45232647
347014509
648796371
950578233
252360088
554141950
855923812
157705667
459487529
761269391
63051246
364833108
666614970
968396832
270178687
571960549
873742411
175524266
477306128
779087990
80869845
382651707
684433569
986215431
287997286
589779148
891561010
193342865
495124727
796906589
98688444
400470306
702252168
4034023
305815885
607597747
909379609
211161464
512943326
814725188
116507043
418288905
720070767
21852622
323634484
625416346
927198208
228980063
530761925
832543787
134325642
436107504
737889366
39671221
341453083
643234945
945016807
246798662
548580524
850362386
152144241
453926103
755707965
57489820
359271682
661053544
962835406
264617261
566399123
868180985
169962840
471744702
773526564
75308419
377090281
678872143
980654005
282435860
584217722
885999584
187781439
489563301
791345163
93127018
394908880
696690742
998472604
300254459
602036321
903818183
205600038
507381900
809163762
110945617
412727479
714509341
16291196
318073058
619854920
921636782
223418637
525200499
826982361
128764216
430546078
732327940
34109795
335891657
637673519
939455381
241237236
543019098
844800960
146582815
448364677
750146539
51928394
353710256
655492118
957273980
259055835
560837697
862619559
164401414
466183276
767965138
69746993
371528855
673310717
975092579
276874434
578656296
880438158
182220013
484001875
785783737
87565592
389347454
691129316
992911178
294693033
596474895
898256757
200038612
501820474
803602336
105384191
407166053
708947915
10729770
312511632
614293494
916075356
217857211
519639073
821420935
123202790
424984652
726766514
28548369
330330231
632112093
933893955
235675810
537457672
839239534
141021389
442803251
744585113
46366968
348148830
649930692
951712554
253494409
555276271
857058133
158839988
460621850
762403712
64185567
365967429
667749291
969531153
271313008
573094870
874876732
176658587
478440449
780222311
82004166
383786028
685567890
987349752
289131607
590913469
892695331
194477186
496259048
798040910
99822765
401604627
703386489
5168344
306950206
608732068
910513930
212295785
514077647
815859509
117641364
419423226
721205088
22986943
324768805
626550667
928332529
230114384
531896246
833678108
135459963
437241825
739023687
40805542
342587404
644369266
946151128
247932983
549714845
851496707
153278562
455060424
756842286
58624141
360406003
662187865
963969727
265751582
567533444
869315306
171097161
472879023
774660885
76442740
378224602
680006464
981788326
283570181
585352043
887133905
188915760
490697622
792479484
94261339
396043201
697825063
999606925
301388780
603170642
904952504
206734359
508516221
810298083
112079938
413861800
715643662
17425517
319207379
620989241
922771103
224552958
526334820
828116682
129898537
431680399
733462261
35244116
337025978
638807840
940589702
242371557
544153419
845935281
147717136
449498998
751280860
53062715
354844577
656626439
958408301
260190156
561972018
863753880
165535735
467317597
769099459
70881314
372663176
674445038
976226900
278008755
579790617
881572479
183354334
485136196
786918058
88699913
390481775
692263637
994045499
295827354
597609216
899391078
201172933
502954795
804736657
106518512
408300374
710082236
11864091
313645953
615427815
917209677
218991532
520773394
822555256
124337111
426118973
727900835
29682690
331464552
633246414
935028276
236810131
538591993
840373855
142155710
443937572
745719434
47501289
349283151
651065013
952846875
254628730
556410592
858192454
159974309
461756171
763538033
65319888
367101750
668883612
970665474
272447329
574229191
876011053
177792908
479574770
781356632
83138487
384920349
686702211
988484073
290265928
592047790
893829652
195611507
497393369
799175231
100957086
402738948
704520810
6302665
308084527
609866389
911648251
213430106
515211968
816993830
118775685
420557547
722339409
24121264
325903126
627684988
929466850
231248705
533030567
834812429
136594284
438376146
740158008
41939863
343721725
645503587
947285449
249067304
550849166
852631028
154412883
456194745
757976607
59758462
361540324
663322186
965104048
266885903
568667765
870449627
172231482
474013344
775795206
77577061
379358923
681140785
982922647
284704502
586486364
888268226
190050081
491831943
793613805
95395660
397177522
698959384
741239
302523101
604304963
906086825
207868680
509650542
811432404
113214259
414996121
716777983
18559838
320341700
622123562
923905424
225687279
527469141
829251003
131032858
432814720
734596582
36378437
338160299
639942161
941724023
243505878
545287740
847069602
148851457
450633319
752415181
54197036
355978898
657760760
959542622
261324477
563106339
864888201
166670056
468451918
770233780
72015635
373797497
675579359
977361221
279143076
580924938
882706800
184488655
486270517
788052379
89834234
391616096
693397958
995179820
296961675
598743537
900525399
202307254
504089116
805870978
107652833
409434695
711216557
12998412
314780274
616562136
918343998
220125853
521907715
823689577
125471432
427253294
729035156
30817011
332598873
634380735
936162597
237944452
539726314
841508176
143290031
445071893
746853755
48635610
350417472
652199334
953981196
255763051
557544913
859326775
161108630
462890492
764672354
66454209
368236071
670017933
971799795
273581650
575363512
877145374
178927229
480709091
782490953
84272808
689349181
991131043
292912898
594694760
896476622
198258477
500040339
801822201
103604056
405385918
707167780
8949635
310731497
612513359
914295221
216077076
517858938
819640800
121422655
423204517
724986379
26768234
328550096
630331958
932113820
233895675
535677537
837459399
139241254
441023116
742804978
44586833
346368695
648150557
949932419
251714274
553496136
855277998
157059853
305658578
607440440
909222302
211004157
512786019
814567881
116349736
418131598
719913460
21695315
323477177
625259039
927040901
228822756
530604618
832386480
134168335
435950197
737732059
39513914
341295776
643077638
944859500
246641355
548423217
850205079
151986934
453768796
755550658
57332513
359114375
660896237
962678099
264459954
566241816
868023678
169805533
471587395
773369257
75151112
376932974
678714836
980496698
282278553
584060415
885842277
187624132
489405994
791187856
92969711
394751573
696533435
998315297
300097152
601879014
903660876
205442731
507224593
809006455
110788310
412570172
714352034
16133889
317915751
619697613
921479475
223261330
525043192
826825054
128606909
430388771
732170633
33952488
335734350
637516212
939298074
241079929
542861791
844643653
146425508
448207370
749989232
51771087
353552949
655334811
957116673
258898528
560680390
862462252
164244107
466025969
767807831
69589686
371371548
673153410
974935272
276717127
578498989
880280851
182062706
483844568
785626430
87408285
389190147
690972009
992753871
294535726
596317588
898099450
199881305
501663167
803445029
105226884
407008746
708790608
10572463
312354325
614136187
915918049
217699904
519481766
821263628
123045483
424827345
726609207
28391062
330172924
631954786
933736648
235518503
537300365
839082227
140864082
442645944
744427806
46209661
347991523
649773385
951555247
253337102
555118964
856900826
158682681
460464543
762246405
64028260
365810122
667591984
969373846
271155701
572937563
874719425
176501280
478283142
780065004
81846859
383628721
685410583
987192445
288974300
590756162
892538024
194319879
496101741
797883603
99665458
401447320
703229182
5011037
306792899
608574761
910356623
212138478
921967982
223749837
525531699
827313561
129095416
430877278
732659140
34440995
336222857
638004719
939786581
241568436
543350298
845132160
146914015
448695877
750477739
52259594
354041456
655823318
957605180
259387035
561168897
862950759
164732614
466514476
768296338
70078193
371860055
673641917
975423779
277205634
578987496
880769358
182551213
484333075
786114937
87896792
389678654
691460516
993242378
295024233
596806095
898587957
200369812
502151674
803933536
105715391
407497253
709279115
11060970
312842832
614624694
916406556
218188411
519970273
821752135
123533990
425315852
727097714
28879569
330661431
632443293
934225155
236007010
537788872
839570734
141352589
443134451
744916313
46698168
348480030
650261892
952043754
253825609
555607471
857389333
159171188
460953050
762734912
64516767
366298629
668080491
969862353
271644208
573426070
875207932
176989787
478771649
780553511
82335366
384117228
685899090
987680952
289462807
591244669
893026531
194808386
496590248
798372110
100153965
401935827
703717689
5499544
307281406
609063268
910845130
212626985
514408847
816190709
117972564
419754426
721536288
23318143
325100005
626881867
928663729
230445584
532227446
834009308
135791163
437573025
739354887
41136742
342918604
644700466
946482328
248264183
550046045
851827907
153609762
455391624
757173486
58955341
360737203
662519065
964300927
266082782
567864644
869646506
171428361
473210223
774992085
76773940
378555802
680337664
982119526
283901381
585683243
887465105
189246960
491028822
792810684
94592539
396374401
698156263
999938125
301719980
603501842
905283704
207065559
508847421
810629283
112411138
414193000
715974862
17756717
319538579
621320441
923102303
224884158
526666020
828447882
130229737
432011599
733793461
35575316
337357178
639139040
940920902
242702757
544484619
846266481
148048336
449830198
751612060
53393915
355175777
656957639
958739501
260521356
562303218
864085080
165866935
467648797
769430659
71212514
372994376
674776238
976558100
278339955
580121817
881903679
183685534
485467396
787249258
89031113
390812975
692594837
994376699
296158554
597940416
899722278
201504133
503285995
805067857
106849712
408631574
710413436
12195291
313977153
615759015
917540877
219322732
521104594
822886456
124668311
426450173
728232035
30013890
331795752
633577614
935359476
237141331
538923193
840705055
142486910
444268772
746050634
47832489
349614351
651396213
953178075
254959930
556741792
858523654
160305509
462087371
763869233
65651088
367432950
669214812
970996674
272778529
574560391
876342253
178124108
479905970
781687832
83469687
385251549
687033411
988815273
290597128
592378990
894160852
195942707
497724569
799506431
101288286
403070148
704852010
6633865
308415727
610197589
911979451
213761306
515543168
817325030
119106885
420888747
722670609
24452464
326234326
628016188
929798050
231579905
533361767
835143629
136925484
438707346
740489208
42271063
344052925
645834787
947616649
249398504
551180366
852962228
154744083
456525945
758307807
60089662
361871524
663653386
965435248
267217103
568998965
870780827
172562682
474344544
776126406
77908261
379690123
681471985
983253847
285035702
586817564
888599426
190381281
492163143
793945005
95726860
397508722
699290584
1072439
302854301
604636163
906418025
208199880
509981742
811763604
113545459
415327321
717109183
18891038
320672900
622454762
924236624
226018479
527800341
829582203
131364058
433145920
734927782
36709637
338491499
640273361
942055223
243837078
545618940
847400802
149182657
450964519
752746381
54528236
356310098
658091960
959873822
261655677
563437539
865219401
167001256
468783118
770564980
72346835
374128697
675910559
977692421
279474276
581256138
883038000
184819855
486601717
788383579
90165434
391947296
693729158
995511020
297292875
599074737
900856599
202638454
504420316
806202178
107984033
409765895
711547757
13329612
315111474
616893336
918675198
220457053
522238915
824020777
125802632
427584494
729366356
31148211
332930073
634711935
936493797
238275652
540057514
841839376
143621231
445403093
747184955
48966810
350748672
652530534
954312396
256094251
557876113
859657975
161439830
463221692
765003554
66785409
368567271
670349133
972130995
273912850
575694712
877476574
179258429
481040291
782822153
84604008
386385870
688167732
989949594
291731449
593513311
895295173
197077028
498858890
800640752
102422607
404204469
705986331
7768186
309550048
611331910
913113772
214895627
516677489
818459351
120241206
422023068
723804930
25586785
327368647
629150509
930932371
232714226
534496088
836277950
138059805
439841667
741623529
43405384
345187246
646969108
948750970
250532825
552314687
854096549
155878404
457660266
759442128
61223983
363005845
664787707
966569569
268351424
570133286
871915148
173697003
475478865
777260727
79042582
380824444
682606306
984388168
286170023
587951885
889733747
191515602
493297464
795079326
96861181
398643043
700424905
2206760
303988622
605770484
907552346
209334201
511116063
812897925
114679780
416461642
718243504
20025359
321807221
623589083
925370945
227152800
528934662
830716524
132498379
434280241
736062103
37843958
339625820
641407682
943189544
244971399
546753261
848535123
150316978
452098840
753880702
55662557
357444419
659226281
961008143
262789998
564571860
866353722
168135577
469917439
771699301
73481156
375263018
677044880
978826742
280608597
582390459
884172321
185954176
487736038
789517900
91299755
393081617
694863479
996645341
298427196
600209058
901990920
203772775
505554637
807336499
109118354
410900216
712682078
14463933
316245795
618027657
919809519
221591374
523373236
825155098
126936953
428718815
730500677
32282532
334064394
635846256
937628118
239409973
541191835
842973697
144755552
446537414
748319276
50101131
351882993
653664855
955446717
257228572
559010434
860792296
162574151
464356013
766137875
67919730
369701592
671483454
973265316
275047171
576829033
878610895
180392750
482174612
783956474
85738329
387520191
689302053
991083915
292865770
594647632
896429494
198211349
499993211
801775073
103556928
405338790
707120652
8902507
310684369
612466231
914248093
216029948
517811810
819593672
121375527
423157389
724939251
840059241
141841096
443622958
745404820
47186675
348968537
650750399
952532261
254314116
556095978
857877840
159659695
461441557
763223419
65005274
366787136
668568998
970350860
272132715
573914577
875696439
177478294
479260156
781042018
82823873
384605735
686387597
988169459
289951314
591733176
893515038
195296893
497078755
798860617
100642472
402424334
704206196
5988051
307769913
609551775
911333637
213115492
514897354
816679216
118461071
420242933
722024795
23806650
325588512
627370374
929152236
230934091
532715953
834497815
136279670
438061532
739843394
41625249
343407111
645188973
946970835
248752690
550534552
852316414
154098269
455880131
757661993
59443848
361225710
663007572
964789434
266571289
568353151
870135013
171916868
473698730
775480592
77262447
379044309
680826171
982608033
284389888
586171750
887953612
189735467
491517329
793299191
95081046
396862908
698644770
426625
302208487
603990349
905772211
207554066
509335928
811117790
112899645
414681507
716463369
18245224
320027086
621808948
923590810
225372665
527154527
828936389
130718244
432500106
734281968
36063823
337845685
639627547
941409409
243191264
544973126
846754988
148536843
450318705
752100567
53882422
355664284
657446146
959228008
261009863
562791725
864573587
166355442
468137304
769919166
71701021
373482883
675264745
977046607
278828462
580610324
882392186
184174041
485955903
787737765
89519620
391301482
693083344
994865206
296647061
598428923
900210785
201992640
503774502
805556364
107338219
409120081
710901943
12683798
314465660
616247522
918029384
219811239
521593101
823374963
125156818
426938680
728720542
30502397
332284259
634066121
935847983
237629838
539411700
841193562
142975417
444757279
746539141
48320996
350102858
651884720
953666582
255448437
557230299
859012161
160794016
462575878
764357740
66139595
367921457
669703319
971485181
273267036
575048898
876830760
178612615
480394477
782176339
83958194
385740056
687521918
989303780
291085635
592867497
894649359
196431214
498213076
799994938
101776793
403558655
705340517
7122372
308904234
610686096
912467958
214249813
516031675
817813537
119595392
421377254
723159116
24940971
326722833
628504695
930286557
232068412
533850274
835632136
137413991
439195853
740977715
42759570
344541432
646323294
948105156
249887011
551668873
853450735
155232590
457014452
758796314
60578169
362360031
664141893
965923755
267705610
569487472
871269334
173051189
474833051
776614913
78396768
380178630
681960492
983742354
285524209
587306071
889087933
190869788
492651650
794433512
96215367
397997229
699779091
1560946
303342808
605124670
906906532
208688387
510470249
812252111
114033966
415815828
717597690
19379545
321161407
622943269
924725131
226506986
528288848
830070710
131852565
433634427
735416289
37198144
338980006
640761868
942543730
244325585
546107447
847889309
149671164
451453026
753234888
55016743
356798605
658580467
960362329
262144184
563926046
865707908
167489763
469271625
771053487
72835342
374617204
676399066
978180928
279962783
581744645
883526507
185308362
487090224
788872086
90653941
392435803
694217665
995999527
297781382
599563244
901345106
203126961
504908823
806690685
108472540
410254402
712036264
13818119
315599981
617381843
919163705
220945560
522727422
824509284
126291139
428073001
729854863
31636718
333418580
635200442
936982304
238764159
540546021
842327883
144109738
445891600
747673462
49455317
351237179
653019041
954800903
256582758
558364620
860146482
161928337
463710199
765492061
67273916
369055778
670837640
972619502
274401357
576183219
