390031053
823004398
671038881
242596975
158931428
768592194
829450027
471122400
391465104
655008884
128482651
121917001
137703245
792983687
195546168
227385038
943542143
760736883
806783882
483463430
182270755
563065858
124844136
509991922
437576696
105837842
765189201
649052271
851199569
520129871
397924377
282907120
1575313
929909613
28709314
506966889
342058784
470161221
120243484
724142800
909418976
138637208
966293065
273011925
832917001
515815696
620188140
140115232
40983118
631226400
643803580
226874880
477058286
779156526
667763030
26415586
417147382
634841288
488361841
692169375
466307312
230535289
854180658
173802102
73850227
556817409
942463220
355519981
911875815
673758075
687082897
83232578
979712992
774191850
763435314
678590926
383342044
433544114
531378398
556372546
921541885
651144572
645463374
31560366
56622391
967098517
933460786
237489870
426586180
214077494
888773127
192742193
830921469
981641201
537081072
357107506
630427678
573189205
341221743
293356109
404514099
717753055
793493945
752174354
937596957
680063389
910917874
208574841
727536262
971916854
861673938
264139511
910609785
458609107
100827731
356266052
925291942
839782086
299753215
552687520
620419901
118842130
730631074
218782200
701123054
508829997
510731610
714283754
121915174
790387645
857487113
345251379
807411365
402934717
46938166
541283970
606565854
492388875
776269060
43406702
681550639
978510432
174686515
68520555
334506045
934983115
16821726
883836979
832150757
725658685
941980366
504301867
379058839
255288864
602663378
451823892
887586355
713706888
109387564
703402370
598935122
325316707
206191092
307529765
557752163
724860147
395343755
271854660
187470736
62529262
135386806
732776397
503925749
23391795
18136616
260200569
6442695
260556632
259121043
547424242
349441126
639859046
524126456
109985003
613247565
307255374
212051047
799681673
909158317
905075362
667722533
455340265
216048036
456469194
905942485
219767095
23301368
179818561
265061995
482148761
806042513
392267110
784624468
549580076
272764217
172475837
248998503
105002000
412002410
629853903
506372803
144114585
903395398
684946067
105459717
486701486
145605176
133679962
635255161
721435350
466147912
8773002
13490790
991945462
655732750
911260748
735010890
609336598
696098057
459953203
953335235
982373205
986189047
607776011
457945334
794565571
516856111
615190692
771683947
320657967
938754679
597378555
859707270
445498264
431582772
768982004
528966102
323358491
921444415
488236852
658324161
34950587
445180723
962897105
362277697
620149186
293596089
623012775
546766794
960039060
838418084
497607568
357902766
504790699
501504711
675099023
295688906
173037976
764042383
11321189
440263648
114495136
763232822
786403846
159253906
523889329
511464450
61398607
773125889
836048356
157729836
324762435
608491016
413637074
270760099
996697467
699138067
927736213
536536572
283451182
803708573
439441654
366184992
147956540
981924764
28581883
234152207
651255059
234957605
518319466
133168872
854339523
624389282
534615441
889016540
190046049
355811893
154005951
127562453
568323582
574947358
667991541
645239203
602923890
728907772
910671836
338463523
433151968
764373364
208574481
548720206
167340704
273011849
310073842
837329921
193165124
392925907
560563514
784592161
231806708
162113891
545540483
881346090
23286872
989052860
378077953
917325560
726138363
495800252
201765898
502252674
283682112
2249813
187907097
240276549
308336174
164677707
413261197
601199225
69544129
913140805
451108730
271159034
923431714
683215474
210965882
827585687
521736498
43260317
82718516
36633565
545072697
904266987
582983163
526042483
670614593
313261825
122808192
11898561
264169154
252763630
532350301
263912682
393212947
940715891
70825939
276096133
321790515
918433200
144901065
512786095
811946312
874607624
972909312
497755250
636609482
408966608
93373871
191733163
728934854
938012826
301474094
781049369
434007308
593790353
91649048
78493242
249072534
441495987
112561638
10308
533750743
988199464
444175646
915395947
617060277
630861859
149489218
490287927
123832856
817055328
32276465
647778587
448831817
241691911
694259165
674528492
922694848
196375910
791970558
472924098
683301096
781845829
994129851
53391656
478674581
248776585
785979483
930161182
359963905
681321060
320105395
314712213
11315519
984264923
462588964
47679825
395672779
336714621
532081365
229027013
384170141
9126718
738893587
875521956
769915029
529685274
508503659
601259198
649319563
669172320
820957826
550189580
127681163
934086777
625326353
840410785
63438256
482683456
382288249
536748011
207917426
175740910
428231265
300467622
485749152
580326726
728165452
333265208
611249931
188181533
794703998
309617926
949170867
135032452
648968148
767053614
82258971
678796502
354125182
511110231
740722555
29648924
385917559
872337405
751272828
335106574
98912926
721859334
211334341
276802768
439014489
914974915
43333561
321488166
995657530
298857287
268279425
956569354
426440019
329649599
455565817
533991936
328028131
107025237
199288582
343069303
68965147
334163236
786758647
397570773
790176086
880989488
611897500
267939699
904875452
837837884
426672669
376028483
64247802
614127599
985785026
469138926
488379325
330406851
121677587
235865160
218604902
987408568
282000701
192824820
505248878
305303510
240490768
749863446
772249767
895247594
639957422
469425940
270885781
103201862
512321602
337258595
99556171
670933267
736229921
656662209
205948959
496475312
555880182
451938492
471045742
344294698
144628590
106860403
666748020
651239289
807057533
783580044
718642903
58822950
712872854
987226655
685945470
128709626
385738226
571363672
43105441
617253377
559344076
271961045
943111943
581633813
134120658
695538511
998966556
279146924
179414145
851667899
207052566
471132474
519946102
278889612
955749759
599784237
168153803
356578242
89894798
86619223
624377705
692202767
915497528
806612386
272225025
587519691
567896534
294644710
783233493
875870123
304198314
294628825
972940989
387888532
282345327
895418994
854117272
718515859
466461658
181428032
897594478
323996107
238699219
713820358
576821449
460542909
535671826
653611358
912018659
874628873
793190547
544765237
500050135
904480369
352238052
165756950
671181406
215279493
286385812
990781200
829184844
377867498
842044845
412264958
387720862
588605567
779843604
810849991
866160372
296419259
392210178
756935365
675338785
358189071
831165262
34927302
884588983
57460533
893983401
145838395
896594341
673091324
139921259
278361882
962512856
289643067
774407161
419108264
491784365
123417975
54170476
357850109
881171874
227961652
490941155
198466874
481797015
352859533
70232866
187563577
808613995
111096056
178287750
733035798
43933678
90918147
551540980
275164099
78213385
764544308
323655799
469016604
343735137
806093914
226574040
688652180
40195950
743493172
798344923
735837900
984418333
653997950
259006485
72137728
924257057
569689324
330789908
331339441
387741795
454355272
294357385
377680912
981213863
947778425
734789682
576808098
227320389
230181229
444135334
481217705
192591056
797999966
578656672
917603768
381644292
140784415
81086718
24921498
435058286
921579828
176638548
591480879
703067139
895317488
986729586
420410403
385883878
570222542
800510604
555305096
599136894
821413948
392096016
926411907
298378813
525100071
350288523
556337296
778929624
296730348
620477788
587573118
169561800
213826677
787053434
399699007
325980467
548758686
50699006
971952183
44879481
390354285
35459871
564817477
179823124
268537358
951680539
456842898
250165546
301556985
351168285
431165969
694423174
663249491
704194113
446351904
11648953
465423157
199646354
204164459
527620679
100966575
843469626
209432612
240687231
591598593
654657335
442026656
307176094
709130054
3190859
912912424
654761847
681071189
585508748
679762888
643613995
236332296
914157908
273208910
52140792
779542063
758269071
171868164
179374664
857430349
75974821
630296420
317778415
657102354
357986462
627786170
571184077
432670166
93685586
608352075
729530320
519162624
973984549
215426194
627526037
683679810
16637321
520544005
286781067
174262546
593839700
230761976
413972573
877330652
618755177
568535530
861373982
664239810
915517871
251301074
845604597
288570410
777227651
485258216
848299312
56324558
223004531
537954538
791434839
759720789
819698121
376202162
299477581
959296975
659737732
486881171
157983564
539107430
193900323
157770216
204112749
803498133
298905696
639930268
689910349
95176136
771862365
677637665
699267317
430407260
513743884
92335123
433520331
275010270
48951822
279769193
772795397
327888723
15520352
65947709
394834487
986597801
568699659
122056555
382160603
209758026
998771472
574340120
582183
779169169
304338236
750573643
68539387
207173758
712822893
663375925
600107977
152458467
198345355
788149273
916772905
523230458
52467612
952297537
576451710
303118250
166993292
727733183
272505310
798059525
10118782
327241510
865685540
958326777
957857695
962415046
276295858
840111140
153829395
53140522
506140080
724473794
626479102
480554059
730894508
779726219
159453837
759787680
469796314
296655438
603414850
551189386
389808965
125593858
779661698
244398
548213081
314646423
312707575
273024242
442435846
222423921
286540256
883052573
705609894
544235217
213801685
175198883
481360113
926313810
117964178
259812790
809452873
334227146
21037924
651852249
591562670
400446106
140055521
557414982
645236282
843813483
991647709
950688607
316003937
251498695
82762565
682642327
629365525
248398485
380158321
480039243
43101743
272394556
24911085
354724419
616830260
261227855
8554117
775048446
246869670
813116517
73386971
39503352
358274957
474272350
141985443
192687793
172364191
268265625
145886830
3856817
384264812
800116812
862804809
699504992
551849343
169429217
39475014
887367486
319954086
377558280
994386895
132927597
463548415
602774291
277136486
96811997
537249964
409773631
342090279
642694241
713849207
926222907
599083307
898656257
73748837
350787628
776644235
242056130
100900565
448005667
51181835
53594877
415556509
545335718
313088245
725052391
11628107
280224561
522584903
333001177
888244273
916995120
75333516
60686004
661571073
839594260
979643964
160247450
392712687
194663291
207691639
659489140
207852909
683968594
364013880
709698645
365845944
159722640
202682553
782165275
892001347
904740639
398630795
252120913
894004983
869729635
867698442
727498015
533623513
639220837
709644386
620962646
581811073
825512115
815665270
670876173
252355172
116936458
229962627
853798586
737165334
453113722
77578773
669165931
164061943
989135708
654889968
597499923
840964976
762512815
850342063
386792683
885653434
540151022
553128531
366629382
789275806
127570392
523209401
985641862
503553405
239237046
602913370
111981684
36467558
722511526
197249575
677691123
833475035
254730181
136863135
984148359
929190126
894757739
64901526
816049472
447536489
325374392
142760353
55083354
582927782
196693575
651307635
753281969
155314942
947638983
556945473
496910471
663262973
189039233
694480781
569758826
631567031
351366729
905262130
784889540
297992191
597729213
103933961
448831822
331438406
647098984
485880527
982102343
275900254
313445625
86746094
438311058
572669827
913783393
778937051
416140173
852161749
142978963
835031738
158310481
953044535
821513567
730288058
453610328
949389536
959073106
50634121
437405574
648344199
467718523
611395019
875422321
801264747
336997078
312202230
764845077
172552099
586692840
202334878
355002487
170503588
281483491
756923608
811696787
299689912
117697689
247280396
460319376
609056192
653938219
5610271
367167280
279459551
938601934
506713284
817345085
184581352
834592275
258248158
807236466
165037131
985436982
486844608
857846906
131348820
229614586
543723039
686922081
459207002
860396553
315447778
370653703
388052219
810594947
338494723
996508300
311291298
715022077
77324470
83262421
338437387
905306453
845374939
822677215
526449335
926535075
406034659
552304339
940876203
208689012
943050607
691691382
166330570
636483303
533341314
318469322
608707174
148873426
130557379
43149903
668524666
218100572
324791611
625403775
365021830
531370006
352278168
609620568
799994127
284780989
94956972
501552405
402236470
973202934
26207430
911813960
710297269
357555538
715232544
966344435
789546333
671925624
257974839
870040025
149738797
325298164
349953594
570182233
20996686
105297215
115920939
511560654
418347302
431271173
576871357
357023960
612460821
18797766
517293848
412194299
494950790
326565130
25275677
354157205
861512670
376041064
779882744
80806649
966765126
937087149
641562435
215445248
936173023
564604152
184750324
34206672
723332106
564509378
80449498
283830260
315291685
458750437
282569053
379856299
202170709
937300936
940193091
320275779
48488761
91876756
287578887
904449566
983445660
39403911
216894930
41282048
372364808
963513591
511198950
994838926
370305474
145784046
387283859
751813908
181865357
277356316
159219586
356225680
660260470
440439869
712656124
251268041
139500294
550768591
137758030
929620363
588237102
840187658
91872985
181729497
509045065
375100024
699540426
358454895
330152359
806213717
613900850
233411228
955384999
936278750
979479857
111147699
220577309
884692339
545088218
102791508
363180416
202172034
606131799
605292395
535233970
724395490
241447453
685306864
355163367
63859009
96439088
452417718
914512648
171324509
155752447
774957625
788317669
629602778
889748966
161432762
314505549
13318577
963555937
10128410
268289947
246945439
590631447
205659436
519741873
955411827
45494104
847874858
419285618
946952050
103798535
210926033
35622467
94675017
621543568
593228976
434480983
261278709
770750040
225477398
178031685
577947426
865134203
389910902
416990329
343410792
512797730
895310148
155291184
275958031
607884759
951983678
735990444
116703620
897937666
286778210
660206250
150248048
285976063
824374621
85152443
4299452
370744255
936511271
96453083
734791495
203232929
643007052
317355942
998777007
653225621
572602916
395666464
180606683
21241558
249771990
640672060
693819384
738364265
802561204
808351692
34969659
965131723
379351935
398213597
402045596
67714044
499476845
505688104
118229631
574235721
589027103
796064564
934936601
911898761
653608567
744419188
897343360
471598709
115926799
975165199
463455102
13309437
434740660
856301466
872985002
625633505
167174419
370251417
954338675
409354008
296650561
200219164
65602637
750747410
643436709
437070006
943185687
355650763
128616678
175486498
780181557
306867265
899616854
930011614
378374342
688573269
504784852
232920189
932045420
315234469
11028785
605459772
394339701
778914767
501450003
977379138
873957387
428499604
751642817
986219888
288441979
773295806
815902900
412209162
294749626
970636512
392882983
343386595
691795220
787950161
729983652
607497929
151154376
286360200
514278262
499637249
673652456
823086657
760339186
763408832
974860701
507091480
689191310
208559596
670195835
830422083
151803909
83913157
844835011
660537821
520503632
277214073
125959884
612678687
540476437
747848029
809163827
35076950
77499792
176850841
341169170
983888905
65373784
180414667
796146693
400640393
574097563
97945772
631761695
881837683
735223112
643282321
397472986
911679054
590271375
637776340
659989558
462652482
756749220
665896360
541598423
959046535
587805552
897335341
813834070
35755315
576157518
803636856
583560838
516178844
778626366
642618879
534281063
8079608
943618924
729402459
523434011
771095581
222521323
914369214
130708495
585015984
507624483
510089254
491232829
642379802
872060392
877602690
461084932
198589866
362600448
429344892
308089253
181011477
359426473
617333407
554595839
521204381
572042643
25145399
128531671
509131119
111026080
800177511
359794463
303545658
906919467
905265280
766676224
171865786
844382525
974543336
608636420
246098244
106785861
832303818
533334287
45085503
151851619
681490280
123898265
984370496
809096147
302342417
824050309
482758119
198533281
936236121
92451997
586928978
950417352
926279136
367407354
180582475
22975928
865164595
257338526
261161766
597454855
819442505
282003831
249126812
848076181
697641042
591474186
34894689
617736971
446778464
907240895
952620027
576958085
963411791
961748069
909578532
258811542
564811657
292463934
927873557
126609824
722760561
226302770
129352260
210172264
1649826
737825443
757763619
335648859
112758329
41528295
312274486
390664938
525523513
226062966
553250116
397524705
247429491
558872649
120304224
594680282
271912649
63909962
244443244
138406544
467580780
149181536
640227718
716120124
218048508
465512474
465881608
916953471
347635464
993514600
133747588
244318657
871176695
57564740
593807151
791176875
887804554
280922059
751283463
784408651
48757903
757498054
296563277
977246951
468678065
962211362
149555218
108178356
797982526
358616675
562220188
78036383
354153300
546152329
711292973
353282065
136724694
904884166
871443733
477871344
301541968
82712270
659939009
700718336
839390656
660009386
824666709
384024999
834661506
887344650
379536167
239153957
645959451
312366698
687173250
689247322
227435942
453042764
553499085
993621139
354169507
525736212
232613062
882224051
421621589
159720488
986582133
300197142
381811131
404453709
812864068
229483374
384152124
500464160
641937025
724990355
797110205
371548970
648433214
53243898
37453641
61621191
887205326
669981612
53705298
144805743
187253616
280725233
139022918
962587492
821909697
423697295
333679296
15476970
904438743
548927079
605634495
998421572
623909217
698504000
476582866
826827130
337249037
823458527
614867170
939187293
10279406
881526890
812623079
8229462
608271680
449317771
523511377
28423922
163215639
443014233
960420766
247905112
415139370
304093039
605113594
269895724
180967888
689041816
58116020
141729072
356653123
979263451
451345708
773373929
308374030
580273510
793289414
951254495
360835565
29557889
869280086
132485306
73235408
750298060
989422419
831085655
355009939
350732320
511428209
373559645
708692273
494329954
330387784
375529393
45925588
335170731
233566488
533501300
379489048
964186918
313273933
481852013
972512131
246190466
225772741
870311430
136674442
498443903
824098827
506972654
962963073
936704278
490022931
124614295
976284976
192837217
851781397
99902763
837890629
935151394
850472648
102322324
699083404
689493054
732034655
15307344
200456184
620279618
290376907
820439577
120652640
734759315
442804662
887820693
554763227
403892244
945670224
594378823
301163758
381880873
778054700
246561595
122488636
263047464
51494591
619058503
732886675
647628568
553914142
536320618
198313386
802398905
436741016
492427277
396733521
750027974
970057738
297621347
973525307
98165858
942594977
642828521
44885760
85444683
714589170
289625529
373272152
664060572
706417430
789516519
90181360
80115350
393950182
52229885
55728092
682013984
417757982
674312027
774413042
537709727
650603571
771206990
450885768
718674065
550013211
33765121
768976958
838905470
811323610
609248492
834957635
984399888
252075714
556792454
726266305
102012031
579017098
213049459
818042702
672500231
864775482
661602727
15538915
534034937
932857746
584184544
269581087
89375082
988337229
21700975
50203874
362596077
555864947
370533685
545098483
51148338
127841675
206888
925514472
149253426
153239145
74691095
526039546
876983592
741583299
971218509
606597787
684274142
471281025
345638670
404098156
582365918
763962134
398355736
554157818
471839167
921305978
828164046
457993234
91105596
296589103
736312398
406721051
260526750
273804720
770799096
243464535
535044736
207876149
172947193
254954006
915810455
380064883
374853307
711059012
634066974
162609268
55959834
645978178
474348666
638115332
312060309
888524966
227882927
680160644
585663147
455065805
652327354
804874120
56750783
217869822
560913564
184319008
567325284
726789165
388985692
533609472
348668462
598753017
740112741
143112892
224118993
210056250
20471173
492017231
605246827
181678753
638828973
291036329
201224939
92631839
8894680
121847708
873186485
894493979
385041297
809179185
995792804
731212857
474323751
758738788
626199290
258602190
594191091
234306118
638618382
246851282
982342643
985254538
24505341
889216968
176324557
1468685
86232995
844976888
54248144
80786945
170139561
108368866
235998701
352247117
613144613
295644122
310953513
463859327
12401452
875872783
112460143
14850169
684661364
986068895
729290145
397656394
770403810
202254634
166887776
976419454
693047452
519328303
133119533
628164877
269096454
74213930
458537614
452610131
749217948
637399344
716217980
636347276
96508611
944719177
409935195
229023434
93832322
554975431
556187392
205636408
492294858
803547316
591562674
568832059
485133021
711253676
222546750
661110215
281319257
393264462
295197290
771305960
73524974
125614010
90653401
32392320
422878189
527059984
362616196
724984356
58920954
406438342
271218310
579137272
666287848
753344745
299444044
546360844
328302233
132465088
703682072
789434249
460468464
23591741
747927254
6807543
573869780
113312110
670501019
647872505
655131798
125319863
580460282
200003909
538150955
139448760
228387492
909695089
766232862
12181328
164350999
696601433
6312242
634021421
559226945
73316727
188235957
1232835
993320095
702925513
203681788
171623811
111731061
67240332
698387460
367981283
825124272
61489484
252586942
762869755
731549465
43737606
257894889
724561392
230917095
315627105
630023060
551457272
375758836
11192536
781258862
638670856
356736304
896579365
686599217
405777068
290167816
266796689
366904787
547400987
682560618
806803929
712947759
31162874
355844713
208010603
18827785
838177891
85876894
449825135
952145582
29604500
58164582
317170734
346470638
6990981
35194550
621578644
555561662
782442084
794581920
937048135
941007335
261895784
958578486
56007840
238310982
114222631
521403556
130908420
97355602
894283534
914232275
575258373
386393884
760257096
393365448
927250470
186097832
200354454
368182457
505810049
581131792
213535416
916013332
36573997
168402352
78925708
950020108
899721333
925253380
182774602
205395871
898818654
154191807
816986286
159325313
248847110
636425756
213284785
244421523
2726945
522284078
810296926
307328044
177564194
987053334
434502351
253312557
251464043
311111006
208048119
587222582
770820489
869983865
813919024
598642986
79512974
471265269
44398369
245689358
801245755
879678193
863147932
207326497
218087882
88204986
59539956
972136569
186632171
520104376
872322734
343906228
23822664
324582043
521240226
252009711
968223214
241944965
266936026
650945823
138435579
825893028
279035907
68370487
703383037
874480500
983201453
226727704
17830052
296277078
7872238
108198027
709926005
124683819
446928524
890541995
823307168
383902399
434819901
822843340
57874926
670749892
505770835
419585208
909611131
844143173
33260720
209645924
437286993
96072971
300197373
559028716
862247716
630076759
948576436
71735936
656280514
727094363
606519375
864861777
152724937
550132353
882171167
859121733
347379680
11118435
401960689
730988387
821589581
616198814
471030866
785454529
357044432
196402165
153926223
399348324
665844461
814296354
398910043
439184576
323029742
564491680
943347038
985280100
733112338
732198247
54564363
440491860
718855329
34030635
163562036
382536134
484892902
14194187
944206920
10231841
95768240
819013866
759237766
107456658
635400170
50420546
277089920
992484802
331220916
979355091
797359915
154665147
12721885
6400804
52847593
311814052
697488702
793281226
451929742
554228822
542229993
599920243
971566559
461139509
271436563
250680140
34601001
490906680
777682300
58268575
605669831
748704008
733700249
721266547
415105369
200081481
37870478
40454953
583573043
496544034
920329946
671946232
104434591
701892659
140726261
132863905
763925480
171533981
477033008
159374532
925983654
26229432
218637975
45956796
804063186
427166116
870067850
163100364
485514237
378738505
72715351
695832199
155743465
995688797
594212222
833776587
470501023
91650995
930142741
240333797
911830119
863990449
871944234
185343294
39018818
911139246
104168567
863591991
770900556
668386866
47764823
25256800
948356601
266537510
145342502
250113249
883801641
514810642
565164606
703928236
161053578
516082948
96730191
837332613
180610009
821387680
233571662
793075731
35083261
855779874
766130524
15988851
281931616
291003504
849737685
404669612
530401969
282321563
321431580
148104156
902009769
506154848
406724144
439321154
705680486
744760704
721874730
897890654
833385967
334423438
820735638
447602268
832959868
426770682
405442429
459807610
184861901
552303676
441087329
596019269
393702655
151221670
585781742
731276375
6931163
683863923
640308488
916952414
38179527
491704540
531116048
141170541
26144158
756196392
840188937
394700517
970992235
780316388
518006885
160448871
680384751
756242361
925831904
654494681
964999865
773472967
941232559
504683698
376036341
852051988
772754007
61321562
170213489
61501117
29494072
708545309
643574770
102461182
857624649
323897816
761446254
176089012
950748918
737687888
851142492
836029599
664025070
166713664
69415487
337550753
703288158
40312003
477924484
555294182
899205157
810758911
186421577
196148983
331017211
923333138
216283485
830908767
353290246
576390820
59291579
519825997
132727405
152489656
809413107
484289267
566484977
510724576
576157365
871710272
90930417
175079509
983883596
530423740
377237043
543936797
832783172
715311779
732746132
504030421
528716059
28915447
656917964
219018441
585162509
728185785
271295619
676637673
228133406
670639389
662857682
210706473
871913871
643035200
379618115
873519915
256481585
839646587
573086304
308613714
781827069
418845817
428605165
572370789
654741572
547897969
881579173
176562155
366721986
59393411
499605384
637115152
223710618
791998136
443390301
708843929
246641556
59546895
143248091
484222249
337431891
599487168
844077602
819166600
139122729
305891242
299566762
916549717
959073471
194566573
57720550
657616920
921133966
435251206
610532303
340941712
140111465
977265256
171107933
252947572
752279027
137599656
583504698
752636752
257071944
725181378
914479563
97294514
582491410
110549614
287433644
288491703
495276674
413733927
121933032
895115060
444443694
311251078
960272452
504640199
107989163
335016991
495830880
581809686
977465634
478713797
666062472
106600016
234065887
536488795
783100264
29432998
294587028
525963202
829982496
813070331
691701378
149218755
641087251
772705875
234107102
357364750
181286156
544736030
780850381
459609687
188335880
591083235
989586570
79502927
978195681
794483886
442597996
844217275
597604335
126962740
730258762
518487830
975026548
738594187
249165750
491170625
726444426
63457957
352139779
64329614
248773331
106481644
275359056
948770576
294885082
571315323
67428379
676003071
517566540
441835075
508943460
474507176
968322321
217741748
397418740
438490904
150222491
349804630
393807089
971566949
472233759
992307846
773023611
380859383
638745693
315217853
76186550
491065395
555161662
54839446
448104820
447083130
845071351
20751583
55028297
348506746
664030569
371921597
879295469
901190564
790677475
319535967
498658505
145961698
440476971
184674280
267550895
283403409
433549433
139918145
355681578
817882110
240158012
516212521
749541232
227948562
917157645
921738443
397377383
449982878
757727409
774681612
150043544
88087634
980074036
797482296
973104356
428837830
417553299
908630438
382416027
316260655
40201938
737119174
686099135
230742455
384540199
324712534
98746184
467925578
229077162
906906396
330992201
781637898
817998321
483940213
135788906
120474369
604806392
114615315
452225961
228991168
100276255
571144093
964109141
238180148
543592874
616413637
880420688
347443266
766994889
271434083
533036620
218728958
506184086
596458693
525674294
198503194
466742417
413104013
144453245
947711307
673373405
66653829
989439024
79550472
324583061
778280142
187229420
998576960
505922024
169941627
406445526
893487874
535881216
684261031
934472765
43445024
980429615
378873981
634891425
175445942
330876294
497709820
810774170
202551883
977320673
291015164
559651869
481708308
675802913
605343972
985878742
2497059
936666405
477038711
985849375
403590777
84662425
768682000
484052171
372377430
360646698
302551898
408219479
507336326
80500755
540946434
976384320
184036135
857408265
297786665
513307356
1788773
775844596
916463879
825429327
113239647
512137408
164487338
718013273
148517273
479572420
24808583
991003932
486658158
163176507
791121386
483672402
336273849
572902094
560325441
77486829
168488035
420438249
405320844
469135515
527260337
149230233
499041638
245885740
671259622
334902252
795099716
755830812
158877849
759007419
635849401
580853166
850475247
994540541
944040603
143431838
912605870
201415743
936463776
221816718
779199937
276405725
818459145
588616814
483332510
810465682
510219346
289226764
789827450
738065579
190190267
486560774
28887869
924763942
762038125
762882853
330393958
573446629
620070656
381598169
437805789
354260596
537481819
886968566
398897428
131598150
640289024
533183650
454537265
327397417
730318354
976415528
92801792
880201260
741156507
331058362
800893627
279274033
129943218
977998961
824339284
918002031
675790031
973927782
539922768
854479018
817615259
899480292
28899628
67674857
380921181
122237531
923712817
954621914
612178281
427918008
44517110
367376709
583703458
205659926
80657347
573479146
258033897
36619133
963941893
910555533
686977466
223116578
521742852
678849537
511521579
376384010
825205745
965816255
764402438
393298623
906635330
281524345
487681362
92932751
489826996
577591906
428080625
763776657
755751412
808283405
745447136
415995468
139045486
996049989
574378149
965324025
861295356
435964387
128229764
658383559
819390183
155718829
343252678
216699706
686416196
345520103
18777436
301205905
913224517
780357891
260476097
265889163
839130977
267132705
175490383
126807326
100614395
45669436
851943405
461048829
350702868
331952281
227375567
346360712
543363808
389369655
154587060
476214293
488923751
805879279
262799008
267728260
640499757
138230384
293423385
324654115
866777927
102324283
978726531
792319912
499570745
788131923
821085617
496642846
677554147
969435732
272822475
219352201
384678682
704885809
817625918
681455039
892564722
412238242
408117515
502338314
157215051
649334259
431546826
947403890
484157389
803141407
105336635
797255248
482929319
575444566
216920094
413758761
508934685
645532396
354456608
436785819
578030977
92787351
90111436
3417507
347446163
729075945
436959734
782101722
98660437
103141054
65426985
64746382
358593731
209819917
42300417
77495951
255463011
262056802
230377698
583434335
52082525
971467058
864751602
931968990
212283876
36559771
436191476
880328860
8201737
258151772
368320351
475125677
595740008
83246396
131304888
324524947
830342144
151712440
846437690
823724309
363061433
391563837
73800038
574598900
737818485
583136884
458995689
970911258
917614374
170736951
608318230
235255745
979035183
633962660
308090162
862041765
90029960
8833271
902269733
838338866
605938838
82260111
68672589
145116387
618110667
4972177
721556158
368148022
140967736
918735318
162690287
779539413
178648806
315817931
315392704
151269771
542363252
727971371
127735666
104875058
691443574
791639808
869725345
98883159
985684608
839876535
548621731
699198951
949129136
41006352
123989527
718492692
269829522
62550450
137392710
855911810
187469787
262104652
666503113
256966048
465987591
525975206
190934218
169069605
350200015
193646866
495499072
398370603
15537862
91706969
621180015
535856580
332959900
144464878
357452053
279036928
498947424
553679519
985837993
518312861
826540289
843890668
440274434
227150985
260250993
344786036
856063383
364568199
476408286
871518968
595062519
262138794
61634024
406628475
973679509
189635715
280358040
696732344
759348640
994099255
689395611
471747312
674486523
878375942
501279241
756259372
801953581
494645577
722294722
342049360
827546703
92478323
776147349
947288332
114794523
761260837
40784657
336621248
505920488
382827000
61042407
537019857
871662749
544545153
742295929
980602138
43364035
156602562
50199902
347313932
262235771
235785327
683359236
50522683
527005920
892191010
51412086
147334682
829018188
519501097
5517246
304909928
547885136
434334755
843821312
566164880
650703896
747682029
848195201
557969222
898374555
122795495
836845108
511714111
978681474
441759238
869779781
138381979
160131599
887510341
463668284
493864315
941603376
218073889
690681681
675603519
646489480
68524535
449043372
742098619
556042448
288561045
675187655
790187563
812495066
907290426
458941335
183789288
18469718
599077795
453884562
616844744
647340090
766551067
507262522
704505569
335083065
761438401
241090958
672775349
747510667
83005263
19985645
779770340
963698443
809361153
800373849
978716538
444359312
25932928
632757920
829264406
605995951
423677313
349401605
490065259
826080412
361477029
166767809
510813660
382301233
936423307
219444003
247692822
935656911
462862301
349794077
347918816
81571429
184640425
278634883
150965453
273826612
903871508
260617082
743858607
764867946
465860523
936858768
477247248
838407419
256268665
95261032
618944441
609935806
854807510
964651731
812483367
145850297
783843586
910524917
289355613
264144047
792165962
521409198
78079264
301206986
738377120
600902918
976881485
180410011
879335041
880201521
624677697
576942760
795067371
906413950
556706543
20261549
632910047
593987331
372249728
195147124
85453594
923514350
263967092
469865795
549965318
929351615
713775425
299159242
324648765
658508670
838657647
767269436
261697392
856826670
643475334
432013551
117593494
310582956
540398807
252899302
209739495
983383080
872022269
753757874
437764782
320593352
428016000
588369186
704812323
351018879
790423230
459868098
977024553
790882472
286284728
210124965
17982993
268447221
479445402
199484941
390313606
613371860
417627801
312819793
528894137
544009456
908415231
910573494
871890677
620494031
206238236
728262905
207813828
737831513
305579694
485580849
765389917
34243229
20957306
205545022
563340842
664740353
930215824
857697532
631649666
271871694
116825564
634213124
938731578
373993447
602268614
518645802
865566907
941734550
368878025
234299444
572348156
910144440
859613885
166038214
903651605
123538029
669510714
903175217
987533116
883908469
94772033
611141749
314226332
327622329
813936601
652088471
52350041
148574791
446281540
320810178
179566630
832935139
192652060
454466562
738155217
435005254
16894514
326182494
800512363
4841740
155942370
363375728
779211351
533456420
763505560
481595427
374630196
628578899
235436562
985936357
457803460
286438027
759932618
301464139
671417782
963343180
941219574
661036225
231267070
741283226
348155532
997547630
59536917
319964398
50455895
280992153
749894555
67914954
35680191
51531757
172054831
261768010
481614191
726637927
421898524
99246797
621812927
346516544
735974997
371786075
967869908
159512232
427334128
180179770
832890469
857022463
506304627
134888761
247869373
611092414
848389231
672145524
467908249
55156014
165963580
129876728
348377517
565422730
520638686
724399414
202445614
819076592
208835056
181344341
821634909
351096988
737455492
620527527
386473377
933595677
953996453
818046592
87861657
321700616
171294761
68329663
706666748
333232541
296739552
663497700
700344425
560779336
731104000
939109054
539687349
418483909
749565128
903191051
323578075
832350284
98943988
198653654
2921088
469360107
825661926
714234242
738467671
172532784
214509609
822207926
438630981
955031460
771354256
980794396
327963164
467549833
165119755
891948810
615746850
662893148
725654146
870442562
829557361
719573293
718528208
428999595
400891374
843601681
70134028
886745354
433371657
221463761
90097205
77505082
510636264
882387388
306482031
829097361
214118054
315947261
219630852
830157037
989051269
194004963
405740106
841327758
481504859
749003175
703322899
492092179
11001426
202436319
249113089
595416271
485798534
867852079
924187928
382246345
634716255
236769730
540832337
791128678
330559308
850868372
795494937
276561276
78108250
289530085
14937041
39486496
165290009
575143023
277489745
582615864
86074761
614770859
257774607
456351726
887576567
480029017
88958966
319149500
422166329
878055855
385000863
337211679
33238511
787077252
438413449
539534750
952269186
474080046
74816154
173470779
825745438
374092484
428868415
137188929
73578847
354458338
281244729
215430123
666272038
869065578
244496756
547608126
586677394
662040238
413286424
677272163
701130816
273753810
707437483
164759331
667528055
676188607
754792361
708492513
443170556
999997985
569925451
975229553
357870663
635594335
638107817
676692947
202207311
351656984
595314367
7003380
515281417
573603570
412454021
477725954
887898705
624383828
950500221
802150858
445615802
871724838
88901913
765152743
972575510
537729941
467222681
766003149
945002968
857330750
350986699
99662584
237148864
216580006
240326526
820418120
601110284
310926627
248428307
361614710
417043327
973336904
761929414
707347601
326270981
718094187
369263006
50693347
89726510
755208498
513598470
872577830
603862086
155688414
231439307
659783899
197558538
273157342
679856521
793278382
944242847
546801894
302085751
190464117
957893752
230060524
940056860
261054547
180402648
942649566
532003055
794154478
738729578
283848379
77434897
224954837
255249692
392522382
833583118
690261311
80340028
268904541
846411043
884249881
254072629
808530671
949134901
646609807
461672695
408409979
121232421
664556509
291894920
182843
475217573
262669066
228528367
374272231
937896851
634472737
911246007
429599549
84306116
930374144
475387824
465275222
265350537
103208025
735040186
637617995
492928317
246458250
393065950
942874013
406727447
473394302
252515914
489426025
680405288
62464973
625450895
656871076
367450044
583244636
226615667
427436377
884962049
1753249
678240997
557206816
166998215
423977191
886390535
305904811
652185929
513342476
314923048
60766510
460883588
746872273
860596126
933352408
338064968
405395555
973706256
746220227
943000026
522808351
49896390
438103249
884871064
169808763
797249491
226875789
201775386
73718007
423674315
230128037
131200387
762543419
117147157
394519942
167155724
273114502
500847018
420319784
139527890
132423611
979345326
861935492
832433192
249195942
477296736
763234398
154320344
462295996
309035704
96179084
189923828
452427327
1555166
53137160
817912091
584604332
394906015
412890957
83874049
631953920
171891301
613078293
395694791
300493963
126561085
457542211
401661789
59196314
911216626
612738789
149403476
999159062
200002337
500108933
561747842
618344457
759780379
571682252
423416179
204785130
334148895
96761803
499559815
692729569
336770543
954406624
224403855
194899267
341995867
225401780
499359457
176122722
786557741
237872902
316268442
723971399
276520302
221033178
40863045
673224792
703831444
505110856
941535835
91102280
556705699
372117670
576637939
280171016
129512176
105112443
804620812
744329279
48843846
610730487
814184904
463941999
401168744
390806668
482989459
763901845
152550101
53033411
460509805
529519620
408732642
144052497
822937414
466731549
828307981
132587528
96074660
56349283
574042374
156781745
191080745
270014106
804054109
419332908
694237111
698907909
495932338
458162513
410563443
564269728
269074058
735318693
679927415
133105097
696812838
528774018
900352994
937924116
118104985
537781928
854731517
297432327
513699533
936395767
484410431
415033404
446661874
738023601
189490356
926709508
438689530
654453606
909454260
829284846
565722270
291963656
586035601
505431586
801621051
899483024
432980770
630305989
139806483
422230700
587995951
463320096
693904769
541445097
277272505
921359072
706923465
17951201
714790645
1548504
508370208
197312026
618250235
309819389
612536043
529966585
189075862
894082270
743139586
20068367
683450878
742730381
342677128
743214137
817078747
902701760
937060598
285477002
449878337
681273269
959492138
690971712
374267955
253076076
967409758
269608085
506639036
218389385
60271406
639692207
175011001
484801807
609590324
612752328
729004150
524346813
868733964
381534262
450397028
590237483
333407613
316837209
48483539
378739751
679499994
77206262
506651702
343796470
196958724
999158228
173225781
503521912
686045855
60382439
400939149
34870569
14902922
928201192
225344862
284080905
25317790
416001336
649438545
782774314
981218075
325831732
897673240
499858943
590397403
499941951
45051592
767208814
411570369
862876880
883403556
122720175
900497880
805966717
335248285
31070597
652247367
157039965
539187949
220962156
319819913
588634836
834641846
28761980
448179813
934178467
404291117
946526327
531442909
597494325
253924326
347205614
633316807
393214854
663559748
518654170
71703931
850824776
705674366
224444389
543624226
70038932
544043989
847324213
409705701
897407332
65730873
361931100
738238121
746109199
740837663
967434450
858385880
328585728
342631671
848494665
989585629
470996050
274973746
164579528
995704065
916852671
59788783
711229075
349885637
764159799
359242307
264051267
999383349
337567690
573494514
673499397
425307170
449213139
222725448
543860382
376794489
537399606
609235989
63766293
390877205
716504345
709657192
967965681
115807515
102580025
104132734
569199204
645724421
893648808
491577709
658332393
627226705
110592869
763160420
970077398
876800588
813611498
427342020
639136058
745372788
869370396
156432406
488604961
608070991
159973377
727739770
91869916
793379181
816725649
139944358
45923555
436258988
389016678
851571564
65152945
838184240
842190022
439915442
871207796
390441593
71371437
820687836
231281313
452653981
751206230
537434952
262830175
649434654
423918740
998496415
196558553
566422130
127895859
384087243
361101478
455552772
661719002
6391565
690015107
786131979
387847915
403702525
148257672
46389096
160400659
583433660
379524777
310136439
991115911
299227234
98870844
204213399
592666098
156156619
242689899
564737666
542594896
679937601
306743307
510922228
323861502
184856878
567474019
402760033
565948592
413477368
742878151
911960906
687330773
419613738
616282002
871708364
163185328
454082049
358249346
845174462
791273926
12722539
230885907
605459748
916369155
360968704
998043883
312698842
587389952
750049523
396022799
939340137
372707180
198895687
955810010
384248491
817010249
737584508
353957718
775381945
366730369
829718643
831826405
73172050
303106404
644140827
732640966
951565335
503292856
794505585
125697969
547697968
436596604
451880068
318436845
263684319
972644465
410847215
912522483
176814896
971809531
511947318
298562884
165397226
679190740
285565351
756694988
873759851
32166595
692463489
520991833
934222759
492466711
224300822
223707586
810952365
538768996
551223353
957457701
326383379
996611640
163314092
319099407
481121198
340950260
789698251
816459395
5478950
289569897
650906618
265119895
676406743
241283649
357682210
641732587
549789054
663198084
750941488
579431790
390709878
513754165
916891129
201393939
573463607
990081823
691126200
667005185
382093629
578893173
223996971
460002300
124066383
584489324
939616456
855964802
883726508
337523876
694507195
188019224
623419786
316533144
348577974
44118321
530636284
838076160
46363419
927287620
639942023
359639338
542349833
470766405
510697552
489673152
599039751
109315052
857300312
453913175
681273611
472344646
150619256
324831353
478593809
736818402
730113141
708088176
950882828
508993835
164296722
315684691
140449461
63250550
936549007
441533048
438325267
463685551
368694337
294628182
793652474
762650837
762041662
473599522
730849359
891317357
771021103
322607929
83538138
756519190
468173813
226073782
193441729
934659061
136753397
209796647
120176036
350319879
262061188
314679004
314036678
770153044
443515013
228563104
879224284
586092883
464287528
611953758
67855530
466666384
583926383
452534857
496274727
77627283
779732079
50683901
401711017
869587989
342721654
320062614
263004699
944159241
374009062
330347439
967248056
808926642
970003195
69586224
556723125
178854973
819790997
869528053
777426542
892686282
566815382
832169707
436954449
733531612
405353244
648021866
398506931
542364393
392183593
356932506
592802194
79598679
612960269
581349521
26005485
216832504
575547300
251853339
818122323
512550021
443876670
737719082
338878100
88439736
311294252
272226590
965428743
163318005
112224777
858297954
830637119
216059614
67021777
974405455
343745346
386567941
12899368
305756556
598851228
158203995
65428291
423549009
914968066
439403123
12725857
298518921
559863364
187580298
916255082
673025197
128668894
245820730
459067491
980710150
997086893
482687143
133125863
911041985
963216882
888870094
246873745
972187659
772336230
154068719
906736067
45577553
271763142
212118686
538194587
645336201
949797690
593280372
930856550
495591264
647038128
620057367
461451700
863334061
565960820
325732734
104560736
949606902
745094799
444935789
339842463
588046133
971020724
414300822
937522762
898177482
165162772
109213846
79501673
878036906
914748184
477455287
563461580
239114460
544599189
504109894
622847441
620220002
217911714
867129523
205099287
423018329
147907288
577562951
225598430
31301541
9001929
608737756
171554950
63048198
99074347
777908590
383798161
889145924
852508738
414658455
397454016
967960441
220320034
718793331
716360352
261762311
718433537
47378875
154953925
688330122
678881665
356401950
107678749
105350496
24102092
321280622
719529763
807806337
654488433
715945240
381482128
459581816
502337162
435135867
416576986
24279224
692890151
180488813
664255208
814414482
843728346
851822563
427015023
44139758
842726910
538069416
378444295
801117992
525552310
232948607
517383861
278478989
483254509
775708480
998680512
703744137
72853394
191720074
101177122
656418833
619038813
299366965
981144519
471826022
131926097
476452216
967465826
456982844
672973192
980355436
839329585
538402737
969315312
711491290
727585714
801316377
437104341
33552707
567408102
813997098
348612075
538315523
533099709
445844269
239704385
218533939
977899102
570861531
991504531
457158400
400290598
334950422
727482496
331649482
465555792
619260679
960631946
83743455
286581243
597001320
327026975
21860687
333987306
656296933
439492563
410455174
487625305
950428190
384646185
215009680
40980029
271313801
374856056
473355742
203422687
875472895
188198393
919470859
531207718
129860943
281091629
493529970
238199943
234492643
163232247
822404192
762424090
181958508
898626042
295890345
472170063
261168124
677606831
204133826
792949590
953028122
991579542
183410280
790891251
639570099
851495089
112985641
221600078
911227592
565294787
235658003
855552001
83288025
815184226
233575586
710110941
457037145
546590576
859961207
110235894
983124073
846029505
348007866
232532810
189688252
960991328
712276300
522689380
250320968
942376773
821516131
625367820
298789537
982184468
348508113
880093686
282580196
675168324
183935604
573695535
248642857
852811346
529748451
143323833
812665009
135226236
76612437
445054202
782607446
406680992
466930082
153275
985270331
494519691
486201479
31198594
368106266
186442989
140122901
675606445
612838869
793630597
680562880
26083573
456212005
680742372
449857851
956861365
296501484
684774060
426619820
406480568
882561619
843657940
129966484
891366461
397667129
567644367
370239908
468949925
924647359
464375614
637049117
898394250
462233294
619942520
947355913
273327691
329363741
901240268
613199332
733107549
828277312
417623553
487125347
967875614
762976893
180619236
360744142
827876448
81859227
972233450
345931585
883348293
296488580
636467799
452472701
963693269
67150070
150616624
81935458
754030989
967660579
954394904
180835018
109775717
620806748
256133662
520174887
158680548
279818100
179737900
432355828
493928159
395767437
720670386
362270772
927429761
710949901
275459709
369221902
589113305
782939791
168216451
759327636
923233175
655833229
823022566
20214681
612628105
893361573
701167116
216171669
825453662
935880776
753426469
228693811
732166013
742827186
429121066
646699539
120017719
422295217
1901028
637189956
906261532
803591404
714312620
674886664
829701548
332371115
660787892
864413621
529379323
29353204
152684049
555615416
597444235
766468140
403240250
347855256
612972728
756285045
987848785
514664912
500988159
452141447
805011440
812872717
486574746
40636038
128728665
89857471
57761405
721239035
172271717
509329665
316011592
565447318
749250998
479205909
975574400
956873965
559476837
376715752
550918980
269285672
523270944
419121345
528406973
75253231
483870420
68046334
241119210
341530193
5186347
532077624
80532428
62582922
844928277
301028614
31373577
196422794
825388334
189778953
664146912
797287731
496539895
65109857
855564898
750234866
195623351
529011533
841444411
509174016
881017777
296087623
985067718
841568182
366391729
231730670
159652926
751999099
995969452
94249227
63050788
315426173
558589119
144408091
459669811
11247209
650456657
657785126
731813700
550385474
207673946
5873129
129227881
373476473
170085660
949183774
805976457
100243113
789803265
959457920
71097140
329686917
724317299
500237788
464136109
616762720
127870611
695804914
401933438
210135930
320477554
558332172
704702015
834384537
774809379
566073699
20726137
246632350
694429603
966773114
527352403
730021792
891590112
128851655
650118126
9633833
728323129
806855691
795866990
955062724
321065134
974496955
526666553
905519115
648264254
826906954
797865314
576722992
899152848
125311474
696669265
647067018
709325712
13270103
740423827
365977448
515771803
881013940
175876411
982092327
383492185
802112993
399983801
539728430
196391316
846951062
91419560
784333343
896047425
930396628
7792622
786576566
727871340
710633314
754675299
581137984
841637563
916802869
845482867
546763291
566982627
192562452
876819165
546815937
206234953
397651742
331736015
933235133
994766909
799580595
752808153
403796454
60712449
405809073
590964424
763656032
786350333
669258196
640975046
603000671
667420774
470074518
790904727
138392132
326138041
489057381
201839862
159709661
445411215
751806427
429490577
706433494
775575898
747259958
304265850
464453045
209774831
209772065
454801966
303406167
751324475
914977689
956709225
95792342
798357648
946158693
348219327
460232793
200998330
186742723
223885395
276800954
117135702
220652669
684846689
996715885
414097891
662927152
942270706
64070378
771177216
609508854
599771306
853950170
592359166
58912135
369677082
782396808
800937920
748714253
715743051
974838168
522210726
144596425
437252271
123379450
961389602
624960171
131821760
863323541
932709104
551809623
343285533
135176734
11887480
687326380
111391484
933641888
85686469
572906328
990543262
331930727
34901168
431628143
207140745
286955319
73014558
250923942
758930946
919807381
524258696
729025532
432104385
7032596
971789050
886397542
592056244
52193934
584959018
469789034
48608557
416773239
272242649
184986534
550218392
57133386
457158448
488587877
791970604
209488450
896620334
937944708
761122463
950106637
782924465
220275284
997387461
805489315
707947835
508195629
512838377
187566295
985917374
113090108
900369884
125917169
326511782
944965098
16044603
521623034
392087040
628458926
363380720
667294060
760381184
363318476
291345603
628182105
140242738
324280687
413206733
425754377
406840474
630303063
81644228
817703318
182783360
269404367
672578016
860175620
622529420
372809452
442795439
85048531
237505733
661347064
123823775
319494497
376873928
45085812
68570182
603090381
162795196
878166667
141567266
82695166
114180301
751060031
394169605
598486976
931368372
205700972
248648623
170289887
565646001
754797257
631056386
596614284
342854780
391090507
882405790
298109052
519898278
312557523
547226935
22685882
967599734
145510279
754660773
284414377
633856944
990293557
820565956
108844197
634692265
638560264
913378510
444453710
791303187
899857964
282419452
426156311
584095243
936958197
823247369
469605212
214922084
342423195
538101394
377415843
708143825
81270132
871744888
394401741
576761475
10011283
271588138
611597167
882492083
141996194
465288083
60148483
300795573
526918332
834738917
978760165
966643436
501996686
933130194
756819964
910134740
285502370
486777004
676151841
800223506
675664078
220352164
562849401
399981510
458481812
833320236
231115866
604480045
978350784
786177694
593076958
719528109
222147054
212697166
570709932
629821029
949553910
26573207
662603809
269474372
245184529
67788901
744496856
443506588
312711221
900446857
815891340
950105135
826387737
384972731
774649967
880652997
992274710
664058340
218829936
3700222
944368002
442184423
239910015
243186273
730828478
78624883
775359081
284225411
875487074
871941747
832547175
543731985
859663924
269964830
972514424
463194112
498652014
744181858
840837438
592188976
875848483
151456631
333755474
653433153
981404893
368299315
919716657
442441976
772320257
762931578
241175986
686960166
715371404
713018219
865950439
87202346
403193664
952273757
389749852
298965325
613514000
977117572
22791654
910985326
328710055
206566363
196813379
724010826
102107282
899795660
69262048
461765171
946939066
647914127
33779682
901267079
163368349
388170576
970162383
831111167
466246941
222756070
31741981
392660547
621555700
143392588
647521947
920951276
360535964
532478936
838658799
703405858
164798755
10299132
186612501
817554131
351873274
801417839
307538390
609900390
750528078
733999950
877165940
793625475
4567322
158146772
925456260
7899264
237658225
544618375
595357933
711897240
578582206
205694754
668617012
609353741
75320660
206195072
996802503
36398112
93362694
275552646
702613443
54243086
700932379
830919801
16873932
671083208
491257814
553090318
907974294
567995319
977138738
568333835
43455594
717773369
911892020
113719293
134308761
803268271
360232387
531338401
849566049
16426602
143070483
591340153
948375881
372841363
781271503
451849193
215178952
131268470
49062123
479700140
12747981
437599565
767472929
535389437
15707076
356262718
622960541
827146304
275678935
574505717
527360432
892330135
655964051
844394669
82299156
317704690
915327898
574745501
657725327
632128424
302919906
101711694
793458091
615813689
65215578
781339510
68853635
597646483
109380782
138334312
678651083
502980137
172624524
242527069
894017445
927561970
85081845
486598248
118078479
209878852
942896113
528206576
212974633
716349687
445727634
486052211
856905070
488305979
235328268
584484745
565354243
119449364
338717854
178054310
616936146
593833994
157390963
797466591
545456025
462314632
288249349
306201782
290593827
283847988
828453638
20165459
727380432
618788852
164610502
882423286
254159501
919780588
486734188
602454617
186638566
640500404
422979534
697639033
145193565
20822042
530951219
49089070
660516862
442433936
197380808
175977337
116689837
93428313
159064157
787040612
697967066
308204754
81258322
903889764
488083851
86077828
491181422
665364079
646303850
693167985
370351316
391150895
178816872
485251196
872348808
771943973
438730628
536119782
708981010
267849770
689126411
929591147
423195595
166665376
781531361
433166557
627371826
279254459
13834176
555145651
745806445
994301694
180922252
630335998
37939037
558789582
262387485
740876005
96587700
701685640
257536094
458680452
377062981
419834588
80605686
401034215
458075290
21549161
461018711
537711724
48176391
157983997
735527329
908302787
664467450
512872838
390000653
91499220
400002574
720413076
41776779
59283895
685772086
668500291
867725178
974013897
80992757
882982357
759743886
619937739
804196780
796000366
880192364
872939065
836382068
437735519
843125790
307089614
205134760
741308793
747754666
625439284
36343964
229823616
52941848
315150453
975157123
437734613
268998518
751006239
479457795
142858464
920541385
656610125
355862787
852340677
680500543
53694526
700707401
330785358
959278533
575494151
376453603
576959395
11656531
535747439
449654576
350526986
867456933
145121509
392073370
132350932
22544022
611365477
361095831
380066164
775619624
181210780
296397632
851835077
723840561
99028832
623792933
363583103
568793905
320704194
728652576
414351366
685255833
869138763
982019587
406881452
17950301
605728934
189242274
270332050
7723718
64020957
697681145
167853436
676876052
706376781
427212885
457276578
174508084
620352744
515381825
136049676
815075261
597556471
616183964
42038660
208658717
718975587
302721740
506500234
33127399
331639145
642931182
987476356
1287095
812443522
431782929
338255019
201603754
24354777
212526720
98576831
595341628
137401212
99088973
63840093
836484463
392915079
471772381
95475673
267296181
324580046
158415526
519059539
414952489
741404890
747654246
768407915
674817753
945480961
657879481
710789710
450161946
874570522
469044250
60822959
141606404
735461100
364893879
157171917
191127149
729605329
864205347
638013388
785461486
954890945
703611977
13946150
334149553
604228372
369282545
252746724
984596689
783045673
31388673
928184959
978987233
740546507
626075809
879834904
957307104
961798599
609504843
107847736
734339204
706814328
672065610
530345989
615485470
14006767
505291244
648340285
412012379
325458219
952361222
175036597
580442879
91602787
868308661
314985611
429628600
925118767
138021013
184325603
77720853
765619821
321003737
272050668
480063076
750288956
478193191
946384604
292056275
353203059
869440793
506023515
719303802
991168072
309282808
120737938
927897364
527917386
524429080
487828659
416055518
379432975
300685969
129129829
122875642
386174197
578791107
668569789
959017609
213047977
801492560
47713315
825872893
631292243
218083033
263705901
495549934
21098492
566717704
330321683
755313975
721893137
365535623
279868890
18195318
845456901
627663170
927670579
342561695
861154311
184192834
567202752
438640702
88678877
792803263
61467157
569907918
618450337
593902845
280005822
765433131
21526031
217204590
126345835
38050949
599399410
748338509
521339639
427917194
151619738
698975866
197563675
547828713
550897314
851762641
96055188
957907704
35885605
447009699
33590652
350968854
488046590
887981085
263100147
786214930
222027224
779469844
647242331
957074594
357887609
561315650
708719279
731445949
29349031
461358662
971012095
823127786
191430387
461230601
809008865
421965877
605343906
524429109
833636339
973942057
897769869
688597768
392568276
143876278
99723316
370524946
167283604
543105876
392534403
35464405
844356527
205264288
439751967
809960494
629190993
245835306
371334098
808682738
492698832
373960703
804142968
548428955
879118819
842415398
474075787
48537273
659789388
6236713
583634830
713652862
759380776
428437206
875976141
533974814
464606823
571546586
648250706
969498919
920065229
721988970
825135395
847970209
922774977
843627573
203198377
389820562
419947371
501175125
787184290
148635890
379347584
245415398
624537574
315515567
616917795
894767542
15823161
622861964
862069316
677564721
134191580
228862881
27671954
905037338
993302739
564933019
358685164
831342243
538744462
753657913
792015494
409757650
115112957
631709939
19035625
42540223
776266851
660145314
402128552
345957464
757975957
34394139
951085454
934039309
331041086
814298234
926648942
940342659
827351140
248478272
611075246
658505684
752350156
566471501
184566451
554188697
869948404
815431824
929390334
982947058
678344299
727078101
128737652
976486727
542407538
195699416
692630994
133037969
653785734
708892936
687376115
553819583
257155110
459901656
188170577
136301378
673049886
131042533
614114858
904829944
439742384
712125245
482708296
275863155
633783621
749829408
97380168
736572781
831598606
416715081
340392037
873703065
952569882
207328132
420015736
524469594
170285650
669066243
655629624
285663157
335084785
325879983
838306509
356254774
539645014
212959369
598001488
215321340
419403364
936152709
420624557
131392469
132872146
735335234
93281618
232944674
471303959
223190084
173850062
323538209
613609920
237216709
646379969
842062591
786022670
61876566
767159170
38912840
739135177
433986383
597174647
607652018
355549682
475541372
728663450
838161813
260984764
343889207
283414401
985676157
108492364
396744915
560566948
386165021
974945236
524823924
365385375
417576007
106209515
142157183
337677337
815074894
598211308
532465255
635394062
952396736
31751429
935510775
318787527
322376265
843356122
678148993
30422835
161140439
683384504
490896645
294175256
959182800
14973193
896811850
700464167
482238787
6540113
194356683
977728627
768660954
3448901
927228304
748059285
325389408
585082307
552467097
472423335
102725806
635491840
122917992
729850889
204681560
144277921
343384440
373086399
650724950
45144409
706083732
885100022
45540073
585665991
313040172
217871171
882016670
284206259
46012636
839614009
795128154
13367070
787091935
238181766
206712976
343878354
666619879
693723989
668049721
402894040
65336487
542825681
822677943
556872741
399730403
423562324
596262643
747704680
668169529
48254946
349273724
774624421
760842073
907833685
514131740
23674522
122806208
404574748
672247378
945111719
159622146
510332280
657187120
711976843
579863421
12665732
400063361
375019156
484419474
264676369
100598397
907807042
122266539
916644918
643953167
784214951
652682153
54703882
351204474
418243337
170075718
218065809
886611939
294464377
320439953
140890469
317897598
179812950
828523041
346040182
107669530
446203906
702158592
252339032
209497658
132697250
238605076
394526562
84169711
792575462
4112630
604799066
244930479
747178004
429888783
801615578
358132690
675391501
583699570
900490302
893625132
297064522
636622409
684775299
64228560
272082032
392154859
711491510
263829414
456054689
622071108
92302340
449610348
143320279
433230938
320272852
351620516
174178825
616430774
774643097
113897318
515527690
542507391
243127160
733551949
151482293
525961072
353137124
385851673
849186288
581746604
255355148
632202821
234297446
508322665
623720772
180210919
769370864
197944649
864082321
182964977
966801165
187270107
968684449
211241743
23885927
349406547
219075961
361207636
531065582
73042717
749439502
875731611
608947052
554489794
597247469
288549296
588753843
969039827
549656497
807858206
407194945
561387657
565249668
645459330
424788200
369236488
968330357
399790245
388631502
457105094
714345519
163684308
931201089
256435452
151015567
423256292
26464020
951769915
121340076
390713732
917367473
875540614
815355127
611819548
48635054
313090212
127971928
658175551
537001435
958588464
108041676
966240846
405813107
939118016
388424716
241856427
241622806
770367023
786237283
734597934
566105817
664081264
868315900
710810248
982883057
180991428
643353791
196844888
582710656
65234442
146046739
699808852
385399822
176251493
71581212
234679666
372657412
957662497
772565175
327468013
62738195
397569226
110703911
934722077
558262107
883151364
498772807
372531541
516270813
648155143
698477157
944523751
149477073
241962481
549179076
272342603
30941637
703267282
56156979
118506630
33401981
785800268
386169262
440054195
941610414
904446019
838518191
255687882
392804309
508845150
306356251
593306861
17552932
910140253
640245447
245221132
301689237
504948559
128497703
446043635
173391415
73368686
269402459
744201966
993554021
316166692
941868466
246364326
599239953
823009443
854700563
305899176
570046063
303107215
250847347
798128036
813804354
326351701
854911040
763171363
66844776
440231072
812281910
807847125
776281181
727019500
50288776
907953371
464476876
646510339
853319231
437316224
666551812
918068602
797172215
191667532
85134667
711321316
655336223
832412025
28284167
441984422
695512745
206473310
655839199
920787217
675093527
695085456
327318877
587648032
713323335
646815887
861397848
351612101
869251464
864671894
909626370
832516814
789099856
196705854
644499577
981075104
457224292
885803210
53547981
715439677
489233304
128054539
551470888
918074343
797704534
234553882
831019982
397649756
393390405
16202870
230927530
514016562
559688740
367630355
633177798
305603823
709851690
861057495
789392737
403578346
577778042
649810429
363990051
585900197
966739181
154700378
615504083
422608875
969501636
98358913
108558483
336664576
168802926
740803070
291456580
34881261
746000980
985463171
987400287
851267894
207332744
517755439
183053050
674595503
159858822
725004207
992617059
555278487
303999910
780130076
148046638
183660552
167256848
144524120
853011639
472864221
856649003
731932810
352745695
324849891
263796042
847731638
889143764
486863604
538199777
763430615
283014164
358044331
473844246
499212287
213442725
717999967
309614370
230990104
284835049
265356728
148258937
343608562
744856859
472496951
598211010
284473016
628915510
796562916
137028250
593328194
544746749
643698292
952012014
270950349
143820174
406215952
636764989
653160256
400519206
666052504
35059349
251926632
127990141
498854788
202704704
363427669
383262131
758837493
999314613
323914748
955076214
667301032
854066142
934288185
922430206
210687046
603323509
264869376
42903741
631761094
294810821
227862065
826694558
254171281
683110202
683646623
956519998
10924298
324655258
795613996
867721909
647320079
371933248
31128924
173167207
358424282
474147807
353775026
626647018
70173053
724823019
657242590
733101243
428610383
472184106
740965366
266065642
937840740
194789718
727316771
960026012
11533754
634086346
593086891
44559471
790122961
719712890
64822306
537050279
788553417
134355964
562550809
541272847
513617096
284458435
62701022
554604306
492844731
126853238
414406028
351329452
697496909
793444495
798365690
258951467
46097302
575365116
624593797
397769292
878017479
648169421
936519171
76781813
727867015
959269499
836784354
268272293
988096928
455603662
665987477
565632565
29491693
822581118
482631891
996214124
603487082
557741646
905107415
51435283
636929976
16307285
177199484
665641193
12840525
993282479
615448711
820138640
271255246
866901394
716582643
774523640
145424327
368528667
910097713
984152119
675594830
469678302
815563443
224606308
738781731
529847731
268276472
53526676
140631886
771601396
352570556
661459537
57091091
827663904
510755049
569923139
477281969
316353439
567001861
331664079
473221751
83778607
406673042
496071668
83543764
526954206
208368407
237288034
461671637
348441525
214353800
474471763
682459963
349780709
429137014
958541834
646132105
163941474
621860967
469294327
774505662
166810610
831598442
832426589
442704870
126907746
587329319
333378155
243800884
202087818
396311263
664732304
506099396
688216178
697157359
485379709
457516305
468984891
183284229
628741728
420022384
713842219
434003907
627773592
752401059
477050254
286012133
716139225
673408927
699678188
628332968
71720804
995969271
277169672
603133592
319836703
573024661
552237822
588683095
382180146
672151026
583094457
812228284
800722591
317715710
42221749
472420061
692128351
861318391
38546140
32611552
384309199
188094779
1908233
78140103
301089067
120084971
221997022
875963191
504562373
623556563
34991320
993290980
114274011
860318883
918912755
868481111
828461808
217625851
92947239
775732011
29552394
77992141
256442735
117918150
695299461
680324551
358760805
425992550
573143971
265268319
659991138
370703462
367637000
935025326
847323774
422250161
985944228
998928080
914807634
136460640
374882791
863969074
90125326
266634351
520494990
864865558
159235965
804655660
483115667
859609878
618546527
42052643
781858828
94582324
489731087
792310885
959479091
305597488
800996178
466445369
914214568
759007664
516639992
253140753
515685402
305243071
345806426
234001085
459574377
836574103
43275037
564983192
866504756
178617251
148148019
55391491
408165971
440927023
960343619
648867722
873657238
751686822
472290634
886294369
965747573
462935911
904451202
74315644
609814275
463840219
276854677
967376576
368268421
189764633
651334230
401077852
94052288
958454557
58129212
761621940
42855766
205431999
370953827
446935702
945238014
675312644
414450455
637197378
430369206
54372847
918035011
802828750
256580602
180849879
70220396
301760054
185509056
155300637
825026240
706984317
168256115
908667865
608163929
128409775
352512387
435825140
44263225
521972738
551947775
698206053
181209933
650839223
720635974
203144649
544790038
795822056
361078829
8896619
829254627
390697497
467384044
702320921
595865068
94654745
879040151
856590557
664431370
912774706
776900566
26782534
706731
773325659
563124789
991756928
338265652
635032873
780874512
689474581
574327769
413842594
56497998
467560819
531415317
393531466
232138999
906022783
346954670
681188951
506079503
251067811
734690637
173591175
861302933
293588445
537906153
422428928
114542785
607211942
263827214
837169406
112941332
973479407
810636041
179256909
791506597
888893336
173229448
101157875
171329783
208253832
648605881
322435141
235529236
793273139
230917350
357565758
717131609
354844028
443809938
817566916
993191299
310285017
996636803
833340569
870222578
309476149
134013326
753563246
372616375
688711723
983540736
224347928
385237521
153846921
476850852
646596150
279311440
764142634
728803590
500540494
528353466
487207244
70913396
916838867
706545201
304728648
837347621
911164184
59310646
758594626
869274265
372654024
388581382
984197136
878408063
552606204
758044749
137510180
633606702
983443765
804718818
393680942
862052265
372984176
696911148
566419085
988640738
472243630
423336887
376813427
264217096
116262008
97427259
22641914
706845230
1097035
603467177
196291587
779604062
388971167
426431573
853344379
959366972
569097379
230428295
729200171
664638988
959467996
419294709
395141356
658528895
378345995
6758470
429677377
739992902
654443295
910547042
998108298
292496799
739445493
481989811
465683325
361020691
388473593
51359950
891264878
520518397
975005936
677784137
354293266
479925643
210281610
789468793
888882004
856469926
9111652
853527542
954566817
102788394
802131906
303418671
872601047
478699532
95828432
962955436
309707565
372246862
301710178
508091488
105101726
209536356
295430325
577940359
219792642
840830188
437857828
2736334
277558271
292449910
288931973
47731935
930409779
64961857
580085350
624473772
913215840
627622034
517313468
670657224
671053594
901390274
684173812
60232210
605820405
920028345
318555139
158568902
974230280
289258211
995774994
140141294
557162839
200032794
21769055
341152791
565935101
480849292
121273199
541160066
489305394
124676726
740324716
999241635
612764732
623771517
588790636
314486334
644205766
978159089
135534630
447240352
736678153
28365199
216989824
474800060
181878301
43599842
210154824
515031326
818096495
597839508
426160118
536054626
307606062
58253231
691893392
366244373
375570953
284152730
169115619
405609340
293677713
968850687
955981067
496350509
356371166
745010981
240217712
281105966
567174941
335061193
139020287
555415449
214674474
970053707
641928043
916429513
34094500
425660886
570392607
627620331
310341801
746438302
496946360
149075063
810803268
687340663
669810475
323911585
633583932
979951721
25599497
463552885
368985340
603149483
920566423
489141599
89361785
85791383
884451125
234509835
598978531
516781621
514019948
222743937
55205674
524907460
18447225
760656415
389844947
830541385
888063029
529213946
993851657
837958850
904161576
47778
624914959
709704801
957676459
553085367
753627379
298379891
869048274
47473557
555487472
339222479
610067162
415786941
302065862
730212015
237049943
849739823
148959505
718272935
418699594
701941453
956871171
847254898
641669388
705826347
988561043
683425537
242839997
890646858
656992958
265888223
779448612
215244224
671014406
782665072
662958369
200692454
981820604
941666164
643449424
709628956
425433341
380746075
82923476
971137512
692372149
323277985
80267571
981473108
701627890
651173804
863365869
561304308
993110029
394829209
650171854
911171757
515457219
95704745
994680797
980626380
89901682
267809904
251045639
212545397
91426817
970803772
284092833
335799096
677035410
268006077
532772690
521295504
314786138
189553495
975017757
922896575
834129876
944261151
827477933
731392060
827525874
737379331
360959376
316547602
643181476
872207204
956269817
680875036
588520081
158973039
722980323
358682118
633978140
132410345
410477662
78557080
6166709
47052473
999009086
604030881
817753787
682967653
877348861
729458283
259476508
815017867
110566829
760908732
567214970
540968787
334987306
444278725
114032269
87044011
370668767
249387848
739917459
268773183
937956458
598772989
967679588
976419931
7482475
341227795
410483883
269446312
80770478
251250286
753184258
535480564
72152958
196265958
862489499
991110960
642161890
532686271
683394747
727947218
125529979
936087353
616659809
278837352
180202954
161401839
234290017
89121949
141517450
661757312
350478228
796693243
482450137
799270536
246498638
277634706
528169285
899000432
934404173
200993548
599053139
316579977
143124179
499359732
45188800
692113575
373488998
223661908
890264538
875624100
937404718
935138112
912148272
988402604
536016359
51317695
463793103
879126537
123469288
91751128
515386062
503902222
197952499
176769832
330815155
714010245
175018452
782751249
427887326
362089019
429177784
499993976
703927086
588979930
31811363
34747973
275935125
603388328
68899164
457774983
279646820
826188063
3875271
85969048
546494595
951214590
252047302
842167802
184743461
729019287
629852404
384436084
64132941
895951980
419614116
889025291
344468329
694825094
419104892
940792874
268531606
392591463
739291646
412471381
567432757
295314972
802593146
309350604
618074252
774137413
534533787
682009084
954310205
254108439
85222527
330041417
691890714
243468187
803998213
928645467
632199158
586043627
752778266
991789328
217676329
609344026
489962809
284562482
123940178
349935883
375514104
499906618
549865321
668710997
754208908
679146123
535760446
254587063
834098711
653900578
758995551
860738581
270026498
631778684
451650658
99191010
167363938
560937147
149024486
175811039
432192018
173985071
572138000
852268313
881808884
596752435
596243261
185592590
994746364
483678528
178772407
310256587
256642226
77618092
243792788
943508632
597275724
281409738
488333982
520736452
499318213
762988046
542720983
121180746
177165555
452867292
176834460
549171320
366766920
38558524
845770990
452377606
77780091
411766203
995623939
447349889
343378095
686322043
585716532
219754656
776807210
425403001
601237088
544275821
889831680
106037976
623788534
8581109
85320515
180810481
200089978
236101516
68158809
948951070
714360622
108210634
888355772
393735170
413821914
753960835
215491482
652036703
471949903
406637977
433370903
3150852
717642662
802891265
676321292
867845887
878498486
65910817
762609903
792446945
908922038
691525361
677238743
34752720
748719049
371291433
470827312
928486068
522387865
217557376
992785586
6206436
550165226
730114127
833181379
43398576
753874729
188758065
16229064
552961281
414197683
416602138
421957909
524878869
207985785
869522451
278970602
872792134
585586551
2422733
289038141
397573915
539384486
115882757
762227264
702478648
85570504
814746542
493304547
598406400
495821383
793255068
674455404
909767260
933081978
313054802
52681706
562086110
303474542
836881009
24133655
115392931
956980440
366654888
355242902
623520591
688356624
75883132
636414827
233167723
260412882
459015428
462434887
307641463
184632177
394481397
91194518
805891138
208912432
794378230
561735811
693788364
749563486
557547254
475000590
398959342
676282841
462028554
39440550
690845552
16805342
702327198
89917489
606318884
783654934
828749806
416810204
769792919
737802072
380853863
475114984
227952170
549434464
93390109
756749506
977643861
56488434
234780215
94555289
387575040
584092025
850777042
671301201
205269197
951703027
725448335
272143084
303920660
26812478
544805087
840971461
26258816
855954236
403188349
273674931
710823330
958689982
884212393
744225813
594055803
236651226
512511001
539229164
803433861
715665679
982124610
795841094
21015773
453177236
216825228
830087143
616504726
33961460
97733085
235507036
266686023
312459677
657884927
326620180
805024714
462833107
89548851
223084899
465498619
491795830
847924935
192002195
768266704
499047916
64083101
963443367
375304881
751049741
105044960
570249876
332897988
585933010
213981351
169505661
261047026
297203402
52777666
277092569
677295962
272166349
71939144
71227899
429913174
142378839
703308487
468459055
983736364
549945943
688097236
868615747
200453843
341969684
77240048
501711083
413022366
311679823
450225642
145629961
232032908
232392031
154187235
737989457
738662477
755802424
442316350
209901814
258276119
106220733
445902122
973125260
607806990
28017111
276635855
761181644
602036885
356806879
835270589
342143943
910199239
514281722
984886337
837166294
351912683
151233806
613641991
745124712
268016358
545124994
992535672
707310228
244662868
482113657
195915071
978165766
949553972
249101746
655945495
307426061
380853779
874204935
229777288
403033147
52502476
528914704
573358162
980760957
353034101
534577715
894762663
968474244
115628221
63153144
966484305
423603077
42481633
264304376
913546938
646501202
585753208
676485968
456612427
68522594
889200086
548698295
562549401
238548278
984510459
918396325
303912923
70914339
142017149
931112883
746619492
844315898
626447448
199911615
30227359
505485660
630340024
869470749
880789603
730299174
644540932
183339987
82958989
542835198
114725747
164794130
748090706
289816734
676253673
956112109
92259566
118060839
645110047
620506452
24765511
846440778
881244611
258000684
771635205
840847048
480302217
239722165
533014591
3742657
94126682
567012560
896734208
305187852
519485554
268998940
255777185
509443921
258192794
151863657
603411221
957021376
838882397
866196074
635738538
177040989
7579626
25127684
854078824
351868024
633946001
673186678
431622341
973034217
290261509
205566630
644793582
305954166
56232269
149134392
961208055
327282256
425647567
239976168
819212782
354753671
960340710
949507875
696768508
917231575
835478622
279571975
60638391
498226978
910516863
565737752
626486389
998052179
779741251
759018948
766364508
612900184
367002218
139160939
384520663
633367452
477391121
825831289
322438292
838393713
775536990
136283289
964529778
643954659
216589693
388132961
445415122
341359996
638489308
36250301
444265730
605116639
90574234
721146558
666796974
833667959
761103902
60070081
83592600
581924392
570383509
920601157
556324304
491041244
956833055
262068117
588476070
413153435
885475131
804540005
540713122
116685532
958838523
798478946
840521856
307108485
45257631
306822810
259568679
470445536
624522630
758882064
913800649
278877332
144054333
658553093
961158227
572486252
4600199
412029414
929534900
237454416
613683315
39760654
279553187
403824461
521963851
391477532
826772774
785835747
147528724
761157604
19661689
587689206
627012893
541415027
183800430
672187775
940855967
533825053
665549059
364629829
906082665
259984712
457558611
833674327
564307631
912050601
846537971
884690858
281589188
770915369
630702464
20226080
146959549
760884042
526433122
439801873
94947424
923023068
8127379
849781967
71895838
166110314
200251576
124560156
862735859
826543941
802977032
97426986
231466151
373193569
585748654
856979152
403595848
26264433
195553796
509515709
749431959
824998100
420389340
985263071
445763522
998680281
478919224
674162628
737634049
29391099
37131620
14587408
545697123
36444020
977006380
619374504
274646349
945215149
897736499
929202127
918338371
816425894
620158085
818697623
568781124
125728839
763721010
896517484
55278010
3225398
446774080
305988958
959102465
749372220
852209761
199882358
792001552
131974055
529562811
741474810
320755584
535515987
423426201
115830886
126601050
765952352
272988289
151402855
332502127
227817669
313794493
26001526
314357648
34083450
459123599
532179798
482214541
11148576
55975798
299115773
300431056
273875697
759072922
632698710
588385779
592327950
244446529
111348365
89850653
121645840
755948451
630394796
363857873
962110940
90969204
688035622
56565515
951956716
778560156
511795149
206323469
454276159
760817167
309014725
946081987
40678211
528052920
383111463
409863876
691538246
671349057
242329261
666262525
794315831
491107775
791463190
335177286
77513231
621714619
294654500
148747206
886336661
601290585
443784548
15899087
201626565
909329506
74421263
764823913
941828177
181977761
909498621
294767560
310205830
391968371
956922123
272594725
466052677
952673986
188033722
296188577
746210393
873824076
207090043
385962187
368894502
528183352
951392015
949183074
432394122
360835532
268824349
413955668
129879165
279546866
174204014
614724051
737876207
946108405
190755696
373517793
166225320
714215577
704417018
29518537
117651552
817195024
318739153
927284415
961647453
354923905
832362806
944326024
899009138
139605659
210124981
416959393
551862928
602800091
745226913
438789800
94798349
36514592
231172432
650397758
466994910
831114806
574139883
397108996
551445228
53051914
222303034
31937889
202427117
904910014
987909138
398791188
692456442
248152321
327984699
223460403
451419398
525248077
600904772
972723703
16139242
537271550
745345925
639447915
643206259
69066789
327057482
726971649
138033932
36059831
546461998
58919470
813888410
49582063
892375422
914907848
396463251
46768253
513754122
47485227
968262960
649834085
733731743
40453288
938765655
866302532
823650318
923558559
460415041
569590393
82638076
916517240
302347005
707290328
380668906
75360533
730130031
163119852
632313061
462176426
924100604
501200494
100066748
98714187
670515648
987984370
837652774
636252288
784791649
141074684
890402580
418644055
609239541
554467536
861673213
202317667
92556107
334833336
919923769
267030774
961506182
87143125
825624237
472449
894213098
469230382
385911126
712651555
730085255
427507547
644252992
201457666
833228542
754144534
200485373
914344799
883365337
788376304
262470628
275515026
727819617
991608276
278575808
925378847
452718259
965137086
537544603
116517011
968229204
705272273
615793150
614402758
780708297
739622974
953642612
39143814
751659323
825541313
883235928
705459646
534270014
679368850
201372814
903067200
318898916
648913677
88672916
710679062
356329270
265755348
474210951
313932906
292252824
259788403
489882236
781624541
714575627
339393789
100046157
690706009
374846577
679788713
142260927
777017185
384746391
90386865
263342336
525216610
100071903
395355214
723946633
968330558
127890452
314519595
737893892
723213007
526418146
341404258
210242284
279362894
986427134
751499972
7336805
559638669
103511637
699968444
295917196
711922972
738822575
871489216
910459018
411704562
861256899
274929245
914840200
884613284
831239578
551555286
69678528
335046285
951155633
878258159
80606000
895252422
241750178
705176353
21584822
484283532
718313960
414923337
970481791
606571526
763924101
307094694
963386100
455193470
880920907
566374594
818615357
990253066
386104813
553928851
171623498
233532059
430253821
222571523
798040048
750477405
237432254
371330714
553119081
621641606
382430066
838947300
14324164
95379103
704089543
158333991
54188054
362231800
672845195
773076262
779076189
153240418
828908263
952969762
673628228
641472479
769874780
831100340
497908801
463891345
59168861
672790630
571020430
483006696
802966389
713787625
582159209
212968032
751490352
976946115
719256854
558284665
440006753
749262952
956938291
880763924
579915678
256733812
54781555
271460441
56363585
490709268
349966496
291709975
143931010
247476628
415422065
673614048
408221186
418430680
784721207
273943115
352162542
53339123
204923056
7481408
17815110
347871439
587824180
494333607
525723858
182770779
729128526
499715816
866046689
732533127
350640191
969468524
709413134
268601411
482397803
978649855
657282269
827036579
378450397
640915689
648550180
897009949
349621970
616470590
724152762
161233432
318082195
191936033
657041405
875824039
701618695
678205052
369590581
784230286
607681808
307874181
233053671
190346735
608206713
383921714
824644068
131707068
407390428
372463586
87818595
909970117
621926941
846670994
386784122
164421913
186047847
597671304
462614961
980669439
521907275
308776566
184149991
358361498
650742914
430048533
174406765
634641774
360150880
881980566
723990767
4053217
223193110
997120546
839590842
204233959
476862112
985622921
221195109
65736140
881225914
853622773
201370269
411918525
76532674
745994203
253295506
412793717
101264080
165422246
15946930
787824616
758588737
972138966
389548352
842667232
649537208
730115837
194356304
449753606
192380931
387296093
382652470
119856779
256287925
82254843
800164154
996679801
941225241
636012316
532294813
58626818
886189214
905224286
641171525
536580662
755474763
577353750
780797949
499811191
675559620
708868198
177855429
682950394
697313432
810126231
926316470
885683821
295135998
109473226
414934826
896289626
54646781
87883863
645505494
865574690
543382508
624484610
86738697
783339021
584975800
150558977
33730840
474001265
603885605
910727852
209191039
494930271
901818323
282299301
174580043
241007109
161630920
895348837
991789006
752213199
51336418
33406679
675442364
246246368
812196217
649226852
404110914
133843556
689026847
70779282
42500845
449417919
832956945
698973444
177353567
356370094
205050040
286099646
299651329
32249215
246118791
811203118
951840330
950522428
176216370
63511191
977485070
289313080
5384343
676182475
977400193
710453983
650809918
653448293
61939997
222766466
311989921
12100828
769953800
374159133
593801735
72506689
197230214
820719882
436733991
666750506
488032155
921193642
612871711
261035816
382971790
2024905
890994022
85431642
57633444
653506485
606448993
139558331
158093194
334428320
634310915
242127888
431259389
308233222
377506890
190102087
150186241
691992819
405975727
668164712
242402885
260643494
552867838
786467271
479476042
926414964
690598415
510116159
900111146
157227036
169941104
55136714
501234279
249813701
387517460
951401865
610879545
404501708
897535578
624135234
637540509
315422343
136050604
953303786
452998973
31732019
417829678
603218721
615143905
28086084
966062674
315273948
810842514
262943017
753492272
748125730
979158961
961972424
19811053
441363818
726981407
337313147
13130345
861503560
582979586
751536942
342160118
540267201
921714242
481573923
474981070
876422436
863454591
618596828
785858533
770330089
647629944
65711999
71788218
422900451
17930812
160711946
62383610
452757857
346154247
851437336
217896129
278701986
130331359
284834886
995125746
268996391
900314140
496553498
349896251
87436115
14856565
994845022
919297132
408099821
815974498
226223103
252268437
333605731
598280834
444584404
57612063
312590931
612371890
373946668
69241641
761716515
712398436
137114846
462506789
771207632
323578669
356019501
410174698
886553247
498732586
944687698
380646669
178154752
42418485
779819792
48124074
484466021
994024160
126233009
50843077
749421339
867777504
47835029
222138655
461677041
275836933
707090761
403401437
329676034
923061640
326678049
652803994
756116393
30729411
361686194
706090436
121064684
314481025
493427846
78683259
296807549
927282803
432870114
46648788
63912319
831156306
748457213
818670130
878243085
946369819
26848892
309352235
825752648
683903489
161559256
812963574
955329697
724181515
898450437
544099180
146623688
220051931
889049528
94982877
90199762
666426986
290820756
437216248
433777270
253635600
768071166
204810985
610716106
413999308
689991164
643927305
522435934
710090864
220837257
340885992
335821829
837891793
113599352
955685249
600183455
644150572
558983340
332659259
468415465
764470430
730932525
868167930
937775244
513074606
743463636
955732307
559326922
413536336
611376851
621928100
471082582
224130998
497800302
414554698
174973059
598328593
687429112
931427639
604253369
625790155
540030607
829491286
427438221
19702118
918447680
693365228
554699141
119014151
618259596
154138475
949035985
673474065
732166813
908192988
683978557
347985919
705168598
757414027
208518278
810277472
654342253
189038092
252305583
744045811
192874937
314997341
528976472
41910644
960312999
493591617
200546582
98181207
798060250
240164052
715224531
415796602
219560020
201480911
128264352
332497231
183005588
942921590
637226604
377627125
729058527
337416066
998638233
814387053
856342457
605410072
802243095
579017493
825822800
742215416
728922903
135761371
61349230
101269339
661567773
368853449
402427659
477308080
765759121
60343593
614291922
641593796
136835585
797031777
695182702
718046194
964899950
592543038
451893520
771305319
284312585
681854941
375792806
761916570
875977660
37860294
367102087
760667636
835185876
89844973
932719926
416089396
861326114
233982500
719583802
4135905
291074963
796806690
736003942
519492114
846871692
379160081
369054835
407052952
785360089
456628180
430051684
442132210
874533398
87912190
316876017
728073640
820540714
552126942
391674035
606133338
126315808
290969142
845290674
647807969
292496450
731946455
887618542
588033120
307330367
184075323
862476170
64085058
944177109
451824955
159655176
25391207
467505673
166045882
420551472
863288844
249213665
905744806
549914029
467641637
258892938
787697419
238616191
986493392
192149586
120211026
200477726
76472321
948469088
503323650
111150244
631674625
846851835
935394411
887258202
564782511
76771759
477368720
853388536
945238223
442595002
200082339
68580562
949921350
436315206
283993067
694645240
672896768
835170864
127802541
601414002
183972637
21126958
845598475
600555824
794015852
617136808
46607164
605196411
228598743
171954637
524949083
434997959
481389127
388039800
451628472
875729621
936989512
664140868
457640004
917041524
673558956
124122893
441035731
656612547
256351782
385881731
8945578
253941388
941534291
887371285
573164698
975607818
700878339
596438735
540667450
693781761
470930709
449190782
629086848
164018936
905344380
593912384
200253174
876940
945743874
701591688
930013651
578265298
234461728
719103163
40993010
858563082
597803484
868392383
967132241
938189848
626548231
626610772
283463462
728569525
300829687
207260448
559057848
364589390
867646830
662511649
61496852
16298873
201974857
522243551
517690002
717328783
860939039
3156856
480664026
655346119
328029517
365070360
406823999
665327089
434676281
750324532
433692260
836587980
20752557
585524370
246356158
455384029
815483965
649133497
509099015
106222311
31027999
75095127
488692511
72993394
915495313
855933558
163646621
193696277
414058586
82305028
815600923
43095796
816565025
870314828
40799900
876266850
250785084
924832655
448751802
321265169
359829023
617188423
376659882
860270819
427638597
226924381
625271508
456909331
690743344
23606130
133128734
471517985
11552619
409130671
103855812
989351974
46166071
656464467
162548691
809647005
647600213
324983906
556616763
162875890
899934340
232672984
378291244
103360015
284855079
185480383
15203971
628403287
677638570
894943426
687326639
488471454
721587121
303023847
171849313
33760806
379158867
54177497
432189625
500320649
668923750
669882625
30032506
976124504
841366275
235146260
125883958
372406397
922031546
892650835
625180628
435730385
641480265
382362944
272951197
206514477
114485299
970815146
337598288
41256041
34192530
197063604
586016424
34125654
416557232
142845241
823969209
821140007
720230552
193833659
161447246
872023220
720052745
81893395
168849423
726698829
167387056
69328676
924954020
733700022
217868106
951696609
135853051
396471619
7434167
139753166
937711645
75849903
82709813
947995851
481206671
625019870
15997622
943467614
266645991
459244332
712165434
946407126
503770224
107159045
867476543
693652413
143736240
935479190
58042535
53463955
809417759
635326938
440653266
107367397
742997896
807337326
255633968
389341704
967819000
103198255
578271543
566496604
204989797
675277863
990454123
396098897
70223904
145661430
990383752
637127828
505584093
870021702
870924077
393265063
13077464
400766358
255478780
63710124
646680607
599036232
665412673
82742953
930872356
197347225
879946928
366016687
312590567
516799101
481222666
256014746
662805698
458484160
578289829
819036450
232420955
232106307
201528035
483164373
635245578
363648489
621839481
141689303
325836986
46708307
856785658
317418826
897830399
713364038
738260240
362763753
989286386
848749489
814885773
520153473
41526047
364097684
808851323
103099072
621990597
29617632
961969353
472200790
727166687
542973047
637005882
772357393
677262977
507775573
588974816
863416108
942055026
137324844
991609589
862715734
473698886
39512715
24992005
224199245
510490936
334595255
130626301
934116506
333282848
407471802
995564928
607720630
275863042
878050833
321603312
639158079
438366422
812506899
793733155
488652157
721423380
548389005
708424515
396089133
859572373
573738576
533720518
312237956
478978652
45336373
43041732
641076196
605740771
21453730
953108613
216364050
318496615
804356059
81783552
451781526
868312567
558843332
327779024
823435382
18375840
621913707
324335823
169125641
171839331
77681206
790501712
683404668
955996641
839120099
703267533
56951310
826305773
345599243
13448545
569832909
305784435
272552336
333170580
465787633
786930192
839214765
286713119
431072331
6657941
989895067
670616284
239735322
146909647
490953067
75355623
575133900
56034001
588332527
866484190
501083850
797050354
177885189
539959488
274939009
696102045
478069760
292528869
559297903
633690534
631345873
946263694
926857910
624132657
413641592
636701838
266783771
836857477
473947219
870529944
425863778
888842638
861680241
243645011
116148401
639542138
515788781
197622147
676579283
800901937
906121774
986777108
874176711
927455901
257400720
998799542
696824837
7404265
123284614
804902459
190615178
36625621
93093547
391727825
508763449
439103898
326206170
227792538
728918277
356542479
938192335
837823854
367247467
100961675
212171198
661920757
721468065
826615661
475820422
332692186
125162101
407642684
67503800
77357943
830522509
616521114
78548975
658025535
424345590
281533788
67782570
577787777
108555215
579088705
373899154
258947744
454488247
756044445
864673494
116497596
934081328
702630151
307331201
213659763
292668790
452255655
984945204
407940115
78618308
689581296
701259823
395021022
707077618
675964451
848413094
467254703
618123001
448711391
167523649
920332340
494707846
549813088
967658271
384791146
726372165
863515900
364081915
961585357
544028842
394815736
69878738
688265155
616113092
468718454
99061274
774270325
211018627
113897029
437624421
894755790
201961503
560156737
624722571
195651656
33573071
915182231
78622269
813937631
475851297
285892335
616258050
897980333
911676297
258656260
423534181
734209769
87100181
979530925
561728185
41807818
673677799
189012030
210213673
84269865
584185767
420154179
896839998
769439810
664879889
590804550
111518788
521917357
923735245
289959820
97843293
323445978
552114644
891631695
375491379
69875242
459330934
863524633
633167032
310478758
559195508
812301925
559899669
800900977
807534951
319213970
843852722
670148423
692029751
789521802
260643667
734835452
397740420
451289923
986317700
696284945
906965333
967077757
895889091
4624911
385715051
820888277
655347049
124407531
527622236
964128184
962638137
794547615
392922308
439858591
654737679
216423949
896300645
531637315
14931726
813174238
829655521
809967277
27069182
175044534
97596834
951626434
98488786
979436758
941847454
975473539
472626231
199937789
430252201
798000775
820549061
830695988
75640397
607075589
306277481
950318074
333020828
302443604
971703536
546704211
175951169
439608822
580708428
405371509
553140852
135817975
881131471
927460920
671707876
934475086
18541203
446579920
462016702
11492311
434803861
871948525
887568524
168612831
701957215
463390312
244256288
420641766
293551130
714708794
900044450
270697109
965260846
845760741
662790280
247371939
499883146
780863236
632936879
251110489
542248911
852651690
618721355
973931730
747843276
150147176
321766843
828836395
106912064
612352160
573509055
743049487
343878987
920961601
445302184
427705574
788881472
497050569
914485444
256410843
805148516
243684531
597775198
909296588
293914099
44524625
183593335
594130922
806280902
676092697
909067249
994952950
190732839
532555869
531648108
836834871
32369652
774817451
824452372
818980949
966381676
274512442
530101189
68407376
828675848
192967957
532964127
801333718
435339375
649951006
977764405
285593356
580344265
950841745
822898123
631778161
615620762
221033897
643161698
72273030
771027076
769632646
897619643
790058741
875049562
327334661
154940644
20269954
38767549
712895721
938867768
2648472
20206069
313232166
591692558
950735443
552391139
780837702
651665404
838513500
45463378
980389763
566635708
920254684
910730886
138943161
269483216
34868548
519782147
168234805
374758228
944240129
106913413
939336869
659682586
784958385
238367799
771474967
566729158
556492027
562411704
239500346
193472557
346957029
917577747
464835292
700653608
15519441
393907018
413788703
544844171
580238712
545955136
805879763
503908267
383319139
821212486
257515161
789721242
90630175
300659461
215787331
267152540
376897235
470985120
220660130
628872547
282192016
856425836
79539006
484832068
320367377
306240614
350436868
746899175
251123249
224245472
283558056
174046511
312908326
224743531
835021801
226998100
496403254
907211183
384844020
999886088
336888032
612087748
786498313
445681093
504701336
789994804
40072168
331272889
73338040
882922713
543911462
540662565
745583225
977819517
627696896
498782435
737239278
350006851
913964731
676825704
72574924
382186346
617574692
862624830
29833620
445593006
926254552
209849572
740730050
958074431
193889626
930527214
170412006
617790099
571735498
995147856
688856443
891189963
343686608
119528502
807069555
839502888
255542701
678771998
578968082
888980434
315720354
19357060
137760568
191277320
384459510
764542825
455807595
776371235
223883053
402188531
862783280
206878025
188931291
3456020
64584634
118278789
492983031
37348389
202018284
362994994
874013221
500436490
349316525
266890764
884449038
111201889
142363062
306549840
727372733
304235113
331960
982437776
925740639
756616517
296770561
47841413
992009728
379354430
175961726
597876263
911931342
671920948
768270898
731298454
49861906
51805251
460217721
427316613
951195413
746713224
170838337
365169651
231863296
982217419
307152834
817556786
587121544
605761794
135242506
433641575
743900519
751590013
807016598
793334639
611640684
689173453
257027583
270140517
18431082
299092886
111378186
265914929
744675970
570231712
191033006
569863813
499122805
165135446
408685033
143714088
759243066
950751335
623273082
484167970
879881244
127210738
553413643
128543983
395166738
174851871
680219098
9312871
370828682
186739099
831306747
53204205
714748767
452644641
859066058
837666014
667268376
569521675
600377940
939843157
824189063
172805575
806532852
454048127
270489618
661964158
843820450
548069751
269838885
653589023
61548538
962883087
204330265
363650338
466287772
78408274
849533147
448619145
759677359
756541387
78870056
259781034
67159227
513503052
979089906
508189949
11956624
769057117
463165526
179618740
621547727
976067111
517597909
757163435
366259102
216119055
370719025
716407076
300853449
107376833
470359471
421267080
476273081
25415349
344016764
822152349
906191885
279539349
359846770
716323699
546423654
373993321
910025315
76132176
229429554
576125970
384344672
415190705
276224752
804994878
330284917
195231885
750422328
266613605
849681363
508586021
441292677
698729185
862510416
85427737
78736102
637152414
325977616
730557252
846641406
597554397
787140680
954533724
759330416
126737068
742988137
657481015
255045331
207994286
872216929
796879535
823622340
595818704
300184965
154412821
513457308
154883926
844634090
905619392
960203946
356521143
326007711
704034368
468159942
965225045
886397482
618508394
912104825
740651539
946225348
745972969
338827486
748934002
914101174
856531800
408133065
724486476
254247063
838834765
