<resultados>
	<mundos>
		<mundo nombre="mundo_0">
			<linea fila="25" compresionDeCeros="true">(1) 40 </linea>
			<linea fila="24" compresionDeCeros="true">(1) 16 </linea>
			<linea fila="23" compresionDeCeros="true">(1) 55 </linea>
			<linea fila="22" compresionDeCeros="true">(1) 49 </linea>
			<linea fila="21" compresionDeCeros="true">(1) 10 </linea>
			<linea fila="20" compresionDeCeros="true">(1) 29 </linea>
			<linea fila="19" compresionDeCeros="true">(1) 3 </linea>
			<linea fila="18" compresionDeCeros="true">(1) 58 </linea>
			<linea fila="17" compresionDeCeros="true">(1) 47 </linea>
			<linea fila="16" compresionDeCeros="true">(1) 1 </linea>
			<linea fila="15" compresionDeCeros="true">(1) 20 </linea>
			<linea fila="14" compresionDeCeros="true">(1) 59 </linea>
			<linea fila="13" compresionDeCeros="true">(1) 51 </linea>
			<linea fila="12" compresionDeCeros="true">(1) 24 </linea>
			<linea fila="11" compresionDeCeros="true">(1) 18 </linea>
			<linea fila="10" compresionDeCeros="true">(1) 62 </linea>
			<linea fila="9" compresionDeCeros="true">(1) 57 </linea>
			<linea fila="8" compresionDeCeros="true">(1) 35 </linea>
			<linea fila="7" compresionDeCeros="true">(1) 46 </linea>
			<linea fila="6" compresionDeCeros="true">(1) 23 </linea>
			<linea fila="5" compresionDeCeros="true">(1) 10 </linea>
			<linea fila="4" compresionDeCeros="true">(1) 28 </linea>
			<linea fila="3" compresionDeCeros="true">(1) 12 </linea>
			<linea fila="2" compresionDeCeros="true">(1) 4 </linea>
			<linea fila="1" compresionDeCeros="true">(1) 11 </linea>
		</mundo>
	</mundos>
	<programas>
		<programa nombre="p1" resultadoEjecucion="FIN PROGRAMA"/>
	</programas>
</resultados>

