<resultados>
	<mundos>
		<mundo nombre="mundo_0">
			<linea fila="41" compresionDeCeros="true">(1) 21 </linea>
			<linea fila="40" compresionDeCeros="true">(1) 38 </linea>
			<linea fila="39" compresionDeCeros="true">(1) 5 </linea>
			<linea fila="38" compresionDeCeros="true">(1) 24 </linea>
			<linea fila="33" compresionDeCeros="true">(1) 72 </linea>
			<linea fila="31" compresionDeCeros="true">(1) 49 </linea>
			<linea fila="30" compresionDeCeros="true">(1) 21 </linea>
			<linea fila="29" compresionDeCeros="true">(1) 43 </linea>
			<linea fila="27" compresionDeCeros="true">(1) 1 </linea>
			<linea fila="25" compresionDeCeros="true">(1) 15 </linea>
			<linea fila="24" compresionDeCeros="true">(1) 66 </linea>
			<linea fila="21" compresionDeCeros="true">(1) 7 </linea>
			<linea fila="20" compresionDeCeros="true">(1) 3 </linea>
			<linea fila="19" compresionDeCeros="true">(1) 4 </linea>
			<linea fila="13" compresionDeCeros="true">(1) 3 </linea>
			<linea fila="12" compresionDeCeros="true">(1) 7 </linea>
			<linea fila="10" compresionDeCeros="true">(1) 79 </linea>
			<linea fila="9" compresionDeCeros="true">(1) 1 </linea>
			<linea fila="8" compresionDeCeros="true">(1) 22 </linea>
			<linea fila="6" compresionDeCeros="true">(1) 23 </linea>
			<linea fila="3" compresionDeCeros="true">(1) 26 </linea>
		</mundo>
	</mundos>
	<programas>
		<programa nombre="p1" resultadoEjecucion="FIN PROGRAMA"/>
	</programas>
</resultados>

