<resultados>
	<mundos>
		<mundo nombre="mundo_0">
			<linea fila="50" compresionDeCeros="true">(1) 20 </linea>
			<linea fila="49" compresionDeCeros="true">(1) 8 </linea>
			<linea fila="47" compresionDeCeros="true">(1) 38 </linea>
			<linea fila="45" compresionDeCeros="true">(1) 26 </linea>
			<linea fila="43" compresionDeCeros="true">(1) 39 </linea>
			<linea fila="42" compresionDeCeros="true">(1) 22 </linea>
			<linea fila="40" compresionDeCeros="true">(1) 1 </linea>
			<linea fila="35" compresionDeCeros="true">(1) 26 </linea>
			<linea fila="32" compresionDeCeros="true">(1) 7 </linea>
			<linea fila="31" compresionDeCeros="true">(1) 51 </linea>
			<linea fila="29" compresionDeCeros="true">(1) 6 </linea>
			<linea fila="28" compresionDeCeros="true">(1) 20 </linea>
			<linea fila="27" compresionDeCeros="true">(1) 22 </linea>
			<linea fila="26" compresionDeCeros="true">(1) 9 </linea>
			<linea fila="25" compresionDeCeros="true">(1) 9 </linea>
			<linea fila="22" compresionDeCeros="true">(1) 35 </linea>
			<linea fila="20" compresionDeCeros="true">(1) 4 </linea>
			<linea fila="19" compresionDeCeros="true">(1) 5 </linea>
			<linea fila="18" compresionDeCeros="true">(1) 68 </linea>
			<linea fila="17" compresionDeCeros="true">(1) 18 </linea>
			<linea fila="13" compresionDeCeros="true">(1) 12 </linea>
			<linea fila="12" compresionDeCeros="true">(1) 15 </linea>
			<linea fila="10" compresionDeCeros="true">(1) 8 </linea>
			<linea fila="9" compresionDeCeros="true">(1) 44 </linea>
			<linea fila="8" compresionDeCeros="true">(1) 8 </linea>
			<linea fila="6" compresionDeCeros="true">(1) 19 </linea>
			<linea fila="5" compresionDeCeros="true">(1) 14 </linea>
			<linea fila="4" compresionDeCeros="true">(1) 5 </linea>
			<linea fila="3" compresionDeCeros="true">(1) 60 </linea>
			<linea fila="1" compresionDeCeros="true">(1) 79 </linea>
		</mundo>
	</mundos>
	<programas>
		<programa nombre="p1" resultadoEjecucion="FIN PROGRAMA"/>
	</programas>
</resultados>

