<resultados>
	<mundos>
		<mundo nombre="mundo_0">
			<linea fila="47" compresionDeCeros="true">(1) 2 </linea>
			<linea fila="44" compresionDeCeros="true">(1) 4 </linea>
			<linea fila="39" compresionDeCeros="true">(1) 1 </linea>
			<linea fila="38" compresionDeCeros="true">(1) 3 </linea>
			<linea fila="28" compresionDeCeros="true">(1) 27 </linea>
			<linea fila="27" compresionDeCeros="true">(1) 13 </linea>
			<linea fila="25" compresionDeCeros="true">(1) 31 </linea>
			<linea fila="17" compresionDeCeros="true">(1) 53 </linea>
			<linea fila="16" compresionDeCeros="true">(1) 33 </linea>
			<linea fila="13" compresionDeCeros="true">(1) 5 </linea>
			<linea fila="12" compresionDeCeros="true">(1) 8 </linea>
			<linea fila="10" compresionDeCeros="true">(1) 2 </linea>
			<linea fila="8" compresionDeCeros="true">(1) 5 </linea>
			<linea fila="7" compresionDeCeros="true">(1) 5 </linea>
			<linea fila="5" compresionDeCeros="true">(1) 87 </linea>
			<linea fila="4" compresionDeCeros="true">(1) 2 </linea>
			<linea fila="3" compresionDeCeros="true">(1) 25 </linea>
		</mundo>
	</mundos>
	<programas>
		<programa nombre="p1" resultadoEjecucion="FIN PROGRAMA"/>
	</programas>
</resultados>

