<resultados>
	<mundos>
		<mundo nombre="mundo_0">
			<linea fila="49" compresionDeCeros="true">(1) 7 </linea>
			<linea fila="47" compresionDeCeros="true">(1) 24 </linea>
			<linea fila="46" compresionDeCeros="true">(1) 1 </linea>
			<linea fila="43" compresionDeCeros="true">(1) 4 </linea>
			<linea fila="41" compresionDeCeros="true">(1) 18 </linea>
			<linea fila="40" compresionDeCeros="true">(1) 48 </linea>
			<linea fila="38" compresionDeCeros="true">(1) 22 </linea>
			<linea fila="34" compresionDeCeros="true">(1) 44 </linea>
			<linea fila="33" compresionDeCeros="true">(1) 46 </linea>
			<linea fila="32" compresionDeCeros="true">(1) 12 </linea>
			<linea fila="30" compresionDeCeros="true">(1) 24 </linea>
			<linea fila="29" compresionDeCeros="true">(1) 35 </linea>
			<linea fila="28" compresionDeCeros="true">(1) 57 </linea>
			<linea fila="24" compresionDeCeros="true">(1) 14 </linea>
			<linea fila="21" compresionDeCeros="true">(1) 11 </linea>
			<linea fila="20" compresionDeCeros="true">(1) 1 </linea>
			<linea fila="18" compresionDeCeros="true">(1) 42 </linea>
			<linea fila="17" compresionDeCeros="true">(1) 25 </linea>
			<linea fila="16" compresionDeCeros="true">(1) 3 </linea>
			<linea fila="9" compresionDeCeros="true">(1) 54 </linea>
			<linea fila="6" compresionDeCeros="true">(1) 16 </linea>
			<linea fila="4" compresionDeCeros="true">(1) 4 </linea>
			<linea fila="3" compresionDeCeros="true">(1) 17 </linea>
		</mundo>
	</mundos>
	<programas>
		<programa nombre="p1" resultadoEjecucion="FIN PROGRAMA"/>
	</programas>
</resultados>

