<resultados>
	<mundos>
		<mundo nombre="mundo_0">
			<linea fila="87" compresionDeCeros="true">(1) 2 </linea>
			<linea fila="85" compresionDeCeros="true">(1) 4 </linea>
			<linea fila="84" compresionDeCeros="true">(1) 35 </linea>
			<linea fila="83" compresionDeCeros="true">(1) 12 </linea>
			<linea fila="82" compresionDeCeros="true">(1) 51 </linea>
			<linea fila="81" compresionDeCeros="true">(1) 39 </linea>
			<linea fila="80" compresionDeCeros="true">(1) 9 </linea>
			<linea fila="79" compresionDeCeros="true">(1) 9 </linea>
			<linea fila="76" compresionDeCeros="true">(1) 13 </linea>
			<linea fila="75" compresionDeCeros="true">(1) 7 </linea>
			<linea fila="73" compresionDeCeros="true">(1) 27 </linea>
			<linea fila="71" compresionDeCeros="true">(1) 3 </linea>
			<linea fila="70" compresionDeCeros="true">(1) 83 </linea>
			<linea fila="69" compresionDeCeros="true">(1) 46 </linea>
			<linea fila="67" compresionDeCeros="true">(1) 33 </linea>
			<linea fila="65" compresionDeCeros="true">(1) 3 </linea>
			<linea fila="63" compresionDeCeros="true">(1) 3 </linea>
			<linea fila="57" compresionDeCeros="true">(1) 7 </linea>
			<linea fila="56" compresionDeCeros="true">(1) 5 </linea>
			<linea fila="52" compresionDeCeros="true">(1) 8 </linea>
			<linea fila="48" compresionDeCeros="true">(1) 31 </linea>
			<linea fila="45" compresionDeCeros="true">(1) 3 </linea>
			<linea fila="44" compresionDeCeros="true">(1) 57 </linea>
			<linea fila="43" compresionDeCeros="true">(1) 66 </linea>
			<linea fila="41" compresionDeCeros="true">(1) 10 </linea>
			<linea fila="39" compresionDeCeros="true">(1) 2 </linea>
			<linea fila="36" compresionDeCeros="true">(1) 62 </linea>
			<linea fila="34" compresionDeCeros="true">(1) 3 </linea>
			<linea fila="33" compresionDeCeros="true">(1) 6 </linea>
			<linea fila="32" compresionDeCeros="true">(1) 9 </linea>
			<linea fila="30" compresionDeCeros="true">(1) 1 </linea>
			<linea fila="28" compresionDeCeros="true">(1) 18 </linea>
			<linea fila="24" compresionDeCeros="true">(1) 47 </linea>
			<linea fila="23" compresionDeCeros="true">(1) 17 </linea>
			<linea fila="17" compresionDeCeros="true">(1) 67 </linea>
			<linea fila="13" compresionDeCeros="true">(1) 7 </linea>
			<linea fila="12" compresionDeCeros="true">(1) 45 </linea>
			<linea fila="10" compresionDeCeros="true">(1) 43 </linea>
			<linea fila="6" compresionDeCeros="true">(1) 49 </linea>
			<linea fila="4" compresionDeCeros="true">(1) 8 </linea>
			<linea fila="2" compresionDeCeros="true">(1) 4 </linea>
			<linea fila="1" compresionDeCeros="true">(1) 15 </linea>
		</mundo>
	</mundos>
	<programas>
		<programa nombre="p1" resultadoEjecucion="FIN PROGRAMA"/>
	</programas>
</resultados>

