<resultados>
	<mundos>
		<mundo nombre="mundo_0">
			<linea fila="17" compresionDeCeros="true">(1) 60 </linea>
			<linea fila="16" compresionDeCeros="true">(1) 20 </linea>
			<linea fila="15" compresionDeCeros="true">(1) 30 </linea>
			<linea fila="14" compresionDeCeros="true">(1) 10 </linea>
			<linea fila="13" compresionDeCeros="true">(1) 25 </linea>
			<linea fila="12" compresionDeCeros="true">(1) 39 </linea>
			<linea fila="11" compresionDeCeros="true">(1) 50 </linea>
			<linea fila="10" compresionDeCeros="true">(1) 85 </linea>
			<linea fila="9" compresionDeCeros="true">(1) 42 </linea>
			<linea fila="8" compresionDeCeros="true">(1) 92 </linea>
			<linea fila="7" compresionDeCeros="true">(1) 97 </linea>
			<linea fila="6" compresionDeCeros="true">(1) 41 </linea>
			<linea fila="5" compresionDeCeros="true">(1) 94 </linea>
			<linea fila="4" compresionDeCeros="true">(1) 56 </linea>
			<linea fila="3" compresionDeCeros="true">(1) 52 </linea>
			<linea fila="2" compresionDeCeros="true">(1) 7 </linea>
			<linea fila="1" compresionDeCeros="true">(1) 18 </linea>
		</mundo>
	</mundos>
	<programas>
		<programa nombre="p1" resultadoEjecucion="FIN PROGRAMA"/>
	</programas>
</resultados>

