<resultados>
	<mundos>
		<mundo nombre="mundo_0">
			<linea fila="75" compresionDeCeros="true">(1) 63 </linea>
			<linea fila="74" compresionDeCeros="true">(1) 13 </linea>
			<linea fila="73" compresionDeCeros="true">(1) 38 </linea>
			<linea fila="72" compresionDeCeros="true">(1) 43 </linea>
			<linea fila="71" compresionDeCeros="true">(1) 92 </linea>
			<linea fila="70" compresionDeCeros="true">(1) 71 </linea>
			<linea fila="69" compresionDeCeros="true">(1) 99 </linea>
			<linea fila="68" compresionDeCeros="true">(1) 85 </linea>
			<linea fila="67" compresionDeCeros="true">(1) 99 </linea>
			<linea fila="66" compresionDeCeros="true">(1) 45 </linea>
			<linea fila="65" compresionDeCeros="true">(1) 89 </linea>
			<linea fila="64" compresionDeCeros="true">(1) 51 </linea>
			<linea fila="63" compresionDeCeros="true">(1) 63 </linea>
			<linea fila="62" compresionDeCeros="true">(1) 82 </linea>
			<linea fila="61" compresionDeCeros="true">(1) 67 </linea>
			<linea fila="60" compresionDeCeros="true">(1) 92 </linea>
			<linea fila="59" compresionDeCeros="true">(1) 84 </linea>
			<linea fila="58" compresionDeCeros="true">(1) 49 </linea>
			<linea fila="57" compresionDeCeros="true">(1) 8 </linea>
			<linea fila="56" compresionDeCeros="true">(1) 97 </linea>
			<linea fila="55" compresionDeCeros="true">(1) 14 </linea>
			<linea fila="54" compresionDeCeros="true">(1) 17 </linea>
			<linea fila="53" compresionDeCeros="true">(1) 37 </linea>
			<linea fila="52" compresionDeCeros="true">(1) 52 </linea>
			<linea fila="51" compresionDeCeros="true">(1) 57 </linea>
			<linea fila="50" compresionDeCeros="true">(1) 96 </linea>
			<linea fila="49" compresionDeCeros="true">(1) 7 </linea>
			<linea fila="48" compresionDeCeros="true">(1) 23 </linea>
			<linea fila="47" compresionDeCeros="true">(1) 67 </linea>
			<linea fila="46" compresionDeCeros="true">(1) 69 </linea>
			<linea fila="45" compresionDeCeros="true">(1) 40 </linea>
			<linea fila="44" compresionDeCeros="true">(1) 29 </linea>
			<linea fila="43" compresionDeCeros="true">(1) 34 </linea>
			<linea fila="42" compresionDeCeros="true">(1) 84 </linea>
			<linea fila="41" compresionDeCeros="true">(1) 38 </linea>
			<linea fila="39" compresionDeCeros="true">(1) 54 </linea>
			<linea fila="38" compresionDeCeros="true">(1) 31 </linea>
			<linea fila="37" compresionDeCeros="true">(1) 23 </linea>
			<linea fila="36" compresionDeCeros="true">(1) 30 </linea>
			<linea fila="35" compresionDeCeros="true">(1) 22 </linea>
			<linea fila="34" compresionDeCeros="true">(1) 44 </linea>
			<linea fila="33" compresionDeCeros="true">(1) 45 </linea>
			<linea fila="32" compresionDeCeros="true">(1) 61 </linea>
			<linea fila="31" compresionDeCeros="true">(1) 56 </linea>
			<linea fila="30" compresionDeCeros="true">(1) 71 </linea>
			<linea fila="29" compresionDeCeros="true">(1) 96 </linea>
			<linea fila="28" compresionDeCeros="true">(1) 97 </linea>
			<linea fila="27" compresionDeCeros="true">(1) 76 </linea>
			<linea fila="26" compresionDeCeros="true">(1) 36 </linea>
			<linea fila="25" compresionDeCeros="true">(1) 85 </linea>
			<linea fila="24" compresionDeCeros="true">(1) 23 </linea>
			<linea fila="23" compresionDeCeros="true">(1) 90 </linea>
			<linea fila="22" compresionDeCeros="true">(1) 39 </linea>
			<linea fila="21" compresionDeCeros="true">(1) 52 </linea>
			<linea fila="20" compresionDeCeros="true">(1) 4 </linea>
			<linea fila="19" compresionDeCeros="true">(1) 90 </linea>
			<linea fila="18" compresionDeCeros="true">(1) 3 </linea>
			<linea fila="17" compresionDeCeros="true">(1) 17 </linea>
			<linea fila="16" compresionDeCeros="true">(1) 73 </linea>
			<linea fila="15" compresionDeCeros="true">(1) 38 </linea>
			<linea fila="14" compresionDeCeros="true">(1) 61 </linea>
			<linea fila="13" compresionDeCeros="true">(1) 9 </linea>
			<linea fila="12" compresionDeCeros="true">(1) 47 </linea>
			<linea fila="11" compresionDeCeros="true">(1) 88 </linea>
			<linea fila="10" compresionDeCeros="true">(1) 13 </linea>
			<linea fila="9" compresionDeCeros="true">(1) 81 </linea>
			<linea fila="8" compresionDeCeros="true">(1) 45 </linea>
			<linea fila="7" compresionDeCeros="true">(1) 98 </linea>
			<linea fila="6" compresionDeCeros="true">(1) 35 </linea>
			<linea fila="5" compresionDeCeros="true">(1) 73 </linea>
			<linea fila="4" compresionDeCeros="true">(1) 75 </linea>
			<linea fila="3" compresionDeCeros="true">(1) 22 </linea>
			<linea fila="2" compresionDeCeros="true">(1) 69 </linea>
			<linea fila="1" compresionDeCeros="true">(1) 73 </linea>
		</mundo>
	</mundos>
	<programas>
		<programa nombre="p1" resultadoEjecucion="FIN PROGRAMA"/>
	</programas>
</resultados>

