<resultados>
	<mundos>
		<mundo nombre="mundo_0">
			<linea fila="82" compresionDeCeros="true">(1) 3 </linea>
			<linea fila="81" compresionDeCeros="true">(1) 48 </linea>
			<linea fila="80" compresionDeCeros="true">(1) 26 </linea>
			<linea fila="77" compresionDeCeros="true">(1) 41 </linea>
			<linea fila="75" compresionDeCeros="true">(1) 40 </linea>
			<linea fila="73" compresionDeCeros="true">(1) 62 </linea>
			<linea fila="71" compresionDeCeros="true">(1) 41 </linea>
			<linea fila="68" compresionDeCeros="true">(1) 78 </linea>
			<linea fila="67" compresionDeCeros="true">(1) 2 </linea>
			<linea fila="62" compresionDeCeros="true">(1) 1 </linea>
			<linea fila="61" compresionDeCeros="true">(1) 57 </linea>
			<linea fila="60" compresionDeCeros="true">(1) 17 </linea>
			<linea fila="59" compresionDeCeros="true">(1) 10 </linea>
			<linea fila="58" compresionDeCeros="true">(1) 31 </linea>
			<linea fila="57" compresionDeCeros="true">(1) 2 </linea>
			<linea fila="55" compresionDeCeros="true">(1) 3 </linea>
			<linea fila="54" compresionDeCeros="true">(1) 26 </linea>
			<linea fila="52" compresionDeCeros="true">(1) 24 </linea>
			<linea fila="48" compresionDeCeros="true">(1) 46 </linea>
			<linea fila="47" compresionDeCeros="true">(1) 49 </linea>
			<linea fila="45" compresionDeCeros="true">(1) 3 </linea>
			<linea fila="42" compresionDeCeros="true">(1) 27 </linea>
			<linea fila="40" compresionDeCeros="true">(1) 3 </linea>
			<linea fila="34" compresionDeCeros="true">(1) 1 </linea>
			<linea fila="32" compresionDeCeros="true">(1) 23 </linea>
			<linea fila="31" compresionDeCeros="true">(1) 7 </linea>
			<linea fila="29" compresionDeCeros="true">(1) 31 </linea>
			<linea fila="26" compresionDeCeros="true">(1) 24 </linea>
			<linea fila="25" compresionDeCeros="true">(1) 14 </linea>
			<linea fila="24" compresionDeCeros="true">(1) 21 </linea>
			<linea fila="21" compresionDeCeros="true">(1) 22 </linea>
			<linea fila="20" compresionDeCeros="true">(1) 66 </linea>
			<linea fila="17" compresionDeCeros="true">(1) 18 </linea>
			<linea fila="16" compresionDeCeros="true">(1) 4 </linea>
			<linea fila="15" compresionDeCeros="true">(1) 72 </linea>
			<linea fila="12" compresionDeCeros="true">(1) 1 </linea>
			<linea fila="10" compresionDeCeros="true">(1) 26 </linea>
			<linea fila="9" compresionDeCeros="true">(1) 80 </linea>
			<linea fila="1" compresionDeCeros="true">(1) 17 </linea>
		</mundo>
	</mundos>
	<programas>
		<programa nombre="p1" resultadoEjecucion="FIN PROGRAMA"/>
	</programas>
</resultados>

