<resultados>
	<mundos>
		<mundo nombre="mundo_0">
			<linea fila="33" compresionDeCeros="true">(1) 1 </linea>
			<linea fila="31" compresionDeCeros="true">(1) 25 </linea>
			<linea fila="29" compresionDeCeros="true">(1) 39 </linea>
			<linea fila="28" compresionDeCeros="true">(1) 12 </linea>
			<linea fila="27" compresionDeCeros="true">(1) 27 </linea>
			<linea fila="26" compresionDeCeros="true">(1) 19 </linea>
			<linea fila="25" compresionDeCeros="true">(1) 2 </linea>
			<linea fila="23" compresionDeCeros="true">(1) 16 </linea>
			<linea fila="19" compresionDeCeros="true">(1) 24 </linea>
			<linea fila="17" compresionDeCeros="true">(1) 32 </linea>
			<linea fila="15" compresionDeCeros="true">(1) 40 </linea>
			<linea fila="11" compresionDeCeros="true">(1) 27 </linea>
			<linea fila="9" compresionDeCeros="true">(1) 14 </linea>
			<linea fila="8" compresionDeCeros="true">(1) 11 </linea>
			<linea fila="7" compresionDeCeros="true">(1) 52 </linea>
			<linea fila="4" compresionDeCeros="true">(1) 85 </linea>
			<linea fila="1" compresionDeCeros="true">(1) 26 </linea>
		</mundo>
	</mundos>
	<programas>
		<programa nombre="p1" resultadoEjecucion="FIN PROGRAMA"/>
	</programas>
</resultados>

