<resultados>
	<mundos>
		<mundo nombre="mundo_0">
			<linea fila="57" compresionDeCeros="true">(1) 59 </linea>
			<linea fila="55" compresionDeCeros="true">(1) 4 </linea>
			<linea fila="53" compresionDeCeros="true">(1) 44 </linea>
			<linea fila="52" compresionDeCeros="true">(1) 46 </linea>
			<linea fila="51" compresionDeCeros="true">(1) 1 </linea>
			<linea fila="50" compresionDeCeros="true">(1) 31 </linea>
			<linea fila="49" compresionDeCeros="true">(1) 21 </linea>
			<linea fila="47" compresionDeCeros="true">(1) 17 </linea>
			<linea fila="46" compresionDeCeros="true">(1) 61 </linea>
			<linea fila="40" compresionDeCeros="true">(1) 9 </linea>
			<linea fila="39" compresionDeCeros="true">(1) 51 </linea>
			<linea fila="38" compresionDeCeros="true">(1) 23 </linea>
			<linea fila="35" compresionDeCeros="true">(1) 9 </linea>
			<linea fila="33" compresionDeCeros="true">(1) 14 </linea>
			<linea fila="32" compresionDeCeros="true">(1) 60 </linea>
			<linea fila="31" compresionDeCeros="true">(1) 53 </linea>
			<linea fila="29" compresionDeCeros="true">(1) 4 </linea>
			<linea fila="28" compresionDeCeros="true">(1) 37 </linea>
			<linea fila="27" compresionDeCeros="true">(1) 8 </linea>
			<linea fila="26" compresionDeCeros="true">(1) 11 </linea>
			<linea fila="21" compresionDeCeros="true">(1) 43 </linea>
			<linea fila="20" compresionDeCeros="true">(1) 40 </linea>
			<linea fila="19" compresionDeCeros="true">(1) 4 </linea>
			<linea fila="17" compresionDeCeros="true">(1) 58 </linea>
			<linea fila="15" compresionDeCeros="true">(1) 4 </linea>
			<linea fila="14" compresionDeCeros="true">(1) 52 </linea>
			<linea fila="11" compresionDeCeros="true">(1) 43 </linea>
			<linea fila="10" compresionDeCeros="true">(1) 84 </linea>
			<linea fila="9" compresionDeCeros="true">(1) 49 </linea>
			<linea fila="8" compresionDeCeros="true">(1) 69 </linea>
			<linea fila="7" compresionDeCeros="true">(1) 15 </linea>
			<linea fila="3" compresionDeCeros="true">(1) 31 </linea>
		</mundo>
	</mundos>
	<programas>
		<programa nombre="p1" resultadoEjecucion="FIN PROGRAMA"/>
	</programas>
</resultados>

