<resultados>
	<mundos>
		<mundo nombre="mundo_0">
			<linea fila="21" compresionDeCeros="true">(1) 25 </linea>
			<linea fila="20" compresionDeCeros="true">(1) 6 </linea>
			<linea fila="17" compresionDeCeros="true">(1) 52 </linea>
			<linea fila="16" compresionDeCeros="true">(1) 3 </linea>
			<linea fila="14" compresionDeCeros="true">(1) 26 </linea>
			<linea fila="13" compresionDeCeros="true">(1) 46 </linea>
			<linea fila="9" compresionDeCeros="true">(1) 13 </linea>
			<linea fila="8" compresionDeCeros="true">(1) 10 </linea>
			<linea fila="7" compresionDeCeros="true">(1) 48 </linea>
			<linea fila="5" compresionDeCeros="true">(1) 15 </linea>
			<linea fila="4" compresionDeCeros="true">(1) 63 </linea>
			<linea fila="2" compresionDeCeros="true">(1) 55 </linea>
			<linea fila="1" compresionDeCeros="true">(1) 8 </linea>
		</mundo>
	</mundos>
	<programas>
		<programa nombre="p1" resultadoEjecucion="FIN PROGRAMA"/>
	</programas>
</resultados>

