<resultados>
	<mundos>
		<mundo nombre="mundo_0">
			<linea fila="94" compresionDeCeros="true">(1) 28 </linea>
			<linea fila="91" compresionDeCeros="true">(1) 6 </linea>
			<linea fila="90" compresionDeCeros="true">(1) 1 </linea>
			<linea fila="89" compresionDeCeros="true">(1) 2 </linea>
			<linea fila="88" compresionDeCeros="true">(1) 4 </linea>
			<linea fila="87" compresionDeCeros="true">(1) 10 </linea>
			<linea fila="85" compresionDeCeros="true">(1) 13 </linea>
			<linea fila="83" compresionDeCeros="true">(1) 13 </linea>
			<linea fila="82" compresionDeCeros="true">(1) 1 </linea>
			<linea fila="79" compresionDeCeros="true">(1) 2 </linea>
			<linea fila="77" compresionDeCeros="true">(1) 34 </linea>
			<linea fila="74" compresionDeCeros="true">(1) 62 </linea>
			<linea fila="73" compresionDeCeros="true">(1) 50 </linea>
			<linea fila="69" compresionDeCeros="true">(1) 1 </linea>
			<linea fila="66" compresionDeCeros="true">(1) 26 </linea>
			<linea fila="64" compresionDeCeros="true">(1) 20 </linea>
			<linea fila="63" compresionDeCeros="true">(1) 50 </linea>
			<linea fila="62" compresionDeCeros="true">(1) 56 </linea>
			<linea fila="60" compresionDeCeros="true">(1) 95 </linea>
			<linea fila="57" compresionDeCeros="true">(1) 14 </linea>
			<linea fila="56" compresionDeCeros="true">(1) 12 </linea>
			<linea fila="50" compresionDeCeros="true">(1) 6 </linea>
			<linea fila="47" compresionDeCeros="true">(1) 17 </linea>
			<linea fila="46" compresionDeCeros="true">(1) 35 </linea>
			<linea fila="44" compresionDeCeros="true">(1) 62 </linea>
			<linea fila="43" compresionDeCeros="true">(1) 68 </linea>
			<linea fila="41" compresionDeCeros="true">(1) 16 </linea>
			<linea fila="40" compresionDeCeros="true">(1) 49 </linea>
			<linea fila="36" compresionDeCeros="true">(1) 19 </linea>
			<linea fila="35" compresionDeCeros="true">(1) 15 </linea>
			<linea fila="28" compresionDeCeros="true">(1) 16 </linea>
			<linea fila="27" compresionDeCeros="true">(1) 28 </linea>
			<linea fila="25" compresionDeCeros="true">(1) 19 </linea>
			<linea fila="23" compresionDeCeros="true">(1) 58 </linea>
			<linea fila="22" compresionDeCeros="true">(1) 53 </linea>
			<linea fila="19" compresionDeCeros="true">(1) 6 </linea>
			<linea fila="15" compresionDeCeros="true">(1) 7 </linea>
			<linea fila="8" compresionDeCeros="true">(1) 11 </linea>
			<linea fila="7" compresionDeCeros="true">(1) 2 </linea>
			<linea fila="6" compresionDeCeros="true">(1) 5 </linea>
			<linea fila="5" compresionDeCeros="true">(1) 4 </linea>
			<linea fila="4" compresionDeCeros="true">(1) 15 </linea>
			<linea fila="1" compresionDeCeros="true">(1) 4 </linea>
		</mundo>
	</mundos>
	<programas>
		<programa nombre="p1" resultadoEjecucion="FIN PROGRAMA"/>
	</programas>
</resultados>

