<resultados>
	<mundos>
		<mundo nombre="mundo_0">
			<linea fila="48" compresionDeCeros="true">(1) 12 </linea>
			<linea fila="46" compresionDeCeros="true">(1) 21 </linea>
			<linea fila="45" compresionDeCeros="true">(1) 1 </linea>
			<linea fila="43" compresionDeCeros="true">(1) 11 </linea>
			<linea fila="42" compresionDeCeros="true">(1) 14 </linea>
			<linea fila="39" compresionDeCeros="true">(1) 4 </linea>
			<linea fila="38" compresionDeCeros="true">(1) 44 </linea>
			<linea fila="34" compresionDeCeros="true">(1) 82 </linea>
			<linea fila="31" compresionDeCeros="true">(1) 7 </linea>
			<linea fila="30" compresionDeCeros="true">(1) 15 </linea>
			<linea fila="29" compresionDeCeros="true">(1) 6 </linea>
			<linea fila="27" compresionDeCeros="true">(1) 11 </linea>
			<linea fila="25" compresionDeCeros="true">(1) 30 </linea>
			<linea fila="24" compresionDeCeros="true">(1) 77 </linea>
			<linea fila="21" compresionDeCeros="true">(1) 30 </linea>
			<linea fila="18" compresionDeCeros="true">(1) 4 </linea>
			<linea fila="14" compresionDeCeros="true">(1) 33 </linea>
			<linea fila="13" compresionDeCeros="true">(1) 7 </linea>
			<linea fila="12" compresionDeCeros="true">(1) 3 </linea>
			<linea fila="10" compresionDeCeros="true">(1) 2 </linea>
			<linea fila="8" compresionDeCeros="true">(1) 16 </linea>
			<linea fila="6" compresionDeCeros="true">(1) 7 </linea>
			<linea fila="4" compresionDeCeros="true">(1) 45 </linea>
			<linea fila="1" compresionDeCeros="true">(1) 42 </linea>
		</mundo>
	</mundos>
	<programas>
		<programa nombre="p1" resultadoEjecucion="FIN PROGRAMA"/>
	</programas>
</resultados>

