<resultados>
	<mundos>
		<mundo nombre="mundo_0">
			<linea fila="42" compresionDeCeros="true">(1) 18 </linea>
			<linea fila="39" compresionDeCeros="true">(1) 57 </linea>
			<linea fila="38" compresionDeCeros="true">(1) 7 </linea>
			<linea fila="37" compresionDeCeros="true">(1) 52 </linea>
			<linea fila="36" compresionDeCeros="true">(1) 10 </linea>
			<linea fila="34" compresionDeCeros="true">(1) 43 </linea>
			<linea fila="30" compresionDeCeros="true">(1) 22 </linea>
			<linea fila="29" compresionDeCeros="true">(1) 43 </linea>
			<linea fila="28" compresionDeCeros="true">(1) 77 </linea>
			<linea fila="24" compresionDeCeros="true">(1) 4 </linea>
			<linea fila="23" compresionDeCeros="true">(1) 29 </linea>
			<linea fila="21" compresionDeCeros="true">(1) 76 </linea>
			<linea fila="20" compresionDeCeros="true">(1) 16 </linea>
			<linea fila="18" compresionDeCeros="true">(1) 50 </linea>
			<linea fila="12" compresionDeCeros="true">(1) 3 </linea>
			<linea fila="9" compresionDeCeros="true">(1) 31 </linea>
			<linea fila="7" compresionDeCeros="true">(1) 5 </linea>
			<linea fila="6" compresionDeCeros="true">(1) 3 </linea>
			<linea fila="3" compresionDeCeros="true">(1) 1 </linea>
		</mundo>
	</mundos>
	<programas>
		<programa nombre="p1" resultadoEjecucion="FIN PROGRAMA"/>
	</programas>
</resultados>

