<resultados>
	<mundos>
		<mundo nombre="mundo_0">
			<linea fila="65" compresionDeCeros="true">(1) 22 </linea>
			<linea fila="63" compresionDeCeros="true">(1) 4 </linea>
			<linea fila="62" compresionDeCeros="true">(1) 5 </linea>
			<linea fila="61" compresionDeCeros="true">(1) 46 </linea>
			<linea fila="58" compresionDeCeros="true">(1) 40 </linea>
			<linea fila="55" compresionDeCeros="true">(1) 13 </linea>
			<linea fila="54" compresionDeCeros="true">(1) 60 </linea>
			<linea fila="52" compresionDeCeros="true">(1) 43 </linea>
			<linea fila="50" compresionDeCeros="true">(1) 20 </linea>
			<linea fila="45" compresionDeCeros="true">(1) 17 </linea>
			<linea fila="43" compresionDeCeros="true">(1) 20 </linea>
			<linea fila="38" compresionDeCeros="true">(1) 4 </linea>
			<linea fila="37" compresionDeCeros="true">(1) 24 </linea>
			<linea fila="36" compresionDeCeros="true">(1) 15 </linea>
			<linea fila="35" compresionDeCeros="true">(1) 24 </linea>
			<linea fila="34" compresionDeCeros="true">(1) 25 </linea>
			<linea fila="33" compresionDeCeros="true">(1) 64 </linea>
			<linea fila="31" compresionDeCeros="true">(1) 57 </linea>
			<linea fila="29" compresionDeCeros="true">(1) 3 </linea>
			<linea fila="28" compresionDeCeros="true">(1) 29 </linea>
			<linea fila="23" compresionDeCeros="true">(1) 43 </linea>
			<linea fila="22" compresionDeCeros="true">(1) 30 </linea>
			<linea fila="20" compresionDeCeros="true">(1) 2 </linea>
			<linea fila="19" compresionDeCeros="true">(1) 54 </linea>
			<linea fila="18" compresionDeCeros="true">(1) 48 </linea>
			<linea fila="16" compresionDeCeros="true">(1) 4 </linea>
			<linea fila="14" compresionDeCeros="true">(1) 72 </linea>
			<linea fila="12" compresionDeCeros="true">(1) 25 </linea>
			<linea fila="9" compresionDeCeros="true">(1) 4 </linea>
			<linea fila="8" compresionDeCeros="true">(1) 61 </linea>
			<linea fila="3" compresionDeCeros="true">(1) 23 </linea>
		</mundo>
	</mundos>
	<programas>
		<programa nombre="p1" resultadoEjecucion="FIN PROGRAMA"/>
	</programas>
</resultados>

