<resultados>
	<mundos>
		<mundo nombre="mundo_0">
			<linea fila="55" compresionDeCeros="true">(1) 63 </linea>
			<linea fila="54" compresionDeCeros="true">(1) 90 </linea>
			<linea fila="53" compresionDeCeros="true">(1) 23 </linea>
			<linea fila="52" compresionDeCeros="true">(1) 4 </linea>
			<linea fila="51" compresionDeCeros="true">(1) 87 </linea>
			<linea fila="50" compresionDeCeros="true">(1) 48 </linea>
			<linea fila="49" compresionDeCeros="true">(1) 6 </linea>
			<linea fila="48" compresionDeCeros="true">(1) 60 </linea>
			<linea fila="47" compresionDeCeros="true">(1) 38 </linea>
			<linea fila="46" compresionDeCeros="true">(1) 15 </linea>
			<linea fila="45" compresionDeCeros="true">(1) 92 </linea>
			<linea fila="44" compresionDeCeros="true">(1) 3 </linea>
			<linea fila="43" compresionDeCeros="true">(1) 11 </linea>
			<linea fila="42" compresionDeCeros="true">(1) 33 </linea>
			<linea fila="41" compresionDeCeros="true">(1) 55 </linea>
			<linea fila="40" compresionDeCeros="true">(1) 22 </linea>
			<linea fila="39" compresionDeCeros="true">(1) 45 </linea>
			<linea fila="38" compresionDeCeros="true">(1) 37 </linea>
			<linea fila="37" compresionDeCeros="true">(1) 35 </linea>
			<linea fila="36" compresionDeCeros="true">(1) 13 </linea>
			<linea fila="35" compresionDeCeros="true">(1) 28 </linea>
			<linea fila="34" compresionDeCeros="true">(1) 75 </linea>
			<linea fila="33" compresionDeCeros="true">(1) 10 </linea>
			<linea fila="32" compresionDeCeros="true">(1) 94 </linea>
			<linea fila="31" compresionDeCeros="true">(1) 87 </linea>
			<linea fila="30" compresionDeCeros="true">(1) 6 </linea>
			<linea fila="29" compresionDeCeros="true">(1) 7 </linea>
			<linea fila="28" compresionDeCeros="true">(1) 94 </linea>
			<linea fila="27" compresionDeCeros="true">(1) 36 </linea>
			<linea fila="26" compresionDeCeros="true">(1) 63 </linea>
			<linea fila="25" compresionDeCeros="true">(1) 78 </linea>
			<linea fila="24" compresionDeCeros="true">(1) 18 </linea>
			<linea fila="23" compresionDeCeros="true">(1) 5 </linea>
			<linea fila="22" compresionDeCeros="true">(1) 86 </linea>
			<linea fila="21" compresionDeCeros="true">(1) 12 </linea>
			<linea fila="20" compresionDeCeros="true">(1) 24 </linea>
			<linea fila="19" compresionDeCeros="true">(1) 15 </linea>
			<linea fila="18" compresionDeCeros="true">(1) 14 </linea>
			<linea fila="17" compresionDeCeros="true">(1) 76 </linea>
			<linea fila="16" compresionDeCeros="true">(1) 86 </linea>
			<linea fila="15" compresionDeCeros="true">(1) 11 </linea>
			<linea fila="14" compresionDeCeros="true">(1) 42 </linea>
			<linea fila="13" compresionDeCeros="true">(1) 66 </linea>
			<linea fila="12" compresionDeCeros="true">(1) 4 </linea>
			<linea fila="11" compresionDeCeros="true">(1) 85 </linea>
			<linea fila="10" compresionDeCeros="true">(1) 47 </linea>
			<linea fila="9" compresionDeCeros="true">(1) 97 </linea>
			<linea fila="8" compresionDeCeros="true">(1) 59 </linea>
			<linea fila="7" compresionDeCeros="true">(1) 7 </linea>
			<linea fila="6" compresionDeCeros="true">(1) 14 </linea>
			<linea fila="5" compresionDeCeros="true">(1) 69 </linea>
			<linea fila="4" compresionDeCeros="true">(1) 74 </linea>
			<linea fila="3" compresionDeCeros="true">(1) 1 </linea>
			<linea fila="2" compresionDeCeros="true">(1) 77 </linea>
			<linea fila="1" compresionDeCeros="true">(1) 16 </linea>
		</mundo>
	</mundos>
	<programas>
		<programa nombre="p1" resultadoEjecucion="FIN PROGRAMA"/>
	</programas>
</resultados>

