<resultados>
	<mundos>
		<mundo nombre="mundo_0">
			<linea fila="16" compresionDeCeros="true">(17) 1 </linea>
			<linea fila="15" compresionDeCeros="true">(16) 1 1 </linea>
			<linea fila="14" compresionDeCeros="true">(15) 1 1 1 </linea>
			<linea fila="13" compresionDeCeros="true">(14) 1 1 1 1 </linea>
			<linea fila="12" compresionDeCeros="true">(13) 1 1 1 1 1 </linea>
			<linea fila="11" compresionDeCeros="true">(12) 1 1 1 1 1 1 </linea>
			<linea fila="10" compresionDeCeros="true">(11) 1 1 1 1 1 1 1 </linea>
			<linea fila="9" compresionDeCeros="true">(10) 1 1 1 1 1 1 1 1 </linea>
			<linea fila="8" compresionDeCeros="true">(9) 1 1 1 1 1 1 1 1 1 </linea>
			<linea fila="7" compresionDeCeros="true">(8) 1 1 1 1 1 1 1 1 1 1 </linea>
			<linea fila="6" compresionDeCeros="true">(7) 1 1 1 1 1 1 1 1 1 1 1 </linea>
			<linea fila="5" compresionDeCeros="true">(6) 1 1 1 1 1 1 1 1 1 1 1 1 </linea>
			<linea fila="4" compresionDeCeros="true">(5) 1 1 1 1 1 1 1 1 1 1 1 1 1 </linea>
			<linea fila="3" compresionDeCeros="true">(4) 1 1 1 1 1 1 1 1 1 1 1 1 1 1 </linea>
			<linea fila="2" compresionDeCeros="true">(3) 1 1 1 1 1 1 1 1 1 1 1 1 1 1 1 </linea>
			<linea fila="1" compresionDeCeros="true">(2) 1 1 1 1 1 1 1 1 1 1 1 1 1 1 1 1 </linea>
		</mundo>
	</mundos>
	<programas>
		<programa nombre="p1" resultadoEjecucion="FIN PROGRAMA"/>
	</programas>
</resultados>
