<resultados>
	<mundos>
		<mundo nombre="mundo_0">
			<linea fila="26" compresionDeCeros="true">(27) 1 1 1 (33) 1 1 1 </linea>
			<linea fila="24" compresionDeCeros="true">(25) 1 1 1 1 1 1 </linea>
			<linea fila="23" compresionDeCeros="true">(24) 1 1 1 1 1 </linea>
			<linea fila="22" compresionDeCeros="true">(23) 1 1 1 1 </linea>
			<linea fila="21" compresionDeCeros="true">(22) 1 1 1 1 </linea>
			<linea fila="20" compresionDeCeros="true">(21) 1 1 1 1 </linea>
			<linea fila="17" compresionDeCeros="true">(26) 1 1 1 1 1 1 1 1 1 1 1 1 1 1 1 1 1 1 1 </linea>
			<linea fila="15" compresionDeCeros="true">(16) 1 1 1 1 1 1 1 1 1 1 1 1 1 1 1 1 1 1 1 1 1 1 1 1 1 1 1 1 1 1 1 </linea>
			<linea fila="14" compresionDeCeros="true">(37) 1 1 1 1 1 1 1 1 1 1 1 </linea>
			<linea fila="13" compresionDeCeros="true">(37) 1 1 1 1 1 1 1 1 1 1 1 1 </linea>
			<linea fila="12" compresionDeCeros="true">(37) 1 1 1 1 1 1 1 1 1 1 1 1 1 </linea>
			<linea fila="10" compresionDeCeros="true">(11) 1 1 1 1 1 1 1 1 1 1 1 1 1 1 1 1 1 1 1 1 1 1 1 1 1 1 1 1 1 1 1 1 1 1 1 1 1 1 1 1 1 </linea>
			<linea fila="6" compresionDeCeros="true">(7) 1 1 1 1 1 1 1 1 1 1 1 1 1 1 1 1 1 1 1 1 1 1 1 </linea>
			<linea fila="5" compresionDeCeros="true">(6) 1 1 1 1 1 1 1 1 1 1 1 1 1 1 1 1 1 1 1 1 1 1 1 1 1 1 1 1 1 1 1 1 (39) 1 1 1 1 1 1 1 1 1 1 1 1 1 1 1 1 1 1 </linea>
		</mundo>
	</mundos>
	<programas>
		<programa nombre="p1" resultadoEjecucion="FIN PROGRAMA"/>
	</programas>
</resultados>
