<resultados>
	<mundos>
		<mundo nombre="mundo_0">
			<linea fila="36" compresionDeCeros="true">(2) 1 </linea>
			<linea fila="32" compresionDeCeros="true">(3) 1 </linea>
			<linea fila="29" compresionDeCeros="true">(5) 1 </linea>
			<linea fila="28" compresionDeCeros="true">(6) 1 </linea>
			<linea fila="22" compresionDeCeros="true">(7) 1 </linea>
			<linea fila="18" compresionDeCeros="true">(10) 1 </linea>
			<linea fila="14" compresionDeCeros="true">(11) 1 </linea>
			<linea fila="13" compresionDeCeros="true">(12) 1 </linea>
			<linea fila="9" compresionDeCeros="true">(14) 1 </linea>
			<linea fila="6" compresionDeCeros="true">(15) 1 </linea>
			<linea fila="4" compresionDeCeros="true">(19) 1 </linea>
			<linea fila="3" compresionDeCeros="true">(21) 1 </linea>
			<linea fila="2" compresionDeCeros="true">(22) 1 </linea>
		</mundo>
	</mundos>
	<programas>
		<programa nombre="p1" resultadoEjecucion="FIN PROGRAMA"/>
	</programas>
</resultados>

