<resultados>
	<mundos>
		<mundo nombre="mundo_0">
			<linea fila="42" compresionDeCeros="true">(1) 1 </linea>
			<linea fila="40" compresionDeCeros="true">(3) 1 </linea>
			<linea fila="39" compresionDeCeros="true">(6) 1 </linea>
			<linea fila="37" compresionDeCeros="true">(8) 1 </linea>
			<linea fila="35" compresionDeCeros="true">(10) 1 </linea>
			<linea fila="34" compresionDeCeros="true">(14) 1 </linea>
			<linea fila="31" compresionDeCeros="true">(17) 1 </linea>
			<linea fila="30" compresionDeCeros="true">(18) 1 </linea>
			<linea fila="27" compresionDeCeros="true">(19) 1 </linea>
			<linea fila="26" compresionDeCeros="true">(20) 1 </linea>
			<linea fila="25" compresionDeCeros="true">(23) 1 </linea>
			<linea fila="24" compresionDeCeros="true">(26) 1 </linea>
			<linea fila="22" compresionDeCeros="true">(35) 1 </linea>
			<linea fila="20" compresionDeCeros="true">(36) 1 </linea>
			<linea fila="19" compresionDeCeros="true">(38) 1 </linea>
			<linea fila="18" compresionDeCeros="true">(40) 1 </linea>
			<linea fila="15" compresionDeCeros="true">(41) 1 </linea>
			<linea fila="13" compresionDeCeros="true">(42) 1 </linea>
			<linea fila="9" compresionDeCeros="true">(45) 1 </linea>
			<linea fila="6" compresionDeCeros="true">(46) 1 </linea>
			<linea fila="1" compresionDeCeros="true">(48) 1 </linea>
		</mundo>
	</mundos>
	<programas>
		<programa nombre="p1" resultadoEjecucion="FIN PROGRAMA"/>
	</programas>
</resultados>

