<resultados>
	<mundos>
		<mundo nombre="mundo_0">
			<linea fila="50" compresionDeCeros="true">(1) 1 </linea>
			<linea fila="49" compresionDeCeros="true">(2) 1 </linea>
			<linea fila="48" compresionDeCeros="true">(4) 1 </linea>
			<linea fila="45" compresionDeCeros="true">(5) 1 </linea>
			<linea fila="44" compresionDeCeros="true">(6) 1 </linea>
			<linea fila="43" compresionDeCeros="true">(7) 1 </linea>
			<linea fila="40" compresionDeCeros="true">(10) 1 </linea>
			<linea fila="39" compresionDeCeros="true">(11) 1 </linea>
			<linea fila="36" compresionDeCeros="true">(13) 1 </linea>
			<linea fila="33" compresionDeCeros="true">(15) 1 </linea>
			<linea fila="30" compresionDeCeros="true">(16) 1 </linea>
			<linea fila="27" compresionDeCeros="true">(17) 1 </linea>
			<linea fila="25" compresionDeCeros="true">(19) 1 </linea>
			<linea fila="24" compresionDeCeros="true">(22) 1 </linea>
			<linea fila="19" compresionDeCeros="true">(23) 1 </linea>
			<linea fila="16" compresionDeCeros="true">(27) 1 </linea>
			<linea fila="14" compresionDeCeros="true">(29) 1 </linea>
			<linea fila="6" compresionDeCeros="true">(34) 1 </linea>
			<linea fila="4" compresionDeCeros="true">(35) 1 </linea>
			<linea fila="3" compresionDeCeros="true">(36) 1 </linea>
			<linea fila="2" compresionDeCeros="true">(38) 1 </linea>
			<linea fila="1" compresionDeCeros="true">(40) 1 </linea>
		</mundo>
	</mundos>
	<programas>
		<programa nombre="p1" resultadoEjecucion="FIN PROGRAMA"/>
	</programas>
</resultados>

