<resultados>
	<mundos>
		<mundo nombre="mundo_0">
			<linea fila="34" compresionDeCeros="true">(1) 1 </linea>
			<linea fila="33" compresionDeCeros="true">(4) 1 </linea>
			<linea fila="32" compresionDeCeros="true">(5) 1 </linea>
			<linea fila="30" compresionDeCeros="true">(6) 1 </linea>
			<linea fila="29" compresionDeCeros="true">(7) 1 </linea>
			<linea fila="25" compresionDeCeros="true">(11) 1 </linea>
			<linea fila="22" compresionDeCeros="true">(12) 1 </linea>
			<linea fila="17" compresionDeCeros="true">(14) 1 </linea>
			<linea fila="13" compresionDeCeros="true">(16) 1 </linea>
			<linea fila="11" compresionDeCeros="true">(18) 1 </linea>
			<linea fila="7" compresionDeCeros="true">(21) 1 </linea>
			<linea fila="5" compresionDeCeros="true">(23) 1 </linea>
			<linea fila="3" compresionDeCeros="true">(25) 1 </linea>
			<linea fila="1" compresionDeCeros="true">(27) 1 </linea>
		</mundo>
	</mundos>
	<programas>
		<programa nombre="p1" resultadoEjecucion="FIN PROGRAMA"/>
	</programas>
</resultados>

