<resultados>
	<mundos>
		<mundo nombre="mundo_0">
			<linea fila="70" compresionDeCeros="true">(2) 1 </linea>
			<linea fila="68" compresionDeCeros="true">(3) 1 </linea>
			<linea fila="67" compresionDeCeros="true">(4) 1 </linea>
			<linea fila="66" compresionDeCeros="true">(11) 1 </linea>
			<linea fila="65" compresionDeCeros="true">(12) 1 </linea>
			<linea fila="64" compresionDeCeros="true">(13) 1 </linea>
			<linea fila="62" compresionDeCeros="true">(15) 1 </linea>
			<linea fila="61" compresionDeCeros="true">(16) 1 </linea>
			<linea fila="59" compresionDeCeros="true">(18) 1 </linea>
			<linea fila="58" compresionDeCeros="true">(19) 1 </linea>
			<linea fila="50" compresionDeCeros="true">(21) 1 </linea>
			<linea fila="49" compresionDeCeros="true">(22) 1 </linea>
			<linea fila="46" compresionDeCeros="true">(24) 1 </linea>
			<linea fila="45" compresionDeCeros="true">(25) 1 </linea>
			<linea fila="44" compresionDeCeros="true">(26) 1 </linea>
			<linea fila="41" compresionDeCeros="true">(28) 1 </linea>
			<linea fila="37" compresionDeCeros="true">(30) 1 </linea>
			<linea fila="32" compresionDeCeros="true">(33) 1 </linea>
			<linea fila="31" compresionDeCeros="true">(34) 1 </linea>
			<linea fila="30" compresionDeCeros="true">(35) 1 </linea>
			<linea fila="29" compresionDeCeros="true">(39) 1 </linea>
			<linea fila="28" compresionDeCeros="true">(40) 1 </linea>
			<linea fila="25" compresionDeCeros="true">(41) 1 </linea>
			<linea fila="24" compresionDeCeros="true">(43) 1 </linea>
			<linea fila="21" compresionDeCeros="true">(47) 1 </linea>
			<linea fila="16" compresionDeCeros="true">(53) 1 </linea>
			<linea fila="15" compresionDeCeros="true">(57) 1 </linea>
			<linea fila="12" compresionDeCeros="true">(59) 1 </linea>
			<linea fila="10" compresionDeCeros="true">(62) 1 </linea>
			<linea fila="9" compresionDeCeros="true">(63) 1 </linea>
			<linea fila="8" compresionDeCeros="true">(65) 1 </linea>
			<linea fila="7" compresionDeCeros="true">(68) 1 </linea>
			<linea fila="5" compresionDeCeros="true">(69) 1 </linea>
			<linea fila="3" compresionDeCeros="true">(71) 1 </linea>
			<linea fila="1" compresionDeCeros="true">(74) 1 </linea>
		</mundo>
	</mundos>
	<programas>
		<programa nombre="p1" resultadoEjecucion="FIN PROGRAMA"/>
	</programas>
</resultados>

