<resultados>
	<mundos>
		<mundo nombre="mundo_0">
			<linea fila="31" compresionDeCeros="true">(1) 1 </linea>
			<linea fila="28" compresionDeCeros="true">(3) 1 </linea>
			<linea fila="27" compresionDeCeros="true">(5) 1 </linea>
			<linea fila="20" compresionDeCeros="true">(8) 1 </linea>
			<linea fila="18" compresionDeCeros="true">(9) 1 </linea>
			<linea fila="16" compresionDeCeros="true">(12) 1 </linea>
			<linea fila="15" compresionDeCeros="true">(13) 1 </linea>
			<linea fila="13" compresionDeCeros="true">(15) 1 </linea>
			<linea fila="12" compresionDeCeros="true">(17) 1 </linea>
			<linea fila="11" compresionDeCeros="true">(22) 1 </linea>
			<linea fila="10" compresionDeCeros="true">(24) 1 </linea>
			<linea fila="8" compresionDeCeros="true">(25) 1 </linea>
			<linea fila="6" compresionDeCeros="true">(27) 1 </linea>
			<linea fila="4" compresionDeCeros="true">(30) 1 </linea>
			<linea fila="2" compresionDeCeros="true">(32) 1 </linea>
			<linea fila="1" compresionDeCeros="true">(33) 1 </linea>
		</mundo>
	</mundos>
	<programas>
		<programa nombre="p1" resultadoEjecucion="FIN PROGRAMA"/>
	</programas>
</resultados>

