27
66
43
43
5
46
29
24
13
6
29
48
31
28
45
30
31
17
8
33
44
22
24
13
12
35
46
10
10
16
46
32
20
19
47
41
32
20
42
48
40
41
33
11
31
19
4
41
43
35
35
26
15
13
33
37
13
64
31
38
22
22
8
34
4
17
11
24
57
36
54
8
21
31
16
22
36
28
48
3
41
27
35
23
16
14
8
12
34
34
24
21
8
43
36
33
25
21
14
33
25
7
28
37
27
37
25
26
6
10
23
1
40
30
35
42
14
34
24
50
12
25
22
55
23
20
18
23
38
17
36
68
65
9
48
28
10
38
27
26
22
22
31
12
11
52
30
22
22
5
34
20
30
33
22
18
31
56
6
31
60
16
16
32
2
16
18
38
11
11
25
47
25
33
25
38
35
18
10
25
48
21
25
35
21
19
33
13
55
13
28
19
23
26
44
11
35
17
34
32
26
21
43
6
26
31
53
44
31
45
28
30
13
16
19
42
24
33
27
14
66
22
6
17
11
14
24
11
18
32
18
35
33
19
36
20
7
20
7
25
35
24
11
29
33
16
22
18
49
26
43
11
16
36
12
25
29
37
40
31
24
8
9
30
5
17
43
56
15
43
48
9
31
30
34
7
51
13
22
31
19
23
25
18
38
9
23
46
34
36
13
22
49
25
15
37
13
12
45
27
33
19
16
25
14
19
33
18
19
15
9
51
29
26
60
39
32
32
26
10
5
43
50
30
32
28
17
36
16
27
20
54
41
20
35
29
8
27
25
56
36
27
23
56
28
28
26
7
32
13
21
12
8
12
31
4
21
29
31
12
18
37
10
67
25
19
34
22
17
8
29
20
40
27
25
12
22
20
31
6
12
21
51
14
24
16
47
25
34
21
21
14
33
20
10
17
30
21
3
16
36
11
13
16
18
45
21
39
66
12
33
23
15
40
35
18
26
60
12
39
33
39
71
42
39
23
18
37
43
5
23
29
19
27
57
17
57
30
52
51
13
39
51
14
18
43
18
9
36
14
25
5
29
40
34
74
23
40
34
31
52
4
23
17
9
19
55
25
25
19
32
15
11
18
8
31
24
13
12
6
25
19
52
17
75
35
18
46
22
10
33
16
6
21
49
29
20
26
37
17
20
33
27
27
4
6
20
10
11
41
32
36
41
28
34
18
19
6
47
20
9
30
15
35
28
36
11
17
23
11
30
25
39
12
21
9
19
35
18
12
34
43
51
37
12
13
25
39
13
20
39
68
4
34
30
21
23
14
10
17
51
18
25
59
39
9
27
58
10
31
29
15
34
25
4
11
38
53
20
28
4
17
33
14
32
10
9
28
15
11
27
26
8
27
61
20
28
16
20
28
22
15
40
27
20
47
28
24
33
27
24
39
19
50
25
39
29
16
27
27
65
12
18
35
21
16
40
10
37
31
10
34
11
19
22
11
20
13
23
20
44
37
69
28
34
15
46
15
22
13
12
26
28
17
15
18
25
22
49
4
19
36
32
62
25
24
28
42
48
39
33
29
14
28
48
10
9
31
