12
15
16
12
12
11
13
12
8
18
5
2
20
5
8
14
12
13
4
12
24
14
8
22
30
17
13
2
12
15
25
36
22
17
20
17
5
15
16
11
39
20
12
4
9
10
14
6
21
30
17
9
14
4
6
11
12
12
16
13
15
8
33
22
5
13
20
14
20
20
9
19
12
27
5
19
22
15
10
15
7
29
6
9
27
7
22
12
12
20
6
12
8
12
4
22
7
17
42
13
19
20
10
7
3
27
17
17
16
17
28
22
24
13
26
25
9
9
15
13
9
20
20
7
4
17
16
21
19
6
18
6
23
24
10
16
17
12
26
27
29
4
4
12
3
5
8
5
13
21
17
39
10
20
20
12
26
21
9
7
19
10
7
14
29
13
9
15
5
15
29
7
8
7
14
18
15
42
25
9
3
23
9
16
25
21
32
17
10
21
10
23
16
9
11
7
26
19
26
15
2
9
8
12
15
21
17
2
13
12
16
26
16
10
10
7
19
19
11
16
13
17
13
7
3
11
22
8
17
20
14
9
13
8
23
34
34
10
26
16
10
22
9
3
13
25
20
11
20
17
11
4
4
14
15
2
15
8
15
23
17
13
7
6
26
2
32
19
15
7
15
27
27
4
46
2
14
16
19
28
3
13
3
7
8
6
20
5
16
18
14
14
23
6
9
11
17
24
8
19
7
28
20
13
9
19
9
17
9
2
10
22
21
14
6
11
11
6
19
30
8
12
8
13
29
30
27
11
14
11
10
11
26
2
13
35
20
12
12
17
6
11
11
10
30
21
13
8
9
10
19
7
16
17
27
18
29
9
31
17
12
20
25
6
20
9
17
21
19
32
20
5
17
16
21
28
6
16
20
10
26
10
14
2
10
13
5
21
9
25
6
18
23
22
18
13
14
3
12
8
2
11
9
16
9
5
12
7
21
11
3
12
15
15
15
26
11
23
11
16
6
13
8
15
7
5
6
17
14
18
22
8
3
12
18
6
24
9
4
10
17
6
8
12
16
10
10
16
4
8
2
24
26
24
42
8
15
8
15
16
24
16
28
17
9
13
8
19
1
22
15
14
10
18
38
29
12
13
13
30
13
32
9
21
9
33
10
11
24
16
14
10
16
27
38
8
17
18
4
15
4
18
11
8
29
20
17
19
7
16
4
17
8
14
31
24
10
15
24
12
19
28
17
8
26
5
5
21
8
27
9
9
20
16
17
16
21
14
27
12
9
28
7
14
17
23
13
28
5
15
24
20
4
12
14
20
36
8
17
7
4
14
36
7
18
16
27
7
17
16
8
12
14
32
15
26
9
21
23
27
9
18
30
11
22
8
4
26
14
11
6
9
22
16
3
5
27
15
14
21
10
18
17
14
31
3
23
10
9
30
6
13
11
7
15
14
28
11
20
10
28
14
12
20
33
4
5
6
32
19
35
12
31
35
11
10
13
6
14
11
5
12
13
11
39
18
24
3
6
14
4
9
29
11
8
16
36
14
22
23
6
9
11
11
14
8
18
8
5
26
32
12
8
21
8
31
7
18
7
19
37
13
19
13
9
13
22
1
3
11
29
17
13
16
12
6
2
18
8
11
11
20
17
10
12
18
12
25
20
10
23
22
15
14
30
21
9
23
18
23
11
37
9
32
14
9
14
4
5
3
11
11
12
20
15
19
5
15
9
11
4
12
7
14
9
12
9
8
10
14
17
14
9
17
5
41
6
3
26
37
9
20
11
15
35
11
15
16
19
8
29
4
16
13
10
23
21
12
9
22
18
16
13
16
21
15
15
26
12
6
13
1
19
6
3
16
8
9
20
3
12
26
21
17
6
9
28
16
9
16
19
8
10
31
7
14
1
35
24
6
9
