60
69
55
40
74
77
53
28
40
20
58
45
14
45
41
55
81
30
26
38
56
58
8
49
39
64
31
11
47
36
35
21
53
8
103
58
52
66
47
16
24
37
9
37
10
77
54
24
15
50
52
10
26
49
30
61
34
26
33
65
25
63
16
58
41
34
75
40
15
25
37
43
98
23
29
73
34
8
21
80
17
35
40
41
25
37
44
39
69
54
37
34
58
49
38
31
63
21
7
53
25
63
21
57
24
38
23
53
32
20
9
54
51
72
32
18
99
24
101
40
71
89
51
21
70
45
45
9
60
61
28
39
66
29
21
7
46
70
20
30
22
57
64
2
11
90
30
47
91
34
36
38
46
5
27
17
72
76
51
24
34
12
47
20
45
42
19
59
18
36
20
23
34
67
34
53
59
33
41
19
40
96
16
69
33
62
55
4
43
31
11
45
23
45
34
49
92
22
73
71
28
26
35
28
24
60
54
97
26
100
56
51
24
16
56
36
17
33
20
36
45
21
56
35
65
12
13
42
35
59
23
50
34
20
62
8
37
37
28
4
46
41
30
6
4
40
7
8
87
41
84
33
28
