20
17
17
20
24
25
5
11
3
22
3
6
5
24
30
14
21
10
22
12
3
19
23
4
13
11
19
20
16
12
3
17
4
16
20
8
8
11
17
19
22
10
19
16
13
18
12
6
12
18
20
13
22
31
13
19
21
23
10
25
24
40
19
6
26
12
23
24
11
12
9
26
5
25
18
11
10
7
22
13
10
15
25
12
20
13
9
12
8
21
13
17
23
4
9
24
12
34
28
13
12
9
7
17
4
27
15
19
3
30
16
5
3
22
5
6
11
6
3
23
20
28
9
17
10
5
4
18
1
25
9
8
15
11
16
32
12
10
14
5
8
18
18
15
6
2
4
14
13
4
7
10
18
18
19
19
19
21
8
13
10
8
20
27
9
20
21
3
25
48
12
17
17
7
7
4
16
14
12
17
17
15
7
20
13
23
9
31
9
10
9
6
19
11
11
7
14
12
18
8
13
36
18
7
22
7
18
11
2
15
15
26
13
16
11
5
