45
41
67
46
72
57
33
31
35
111
58
47
33
28
21
43
79
78
32
16
40
42
59
48
62
117
108
39
43
18
40
50
32
70
4
22
53
56
81
19
36
18
83
48
25
65
30
81
40
66
13
41
40
40
39
67
20
29
84
24
42
19
17
60
41
123
35
35
26
13
84
51
26
30
45
45
19
50
25
63
41
31
21
26
98
19
29
58
34
74
30
11
44
20
60
22
38
15
3
36
38
27
41
31
25
27
17
33
46
25
86
48
40
70
75
62
21
21
59
19
10
13
13
33
24
38
30
39
41
5
87
46
12
42
176
75
28
21
21
13
28
28
6
48
29
4
66
44
38
90
48
51
14
62
14
45
43
44
59
11
16
27
41
74
33
9
10
31
45
184
19
21
34
77
38
19
41
26
32
171
20
38
37
28
22
10
38
9
20
26
43
4
46
59
67
26
29
91
69
15
31
6
54
34
44
20
53
8
42
114
49
13
50
63
69
70
147
89
40
34
39
41
43
15
20
112
13
128
28
54
29
52
45
27
28
15
25
24
40
22
20
56
51
14
63
29
53
11
26
33
28
80
61
139
5
67
31
27
27
136
60
20
48
36
26
34
44
34
23
48
27
52
22
24
9
25
24
8
58
19
28
42
100
51
64
72
41
47
64
44
22
30
64
35
37
85
44
57
109
45
13
57
52
13
41
97
68
34
10
100
21
56
6
40
6
25
23
94
14
38
59
86
44
45
38
37
15
17
72
57
35
28
10
18
49
33
77
93
9
59
57
51
30
23
49
58
74
35
62
44
8
21
24
28
32
29
42
26
21
42
32
75
12
60
75
57
31
104
9
69
81
49
42
28
41
6
24
64
75
92
82
38
60
7
48
32
73
5
15
71
46
36
5
30
41
14
33
49
20
6
155
18
96
14
43
71
36
136
47
13
61
14
30
62
6
84
58
22
18
54
44
28
6
35
57
11
30
33
18
53
64
61
34
47
15
32
7
39
23
39
14
71
52
27
15
78
14
30
42
31
24
33
56
62
47
31
43
60
30
29
100
35
29
49
59
35
37
28
17
41
180
13
70
47
66
92
28
17
100
38
52
48
43
28
25
45
71
11
41
62
33
20
59
33
13
23
29
26
17
34
69
8
62
45
13
9
2
72
98
49
37
88
42
57
24
18
106
39
47
21
23
40
69
45
52
103
31
10
17
10
46
30
44
24
9
67
59
10
60
46
85
59
27
22
20
21
45
32
35
28
13
12
60
13
12
48
66
77
37
69
48
45
52
57
64
101
67
61
97
28
48
17
29
51
150
52
35
11
48
12
25
53
19
23
23
36
46
16
15
39
72
26
79
56
51
32
52
19
23
30
12
22
49
21
23
25
48
35
10
22
28
53
27
78
43
43
21
30
33
92
21
55
54
75
19
71
32
47
36
35
46
43
38
43
32
5
52
28
33
102
27
77
4
62
19
103
26
81
23
21
16
47
98
48
8
49
20
54
33
108
40
51
44
9
32
30
62
39
73
28
34
43
6
81
32
39
21
56
58
97
50
34
21
50
48
63
94
23
130
119
29
22
62
14
17
27
36
45
48
34
35
28
12
42
46
57
27
5
42
188
21
38
25
5
62
23
53
96
15
44
10
72
39
90
28
97
85
35
13
27
15
50
48
45
26
31
57
47
24
33
