10
6
28
21
18
6
25
15
14
11
26
25
13
7
35
45
16
12
3
12
14
14
16
5
28
14
30
45
34
41
32
7
18
5
27
43
17
8
10
19
37
10
32
11
37
35
11
13
30
11
8
21
1
16
7
6
19
8
35
16
30
20
11
19
17
19
15
12
10
10
15
21
32
19
9
24
29
7
6
23
19
9
26
27
5
15
16
12
7
11
17
14
26
11
18
35
9
24
12
9
24
21
14
18
42
29
13
47
5
15
9
38
23
7
13
2
18
16
8
15
13
30
16
28
7
8
28
9
25
14
17
14
14
40
12
27
23
35
13
24
24
14
12
26
15
30
28
11
30
25
26
8
42
19
20
18
6
19
7
37
22
27
7
12
25
28
23
7
9
19
13
22
25
31
18
10
6
4
14
4
27
8
31
31
34
24
19
23
10
20
26
13
12
7
15
12
18
31
9
35
26
8
27
9
32
14
8
5
10
16
32
21
18
20
22
7
21
39
20
21
11
37
21
7
23
21
15
7
15
7
26
21
6
22
10
12
12
8
22
12
30
16
19
16
29
17
7
17
1
21
25
22
20
44
3
