15
29
5
30
14
26
21
9
28
20
18
11
25
14
14
28
20
15
8
16
13
16
23
22
14
9
31
15
17
4
9
4
28
23
9
8
25
16
5
25
21
13
10
27
13
6
7
31
7
18
28
21
20
14
23
2
26
10
18
33
8
14
23
28
2
2
19
15
5
14
33
14
13
5
23
30
30
38
20
13
9
11
14
11
18
25
6
8
24
14
16
24
12
13
31
12
11
27
20
7
30
25
24
12
16
17
18
9
8
22
5
20
21
14
11
10
15
17
29
17
27
11
20
9
19
6
28
5
13
20
8
24
31
30
28
22
11
4
9
11
7
6
16
24
27
11
20
15
28
32
12
10
6
14
8
22
26
6
38
20
5
19
17
9
19
4
38
35
14
3
5
19
36
3
3
32
13
6
14
26
16
17
17
35
21
5
17
19
11
7
28
15
11
12
29
2
8
11
