17
30
12
22
25
19
6
19
40
26
12
2
21
14
27
49
33
15
10
7
14
2
8
28
7
21
25
8
12
8
38
33
19
3
13
4
16
16
24
4
12
14
17
16
33
6
9
29
19
7
7
2
28
17
30
21
12
11
10
19
9
33
32
19
31
14
4
13
24
34
8
13
29
4
19
42
7
22
14
47
13
17
18
32
29
19
22
7
5
10
19
13
23
19
12
8
3
21
21
10
45
14
7
23
11
5
11
27
22
12
14
9
20
9
22
10
46
7
5
23
20
28
20
25
2
26
17
15
2
12
8
28
23
20
23
10
26
32
12
23
20
3
25
14
7
25
18
14
24
10
40
7
24
14
3
21
11
20
14
4
16
20
40
12
12
31
17
27
12
37
26
14
20
27
21
18
18
19
10
22
5
4
13
16
15
16
27
22
11
24
31
22
19
6
32
10
15
13
14
23
7
45
6
11
17
22
21
15
22
14
17
15
17
18
16
22
18
39
17
24
8
28
22
3
20
4
13
9
10
18
19
7
19
12
40
16
28
8
32
25
12
24
13
24
22
12
30
21
11
1
15
19
1
3
23
18
15
37
23
14
22
18
15
9
14
33
2
22
27
17
13
5
19
11
12
19
3
6
24
24
15
16
15
26
14
30
18
11
11
14
6
32
21
5
23
10
29
16
11
17
6
35
4
3
9
24
12
20
10
15
10
9
10
12
6
9
26
13
25
17
7
4
31
31
30
12
20
27
31
11
21
21
27
5
13
20
1
21
31
7
9
37
14
26
32
30
16
15
15
5
17
14
22
20
25
21
18
15
26
22
8
24
35
10
33
22
12
18
12
15
14
26
14
24
38
6
17
31
10
22
18
29
6
17
5
28
13
5
14
5
27
7
22
21
30
4
27
28
22
23
34
22
20
17
29
25
12
30
35
13
5
4
10
16
11
3
7
5
18
21
18
20
24
7
23
16
31
20
14
23
5
10
23
19
26
3
13
31
17
23
15
38
18
28
21
8
14
26
26
29
43
22
21
33
22
16
13
6
13
6
6
12
20
21
18
15
15
21
11
23
3
10
14
9
10
8
13
11
27
7
13
27
3
32
12
24
19
24
29
21
10
29
7
7
4
15
9
19
13
5
29
23
19
15
25
1
27
18
14
19
14
14
22
26
25
34
24
19
18
43
14
4
18
13
28
19
4
36
26
21
8
5
22
21
6
13
6
3
25
10
8
9
27
30
20
19
11
23
14
15
30
6
10
9
38
10
22
8
17
16
20
11
9
11
20
27
6
16
12
8
20
21
22
16
13
19
19
9
18
5
2
10
24
20
6
22
12
16
21
36
19
30
23
21
13
16
20
11
12
26
6
27
16
18
20
36
16
18
27
15
36
21
10
24
30
14
12
24
22
14
15
13
30
20
23
19
23
18
37
26
21
13
3
28
4
20
17
20
20
10
25
22
35
11
5
10
5
10
26
18
14
12
19
31
20
8
28
7
12
20
15
6
27
18
14
11
10
6
20
12
4
39
14
20
19
24
22
21
36
13
12
11
38
17
15
18
11
19
16
4
21
12
29
26
6
10
3
15
10
10
17
4
20
10
28
26
20
30
34
28
22
16
10
8
3
26
12
29
36
16
9
17
32
4
14
5
18
11
11
43
15
19
9
18
9
33
8
32
32
22
20
21
46
16
9
15
14
27
24
9
29
27
36
18
17
5
16
18
14
53
25
39
15
11
20
23
8
20
46
22
11
10
17
9
13
28
19
1
11
19
24
26
27
25
18
7
27
9
14
26
25
13
27
3
38
15
17
13
17
28
9
14
23
7
25
22
10
33
31
10
17
8
11
27
24
18
17
19
12
10
24
14
36
9
16
41
13
20
11
20
20
9
23
13
21
16
26
41
32
26
1
27
23
27
20
23
26
22
5
19
29
15
12
28
31
10
14
23
31
12
24
20
28
15
18
22
