28
130
83
83
58
19
60
52
14
122
50
60
25
43
51
45
8
61
77
76
16
29
39
87
54
90
61
70
85
58
80
51
47
73
46
90
88
112
15
101
65
25
103
62
58
26
77
81
55
119
41
33
62
59
63
105
47
20
57
39
24
35
93
47
13
42
39
67
14
44
44
63
38
22
55
72
77
53
82
39
4
48
26
74
49
125
10
81
51
112
26
41
37
68
84
40
60
49
65
41
127
78
47
38
31
57
45
39
43
41
30
87
5
30
68
30
17
75
78
67
99
32
27
17
59
51
97
48
36
28
72
77
5
104
72
104
16
90
22
45
55
59
56
39
52
32
94
79
90
34
45
39
99
67
126
139
60
61
69
31
69
54
76
50
7
57
41
10
45
24
40
98
66
21
75
55
55
45
57
67
9
50
63
75
61
23
91
14
86
66
38
66
85
84
73
16
20
64
46
78
79
42
37
79
99
111
72
36
43
48
60
36
27
31
70
71
82
73
42
73
67
32
16
108
57
48
22
74
24
14
80
57
52
78
20
119
80
95
52
37
51
19
56
38
112
63
83
67
70
113
53
90
57
77
62
111
64
87
61
59
47
88
11
31
40
61
55
73
31
32
49
63
53
28
123
130
89
76
137
22
20
29
37
110
81
47
51
54
50
40
64
58
24
22
20
33
70
105
70
72
113
93
44
72
64
44
98
139
10
39
52
131
33
45
96
89
92
88
134
71
12
65
83
4
12
96
55
38
64
105
20
40
16
92
33
48
64
76
67
71
83
52
38
62
80
108
53
40
48
71
92
120
13
119
86
32
30
44
73
59
34
96
71
26
86
98
110
50
101
30
22
92
54
39
24
62
108
87
103
65
28
89
55
21
68
63
75
78
66
130
38
98
86
28
52
79
48
104
84
20
104
23
54
31
38
62
22
57
73
24
128
73
133
17
52
42
64
112
15
71
49
44
132
100
42
96
65
123
30
42
38
55
58
47
91
61
61
53
43
65
37
55
37
97
55
44
48
58
59
77
102
100
67
14
48
49
18
142
54
39
45
52
50
69
70
38
74
17
37
29
51
60
49
76
26
86
52
53
49
102
15
46
81
31
82
85
86
40
59
93
52
60
52
59
40
