37
40
5
27
16
9
18
18
9
42
35
40
20
16
24
5
24
3
6
19
7
10
28
14
11
27
14
23
16
14
16
6
20
9
29
15
11
17
15
21
21
8
9
32
6
21
26
20
16
12
36
1
20
5
25
5
35
17
12
15
14
28
20
35
12
18
11
12
16
16
36
30
15
12
59
25
31
36
45
37
7
37
13
19
7
33
18
31
30
18
20
26
23
9
5
14
12
9
7
13
35
18
18
8
9
4
6
30
28
28
26
25
4
15
27
57
8
47
29
9
30
13
7
7
14
4
20
23
12
31
12
27
15
9
9
11
29
14
13
35
13
18
10
6
17
30
15
35
15
10
10
30
13
27
39
31
11
7
12
24
11
2
21
37
27
21
14
28
5
44
8
19
12
9
35
12
29
8
26
27
36
10
53
12
7
23
22
8
38
25
31
19
5
18
25
10
25
17
15
12
14
13
25
32
22
5
8
18
32
15
15
27
39
15
4
15
28
37
31
11
10
3
13
35
12
10
27
22
15
20
14
25
25
31
18
8
20
39
6
17
15
15
21
33
28
18
15
31
23
7
17
15
4
13
22
21
21
11
23
13
19
19
17
26
25
12
12
23
16
18
62
13
28
25
16
14
12
37
17
14
19
22
28
7
17
18
18
30
18
10
57
9
23
11
17
19
8
1
11
11
15
21
6
18
8
10
9
15
8
18
20
20
24
23
11
23
20
24
26
23
26
15
13
9
6
18
10
10
18
22
10
22
14
29
9
27
11
7
7
6
12
21
13
12
53
3
9
25
33
8
44
10
14
29
21
36
19
8
38
6
16
3
39
15
14
18
26
10
19
26
23
17
4
18
16
18
20
19
29
6
7
17
17
7
17
11
12
15
27
15
2
19
12
5
18
12
19
21
21
3
25
25
68
17
35
9
16
16
11
14
12
20
10
18
17
8
25
21
16
33
30
30
22
20
18
6
16
11
17
20
4
23
16
31
6
32
8
11
11
31
15
24
15
12
21
20
11
15
10
7
37
6
21
19
28
20
43
10
13
19
31
15
40
23
18
41
20
30
3
27
14
29
37
21
11
22
