8
9
16
7
24
11
23
15
7
10
19
9
25
8
6
8
14
6
17
20
9
22
3
13
7
16
12
16
12
17
24
16
20
14
8
5
5
20
6
22
2
3
13
17
13
24
13
12
27
14
20
19
23
8
8
6
22
12
3
2
32
25
11
15
20
11
13
6
13
20
4
28
3
25
10
22
21
14
32
27
22
12
21
20
18
4
9
34
11
5
13
18
10
16
8
10
22
11
21
6
19
12
12
17
12
31
12
8
6
27
8
9
17
6
10
8
2
21
7
21
23
15
15
8
13
17
10
3
21
5
13
24
23
13
9
32
10
14
6
12
12
15
12
9
8
23
29
14
12
15
19
10
18
22
5
3
15
26
14
8
5
13
8
5
5
7
25
16
5
11
20
6
14
29
9
18
23
5
17
14
24
8
11
24
13
15
13
16
12
20
41
11
5
13
12
25
13
12
7
12
20
11
4
6
7
3
20
20
13
8
9
12
9
23
19
8
11
7
13
9
25
10
13
19
29
19
11
10
12
15
34
9
16
15
9
22
15
20
9
33
27
5
23
23
14
21
14
21
9
13
11
24
35
13
25
12
30
26
13
30
13
16
28
0
24
28
17
22
9
8
11
1
9
14
11
28
44
10
9
9
4
17
17
7
7
10
4
8
24
6
13
24
13
20
14
10
2
13
27
13
17
4
12
9
11
19
22
16
15
29
21
28
6
16
4
13
16
18
19
23
19
9
19
9
15
17
9
16
8
7
18
6
6
9
9
18
2
9
15
22
17
10
14
49
19
9
14
4
10
11
17
15
