8
8
28
17
10
16
26
21
17
21
9
10
36
28
23
7
9
19
16
24
30
4
13
39
9
13
24
9
7
24
26
8
25
18
14
10
15
16
36
25
14
13
1
23
23
24
35
26
1
14
15
44
4
6
6
8
14
18
14
6
10
14
26
8
6
30
31
34
23
25
15
8
5
9
27
13
17
11
14
7
28
27
10
10
9
18
7
26
19
12
13
17
15
16
11
6
41
23
12
29
17
16
12
25
12
39
23
6
10
30
26
9
22
5
4
19
36
9
9
18
9
13
7
16
10
25
20
26
13
11
18
13
18
14
12
22
11
12
29
3
32
7
30
33
30
19
23
7
23
15
14
52
5
13
7
7
15
17
13
25
19
27
22
22
11
24
24
15
7
12
24
12
31
2
28
5
24
25
7
24
17
13
22
13
33
19
31
9
17
23
10
2
37
21
39
9
12
33
8
18
22
13
20
21
8
6
10
29
19
6
8
15
8
30
12
56
30
16
37
7
18
24
23
14
36
28
12
12
23
24
18
8
3
25
38
19
7
1
11
32
54
54
22
12
23
15
24
13
25
30
44
29
14
1
16
15
17
7
19
24
36
9
22
27
17
12
6
7
7
7
40
25
25
6
27
27
30
21
5
16
11
18
9
12
21
8
18
27
24
38
15
4
9
14
18
25
8
9
6
16
27
61
18
54
9
35
25
16
16
20
32
29
11
43
13
12
28
15
15
3
20
20
10
18
23
22
23
13
16
17
12
25
18
22
12
36
15
28
15
9
35
33
25
24
17
34
56
18
31
25
17
10
2
8
6
3
18
25
12
14
14
13
27
8
35
12
19
8
2
4
16
16
11
10
28
19
27
28
13
18
22
22
23
27
5
6
10
12
16
25
6
20
23
20
7
16
26
16
20
20
13
30
29
24
15
12
4
18
17
12
23
13
6
26
39
14
47
2
11
10
9
41
29
23
23
32
33
11
6
16
14
23
18
12
11
19
21
18
20
35
35
13
16
21
22
17
14
24
15
26
9
21
17
36
32
15
19
11
9
13
12
34
17
26
17
11
38
13
35
24
7
15
23
12
10
11
14
32
19
10
6
24
2
30
26
13
12
11
20
4
32
38
31
19
49
20
5
6
15
27
12
25
16
19
23
17
13
21
22
8
24
13
43
10
23
29
14
6
21
26
17
28
17
18
18
21
21
25
7
14
27
19
9
20
32
6
15
21
21
18
30
17
6
14
47
24
35
20
17
21
12
23
41
11
31
9
8
20
18
5
3
15
19
48
23
14
2
23
27
25
25
25
30
3
2
17
17
23
23
19
5
19
37
17
10
45
7
13
23
4
13
18
18
26
28
8
12
38
26
25
17
20
16
20
8
19
20
21
15
17
27
17
29
11
43
9
21
10
6
25
14
24
20
21
3
42
30
9
22
22
20
3
12
26
15
19
10
13
16
22
15
24
15
42
19
21
41
26
28
13
24
5
20
15
34
19
9
17
16
24
46
2
9
10
15
4
31
5
37
13
26
31
23
16
7
30
9
20
11
12
36
8
14
7
5
26
3
17
16
10
9
6
43
25
13
22
14
12
12
28
26
16
8
30
6
14
6
21
12
15
22
17
23
11
5
23
12
12
28
19
25
7
6
8
33
21
8
46
10
24
16
25
21
27
13
10
12
12
6
29
6
28
8
27
34
4
15
33
1
25
40
10
9
9
30
24
25
38
9
11
15
18
54
29
7
6
22
29
14
30
16
16
29
12
24
20
22
26
19
47
18
9
13
8
32
10
27
22
14
2
13
8
16
44
28
20
23
22
25
12
21
29
17
10
20
6
29
18
33
16
17
28
7
1
18
6
10
6
34
47
4
19
41
2
10
21
15
12
6
27
27
7
23
11
7
14
23
3
25
10
10
18
15
12
32
20
5
34
3
9
26
21
18
4
22
5
29
21
16
24
31
20
9
31
17
15
16
17
21
8
9
11
16
8
20
6
18
8
12
20
17
12
14
3
6
11
3
14
10
7
18
22
3
25
9
19
8
11
54
12
14
23
12
6
8
11
21
25
20
8
14
31
22
18
18
13
29
25
10
17
5
6
40
12
13
16
41
16
11
17
17
28
20
28
19
23
15
15
32
23
20
7
6
13
42
49
15
2
15
14
12
39
29
28
45
21
14
13
10
17
17
19
6
19
22
10
23
2
