2
22
8
5
18
20
13
29
11
12
1
12
15
22
14
10
17
10
39
24
28
27
31
15
12
9
9
21
8
19
32
43
16
5
25
15
8
10
18
5
15
27
27
32
24
28
12
13
11
12
21
6
21
10
19
17
29
21
8
4
5
15
12
10
22
15
26
32
25
34
22
29
15
30
16
16
8
11
5
14
22
10
9
17
7
32
41
15
26
29
46
18
26
8
37
13
18
19
35
13
36
16
3
29
32
24
15
9
15
13
14
19
29
14
26
29
11
5
14
5
13
27
37
29
1
33
24
24
16
12
30
19
16
16
9
13
1
24
21
2
23
17
4
20
7
25
27
20
10
26
19
7
20
22
8
27
12
25
28
11
9
19
3
2
26
14
20
6
30
10
16
9
23
12
39
5
26
36
4
14
24
20
10
27
22
6
24
13
15
6
30
24
28
31
14
18
8
8
17
19
13
23
28
16
12
13
3
10
25
35
15
32
5
18
29
20
13
26
23
21
29
19
16
28
20
16
15
13
15
12
27
27
14
29
51
3
29
8
26
6
8
9
10
19
2
27
30
27
3
30
18
36
19
36
25
18
18
8
19
19
8
7
8
5
13
21
4
6
5
24
11
13
10
23
28
30
38
19
31
13
42
15
5
13
17
4
29
17
20
20
3
19
14
32
17
16
8
2
50
15
15
34
18
7
22
26
20
13
27
4
29
20
20
7
32
39
14
13
16
27
10
28
22
28
11
4
22
16
27
24
4
14
15
23
23
21
23
34
13
33
19
19
7
14
36
20
6
19
28
28
16
23
20
32
26
21
10
8
10
12
16
17
22
19
16
6
30
8
28
4
25
27
12
22
25
24
22
14
4
15
13
21
18
29
4
16
15
26
12
35
29
19
18
35
25
29
11
24
42
16
13
40
23
20
27
9
4
19
19
4
10
8
6
13
9
8
8
15
16
31
8
8
17
27
25
5
5
5
13
59
20
21
25
28
10
26
2
16
3
35
2
19
33
35
13
35
18
11
30
12
35
28
24
16
22
10
8
28
18
29
40
3
6
41
14
29
26
6
28
9
22
28
8
10
13
4
15
20
22
7
24
7
27
38
16
27
17
5
12
18
19
18
20
6
2
26
28
3
21
5
11
25
9
11
7
16
11
17
28
17
30
19
25
22
18
43
17
32
14
43
5
12
2
10
31
16
6
39
7
31
6
11
25
20
15
19
24
29
17
18
7
9
21
12
12
26
21
17
17
45
15
2
31
16
35
25
14
34
21
23
18
33
19
16
41
31
18
25
32
16
12
12
23
4
18
14
20
17
10
9
18
17
2
18
13
13
19
37
28
13
10
22
25
15
18
24
37
7
28
1
20
11
23
7
14
27
18
32
13
29
29
5
13
7
23
33
16
4
10
3
18
24
28
13
15
18
26
11
5
39
27
13
29
28
13
11
19
2
7
13
23
33
36
13
20
14
12
26
18
18
23
1
21
23
16
19
40
