42
23
38
55
53
53
44
17
23
26
5
7
39
51
75
36
34
18
20
19
55
39
1
71
46
110
66
15
22
22
50
31
30
18
45
34
31
33
44
65
57
26
63
78
24
15
57
72
82
102
20
46
65
14
33
35
39
13
24
19
28
19
65
49
22
42
49
64
79
18
19
14
26
36
64
5
34
17
33
64
81
46
27
13
49
47
83
59
53
13
19
18
43
40
37
25
52
54
34
27
53
67
24
35
36
39
24
72
18
21
49
16
24
10
43
39
51
54
20
21
39
6
97
48
24
23
73
41
29
94
29
14
53
32
12
50
26
25
35
73
92
21
12
25
56
9
48
44
26
42
15
61
45
25
39
26
61
5
76
21
28
76
59
72
40
20
43
10
11
42
45
71
41
41
8
17
58
24
6
18
70
39
26
38
33
33
26
39
31
15
33
24
68
54
27
17
31
44
46
42
14
48
23
28
18
74
43
29
76
13
5
58
39
57
31
79
32
55
60
42
30
29
12
12
29
18
21
47
56
37
48
102
12
62
26
21
77
33
35
28
44
89
53
7
21
62
8
32
44
32
62
70
25
40
8
36
43
60
50
26
54
19
30
32
42
47
46
30
19
58
52
71
8
22
59
43
24
48
28
68
26
50
36
103
80
30
56
28
53
79
31
15
12
43
24
33
53
15
98
20
56
40
41
60
51
48
48
34
53
62
42
9
61
25
43
3
17
31
33
13
14
49
110
34
61
24
51
58
93
33
22
19
15
49
20
51
65
40
69
24
33
92
24
73
72
39
11
52
45
13
65
35
19
27
12
26
56
74
57
26
36
28
82
64
19
9
58
42
33
60
22
28
22
42
37
41
37
20
5
57
31
30
45
90
32
53
27
8
30
83
14
35
14
43
24
94
30
2
21
26
74
10
52
37
57
36
31
26
56
37
26
20
70
36
40
41
54
27
38
54
20
45
79
80
35
16
58
68
44
42
35
14
30
54
22
72
23
46
26
49
50
102
66
75
47
22
80
63
30
59
46
19
32
41
24
36
53
32
42
34
15
59
65
49
41
33
63
32
69
36
47
55
48
10
15
67
16
73
21
31
31
77
70
46
7
23
41
81
43
26
32
40
33
12
13
69
24
72
20
59
57
49
26
59
52
40
26
26
46
10
26
64
21
21
13
61
31
34
47
29
17
30
28
30
13
55
31
30
43
71
49
35
77
32
9
2
62
85
32
54
20
42
44
13
71
33
38
21
65
59
27
59
49
50
29
75
52
14
27
50
37
18
25
51
48
20
64
61
44
48
44
39
91
76
46
7
25
18
30
38
35
61
50
14
18
42
44
28
31
58
31
26
38
34
48
26
7
20
57
29
59
31
25
27
57
75
49
28
35
71
68
66
30
33
30
24
24
30
78
41
5
43
61
6
34
44
6
39
71
33
35
39
34
4
10
26
59
9
33
82
48
52
75
28
38
59
38
33
27
20
63
18
30
23
27
50
23
60
5
49
16
48
22
88
27
40
27
87
58
33
31
82
13
64
87
43
25
88
21
33
35
60
70
36
28
71
12
54
18
19
4
23
66
8
17
52
26
40
17
49
25
56
83
20
25
16
27
43
50
46
35
37
17
84
41
25
10
6
46
9
21
18
18
41
53
10
28
22
65
25
39
27
20
44
54
78
98
25
75
80
17
53
4
53
63
106
20
17
88
46
75
36
97
21
58
43
60
42
9
56
27
16
74
41
14
83
48
39
45
13
24
24
32
45
59
47
16
5
68
7
65
29
52
56
35
8
26
19
25
43
36
55
51
28
49
27
46
10
12
38
24
86
52
94
67
83
39
50
26
69
38
59
39
37
3
45
18
17
19
84
56
29
28
34
64
19
28
33
77
26
33
53
45
57
70
35
67
25
25
63
35
75
25
8
58
20
76
48
15
16
53
10
41
16
21
37
10
53
24
18
33
75
55
48
29
38
81
29
58
67
5
20
21
46
12
15
88
40
66
96
59
26
36
76
25
65
45
69
21
54
31
76
36
26
44
20
36
30
80
75
39
87
81
90
25
41
89
70
33
51
37
36
