36
32
28
23
11
26
15
9
20
33
23
7
32
16
44
19
5
20
30
54
25
37
22
42
16
20
16
37
5
12
9
51
55
22
30
51
38
6
37
37
38
31
21
15
35
45
33
16
26
25
37
25
9
23
55
15
47
27
40
7
50
15
32
21
15
33
30
18
22
25
22
27
30
20
37
14
9
24
32
33
23
33
19
35
5
26
16
36
14
28
31
13
8
24
29
20
48
48
40
40
1
26
42
21
16
34
22
34
42
5
20
32
29
14
23
40
25
33
25
27
32
26
37
17
54
47
25
43
10
16
42
9
20
28
16
22
35
22
15
28
15
40
34
14
34
27
34
27
28
20
30
22
19
22
41
20
33
7
39
18
24
18
20
5
24
32
11
21
41
25
16
27
22
44
28
16
31
17
20
28
51
27
19
10
23
41
35
15
43
14
24
11
11
35
54
19
23
32
14
8
29
10
36
16
6
26
8
27
9
17
37
45
21
5
26
49
7
17
11
36
16
13
16
29
28
45
15
35
42
23
31
47
27
37
10
19
16
12
60
36
39
48
17
21
12
12
15
15
21
52
36
58
18
26
9
32
16
22
16
8
2
33
47
42
63
16
27
41
44
16
22
39
