29
21
26
15
28
10
7
14
36
4
30
13
39
6
12
11
27
25
14
18
11
19
10
18
15
21
17
33
11
20
18
9
27
50
34
32
34
26
22
17
23
18
14
16
12
32
17
17
28
16
20
15
5
18
20
26
20
18
18
18
5
20
25
16
6
19
20
44
22
13
20
25
9
10
21
3
4
19
30
8
24
27
19
16
16
14
17
39
31
34
9
13
24
46
10
23
17
4
13
13
21
31
18
12
17
28
20
12
11
33
20
13
19
9
22
22
4
24
13
18
20
21
14
3
6
9
18
24
14
15
12
17
23
19
13
5
25
17
29
10
22
16
5
9
19
15
40
26
28
22
9
14
26
34
27
8
32
13
14
19
14
5
19
3
7
13
15
20
19
59
28
15
4
16
18
15
16
4
8
19
11
25
26
25
21
17
25
22
11
20
31
18
13
19
21
16
31
10
16
9
7
11
15
10
23
32
9
20
26
13
12
11
13
7
19
14
33
24
9
37
20
28
32
12
11
12
6
13
25
18
37
15
20
19
22
19
33
17
31
22
26
8
42
39
12
15
23
7
12
19
29
15
26
15
11
12
14
28
15
22
4
7
16
8
13
3
18
9
4
9
9
21
29
45
33
38
27
23
21
28
15
13
8
21
10
17
10
12
25
14
13
30
12
13
27
9
14
3
24
9
16
14
20
29
16
24
16
5
21
23
9
19
28
21
4
30
34
17
15
35
16
22
36
9
20
28
6
16
22
18
8
9
27
20
18
5
32
13
10
19
26
22
24
16
12
2
25
19
10
7
15
28
27
9
17
8
7
22
22
14
15
23
18
5
11
15
13
49
7
15
35
20
23
24
15
11
23
20
12
10
16
24
22
5
17
4
5
19
6
11
53
13
16
41
20
3
5
23
16
15
27
30
23
18
7
20
5
17
3
14
26
9
41
1
11
18
21
36
19
19
3
27
3
22
24
10
8
5
17
6
22
41
10
27
29
21
14
14
32
17
26
8
16
6
9
18
7
39
29
21
14
28
31
7
23
18
12
9
30
19
16
12
14
16
7
26
19
17
11
25
8
7
4
12
26
26
13
20
9
31
24
20
9
17
44
3
22
36
15
12
4
16
21
25
28
36
13
7
9
17
5
11
14
20
35
12
23
13
14
22
12
21
17
47
31
23
25
13
16
23
16
20
27
16
14
29
25
5
24
19
31
30
11
13
24
10
25
19
38
17
11
9
20
14
39
39
13
11
16
14
27
13
11
22
20
22
11
19
14
13
18
33
10
6
21
32
32
12
12
18
3
14
34
13
14
11
17
15
14
14
22
26
10
4
21
3
20
26
25
0
13
16
16
7
6
16
35
19
32
8
13
6
20
16
33
16
14
14
10
5
20
30
12
14
5
5
10
27
13
20
32
1
14
11
19
24
20
21
2
22
13
11
33
22
5
6
20
16
12
