20
19
8
7
8
12
8
15
7
9
7
28
22
9
3
34
11
10
18
4
10
12
9
7
20
13
11
5
4
3
18
8
28
8
21
15
6
20
32
21
11
20
16
11
4
10
9
12
12
12
13
11
11
17
21
15
8
5
18
3
10
12
15
5
9
8
14
3
17
4
9
14
1
5
17
5
22
13
9
6
6
20
19
14
21
10
20
18
18
31
11
13
15
15
12
29
7
12
12
24
17
7
17
9
16
11
21
6
11
10
11
19
14
26
7
8
10
20
11
10
9
8
12
11
2
21
15
6
18
20
7
17
14
8
17
23
16
31
36
28
15
5
22
18
28
15
21
20
5
3
16
12
14
10
12
23
26
24
29
15
2
18
12
10
14
14
15
9
3
22
19
5
10
32
12
2
34
17
28
19
20
33
19
5
12
5
29
12
15
17
10
5
20
14
7
4
22
15
28
9
6
19
6
2
9
27
9
12
25
24
18
9
4
16
6
11
16
10
15
9
8
1
13
26
20
14
16
6
15
8
20
10
15
16
22
16
12
11
20
24
15
2
24
19
6
21
8
19
13
9
7
9
15
29
11
15
18
15
28
9
24
21
16
16
18
11
7
24
21
9
11
24
25
8
4
5
11
13
10
16
22
19
12
35
20
15
16
12
25
20
30
3
9
21
30
13
9
2
10
24
22
28
16
4
20
4
11
35
29
14
13
7
8
21
8
22
5
7
22
8
5
9
13
13
34
5
5
8
15
20
19
15
11
18
25
21
16
24
13
9
36
18
12
23
11
9
8
12
16
12
20
18
7
15
18
12
18
13
17
12
6
17
10
8
20
4
7
12
10
26
16
18
21
22
22
11
23
8
11
21
10
8
9
16
15
11
21
19
4
3
20
7
14
8
11
21
18
18
9
19
18
15
22
7
23
4
7
14
9
8
13
10
27
22
12
15
8
9
8
31
9
12
21
11
14
8
19
15
4
7
7
17
9
11
6
8
7
16
10
17
13
9
6
18
27
9
7
11
23
17
13
23
12
11
2
29
7
16
11
5
35
6
33
5
2
13
4
23
7
33
25
6
13
34
14
21
16
23
34
5
4
20
22
24
8
5
20
5
16
12
6
49
5
17
28
21
13
20
10
12
16
12
12
11
14
9
7
12
13
3
16
13
9
6
7
16
10
19
21
23
20
10
14
27
8
20
7
12
13
21
17
5
32
17
20
9
35
3
7
5
4
11
20
13
29
40
20
4
7
11
17
11
5
8
13
24
9
10
22
20
11
15
3
7
15
28
24
8
12
12
14
8
5
16
26
19
9
19
24
29
10
9
10
10
6
3
20
15
16
28
15
4
8
6
17
23
11
31
32
22
12
12
17
8
9
22
12
15
12
12
14
4
35
13
12
25
10
11
4
12
25
0
16
28
31
18
8
17
8
31
24
14
4
16
17
13
11
22
3
8
18
10
0
5
10
5
18
14
13
15
17
13
20
4
11
20
22
5
15
7
7
8
18
20
7
34
14
7
19
11
7
18
25
10
11
22
4
6
9
11
18
12
20
4
4
27
9
17
0
19
10
15
7
20
18
5
14
9
25
23
22
15
25
9
23
24
8
11
18
20
11
27
19
14
20
21
7
12
7
11
21
29
3
9
5
27
12
17
16
19
26
12
2
17
9
6
26
9
19
21
9
14
2
25
11
8
18
18
16
6
21
15
27
10
16
8
4
13
9
9
23
35
15
12
22
15
17
14
26
18
11
18
6
9
23
25
28
18
14
15
19
14
10
20
7
8
14
6
8
12
19
19
13
12
12
17
11
13
18
13
8
33
17
5
15
19
26
28
21
9
23
9
8
43
12
10
18
49
17
11
10
29
10
7
1
12
7
19
13
12
10
3
17
12
15
22
9
20
9
7
5
16
2
20
15
11
12
10
8
7
13
7
4
6
27
7
12
7
19
12
11
20
10
12
16
12
18
10
12
23
20
14
10
17
15
23
9
5
5
13
13
9
22
7
15
7
7
19
13
11
26
15
15
6
7
5
18
4
16
11
10
22
17
7
4
1
6
13
13
26
11
8
8
13
23
12
35
6
20
11
7
11
14
13
18
14
22
37
17
15
8
6
17
9
3
23
4
24
13
24
10
20
13
11
24
15
9
10
17
25
7
18
20
3
5
13
10
15
24
23
31
13
6
20
22
15
11
6
5
15
27
9
20
24
21
11
23
14
14
2
